L 10/13/2019 - 15:53:07: Log file started (file "logs/L1013012.log") (game "/app/tf") (version "5410965")
L 10/13/2019 - 15:53:14: "CrazyEnzo03<56><[U:1:59983226]><>" entered the game
L 10/13/2019 - 15:53:15: "Gryse<80><[U:1:41968851]><>" entered the game
L 10/13/2019 - 15:53:15: "bearbear<70><[U:1:95728106]><>" entered the game
L 10/13/2019 - 15:53:15: "Makers<85><[U:1:22699679]><>" entered the game
L 10/13/2019 - 15:53:16: "HARRYZ<59><[U:1:32399126]><>" entered the game
L 10/13/2019 - 15:53:17: "{CC} Gert<65><[U:1:13211210]><>" entered the game
L 10/13/2019 - 15:53:17: "{CC}Maj_Flee<84><[U:1:16522063]><>" entered the game
L 10/13/2019 - 15:53:18: "Lomax<79><[U:1:1831779]><>" entered the game
L 10/13/2019 - 15:53:19: "Darth Meerkat<57><[U:1:121426737]><>" entered the game
L 10/13/2019 - 15:53:19: "Sarc<53><[U:1:8355163]><>" entered the game
L 10/13/2019 - 15:53:20: "Snek<61><[U:1:122465451]><>" entered the game
L 10/13/2019 - 15:53:20: "[LL] Loddy<68><[U:1:9330378]><>" entered the game
L 10/13/2019 - 15:53:21: "Panda<63><[U:1:112376827]><>" entered the game
L 10/13/2019 - 15:53:21: "BEan | Lacledeslan.com<83><[U:1:7609438]><>" entered the game
L 10/13/2019 - 15:53:21: "Makers<85><[U:1:22699679]><Unassigned>" joined team "Blue"
L 10/13/2019 - 15:53:22: "Makers<85><[U:1:22699679]><Blue>" changed role to "heavyweapons"
L 10/13/2019 - 15:53:24: "CrazyEnzo03<56><[U:1:59983226]><Unassigned>" joined team "Red"
L 10/13/2019 - 15:53:25: "HARRYZ<59><[U:1:32399126]><Unassigned>" joined team "Blue"
L 10/13/2019 - 15:53:26: "CrazyEnzo03<56><[U:1:59983226]><Red>" changed role to "scout"
L 10/13/2019 - 15:53:27: "HARRYZ<59><[U:1:32399126]><Blue>" changed role to "medic"
L 10/13/2019 - 15:53:27: "Snek<61><[U:1:122465451]><Unassigned>" joined team "Red"
L 10/13/2019 - 15:53:28: "BEan | Lacledeslan.com<83><[U:1:7609438]><Unassigned>" joined team "Blue"
L 10/13/2019 - 15:53:28: "{CC}Maj_Flee<84><[U:1:16522063]><Unassigned>" joined team "Red"
L 10/13/2019 - 15:53:29: "Panda<63><[U:1:112376827]><Unassigned>" joined team "Red"
L 10/13/2019 - 15:53:29: "Snek<61><[U:1:122465451]><Red>" changed role to "sniper"
L 10/13/2019 - 15:53:29: "[LL] Loddy<68><[U:1:9330378]><Unassigned>" joined team "Blue"
L 10/13/2019 - 15:53:29: "BEan | Lacledeslan.com<83><[U:1:7609438]><Blue>" changed role to "pyro"
L 10/13/2019 - 15:53:29: "bearbear<70><[U:1:95728106]><Unassigned>" joined team "Blue"
L 10/13/2019 - 15:53:30: "[LL] Loddy<68><[U:1:9330378]><Blue>" changed role to "engineer"
L 10/13/2019 - 15:53:30: "{CC}Maj_Flee<84><[U:1:16522063]><Red>" changed role to "heavyweapons"
L 10/13/2019 - 15:53:31: "Panda<63><[U:1:112376827]><Red>" changed role to "soldier"
L 10/13/2019 - 15:53:35: "bearbear<70><[U:1:95728106]><Blue>" changed role to "scout"
L 10/13/2019 - 15:53:36: "Lomax<79><[U:1:1831779]><Unassigned>" joined team "Red"
L 10/13/2019 - 15:53:39: "Sarc<53><[U:1:8355163]><Unassigned>" joined team "Blue"
L 10/13/2019 - 15:53:40: "Lomax<79><[U:1:1831779]><Red>" changed role to "pyro"
L 10/13/2019 - 15:53:44: "Sarc<53><[U:1:8355163]><Blue>" changed role to "pyro"
L 10/13/2019 - 15:53:49: "Darth Meerkat<57><[U:1:121426737]><Unassigned>" joined team "Red"
L 10/13/2019 - 15:53:50: "Gryse<80><[U:1:41968851]><Unassigned>" joined team "Blue"
L 10/13/2019 - 15:53:51: "Darth Meerkat<57><[U:1:121426737]><Red>" changed role to "spy"
L 10/13/2019 - 15:53:52: "Gryse<80><[U:1:41968851]><Blue>" changed role to "pyro"
L 10/13/2019 - 15:53:53: World triggered "Round_Start"
L 10/13/2019 - 15:53:53: World triggered "Round_Setup_Begin"
L 10/13/2019 - 15:53:53: World triggered "Mini_Round_Selected" (round "round_a")
L 10/13/2019 - 15:53:53: World triggered "Mini_Round_Start"
L 10/13/2019 - 15:53:57: "{CC}Maj_Flee<84><[U:1:16522063]><Red>" changed role to "engineer"
L 10/13/2019 - 15:54:03: "{CC} Gert<65><[U:1:13211210]><Unassigned>" joined team "Red"
L 10/13/2019 - 15:54:03: "Gryse<80><[U:1:41968851]><Blue>" changed role to "medic"
L 10/13/2019 - 15:54:04: "{CC} Gert<65><[U:1:13211210]><Red>" changed role to "engineer"
L 10/13/2019 - 15:54:12: "{CC} Gert<65><[U:1:13211210]><Red>" changed role to "medic"
L 10/13/2019 - 15:54:19: "{CC}Maj_Flee<84><[U:1:16522063]><Red>" triggered "player_builtobject" (object "OBJ_TELEPORTER") (position "-521 96 128")
L 10/13/2019 - 15:54:31: "{CC} Gert<65><[U:1:13211210]><Red>" changed role to "engineer"
L 10/13/2019 - 15:54:31: "{CC} Gert<65><[U:1:13211210]><Red>" triggered "medic_death" against "{CC} Gert<65><[U:1:13211210]><Red>" (healing "26") (ubercharge "0")
L 10/13/2019 - 15:54:31: "{CC} Gert<65><[U:1:13211210]><Red>" committed suicide with "world" (attacker_position "-230 123 128")
L 10/13/2019 - 15:54:51: "{CC}Maj_Flee<84><[U:1:16522063]><Red>" triggered "player_builtobject" (object "OBJ_DISPENSER") (position "380 -1123 108")
L 10/13/2019 - 15:55:03: World triggered "Round_Setup_End"
L 10/13/2019 - 15:55:03: "Makers<85><[U:1:22699679]><Blue>" killed "Lomax<79><[U:1:1831779]><Red>" with "minigun" (attacker_position "2791 -1069 128") (victim_position "2722 -776 128")
L 10/13/2019 - 15:55:03: "Gryse<80><[U:1:41968851]><Blue>" triggered "kill assist" against "Lomax<79><[U:1:1831779]><Red>" (assister_position "2912 -1246 128") (attacker_position "2791 -1069 128") (victim_position "2722 -776 128")
L 10/13/2019 - 15:55:06: "Gryse<80><[U:1:41968851]><Blue>" triggered "player_extinguished" against "Makers<85><[U:1:22699679]><Blue>" with "tf_weapon_medigun" (attacker_position "2830 -1112 128") (victim_position "2704 -903 128")
L 10/13/2019 - 15:55:08: "CrazyEnzo03<56><[U:1:59983226]><Red>" killed "Sarc<53><[U:1:8355163]><Blue>" with "scattergun" (attacker_position "1839 -610 220") (victim_position "2031 -555 204")
L 10/13/2019 - 15:55:12: "[LL] Loddy<68><[U:1:9330378]><Blue>" triggered "player_builtobject" (object "OBJ_SENTRYGUN") (position "2125 -1318 128")
L 10/13/2019 - 15:55:15: "Darth Meerkat<57><[U:1:121426737]><Red>" triggered "medic_death" against "Gryse<80><[U:1:41968851]><Blue>" (healing "185") (ubercharge "1")
L 10/13/2019 - 15:55:15: "Darth Meerkat<57><[U:1:121426737]><Red>" killed "Gryse<80><[U:1:41968851]><Blue>" with "eternal_reward" (customkill "backstab") (attacker_position "2751 -839 128") (victim_position "2734 -914 128")
L 10/13/2019 - 15:55:17: "Darth Meerkat<57><[U:1:121426737]><Red>" killed "Makers<85><[U:1:22699679]><Blue>" with "eternal_reward" (customkill "backstab") (attacker_position "2335 -976 128") (victim_position "2266 -986 133")
L 10/13/2019 - 15:55:18: "{CC}Maj_Flee<84><[U:1:16522063]><Red>" triggered "player_builtobject" (object "OBJ_SENTRYGUN") (position "408 -1120 101")
L 10/13/2019 - 15:55:18: "Snek<61><[U:1:122465451]><Red>" killed "[LL] Loddy<68><[U:1:9330378]><Blue>" with "awper_hand" (customkill "headshot") (attacker_position "799 -1047 352") (victim_position "2262 -863 133")
L 10/13/2019 - 15:55:18: "Darth Meerkat<57><[U:1:121426737]><Red>" triggered "kill assist" against "[LL] Loddy<68><[U:1:9330378]><Blue>" (assister_position "2362 -870 128") (attacker_position "799 -1047 352") (victim_position "2262 -863 133")
L 10/13/2019 - 15:55:20: "Darth Meerkat<57><[U:1:121426737]><Red>" triggered "captureblocked" (cp "0") (cpname "#Badwater_cap_1") (position "2395 -1102 128")
L 10/13/2019 - 15:55:20: "HARRYZ<59><[U:1:32399126]><Blue>" triggered "chargedeployed"
L 10/13/2019 - 15:55:22: "CrazyEnzo03<56><[U:1:59983226]><Red>" killed "bearbear<70><[U:1:95728106]><Blue>" with "scattergun" (attacker_position "1477 -784 289") (victim_position "1921 -1098 404")
L 10/13/2019 - 15:55:22: "[LL] Loddy<68><[U:1:9330378]><Blue>" killed "Darth Meerkat<57><[U:1:121426737]><Red>" with "obj_minisentry" (attacker_position "2235 -811 203") (victim_position "2359 -1296 191")
L 10/13/2019 - 15:55:22: "HARRYZ<59><[U:1:32399126]><Blue>" triggered "kill assist" against "Darth Meerkat<57><[U:1:121426737]><Red>" (assister_position "2659 -1495 128") (attacker_position "2235 -811 203") (victim_position "2359 -1296 191")
L 10/13/2019 - 15:55:26: "CrazyEnzo03<56><[U:1:59983226]><Red>" killed "Sarc<53><[U:1:8355163]><Blue>" with "scattergun" (attacker_position "2326 -1023 128") (victim_position "2777 -838 128")
L 10/13/2019 - 15:55:26: "Snek<61><[U:1:122465451]><Red>" triggered "kill assist" against "Sarc<53><[U:1:8355163]><Blue>" (assister_position "1152 -906 354") (attacker_position "2326 -1023 128") (victim_position "2777 -838 128")
L 10/13/2019 - 15:55:29: "Sarc<53><[U:1:8355163]><Blue>" killed "CrazyEnzo03<56><[U:1:59983226]><Red>" with "phlogistinator" (attacker_position "2731 -857 142") (victim_position "2415 -1164 128")
L 10/13/2019 - 15:55:29: "[LL] Loddy<68><[U:1:9330378]><Blue>" triggered "kill assist" against "CrazyEnzo03<56><[U:1:59983226]><Red>" (assister_position "2053 -1318 128") (attacker_position "2731 -857 142") (victim_position "2415 -1164 128")
L 10/13/2019 - 15:55:29: "BEan | Lacledeslan.com<83><[U:1:7609438]><Blue>" killed "Snek<61><[U:1:122465451]><Red>" with "degreaser" (attacker_position "1132 -1047 351") (victim_position "1070 -1066 352")
L 10/13/2019 - 15:55:32: "Panda<63><[U:1:112376827]><Red>" killed "BEan | Lacledeslan.com<83><[U:1:7609438]><Blue>" with "rocketlauncher_directhit" (attacker_position "821 -1285 352") (victim_position "1179 -1016 393")
L 10/13/2019 - 15:55:32: "{CC} Gert<65><[U:1:13211210]><Red>" triggered "player_builtobject" (object "OBJ_SENTRYGUN") (position "1865 -1787 384")
L 10/13/2019 - 15:55:40: "Makers<85><[U:1:22699679]><Blue>" triggered "killedobject" (object "OBJ_SENTRYGUN") (weapon "minigun") (objectowner "{CC} Gert<65><[U:1:13211210]><Red>") (attacker_position "2373 -1181 128")
L 10/13/2019 - 15:55:40: "HARRYZ<59><[U:1:32399126]><Blue>" triggered "killedobject" (object "OBJ_SENTRYGUN") (objectowner "{CC} Gert<65><[U:1:13211210]><Red>") (assist "1") (assister_position "2459 -1326 128") (attacker_position "2373 -1181 128")
L 10/13/2019 - 15:55:45: "[LL] Loddy<68><[U:1:9330378]><Blue>" triggered "player_carryobject" (object "OBJ_SENTRYGUN") (position "2090 -1360 128")
L 10/13/2019 - 15:55:47: "bearbear<70><[U:1:95728106]><Blue>" killed "Panda<63><[U:1:112376827]><Red>" with "scattergun" (attacker_position "2262 -981 134") (victim_position "1573 -952 316")
L 10/13/2019 - 15:55:47: "HARRYZ<59><[U:1:32399126]><Blue>" triggered "kill assist" against "Panda<63><[U:1:112376827]><Red>" (assister_position "2360 -1494 128") (attacker_position "2262 -981 134") (victim_position "1573 -952 316")
L 10/13/2019 - 15:55:48: "[LL] Loddy<68><[U:1:9330378]><Blue>" triggered "player_dropobject" (object "OBJ_SENTRYGUN") (position "1884 -1400 132")
L 10/13/2019 - 15:55:48: "[LL] Loddy<68><[U:1:9330378]><Blue>" triggered "player_builtobject" (object "OBJ_SENTRYGUN") (position "1884 -1400 132")
L 10/13/2019 - 15:55:54: "{CC} Gert<65><[U:1:13211210]><Red>" triggered "player_builtobject" (object "OBJ_TELEPORTER") (position "349 -1181 288")
L 10/13/2019 - 15:55:57: "Lomax<79><[U:1:1831779]><Red>" killed "Sarc<53><[U:1:8355163]><Blue>" with "flamethrower" (attacker_position "662 -1048 331") (victim_position "924 -1205 352")
L 10/13/2019 - 15:55:57: "Snek<61><[U:1:122465451]><Red>" triggered "kill assist" against "Sarc<53><[U:1:8355163]><Blue>" (assister_position "-228 -736 134") (attacker_position "662 -1048 331") (victim_position "924 -1205 352")
L 10/13/2019 - 15:55:57: "[LL] Loddy<68><[U:1:9330378]><Blue>" triggered "player_carryobject" (object "OBJ_SENTRYGUN") (position "1854 -1443 133")
L 10/13/2019 - 15:55:59: "[LL] Loddy<68><[U:1:9330378]><Blue>" triggered "player_dropobject" (object "OBJ_SENTRYGUN") (position "1410 -1529 128")
L 10/13/2019 - 15:55:59: "[LL] Loddy<68><[U:1:9330378]><Blue>" triggered "player_builtobject" (object "OBJ_SENTRYGUN") (position "1410 -1529 128")
L 10/13/2019 - 15:56:03: "bearbear<70><[U:1:95728106]><Blue>" killed "Lomax<79><[U:1:1831779]><Red>" with "scattergun" (attacker_position "342 -1924 171") (victim_position "-109 -1607 128")
L 10/13/2019 - 15:56:03: "Makers<85><[U:1:22699679]><Blue>" triggered "kill assist" against "Lomax<79><[U:1:1831779]><Red>" (assister_position "586 -1975 128") (attacker_position "342 -1924 171") (victim_position "-109 -1607 128")
L 10/13/2019 - 15:56:04: "CrazyEnzo03<56><[U:1:59983226]><Red>" killed "BEan | Lacledeslan.com<83><[U:1:7609438]><Blue>" with "scattergun" (attacker_position "544 -1031 302") (victim_position "667 -984 332")
L 10/13/2019 - 15:56:06: "{CC}Maj_Flee<84><[U:1:16522063]><Red>" triggered "player_builtobject" (object "OBJ_TELEPORTER") (position "386 -1246 107")
L 10/13/2019 - 15:56:06: "[LL] Loddy<68><[U:1:9330378]><Blue>" triggered "player_carryobject" (object "OBJ_SENTRYGUN") (position "1393 -1542 128")
L 10/13/2019 - 15:56:11: "[LL] Loddy<68><[U:1:9330378]><Blue>" triggered "player_dropobject" (object "OBJ_SENTRYGUN") (position "307 -1998 128")
L 10/13/2019 - 15:56:11: "[LL] Loddy<68><[U:1:9330378]><Blue>" triggered "player_builtobject" (object "OBJ_SENTRYGUN") (position "307 -1998 128")
L 10/13/2019 - 15:56:12: "Makers<85><[U:1:22699679]><Blue>" killed "{CC}Maj_Flee<84><[U:1:16522063]><Red>" with "minigun" (attacker_position "-32 -1894 129") (victim_position "336 -1194 119")
L 10/13/2019 - 15:56:12: "Gryse<80><[U:1:41968851]><Blue>" triggered "kill assist" against "{CC}Maj_Flee<84><[U:1:16522063]><Red>" (assister_position "305 -1950 129") (attacker_position "-32 -1894 129") (victim_position "336 -1194 119")
L 10/13/2019 - 15:56:13: "Makers<85><[U:1:22699679]><Blue>" triggered "killedobject" (object "OBJ_SENTRYGUN") (weapon "minigun") (objectowner "{CC}Maj_Flee<84><[U:1:16522063]><Red>") (attacker_position "-58 -1919 129")
L 10/13/2019 - 15:56:13: "Gryse<80><[U:1:41968851]><Blue>" triggered "killedobject" (object "OBJ_SENTRYGUN") (objectowner "{CC}Maj_Flee<84><[U:1:16522063]><Red>") (assist "1") (assister_position "232 -1995 129") (attacker_position "-58 -1919 129")
L 10/13/2019 - 15:56:15: "Darth Meerkat<57><[U:1:121426737]><Red>" triggered "medic_death" against "HARRYZ<59><[U:1:32399126]><Blue>" (healing "2025") (ubercharge "0")
L 10/13/2019 - 15:56:15: "Darth Meerkat<57><[U:1:121426737]><Red>" killed "HARRYZ<59><[U:1:32399126]><Blue>" with "eternal_reward" (customkill "backstab") (attacker_position "213 -2170 128") (victim_position "219 -2111 128")
L 10/13/2019 - 15:56:15: "Darth Meerkat<57><[U:1:121426737]><Red>" triggered "medic_death" against "Gryse<80><[U:1:41968851]><Blue>" (healing "208") (ubercharge "0")
L 10/13/2019 - 15:56:15: "Darth Meerkat<57><[U:1:121426737]><Red>" triggered "captureblocked" (cp "0") (cpname "#Badwater_cap_1") (position "133 -2075 131")
L 10/13/2019 - 15:56:15: "Darth Meerkat<57><[U:1:121426737]><Red>" killed "Gryse<80><[U:1:41968851]><Blue>" with "eternal_reward" (customkill "backstab") (attacker_position "133 -2075 131") (victim_position "83 -2042 134")
L 10/13/2019 - 15:56:16: "[LL] Loddy<68><[U:1:9330378]><Blue>" killed "CrazyEnzo03<56><[U:1:59983226]><Red>" with "obj_minisentry" (attacker_position "289 -2133 128") (victim_position "169 -1631 361")
L 10/13/2019 - 15:56:16: "Makers<85><[U:1:22699679]><Blue>" triggered "kill assist" against "CrazyEnzo03<56><[U:1:59983226]><Red>" (assister_position "-32 -1635 130") (attacker_position "289 -2133 128") (victim_position "169 -1631 361")
L 10/13/2019 - 15:56:17: "Darth Meerkat<57><[U:1:121426737]><Red>" killed "Makers<85><[U:1:22699679]><Blue>" with "eternal_reward" (customkill "backstab") (attacker_position "-77 -1655 130") (victim_position "-59 -1574 129")
L 10/13/2019 - 15:56:19: "Darth Meerkat<57><[U:1:121426737]><Red>" killed "bearbear<70><[U:1:95728106]><Blue>" with "eternal_reward" (customkill "backstab") (attacker_position "81 -1339 130") (victim_position "98 -1291 138")
L 10/13/2019 - 15:56:21: "[LL] Loddy<68><[U:1:9330378]><Blue>" triggered "player_builtobject" (object "OBJ_DISPENSER") (position "280 -1808 130")
L 10/13/2019 - 15:56:26: "[LL] Loddy<68><[U:1:9330378]><Blue>" killed "Snek<61><[U:1:122465451]><Red>" with "obj_minisentry" (attacker_position "342 -2024 128") (victim_position "78 -1351 128")
L 10/13/2019 - 15:56:32: "Sarc<53><[U:1:8355163]><Blue>" triggered "killedobject" (object "OBJ_TELEPORTER") (weapon "phlogistinator") (objectowner "{CC}Maj_Flee<84><[U:1:16522063]><Red>") (attacker_position "297 -1303 129")
L 10/13/2019 - 15:56:33: "Sarc<53><[U:1:8355163]><Blue>" triggered "killedobject" (object "OBJ_DISPENSER") (weapon "phlogistinator") (objectowner "{CC}Maj_Flee<84><[U:1:16522063]><Red>") (attacker_position "398 -1181 104")
L 10/13/2019 - 15:56:47: "Makers<85><[U:1:22699679]><Blue>" triggered "killedobject" (object "OBJ_TELEPORTER") (weapon "minigun") (objectowner "{CC} Gert<65><[U:1:13211210]><Red>") (attacker_position "635 -1142 324")
L 10/13/2019 - 15:56:48: "{CC}Maj_Flee<84><[U:1:16522063]><Red>" triggered "player_builtobject" (object "OBJ_SENTRYGUN") (position "-1447 -1246 128")
L 10/13/2019 - 15:56:51: Team "Blue" triggered "pointcaptured" (cp "0") (cpname "#Badwater_cap_1") (numcappers "3") (player1 "BEan | Lacledeslan.com<83><[U:1:7609438]><Blue>") (position1 "-43 -1349 128") (player2 "Sarc<53><[U:1:8355163]><Blue>") (position2 "154 -1268 128") (player3 "Gryse<80><[U:1:41968851]><Blue>") (position3 "-5 -1327 134") 
L 10/13/2019 - 15:56:56: "Darth Meerkat<57><[U:1:121426737]><Red>" triggered "captureblocked" (cp "1") (cpname "#Badwater_cap_2") (position "49 -1083 128")
L 10/13/2019 - 15:56:56: "bearbear<70><[U:1:95728106]><Blue>" killed "Darth Meerkat<57><[U:1:121426737]><Red>" with "scattergun" (attacker_position "30 -1309 138") (victim_position "73 -1018 128")
L 10/13/2019 - 15:56:56: "[LL] Loddy<68><[U:1:9330378]><Blue>" triggered "kill assist" against "Darth Meerkat<57><[U:1:121426737]><Red>" (assister_position "463 -1845 128") (attacker_position "30 -1309 138") (victim_position "73 -1018 128")
L 10/13/2019 - 15:57:04: "[LL] Loddy<68><[U:1:9330378]><Blue>" triggered "player_builtobject" (object "OBJ_TELEPORTER") (position "2463 -792 128")
L 10/13/2019 - 15:57:06: "Snek<61><[U:1:122465451]><Red>" killed "BEan | Lacledeslan.com<83><[U:1:7609438]><Blue>" with "awper_hand" (attacker_position "-1505 -1262 448") (victim_position "-539 -547 168")
L 10/13/2019 - 15:57:06: "{CC}Maj_Flee<84><[U:1:16522063]><Red>" triggered "kill assist" against "BEan | Lacledeslan.com<83><[U:1:7609438]><Blue>" (assister_position "-1842 -1449 320") (attacker_position "-1505 -1262 448") (victim_position "-539 -547 168")
L 10/13/2019 - 15:57:08: "Makers<85><[U:1:22699679]><Blue>" killed "Lomax<79><[U:1:1831779]><Red>" with "minigun" (attacker_position "-308 -593 128") (victim_position "-1041 -652 129")
L 10/13/2019 - 15:57:08: "bearbear<70><[U:1:95728106]><Blue>" triggered "kill assist" against "Lomax<79><[U:1:1831779]><Red>" (assister_position "29 -503 132") (attacker_position "-308 -593 128") (victim_position "-1041 -652 129")
L 10/13/2019 - 15:57:08: "Lomax<79><[U:1:1831779]><Red>" killed "Sarc<53><[U:1:8355163]><Blue>" with "flamethrower" (attacker_position "-993 -700 142") (victim_position "-820 -715 128")
L 10/13/2019 - 15:57:08: "{CC}Maj_Flee<84><[U:1:16522063]><Red>" triggered "kill assist" against "Sarc<53><[U:1:8355163]><Blue>" (assister_position "-1493 -1707 448") (attacker_position "-993 -700 142") (victim_position "-820 -715 128")
L 10/13/2019 - 15:57:15: "{CC} Gert<65><[U:1:13211210]><Red>" triggered "player_builtobject" (object "OBJ_SENTRYGUN") (position "-1677 -785 256")
L 10/13/2019 - 15:57:18: "Lomax<79><[U:1:1831779]><Red>" changed role to "demoman"
L 10/13/2019 - 15:57:18: "Snek<61><[U:1:122465451]><Red>" killed "Makers<85><[U:1:22699679]><Blue>" with "awper_hand" (customkill "headshot") (attacker_position "-1511 -1203 448") (victim_position "-587 -551 128")
L 10/13/2019 - 15:57:18: "{CC}Maj_Flee<84><[U:1:16522063]><Red>" triggered "kill assist" against "Makers<85><[U:1:22699679]><Blue>" (assister_position "-1345 -1299 128") (attacker_position "-1511 -1203 448") (victim_position "-587 -551 128")
L 10/13/2019 - 15:57:24: "Snek<61><[U:1:122465451]><Red>" triggered "medic_death" against "Gryse<80><[U:1:41968851]><Blue>" (healing "131") (ubercharge "0")
L 10/13/2019 - 15:57:24: "Snek<61><[U:1:122465451]><Red>" triggered "captureblocked" (cp "1") (cpname "#Badwater_cap_2") (position "-1511 -1221 448")
L 10/13/2019 - 15:57:24: "Snek<61><[U:1:122465451]><Red>" killed "Gryse<80><[U:1:41968851]><Blue>" with "awper_hand" (customkill "headshot") (attacker_position "-1511 -1221 448") (victim_position "-624 -573 128")
L 10/13/2019 - 15:57:24: "{CC} Gert<65><[U:1:13211210]><Red>" triggered "kill assist" against "Gryse<80><[U:1:41968851]><Blue>" (assister_position "-1649 -781 256") (attacker_position "-1511 -1221 448") (victim_position "-624 -573 128")
L 10/13/2019 - 15:57:34: "{CC}Maj_Flee<84><[U:1:16522063]><Red>" triggered "player_builtobject" (object "OBJ_DISPENSER") (position "-1385 -1383 128")
L 10/13/2019 - 15:57:37: "Panda<63><[U:1:112376827]><Red>" killed "bearbear<70><[U:1:95728106]><Blue>" with "rocketlauncher_directhit" (attacker_position "-586 -813 446") (victim_position "-308 -837 360")
L 10/13/2019 - 15:57:38: "Darth Meerkat<57><[U:1:121426737]><Red>" triggered "player_builtobject" (object "OBJ_ATTACHMENT_SAPPER") (position "247 -2119 128")
L 10/13/2019 - 15:57:39: "BEan | Lacledeslan.com<83><[U:1:7609438]><Blue>" killed "Panda<63><[U:1:112376827]><Red>" with "degreaser" (attacker_position "-674 -869 448") (victim_position "-791 -1025 452")
L 10/13/2019 - 15:57:39: "Lomax<79><[U:1:1831779]><Red>" killed "Sarc<53><[U:1:8355163]><Blue>" with "tf_projectile_pipe" (attacker_position "-898 -405 192") (victim_position "-673 -250 192")
L 10/13/2019 - 15:57:39: "CrazyEnzo03<56><[U:1:59983226]><Red>" triggered "kill assist" against "Sarc<53><[U:1:8355163]><Blue>" (assister_position "-1073 -572 177") (attacker_position "-898 -405 192") (victim_position "-673 -250 192")
L 10/13/2019 - 15:57:43: "Darth Meerkat<57><[U:1:121426737]><Red>" triggered "killedobject" (object "OBJ_SENTRYGUN") (weapon "obj_attachment_sapper") (objectowner "[LL] Loddy<68><[U:1:9330378]><Blue>") (attacker_position "671 -1584 384")
L 10/13/2019 - 15:57:52: "Darth Meerkat<57><[U:1:121426737]><Red>" killed "Makers<85><[U:1:22699679]><Blue>" with "eternal_reward" (customkill "backstab") (attacker_position "728 -1865 384") (victim_position "728 -1817 384")
L 10/13/2019 - 15:57:52: "CrazyEnzo03<56><[U:1:59983226]><Red>" triggered "kill assist" against "Makers<85><[U:1:22699679]><Blue>" (assister_position "-144 -706 129") (attacker_position "728 -1865 384") (victim_position "728 -1817 384")
L 10/13/2019 - 15:57:54: "{CC} Gert<65><[U:1:13211210]><Red>" killed "BEan | Lacledeslan.com<83><[U:1:7609438]><Blue>" with "obj_sentrygun" (attacker_position "-214 2543 256") (victim_position "-1128 -1273 448")
L 10/13/2019 - 15:57:58: "Darth Meerkat<57><[U:1:121426737]><Red>" triggered "medic_death" against "HARRYZ<59><[U:1:32399126]><Blue>" (healing "1034") (ubercharge "0")
L 10/13/2019 - 15:57:58: "Darth Meerkat<57><[U:1:121426737]><Red>" killed "HARRYZ<59><[U:1:32399126]><Blue>" with "eternal_reward" (customkill "backstab") (attacker_position "122 -1596 128") (victim_position "122 -1510 128")
L 10/13/2019 - 15:57:58: "CrazyEnzo03<56><[U:1:59983226]><Red>" triggered "kill assist" against "HARRYZ<59><[U:1:32399126]><Blue>" (assister_position "122 -731 135") (attacker_position "122 -1596 128") (victim_position "122 -1510 128")
L 10/13/2019 - 15:58:03: "[LL] Loddy<68><[U:1:9330378]><Blue>" triggered "player_builtobject" (object "OBJ_TELEPORTER") (position "539 -1977 512")
L 10/13/2019 - 15:58:05: "bearbear<70><[U:1:95728106]><Blue>" killed "CrazyEnzo03<56><[U:1:59983226]><Red>" with "scattergun" (attacker_position "128 -1713 136") (victim_position "25 -2087 140")
L 10/13/2019 - 15:58:07: "[LL] Loddy<68><[U:1:9330378]><Blue>" triggered "player_builtobject" (object "OBJ_SENTRYGUN") (position "347 -1198 288")
L 10/13/2019 - 15:58:08: "BEan | Lacledeslan.com<83><[U:1:7609438]><Blue>" changed role to "soldier"
L 10/13/2019 - 15:58:11: "{CC} Gert<65><[U:1:13211210]><Red>" killed "Sarc<53><[U:1:8355163]><Blue>" with "obj_sentrygun" (attacker_position "-2073 2116 133") (victim_position "-851 -435 192")
L 10/13/2019 - 15:58:11: "{CC}Maj_Flee<84><[U:1:16522063]><Red>" triggered "kill assist" against "Sarc<53><[U:1:8355163]><Blue>" (assister_position "-1413 -1394 134") (attacker_position "-2073 2116 133") (victim_position "-851 -435 192")
L 10/13/2019 - 15:58:22: "Sarc<53><[U:1:8355163]><Blue>" changed role to "soldier"
L 10/13/2019 - 15:58:26: "Snek<61><[U:1:122465451]><Red>" killed "bearbear<70><[U:1:95728106]><Blue>" with "awper_hand" (customkill "headshot") (attacker_position "-1510 -406 128") (victim_position "-202 -638 128")
L 10/13/2019 - 15:58:29: "Darth Meerkat<57><[U:1:121426737]><Red>" killed "BEan | Lacledeslan.com<83><[U:1:7609438]><Blue>" with "eternal_reward" (customkill "backstab") (attacker_position "-488 -809 381") (victim_position "-503 -849 391")
L 10/13/2019 - 15:58:30: "{CC} Gert<65><[U:1:13211210]><Red>" killed "[LL] Loddy<68><[U:1:9330378]><Blue>" with "obj_sentrygun" (attacker_position "-1682 -785 256") (victim_position "-562 -582 128")
L 10/13/2019 - 15:58:30: "{CC}Maj_Flee<84><[U:1:16522063]><Red>" triggered "kill assist" against "[LL] Loddy<68><[U:1:9330378]><Blue>" (assister_position "-1413 -1328 128") (attacker_position "-1682 -785 256") (victim_position "-562 -582 128")
L 10/13/2019 - 15:58:31: "Snek<61><[U:1:122465451]><Red>" triggered "medic_death" against "Gryse<80><[U:1:41968851]><Blue>" (healing "256") (ubercharge "0")
L 10/13/2019 - 15:58:31: "Snek<61><[U:1:122465451]><Red>" killed "Gryse<80><[U:1:41968851]><Blue>" with "awper_hand" (customkill "headshot") (attacker_position "-1511 -413 128") (victim_position "-397 -614 129")
L 10/13/2019 - 15:58:31: "{CC}Maj_Flee<84><[U:1:16522063]><Red>" triggered "kill assist" against "Gryse<80><[U:1:41968851]><Blue>" (assister_position "-1410 -1236 128") (attacker_position "-1511 -413 128") (victim_position "-397 -614 129")
L 10/13/2019 - 15:58:36: "Snek<61><[U:1:122465451]><Red>" killed "Makers<85><[U:1:22699679]><Blue>" with "awper_hand" (customkill "headshot") (attacker_position "-1517 -423 128") (victim_position "-360 -585 128")
L 10/13/2019 - 15:58:36: "Lomax<79><[U:1:1831779]><Red>" triggered "kill assist" against "Makers<85><[U:1:22699679]><Blue>" (assister_position "-1484 -1127 136") (attacker_position "-1517 -423 128") (victim_position "-360 -585 128")
L 10/13/2019 - 15:58:41: "Snek<61><[U:1:122465451]><Red>" killed "Sarc<53><[U:1:8355163]><Blue>" with "awper_hand" (customkill "headshot") (attacker_position "-1518 -423 128") (victim_position "152 -631 134")
L 10/13/2019 - 15:58:41: "CrazyEnzo03<56><[U:1:59983226]><Red>" triggered "kill assist" against "Sarc<53><[U:1:8355163]><Blue>" (assister_position "-847 -235 192") (attacker_position "-1518 -423 128") (victim_position "152 -631 134")
L 10/13/2019 - 15:58:45: "[LL] Loddy<68><[U:1:9330378]><Blue>" killed "Darth Meerkat<57><[U:1:121426737]><Red>" with "obj_minisentry" (attacker_position "2981 -1282 128") (victim_position "-385 -488 176")
L 10/13/2019 - 15:58:45: "HARRYZ<59><[U:1:32399126]><Blue>" triggered "kill assist" against "Darth Meerkat<57><[U:1:121426737]><Red>" (assister_position "19 -728 128") (attacker_position "2981 -1282 128") (victim_position "-385 -488 176")
L 10/13/2019 - 15:58:54: "Panda<63><[U:1:112376827]><Red>" triggered "killedobject" (object "OBJ_DISPENSER") (weapon "rocketlauncher_directhit") (objectowner "[LL] Loddy<68><[U:1:9330378]><Blue>") (attacker_position "-332 -1480 128")
L 10/13/2019 - 15:59:07: "Snek<61><[U:1:122465451]><Red>" killed "Sarc<53><[U:1:8355163]><Blue>" with "awper_hand" (customkill "headshot") (attacker_position "-1518 -408 128") (victim_position "819 -1037 352")
L 10/13/2019 - 15:59:07: "Snek<61><[U:1:122465451]><Red>" triggered "domination" against "Sarc<53><[U:1:8355163]><Blue>"
L 10/13/2019 - 15:59:10: "{CC}Maj_Flee<84><[U:1:16522063]><Red>" triggered "player_builtobject" (object "OBJ_TELEPORTER") (position "-1240 -1511 128")
L 10/13/2019 - 15:59:14: "[LL] Loddy<68><[U:1:9330378]><Blue>" triggered "object_detonated" (object "OBJ_TELEPORTER") (position "-1761 -2967 128")
L 10/13/2019 - 15:59:14: "[LL] Loddy<68><[U:1:9330378]><Blue>" triggered "killedobject" (object "OBJ_TELEPORTER") (weapon "pda_engineer") (objectowner "[LL] Loddy<68><[U:1:9330378]><Blue>") (attacker_position "-1761 -2967 128")
L 10/13/2019 - 15:59:17: "[LL] Loddy<68><[U:1:9330378]><Blue>" triggered "player_builtobject" (object "OBJ_TELEPORTER") (position "-1903 -3017 128")
L 10/13/2019 - 15:59:17: "Makers<85><[U:1:22699679]><Blue>" killed "{CC} Gert<65><[U:1:13211210]><Red>" with "minigun" (attacker_position "-1890 -1727 320") (victim_position "-1899 -1483 320")
L 10/13/2019 - 15:59:17: "HARRYZ<59><[U:1:32399126]><Blue>" triggered "kill assist" against "{CC} Gert<65><[U:1:13211210]><Red>" (assister_position "-1734 -1827 320") (attacker_position "-1890 -1727 320") (victim_position "-1899 -1483 320")
L 10/13/2019 - 15:59:20: "Makers<85><[U:1:22699679]><Blue>" killed "Darth Meerkat<57><[U:1:121426737]><Red>" with "minigun" (attacker_position "-1903 -1484 320") (victim_position "-1870 -1434 348")
L 10/13/2019 - 15:59:20: "HARRYZ<59><[U:1:32399126]><Blue>" triggered "kill assist" against "Darth Meerkat<57><[U:1:121426737]><Red>" (assister_position "-2023 -1528 320") (attacker_position "-1903 -1484 320") (victim_position "-1870 -1434 348")
L 10/13/2019 - 15:59:22: "bearbear<70><[U:1:95728106]><Blue>" killed "CrazyEnzo03<56><[U:1:59983226]><Red>" with "scattergun" (attacker_position "-125 -1542 128") (victim_position "313 -1165 125")
L 10/13/2019 - 15:59:22: "[LL] Loddy<68><[U:1:9330378]><Blue>" triggered "kill assist" against "CrazyEnzo03<56><[U:1:59983226]><Red>" (assister_position "-1708 -2361 128") (attacker_position "-125 -1542 128") (victim_position "313 -1165 125")
L 10/13/2019 - 15:59:23: "BEan | Lacledeslan.com<83><[U:1:7609438]><Blue>" committed suicide with "world" (attacker_position "3680 -1472 128")
L 10/13/2019 - 15:59:23: "BEan | Lacledeslan.com<83><[U:1:7609438]><Blue>" joined team "Spectator"
L 10/13/2019 - 15:59:24: "Makers<85><[U:1:22699679]><Blue>" killed "{CC}Maj_Flee<84><[U:1:16522063]><Red>" with "minigun" (attacker_position "-1651 -1482 293") (victim_position "-1419 -1511 138")
L 10/13/2019 - 15:59:24: "HARRYZ<59><[U:1:32399126]><Blue>" triggered "kill assist" against "{CC}Maj_Flee<84><[U:1:16522063]><Red>" (assister_position "-1785 -1440 320") (attacker_position "-1651 -1482 293") (victim_position "-1419 -1511 138")
L 10/13/2019 - 15:59:25: "Makers<85><[U:1:22699679]><Blue>" triggered "killedobject" (object "OBJ_TELEPORTER") (weapon "minigun") (objectowner "{CC}Maj_Flee<84><[U:1:16522063]><Red>") (attacker_position "-1528 -1483 211")
L 10/13/2019 - 15:59:25: "HARRYZ<59><[U:1:32399126]><Blue>" triggered "killedobject" (object "OBJ_TELEPORTER") (objectowner "{CC}Maj_Flee<84><[U:1:16522063]><Red>") (assist "1") (assister_position "-1589 -1511 251") (attacker_position "-1528 -1483 211")
L 10/13/2019 - 15:59:26: "Makers<85><[U:1:22699679]><Blue>" triggered "killedobject" (object "OBJ_DISPENSER") (weapon "minigun") (objectowner "{CC}Maj_Flee<84><[U:1:16522063]><Red>") (attacker_position "-1583 -1511 247")
L 10/13/2019 - 15:59:26: "HARRYZ<59><[U:1:32399126]><Blue>" triggered "killedobject" (object "OBJ_DISPENSER") (objectowner "{CC}Maj_Flee<84><[U:1:16522063]><Red>") (assist "1") (assister_position "-1694 -1486 320") (attacker_position "-1583 -1511 247")
L 10/13/2019 - 15:59:28: "Makers<85><[U:1:22699679]><Blue>" triggered "killedobject" (object "OBJ_SENTRYGUN") (weapon "minigun") (objectowner "{CC}Maj_Flee<84><[U:1:16522063]><Red>") (attacker_position "-1562 -1511 233")
L 10/13/2019 - 15:59:28: "HARRYZ<59><[U:1:32399126]><Blue>" triggered "killedobject" (object "OBJ_SENTRYGUN") (objectowner "{CC}Maj_Flee<84><[U:1:16522063]><Red>") (assist "1") (assister_position "-1735 -1444 320") (attacker_position "-1562 -1511 233")
L 10/13/2019 - 15:59:28: "Snek<61><[U:1:122465451]><Red>" killed "Makers<85><[U:1:22699679]><Blue>" with "awper_hand" (customkill "headshot") (attacker_position "-1272 -611 128") (victim_position "-1546 -1501 222")
L 10/13/2019 - 15:59:28: "{CC}Maj_Flee<84><[U:1:16522063]><Red>" triggered "kill assist" against "Makers<85><[U:1:22699679]><Blue>" (assister_position "-1447 -1511 170") (attacker_position "-1272 -611 128") (victim_position "-1546 -1501 222")
L 10/13/2019 - 15:59:30: "{CC} Gert<65><[U:1:13211210]><Red>" disconnected (reason "Disconnect by user.")
L 10/13/2019 - 15:59:30: "{CC} Gert<65><[U:1:13211210]><Red>" triggered "object_detonated" (object "OBJ_SENTRYGUN") (position "-1605 -776 256")
L 10/13/2019 - 15:59:37: "Snek<61><[U:1:122465451]><Red>" triggered "medic_death" against "Gryse<80><[U:1:41968851]><Blue>" (healing "213") (ubercharge "0")
L 10/13/2019 - 15:59:37: "Snek<61><[U:1:122465451]><Red>" killed "Gryse<80><[U:1:41968851]><Blue>" with "club" (attacker_position "-1957 -1669 320") (victim_position "-1912 -1736 320")
L 10/13/2019 - 15:59:37: "Panda<63><[U:1:112376827]><Red>" triggered "kill assist" against "Gryse<80><[U:1:41968851]><Blue>" (assister_position "-1543 -1715 448") (attacker_position "-1957 -1669 320") (victim_position "-1912 -1736 320")
L 10/13/2019 - 15:59:38: "Panda<63><[U:1:112376827]><Red>" triggered "medic_death" against "HARRYZ<59><[U:1:32399126]><Blue>" (healing "976") (ubercharge "1")
L 10/13/2019 - 15:59:38: "Panda<63><[U:1:112376827]><Red>" killed "HARRYZ<59><[U:1:32399126]><Blue>" with "rocketlauncher_directhit" (attacker_position "-1409 -1700 448") (victim_position "-1515 -1698 448")
L 10/13/2019 - 15:59:38: "Snek<61><[U:1:122465451]><Red>" triggered "kill assist" against "HARRYZ<59><[U:1:32399126]><Blue>" (assister_position "-1668 -1709 383") (attacker_position "-1409 -1700 448") (victim_position "-1515 -1698 448")
L 10/13/2019 - 15:59:50: "HARRYZ<59><[U:1:32399126]><Blue>" changed role to "sniper"
L 10/13/2019 - 15:59:52: "[LL] Loddy<68><[U:1:9330378]><Blue>" killed "Panda<63><[U:1:112376827]><Red>" with "obj_minisentry" (attacker_position "-1043 -1608 128") (victim_position "-295 -463 130")
L 10/13/2019 - 15:59:56: "Lomax<79><[U:1:1831779]><Red>" triggered "captureblocked" (cp "1") (cpname "#Badwater_cap_2") (position "-407 -641 129")
L 10/13/2019 - 15:59:56: "Snek<61><[U:1:122465451]><Red>" killed "Sarc<53><[U:1:8355163]><Blue>" with "awper_hand" (customkill "headshot") (attacker_position "-1389 -462 128") (victim_position "302 -706 231")
L 10/13/2019 - 15:59:56: "bearbear<70><[U:1:95728106]><Blue>" killed "Lomax<79><[U:1:1831779]><Red>" with "scattergun" (attacker_position "-403 -743 138") (victim_position "-401 -626 128")
L 10/13/2019 - 16:00:00: "Makers<85><[U:1:22699679]><Blue>" killed "CrazyEnzo03<56><[U:1:59983226]><Red>" with "minigun" (attacker_position "-643 -2519 140") (victim_position "-674 -2388 128")
L 10/13/2019 - 16:00:00: "Snek<61><[U:1:122465451]><Red>" killed "bearbear<70><[U:1:95728106]><Blue>" with "awper_hand" (attacker_position "-1510 -405 128") (victim_position "-1321 -540 170")
L 10/13/2019 - 16:00:07: "Sarc<53><[U:1:8355163]><Blue>" disconnected (reason "Disconnect by user.")
L 10/13/2019 - 16:00:11: "[LL] Loddy<68><[U:1:9330378]><Blue>" triggered "object_detonated" (object "OBJ_SENTRYGUN") (position "-2001 -2563 132")
L 10/13/2019 - 16:00:11: "[LL] Loddy<68><[U:1:9330378]><Blue>" triggered "killedobject" (object "OBJ_SENTRYGUN") (weapon "pda_engineer") (objectowner "[LL] Loddy<68><[U:1:9330378]><Blue>") (attacker_position "-2001 -2563 132")
L 10/13/2019 - 16:00:14: "[LL] Loddy<68><[U:1:9330378]><Blue>" triggered "player_builtobject" (object "OBJ_SENTRYGUN") (position "-2005 -2512 129")
L 10/13/2019 - 16:00:16: "Darth Meerkat<57><[U:1:121426737]><Red>" killed "[LL] Loddy<68><[U:1:9330378]><Blue>" with "eternal_reward" (customkill "backstab") (attacker_position "-1803 -2491 128") (victim_position "-1763 -2461 128")
L 10/13/2019 - 16:00:21: "HARRYZ<59><[U:1:32399126]><Blue>" killed "Snek<61><[U:1:122465451]><Red>" with "pro_rifle" (customkill "headshot") (attacker_position "755 -1038 352") (victim_position "-1469 -390 128")
L 10/13/2019 - 16:00:21: "Gryse<80><[U:1:41968851]><Blue>" triggered "kill assist" against "Snek<61><[U:1:122465451]><Red>" (assister_position "673 -1318 334") (attacker_position "755 -1038 352") (victim_position "-1469 -390 128")
L 10/13/2019 - 16:00:25: "{CC}Maj_Flee<84><[U:1:16522063]><Red>" triggered "player_builtobject" (object "OBJ_DISPENSER") (position "-1868 -626 256")
L 10/13/2019 - 16:00:29: "CrazyEnzo03<56><[U:1:59983226]><Red>" killed "bearbear<70><[U:1:95728106]><Blue>" with "world" (attacker_position "-1321 -663 128") (victim_position "-711 -455 155")
L 10/13/2019 - 16:00:32: "{CC}Maj_Flee<84><[U:1:16522063]><Red>" triggered "player_builtobject" (object "OBJ_SENTRYGUN") (position "-1716 -996 256")
L 10/13/2019 - 16:00:33: "Darth Meerkat<57><[U:1:121426737]><Red>" killed "HARRYZ<59><[U:1:32399126]><Blue>" with "eternal_reward" (customkill "backstab") (attacker_position "325 -568 239") (victim_position "281 -529 223")
L 10/13/2019 - 16:00:36: "Makers<85><[U:1:22699679]><Blue>" killed "Lomax<79><[U:1:1831779]><Red>" with "minigun" (attacker_position "-544 -563 131") (victim_position "-682 -216 192")
L 10/13/2019 - 16:00:36: "Gryse<80><[U:1:41968851]><Blue>" triggered "kill assist" against "Lomax<79><[U:1:1831779]><Red>" (assister_position "-501 -654 131") (attacker_position "-544 -563 131") (victim_position "-682 -216 192")
L 10/13/2019 - 16:00:36: "Panda<63><[U:1:112376827]><Red>" triggered "medic_death" against "Gryse<80><[U:1:41968851]><Blue>" (healing "535") (ubercharge "0")
L 10/13/2019 - 16:00:36: "Panda<63><[U:1:112376827]><Red>" killed "Gryse<80><[U:1:41968851]><Blue>" with "rocketlauncher_directhit" (attacker_position "-773 -737 128") (victim_position "-500 -673 133")
L 10/13/2019 - 16:00:36: "Darth Meerkat<57><[U:1:121426737]><Red>" triggered "captureblocked" (cp "1") (cpname "#Badwater_cap_2") (position "-535 -619 128")
L 10/13/2019 - 16:00:38: "Darth Meerkat<57><[U:1:121426737]><Red>" killed "Makers<85><[U:1:22699679]><Blue>" with "eternal_reward" (customkill "backstab") (attacker_position "-574 -498 131") (victim_position "-622 -475 133")
L 10/13/2019 - 16:00:38: "CrazyEnzo03<56><[U:1:59983226]><Red>" triggered "kill assist" against "Makers<85><[U:1:22699679]><Blue>" (assister_position "-1494 -1189 448") (attacker_position "-574 -498 131") (victim_position "-622 -475 133")
L 10/13/2019 - 16:00:50: "Gryse<80><[U:1:41968851]><Blue>" disconnected (reason "Disconnect by user.")
L 10/13/2019 - 16:00:51: "CrazyEnzo03<56><[U:1:59983226]><Red>" killed "[LL] Loddy<68><[U:1:9330378]><Blue>" with "scattergun" (attacker_position "-1326 -3153 128") (victim_position "-1665 -3114 168")
L 10/13/2019 - 16:00:58: "CrazyEnzo03<56><[U:1:59983226]><Red>" triggered "killedobject" (object "OBJ_TELEPORTER") (weapon "fryingpan") (objectowner "[LL] Loddy<68><[U:1:9330378]><Blue>") (attacker_position "-2011 -3021 143")
L 10/13/2019 - 16:00:59: "HARRYZ<59><[U:1:32399126]><Blue>" killed "Panda<63><[U:1:112376827]><Red>" with "pro_rifle" (customkill "headshot") (attacker_position "709 -1082 343") (victim_position "-733 -445 209")
L 10/13/2019 - 16:00:59: "bearbear<70><[U:1:95728106]><Blue>" triggered "kill assist" against "Panda<63><[U:1:112376827]><Red>" (assister_position "-71 -1064 176") (attacker_position "709 -1082 343") (victim_position "-733 -445 209")
L 10/13/2019 - 16:01:00: "Panda<63><[U:1:112376827]><Red>" joined team "Blue"
L 10/13/2019 - 16:01:01: "[LL] Loddy<68><[U:1:9330378]><Blue>" killed "CrazyEnzo03<56><[U:1:59983226]><Red>" with "obj_minisentry" (attacker_position "-1949 -2468 128") (victim_position "-1561 -2640 141")
L 10/13/2019 - 16:01:04: "HARRYZ<59><[U:1:32399126]><Blue>" killed "Snek<61><[U:1:122465451]><Red>" with "pro_rifle" (customkill "headshot") (attacker_position "703 -952 341") (victim_position "-1532 -482 128")
L 10/13/2019 - 16:01:06: "{CC}Maj_Flee<84><[U:1:16522063]><Red>" triggered "player_builtobject" (object "OBJ_TELEPORTER") (position "-1978 -999 256")
L 10/13/2019 - 16:01:19: "Darth Meerkat<57><[U:1:121426737]><Red>" changed role to "demoman"
L 10/13/2019 - 16:01:19: "Darth Meerkat<57><[U:1:121426737]><Red>" committed suicide with "world" (attacker_position "-1668 -837 256")
L 10/13/2019 - 16:01:26: "[LL] Loddy<68><[U:1:9330378]><Blue>" triggered "player_builtobject" (object "OBJ_TELEPORTER") (position "-393 -1104 448")
L 10/13/2019 - 16:01:32: "Panda<63><[U:1:112376827]><Blue>" triggered "killedobject" (object "OBJ_DISPENSER") (weapon "rocketlauncher_directhit") (objectowner "{CC}Maj_Flee<84><[U:1:16522063]><Red>") (attacker_position "-83 -625 128")
L 10/13/2019 - 16:01:32: "[LL] Loddy<68><[U:1:9330378]><Blue>" triggered "object_detonated" (object "OBJ_SENTRYGUN") (position "-719 -926 448")
L 10/13/2019 - 16:01:32: "[LL] Loddy<68><[U:1:9330378]><Blue>" triggered "killedobject" (object "OBJ_SENTRYGUN") (weapon "pda_engineer") (objectowner "[LL] Loddy<68><[U:1:9330378]><Blue>") (attacker_position "-719 -926 448")
L 10/13/2019 - 16:01:33: "[LL] Loddy<68><[U:1:9330378]><Blue>" triggered "player_builtobject" (object "OBJ_SENTRYGUN") (position "-718 -970 448")
L 10/13/2019 - 16:01:36: "HARRYZ<59><[U:1:32399126]><Blue>" killed "Lomax<79><[U:1:1831779]><Red>" with "pro_rifle" (customkill "headshot") (attacker_position "581 -1179 311") (victim_position "-810 -364 192")
L 10/13/2019 - 16:01:38: "Snek<61><[U:1:122465451]><Red>" killed "HARRYZ<59><[U:1:32399126]><Blue>" with "awper_hand" (customkill "headshot") (attacker_position "-1506 -397 128") (victim_position "653 -996 329")
L 10/13/2019 - 16:01:39: "Panda<63><[U:1:112376827]><Blue>" killed "CrazyEnzo03<56><[U:1:59983226]><Red>" with "rocketlauncher_directhit" (attacker_position "-613 -480 130") (victim_position "-965 -733 128")
L 10/13/2019 - 16:01:43: "Darth Meerkat<57><[U:1:121426737]><Red>" killed "bearbear<70><[U:1:95728106]><Blue>" with "demokatana" (attacker_position "-664 -397 185") (victim_position "-704 -378 192")
L 10/13/2019 - 16:01:44: "Snek<61><[U:1:122465451]><Red>" killed "Makers<85><[U:1:22699679]><Blue>" with "awper_hand" (customkill "headshot") (attacker_position "-1512 -422 128") (victim_position "-337 -727 132")
L 10/13/2019 - 16:01:44: "Snek<61><[U:1:122465451]><Red>" triggered "domination" against "Makers<85><[U:1:22699679]><Blue>"
L 10/13/2019 - 16:01:47: "CrazyEnzo03<56><[U:1:59983226]><Red>" changed role to "soldier"
L 10/13/2019 - 16:01:50: "Darth Meerkat<57><[U:1:121426737]><Red>" triggered "captureblocked" (cp "1") (cpname "#Badwater_cap_2") (position "-737 -615 128")
L 10/13/2019 - 16:01:50: "Darth Meerkat<57><[U:1:121426737]><Red>" triggered "captureblocked" (cp "1") (cpname "#Badwater_cap_2") (position "-600 -484 128")
L 10/13/2019 - 16:01:50: "Darth Meerkat<57><[U:1:121426737]><Red>" killed "Panda<63><[U:1:112376827]><Blue>" with "demokatana" (attacker_position "-600 -484 128") (victim_position "-545 -533 132")
L 10/13/2019 - 16:01:57: "bearbear<70><[U:1:95728106]><Blue>" changed role to "sniper"
L 10/13/2019 - 16:02:01: "HARRYZ<59><[U:1:32399126]><Blue>" killed "Snek<61><[U:1:122465451]><Red>" with "pro_rifle" (customkill "headshot") (attacker_position "-1336 -1293 448") (victim_position "-818 -288 192")
L 10/13/2019 - 16:02:01: "Panda<63><[U:1:112376827]><Blue>" changed role to "scout"
L 10/13/2019 - 16:02:03: "[LL] Loddy<68><[U:1:9330378]><Blue>" triggered "player_builtobject" (object "OBJ_DISPENSER") (position "-717 -1206 448")
L 10/13/2019 - 16:02:06: "{CC}Maj_Flee<84><[U:1:16522063]><Red>" triggered "player_builtobject" (object "OBJ_DISPENSER") (position "-2039 -800 256")
L 10/13/2019 - 16:02:07: "HARRYZ<59><[U:1:32399126]><Blue>" triggered "jarate_attack" against "CrazyEnzo03<56><[U:1:59983226]><Red>" with "tf_weapon_jar" (attacker_position "-1238 -1165 448") (victim_position "-1334 -999 128")
L 10/13/2019 - 16:02:11: "HARRYZ<59><[U:1:32399126]><Blue>" killed "CrazyEnzo03<56><[U:1:59983226]><Red>" with "bushwacka" (attacker_position "-1428 -1416 144") (victim_position "-1479 -1451 178")
L 10/13/2019 - 16:02:14: "Makers<85><[U:1:22699679]><Blue>" triggered "killedobject" (object "OBJ_SENTRYGUN") (weapon "minigun") (objectowner "{CC}Maj_Flee<84><[U:1:16522063]><Red>") (attacker_position "-1146 -1172 448")
L 10/13/2019 - 16:02:16: "Makers<85><[U:1:22699679]><Blue>" killed "Darth Meerkat<57><[U:1:121426737]><Red>" with "minigun" (attacker_position "-1191 -1207 448") (victim_position "-1129 -1262 448")
L 10/13/2019 - 16:02:19: "Makers<85><[U:1:22699679]><Blue>" triggered "killedobject" (object "OBJ_DISPENSER") (weapon "minigun") (objectowner "{CC}Maj_Flee<84><[U:1:16522063]><Red>") (attacker_position "-1054 -1197 448")
L 10/13/2019 - 16:02:22: "bearbear<70><[U:1:95728106]><Blue>" killed "{CC}Maj_Flee<84><[U:1:16522063]><Red>" with "awper_hand" (customkill "headshot") (attacker_position "286 -533 225") (victim_position "-2047 -999 256")
L 10/13/2019 - 16:02:22: "Makers<85><[U:1:22699679]><Blue>" triggered "kill assist" against "{CC}Maj_Flee<84><[U:1:16522063]><Red>" (assister_position "-1011 -1160 448") (attacker_position "286 -533 225") (victim_position "-2047 -999 256")
L 10/13/2019 - 16:02:29: "bearbear<70><[U:1:95728106]><Blue>" killed "Lomax<79><[U:1:1831779]><Red>" with "awper_hand" (attacker_position "302 -678 231") (victim_position "-839 -734 176")
L 10/13/2019 - 16:02:29: "bearbear<70><[U:1:95728106]><Blue>" triggered "domination" against "Lomax<79><[U:1:1831779]><Red>"
L 10/13/2019 - 16:02:30: "Snek<61><[U:1:122465451]><Red>" killed "Makers<85><[U:1:22699679]><Blue>" with "awper_hand" (customkill "headshot") (attacker_position "-1158 124 128") (victim_position "-1515 -931 181")
L 10/13/2019 - 16:02:37: "{CC}Maj_Flee<84><[U:1:16522063]><Red>" changed role to "heavyweapons"
L 10/13/2019 - 16:02:39: "[LL] Loddy<68><[U:1:9330378]><Blue>" triggered "object_detonated" (object "OBJ_SENTRYGUN") (position "-925 -1332 448")
L 10/13/2019 - 16:02:39: "[LL] Loddy<68><[U:1:9330378]><Blue>" triggered "killedobject" (object "OBJ_SENTRYGUN") (weapon "pda_engineer") (objectowner "[LL] Loddy<68><[U:1:9330378]><Blue>") (attacker_position "-925 -1332 448")
L 10/13/2019 - 16:02:42: "[LL] Loddy<68><[U:1:9330378]><Blue>" triggered "player_builtobject" (object "OBJ_SENTRYGUN") (position "-864 -1252 448")
L 10/13/2019 - 16:02:44: "CrazyEnzo03<56><[U:1:59983226]><Red>" killed "Panda<63><[U:1:112376827]><Blue>" with "tf_projectile_rocket" (attacker_position "-1312 -731 161") (victim_position "-970 -757 128")
L 10/13/2019 - 16:02:48: "[LL] Loddy<68><[U:1:9330378]><Blue>" killed "CrazyEnzo03<56><[U:1:59983226]><Red>" with "frontier_justice" (attacker_position "-1391 -1028 128") (victim_position "-1249 -915 138")
L 10/13/2019 - 16:02:48: "Darth Meerkat<57><[U:1:121426737]><Red>" killed "bearbear<70><[U:1:95728106]><Blue>" with "demokatana" (attacker_position "-673 -279 192") (victim_position "-635 -327 192")
L 10/13/2019 - 16:02:52: "{CC}Maj_Flee<84><[U:1:16522063]><Red>" killed "[LL] Loddy<68><[U:1:9330378]><Blue>" with "minigun" (attacker_position "-1305 -590 128") (victim_position "-866 -566 128")
L 10/13/2019 - 16:02:54: "HARRYZ<59><[U:1:32399126]><Blue>" killed "{CC}Maj_Flee<84><[U:1:16522063]><Red>" with "pro_rifle" (customkill "headshot") (attacker_position "-1753 -951 256") (victim_position "-1352 -778 128")
L 10/13/2019 - 16:02:54: "[LL] Loddy<68><[U:1:9330378]><Blue>" triggered "kill assist" against "{CC}Maj_Flee<84><[U:1:16522063]><Red>" (assister_position "-803 -572 196") (attacker_position "-1753 -951 256") (victim_position "-1352 -778 128")
L 10/13/2019 - 16:02:59: "Lomax<79><[U:1:1831779]><Red>" triggered "killedobject" (object "OBJ_SENTRYGUN") (weapon "tf_projectile_pipe") (objectowner "[LL] Loddy<68><[U:1:9330378]><Blue>") (attacker_position "-1489 -592 128")
L 10/13/2019 - 16:03:04: "Snek<61><[U:1:122465451]><Red>" killed "Makers<85><[U:1:22699679]><Blue>" with "awper_hand" (customkill "headshot") (attacker_position "-1474 529 44") (victim_position "-1078 -1377 448")
L 10/13/2019 - 16:03:06: "Darth Meerkat<57><[U:1:121426737]><Red>" killed "HARRYZ<59><[U:1:32399126]><Blue>" with "demokatana" (attacker_position "-1739 -897 256") (victim_position "-1696 -952 256")
L 10/13/2019 - 16:03:06: "Panda<63><[U:1:112376827]><Blue>" killed "Lomax<79><[U:1:1831779]><Red>" with "scattergun" (attacker_position "-1028 -801 128") (victim_position "-1413 -607 158")
L 10/13/2019 - 16:03:07: Team "Blue" triggered "pointcaptured" (cp "1") (cpname "#Badwater_cap_2") (numcappers "1") (player1 "Panda<63><[U:1:112376827]><Blue>") (position1 "-1190 -956 138") 
L 10/13/2019 - 16:03:09: "Darth Meerkat<57><[U:1:121426737]><Red>" triggered "captureblocked" (cp "2") (cpname "#Badwater_cap_3") (position "-1473 -930 153")
L 10/13/2019 - 16:03:12: "Darth Meerkat<57><[U:1:121426737]><Red>" killed "Panda<63><[U:1:112376827]><Blue>" with "demokatana" (attacker_position "-1214 -998 128") (victim_position "-1246 -946 138")
L 10/13/2019 - 16:03:16: "[LL] Loddy<68><[U:1:9330378]><Blue>" triggered "player_builtobject" (object "OBJ_SENTRYGUN") (position "-1682 -915 256")
L 10/13/2019 - 16:03:21: "Darth Meerkat<57><[U:1:121426737]><Red>" killed "[LL] Loddy<68><[U:1:9330378]><Blue>" with "demokatana" (attacker_position "-1728 -710 256") (victim_position "-1751 -748 272")
L 10/13/2019 - 16:03:21: "Snek<61><[U:1:122465451]><Red>" triggered "killedobject" (object "OBJ_SENTRYGUN") (weapon "club") (objectowner "[LL] Loddy<68><[U:1:9330378]><Blue>") (attacker_position "-1788 -955 256")
L 10/13/2019 - 16:03:24: "{CC}Maj_Flee<84><[U:1:16522063]><Red>" changed role to "engineer"
L 10/13/2019 - 16:03:28: "bearbear<70><[U:1:95728106]><Blue>" killed "Snek<61><[U:1:122465451]><Red>" with "awper_hand" (attacker_position "297 -723 229") (victim_position "-1413 -609 128")
L 10/13/2019 - 16:03:29: "{CC}Maj_Flee<84><[U:1:16522063]><Red>" triggered "player_builtobject" (object "OBJ_TELEPORTER") (position "556 463 -255")
L 10/13/2019 - 16:03:31: "Darth Meerkat<57><[U:1:121426737]><Red>" triggered "captureblocked" (cp "2") (cpname "#Badwater_cap_3") (position "-1389 -1025 128")
L 10/13/2019 - 16:03:33: "HARRYZ<59><[U:1:32399126]><Blue>" triggered "jarate_attack" against "Darth Meerkat<57><[U:1:121426737]><Red>" with "tf_weapon_jar" (attacker_position "-1182 -889 138") (victim_position "-1280 -827 128")
L 10/13/2019 - 16:03:35: "HARRYZ<59><[U:1:32399126]><Blue>" killed "Darth Meerkat<57><[U:1:121426737]><Red>" with "bushwacka" (attacker_position "-1315 -744 128") (victim_position "-1367 -739 128")
L 10/13/2019 - 16:03:35: "Makers<85><[U:1:22699679]><Blue>" triggered "kill assist" against "Darth Meerkat<57><[U:1:121426737]><Red>" (assister_position "-1262 -1172 448") (attacker_position "-1315 -744 128") (victim_position "-1367 -739 128")
L 10/13/2019 - 16:03:49: "[LL] Loddy<68><[U:1:9330378]><Blue>" triggered "player_builtobject" (object "OBJ_SENTRYGUN") (position "-1628 -223 135")
L 10/13/2019 - 16:03:51: "{CC}Maj_Flee<84><[U:1:16522063]><Red>" triggered "player_builtobject" (object "OBJ_TELEPORTER") (position "-2354 1812 320")
L 10/13/2019 - 16:03:59: "Makers<85><[U:1:22699679]><Blue>" killed "CrazyEnzo03<56><[U:1:59983226]><Red>" with "minigun" (attacker_position "-1526 292 124") (victim_position "-1902 453 9")
L 10/13/2019 - 16:04:02: "Panda<63><[U:1:112376827]><Blue>" killed "Snek<61><[U:1:122465451]><Red>" with "scattergun" (attacker_position "-1586 534 0") (victim_position "-1579 1202 28")
L 10/13/2019 - 16:04:02: "HARRYZ<59><[U:1:32399126]><Blue>" triggered "kill assist" against "Snek<61><[U:1:122465451]><Red>" (assister_position "-1626 -753 256") (attacker_position "-1586 534 0") (victim_position "-1579 1202 28")
L 10/13/2019 - 16:04:10: "[LL] Loddy<68><[U:1:9330378]><Blue>" triggered "object_detonated" (object "OBJ_DISPENSER") (position "-1623 540 0")
L 10/13/2019 - 16:04:10: "[LL] Loddy<68><[U:1:9330378]><Blue>" triggered "killedobject" (object "OBJ_DISPENSER") (weapon "pda_engineer") (objectowner "[LL] Loddy<68><[U:1:9330378]><Blue>") (attacker_position "-1623 540 0")
L 10/13/2019 - 16:04:11: "{CC}Maj_Flee<84><[U:1:16522063]><Red>" triggered "player_builtobject" (object "OBJ_DISPENSER") (position "-1975 1920 143")
L 10/13/2019 - 16:04:11: "Lomax<79><[U:1:1831779]><Red>" killed "Panda<63><[U:1:112376827]><Blue>" with "tf_projectile_pipe" (attacker_position "-1191 951 256") (victim_position "-1142 469 256")
L 10/13/2019 - 16:04:16: "[LL] Loddy<68><[U:1:9330378]><Blue>" triggered "player_builtobject" (object "OBJ_DISPENSER") (position "-1304 1112 18")
L 10/13/2019 - 16:04:17: "bearbear<70><[U:1:95728106]><Blue>" killed "Lomax<79><[U:1:1831779]><Red>" with "awper_hand" (attacker_position "-1313 -710 128") (victim_position "-1155 830 256")
L 10/13/2019 - 16:04:22: "[LL] Loddy<68><[U:1:9330378]><Blue>" killed "Darth Meerkat<57><[U:1:121426737]><Red>" with "obj_minisentry" (attacker_position "-2079 1009 2") (victim_position "-1123 50 128")
L 10/13/2019 - 16:04:22: "bearbear<70><[U:1:95728106]><Blue>" triggered "kill assist" against "Darth Meerkat<57><[U:1:121426737]><Red>" (assister_position "-1343 -481 128") (attacker_position "-2079 1009 2") (victim_position "-1123 50 128")
L 10/13/2019 - 16:04:28: Team "Blue" triggered "pointcaptured" (cp "2") (cpname "#Badwater_cap_3") (numcappers "1") (player1 "Makers<85><[U:1:22699679]><Blue>") (position1 "-1650 1889 138") 
L 10/13/2019 - 16:04:30: "Snek<61><[U:1:122465451]><Red>" triggered "captureblocked" (cp "3") (cpname "#Badwater_cap_4") (position "-560 2082 128")
L 10/13/2019 - 16:04:30: "Snek<61><[U:1:122465451]><Red>" killed "Makers<85><[U:1:22699679]><Blue>" with "awper_hand" (customkill "headshot") (attacker_position "-560 2082 128") (victim_position "-1573 1975 128")
L 10/13/2019 - 16:04:31: "[LL] Loddy<68><[U:1:9330378]><Blue>" killed "{CC}Maj_Flee<84><[U:1:16522063]><Red>" with "frontier_justice" (attacker_position "-1873 1990 128") (victim_position "-2003 1920 143")
L 10/13/2019 - 16:04:33: "HARRYZ<59><[U:1:32399126]><Blue>" killed "Snek<61><[U:1:122465451]><Red>" with "pro_rifle" (customkill "headshot") (attacker_position "-1575 2412 138") (victim_position "-562 2095 128")
L 10/13/2019 - 16:04:35: "[LL] Loddy<68><[U:1:9330378]><Blue>" triggered "killedobject" (object "OBJ_DISPENSER") (weapon "robot_arm_kill") (objectowner "{CC}Maj_Flee<84><[U:1:16522063]><Red>") (attacker_position "-2079 1964 146")
L 10/13/2019 - 16:04:36: "CrazyEnzo03<56><[U:1:59983226]><Red>" killed "bearbear<70><[U:1:95728106]><Blue>" with "shotgun_soldier" (attacker_position "-1559 1574 125") (victim_position "-1413 1854 139")
L 10/13/2019 - 16:04:37: "Panda<63><[U:1:112376827]><Blue>" killed "CrazyEnzo03<56><[U:1:59983226]><Red>" with "scattergun" (attacker_position "-1619 1409 93") (victim_position "-1619 1686 128")
L 10/13/2019 - 16:04:37: "HARRYZ<59><[U:1:32399126]><Blue>" triggered "kill assist" against "CrazyEnzo03<56><[U:1:59983226]><Red>" (assister_position "-1513 2539 130") (attacker_position "-1619 1409 93") (victim_position "-1619 1686 128")
L 10/13/2019 - 16:04:41: "[LL] Loddy<68><[U:1:9330378]><Blue>" triggered "object_detonated" (object "OBJ_SENTRYGUN") (position "-1427 1696 173")
L 10/13/2019 - 16:04:41: "[LL] Loddy<68><[U:1:9330378]><Blue>" triggered "killedobject" (object "OBJ_SENTRYGUN") (weapon "pda_engineer") (objectowner "[LL] Loddy<68><[U:1:9330378]><Blue>") (attacker_position "-1427 1696 173")
L 10/13/2019 - 16:04:42: "[LL] Loddy<68><[U:1:9330378]><Blue>" triggered "player_builtobject" (object "OBJ_SENTRYGUN") (position "-1418 1602 235")
L 10/13/2019 - 16:04:48: "[LL] Loddy<68><[U:1:9330378]><Blue>" killed "Lomax<79><[U:1:1831779]><Red>" with "frontier_justice" (attacker_position "-735 2113 128") (victim_position "-590 1811 117")
L 10/13/2019 - 16:04:54: "Darth Meerkat<57><[U:1:121426737]><Red>" triggered "captureblocked" (cp "3") (cpname "#Badwater_cap_4") (position "-912 2059 128")
L 10/13/2019 - 16:04:54: "Darth Meerkat<57><[U:1:121426737]><Red>" triggered "captureblocked" (cp "3") (cpname "#Badwater_cap_4") (position "-889 2081 128")
L 10/13/2019 - 16:04:54: "Darth Meerkat<57><[U:1:121426737]><Red>" killed "[LL] Loddy<68><[U:1:9330378]><Blue>" with "demokatana" (attacker_position "-889 2081 128") (victim_position "-840 2100 129")
L 10/13/2019 - 16:05:00: "Panda<63><[U:1:112376827]><Blue>" triggered "milk_attack" against "Darth Meerkat<57><[U:1:121426737]><Red>" with "tf_weapon_jar" (attacker_position "-900 2132 169") (victim_position "-829 2158 131")
L 10/13/2019 - 16:05:01: "bearbear<70><[U:1:95728106]><Blue>" killed "Darth Meerkat<57><[U:1:121426737]><Red>" with "awper_hand" (customkill "headshot") (attacker_position "-1833 1975 128") (victim_position "-860 2124 131")
L 10/13/2019 - 16:05:01: "Panda<63><[U:1:112376827]><Blue>" triggered "kill assist" against "Darth Meerkat<57><[U:1:121426737]><Red>" (assister_position "-971 2139 128") (attacker_position "-1833 1975 128") (victim_position "-860 2124 131")
L 10/13/2019 - 16:05:06: "{CC}Maj_Flee<84><[U:1:16522063]><Red>" triggered "player_builtobject" (object "OBJ_DISPENSER") (position "-282 1560 -127")
L 10/13/2019 - 16:05:09: "[LL] Loddy<68><[U:1:9330378]><Blue>" triggered "object_detonated" (object "OBJ_TELEPORTER") (position "-2189 -868 256")
L 10/13/2019 - 16:05:09: "[LL] Loddy<68><[U:1:9330378]><Blue>" triggered "killedobject" (object "OBJ_TELEPORTER") (weapon "pda_engineer") (objectowner "[LL] Loddy<68><[U:1:9330378]><Blue>") (attacker_position "-2189 -868 256")
L 10/13/2019 - 16:05:11: "[LL] Loddy<68><[U:1:9330378]><Blue>" triggered "player_builtobject" (object "OBJ_TELEPORTER") (position "-1796 -894 256")
L 10/13/2019 - 16:05:16: "bearbear<70><[U:1:95728106]><Blue>" killed "Lomax<79><[U:1:1831779]><Red>" with "awper_hand" (attacker_position "-1173 2345 129") (victim_position "319 1158 128")
L 10/13/2019 - 16:05:17: "{CC}Maj_Flee<84><[U:1:16522063]><Red>" triggered "player_builtobject" (object "OBJ_SENTRYGUN") (position "-155 1537 -127")
L 10/13/2019 - 16:05:17: "[LL] Loddy<68><[U:1:9330378]><Blue>" triggered "object_detonated" (object "OBJ_TELEPORTER") (position "-1828 -914 256")
L 10/13/2019 - 16:05:17: "[LL] Loddy<68><[U:1:9330378]><Blue>" triggered "killedobject" (object "OBJ_TELEPORTER") (weapon "pda_engineer") (objectowner "[LL] Loddy<68><[U:1:9330378]><Blue>") (attacker_position "-1828 -914 256")
L 10/13/2019 - 16:05:25: "Makers<85><[U:1:22699679]><Blue>" killed "Snek<61><[U:1:122465451]><Red>" with "minigun" (attacker_position "-1019 934 128") (victim_position "-814 778 128")
L 10/13/2019 - 16:05:25: "Makers<85><[U:1:22699679]><Blue>" triggered "revenge" against "Snek<61><[U:1:122465451]><Red>"
L 10/13/2019 - 16:05:29: "bearbear<70><[U:1:95728106]><Blue>" killed "Darth Meerkat<57><[U:1:121426737]><Red>" with "awper_hand" (customkill "headshot") (attacker_position "-801 2139 131") (victim_position "-88 1607 128")
L 10/13/2019 - 16:05:32: "CrazyEnzo03<56><[U:1:59983226]><Red>" killed "HARRYZ<59><[U:1:32399126]><Blue>" with "tf_projectile_rocket" (attacker_position "463 1314 302") (victim_position "165 1232 128")
L 10/13/2019 - 16:05:33: "HARRYZ<59><[U:1:32399126]><Blue>" triggered "jarate_attack" against "CrazyEnzo03<56><[U:1:59983226]><Red>" with "tf_weapon_jar" (attacker_position "165 1232 142") (victim_position "518 1319 294")
L 10/13/2019 - 16:05:41: "Darth Meerkat<57><[U:1:121426737]><Red>" changed role to "heavyweapons"
L 10/13/2019 - 16:05:42: "bearbear<70><[U:1:95728106]><Blue>" killed "CrazyEnzo03<56><[U:1:59983226]><Red>" with "awper_hand" (customkill "headshot") (attacker_position "-747 2072 128") (victim_position "156 1257 128")
L 10/13/2019 - 16:05:42: "HARRYZ<59><[U:1:32399126]><Blue>" triggered "kill assist" against "CrazyEnzo03<56><[U:1:59983226]><Red>" (assister_position "-748 2072 128") (attacker_position "-747 2072 128") (victim_position "156 1257 128")
L 10/13/2019 - 16:05:45: "[LL] Loddy<68><[U:1:9330378]><Blue>" triggered "player_carryobject" (object "OBJ_DISPENSER") (position "-1358 1123 11")
L 10/13/2019 - 16:05:47: "HARRYZ<59><[U:1:32399126]><Blue>" changed role to "pyro"
L 10/13/2019 - 16:05:51: "Panda<63><[U:1:112376827]><Blue>" triggered "milk_attack" against "Lomax<79><[U:1:1831779]><Red>" with "tf_weapon_jar" (attacker_position "-19 1416 128") (victim_position "537 1298 256")
L 10/13/2019 - 16:05:51: "{CC}Maj_Flee<84><[U:1:16522063]><Red>" triggered "captureblocked" (cp "3") (cpname "#Badwater_cap_4") (position "-219 1639 -127")
L 10/13/2019 - 16:05:51: "{CC}Maj_Flee<84><[U:1:16522063]><Red>" killed "Makers<85><[U:1:22699679]><Blue>" with "obj_sentrygun3" (attacker_position "-219 1639 -127") (victim_position "-629 1203 -127")
L 10/13/2019 - 16:05:53: "[LL] Loddy<68><[U:1:9330378]><Blue>" triggered "player_dropobject" (object "OBJ_DISPENSER") (position "-2241 1944 320")
L 10/13/2019 - 16:05:53: "[LL] Loddy<68><[U:1:9330378]><Blue>" triggered "player_builtobject" (object "OBJ_DISPENSER") (position "-2241 1944 320")
L 10/13/2019 - 16:05:55: "bearbear<70><[U:1:95728106]><Blue>" killed "Darth Meerkat<57><[U:1:121426737]><Red>" with "awper_hand" (customkill "headshot") (attacker_position "-821 2132 131") (victim_position "426 1062 128")
L 10/13/2019 - 16:05:55: "bearbear<70><[U:1:95728106]><Blue>" triggered "domination" against "Darth Meerkat<57><[U:1:121426737]><Red>"
L 10/13/2019 - 16:05:56: "[LL] Loddy<68><[U:1:9330378]><Blue>" triggered "killedobject" (object "OBJ_TELEPORTER") (weapon "robot_arm_kill") (objectowner "{CC}Maj_Flee<84><[U:1:16522063]><Red>") (attacker_position "-2338 1907 320")
L 10/13/2019 - 16:05:59: "[LL] Loddy<68><[U:1:9330378]><Blue>" triggered "player_carryobject" (object "OBJ_DISPENSER") (position "-2226 1839 320")
L 10/13/2019 - 16:06:03: "[LL] Loddy<68><[U:1:9330378]><Blue>" triggered "player_dropobject" (object "OBJ_DISPENSER") (position "-1538 2667 320")
L 10/13/2019 - 16:06:03: "[LL] Loddy<68><[U:1:9330378]><Blue>" triggered "player_builtobject" (object "OBJ_DISPENSER") (position "-1538 2667 320")
L 10/13/2019 - 16:06:07: "Snek<61><[U:1:122465451]><Red>" killed "Panda<63><[U:1:112376827]><Blue>" with "club" (attacker_position "-181 2010 384") (victim_position "-143 1946 384")
L 10/13/2019 - 16:06:10: "[LL] Loddy<68><[U:1:9330378]><Blue>" triggered "player_builtobject" (object "OBJ_TELEPORTER") (position "-1081 2824 320")
L 10/13/2019 - 16:06:16: "{CC}Maj_Flee<84><[U:1:16522063]><Red>" triggered "player_builtobject" (object "OBJ_TELEPORTER") (position "-962 985 -127")
L 10/13/2019 - 16:06:18: "bearbear<70><[U:1:95728106]><Blue>" killed "CrazyEnzo03<56><[U:1:59983226]><Red>" with "awper_hand" (attacker_position "-581 2075 128") (victim_position "-638 594 -127")
L 10/13/2019 - 16:06:19: "Snek<61><[U:1:122465451]><Red>" killed "bearbear<70><[U:1:95728106]><Blue>" with "club" (attacker_position "-644 2045 128") (victim_position "-596 2084 128")
L 10/13/2019 - 16:06:20: "[LL] Loddy<68><[U:1:9330378]><Blue>" triggered "object_detonated" (object "OBJ_SENTRYGUN") (position "-1163 2781 320")
L 10/13/2019 - 16:06:20: "[LL] Loddy<68><[U:1:9330378]><Blue>" triggered "killedobject" (object "OBJ_SENTRYGUN") (weapon "pda_engineer") (objectowner "[LL] Loddy<68><[U:1:9330378]><Blue>") (attacker_position "-1163 2781 320")
L 10/13/2019 - 16:06:22: "HARRYZ<59><[U:1:32399126]><Blue>" killed "Lomax<79><[U:1:1831779]><Red>" with "flamethrower" (attacker_position "59 1353 128") (victim_position "607 1096 200")
L 10/13/2019 - 16:06:24: "[LL] Loddy<68><[U:1:9330378]><Blue>" triggered "player_builtobject" (object "OBJ_SENTRYGUN") (position "-935 2713 320")
L 10/13/2019 - 16:06:26: "HARRYZ<59><[U:1:32399126]><Blue>" killed "Snek<61><[U:1:122465451]><Red>" with "flamethrower" (attacker_position "493 688 128") (victim_position "581 792 128")
L 10/13/2019 - 16:06:26: "HARRYZ<59><[U:1:32399126]><Blue>" triggered "domination" against "Snek<61><[U:1:122465451]><Red>"
L 10/13/2019 - 16:06:27: "CrazyEnzo03<56><[U:1:59983226]><Red>" changed role to "heavyweapons"
L 10/13/2019 - 16:06:29: "{CC}Maj_Flee<84><[U:1:16522063]><Red>" killed "HARRYZ<59><[U:1:32399126]><Blue>" with "obj_sentrygun3" (attacker_position "-153 1529 -127") (victim_position "521 813 128")
L 10/13/2019 - 16:06:29: "Darth Meerkat<57><[U:1:121426737]><Red>" triggered "kill assist" against "HARRYZ<59><[U:1:32399126]><Blue>" (assister_position "-162 1158 -127") (attacker_position "-153 1529 -127") (victim_position "521 813 128")
L 10/13/2019 - 16:06:31: "{CC}Maj_Flee<84><[U:1:16522063]><Red>" killed "Panda<63><[U:1:112376827]><Blue>" with "obj_sentrygun3" (attacker_position "-148 1529 -127") (victim_position "-247 1111 -127")
L 10/13/2019 - 16:06:33: "CrazyEnzo03<56><[U:1:59983226]><Red>" changed role to "pyro"
L 10/13/2019 - 16:06:51: "Makers<85><[U:1:22699679]><Blue>" killed "Lomax<79><[U:1:1831779]><Red>" with "minigun" (attacker_position "-230 1451 128") (victim_position "-90 947 -127")
L 10/13/2019 - 16:06:57: "Makers<85><[U:1:22699679]><Blue>" killed "{CC}Maj_Flee<84><[U:1:16522063]><Red>" with "minigun" (attacker_position "-375 1823 128") (victim_position "-396 1084 -127")
L 10/13/2019 - 16:06:57: "CrazyEnzo03<56><[U:1:59983226]><Red>" killed "bearbear<70><[U:1:95728106]><Blue>" with "flamethrower" (attacker_position "-845 2209 129") (victim_position "-715 2113 128")
L 10/13/2019 - 16:06:59: "CrazyEnzo03<56><[U:1:59983226]><Red>" killed "Makers<85><[U:1:22699679]><Blue>" with "flamethrower" (attacker_position "-557 1994 128") (victim_position "-532 1903 130")
L 10/13/2019 - 16:07:01: "Darth Meerkat<57><[U:1:121426737]><Red>" killed "HARRYZ<59><[U:1:32399126]><Blue>" with "minigun" (attacker_position "-245 1118 -127") (victim_position "-562 1960 128")
L 10/13/2019 - 16:07:01: "CrazyEnzo03<56><[U:1:59983226]><Red>" triggered "kill assist" against "HARRYZ<59><[U:1:32399126]><Blue>" (assister_position "-236 1811 128") (attacker_position "-245 1118 -127") (victim_position "-562 1960 128")
L 10/13/2019 - 16:07:04: "HARRYZ<59><[U:1:32399126]><Blue>" changed role to "demoman"
L 10/13/2019 - 16:07:07: Vote succeeded "NextLevel pl_barnblitz"
L 10/13/2019 - 16:07:09: server_cvar: "nextlevel" "pl_barnblitz"
L 10/13/2019 - 16:07:13: "bearbear<70><[U:1:95728106]><Blue>" changed role to "pyro"
L 10/13/2019 - 16:07:27: "[LL] Loddy<68><[U:1:9330378]><Blue>" triggered "object_detonated" (object "OBJ_SENTRYGUN") (position "-169 1642 128")
L 10/13/2019 - 16:07:27: "[LL] Loddy<68><[U:1:9330378]><Blue>" triggered "killedobject" (object "OBJ_SENTRYGUN") (weapon "pda_engineer") (objectowner "[LL] Loddy<68><[U:1:9330378]><Blue>") (attacker_position "-169 1642 128")
L 10/13/2019 - 16:07:32: "{CC}Maj_Flee<84><[U:1:16522063]><Red>" killed "Panda<63><[U:1:112376827]><Blue>" with "obj_sentrygun3" (attacker_position "-148 1537 -127") (victim_position "61 961 -121")
L 10/13/2019 - 16:07:33: "[LL] Loddy<68><[U:1:9330378]><Blue>" triggered "player_builtobject" (object "OBJ_SENTRYGUN") (position "12 408 -127")
L 10/13/2019 - 16:07:33: "{CC}Maj_Flee<84><[U:1:16522063]><Red>" killed "[LL] Loddy<68><[U:1:9330378]><Blue>" with "obj_sentrygun3" (attacker_position "-136 1541 -127") (victim_position "9 395 -127")
L 10/13/2019 - 16:07:33: "HARRYZ<59><[U:1:32399126]><Blue>" killed "CrazyEnzo03<56><[U:1:59983226]><Red>" with "tf_projectile_pipe" (attacker_position "-373 1993 137") (victim_position "-357 1873 130")
L 10/13/2019 - 16:07:33: "CrazyEnzo03<56><[U:1:59983226]><Red>" killed "HARRYZ<59><[U:1:32399126]><Blue>" with "world" (attacker_position "-357 1873 130") (victim_position "-373 1993 137")
L 10/13/2019 - 16:07:33: "Darth Meerkat<57><[U:1:121426737]><Red>" triggered "kill assist" against "HARRYZ<59><[U:1:32399126]><Blue>" (assister_position "-208 1178 -127") (attacker_position "-357 1873 130") (victim_position "-373 1993 137")
L 10/13/2019 - 16:07:37: "bearbear<70><[U:1:95728106]><Blue>" killed "Lomax<79><[U:1:1831779]><Red>" with "backburner" (attacker_position "-167 2422 256") (victim_position "-112 2611 256")
L 10/13/2019 - 16:07:39: "[LL] Loddy<68><[U:1:9330378]><Blue>" killed "Darth Meerkat<57><[U:1:121426737]><Red>" with "obj_minisentry" (attacker_position "9 395 -59") (victim_position "149 1276 -127")
L 10/13/2019 - 16:07:40: "Snek<61><[U:1:122465451]><Red>" triggered "killedobject" (object "OBJ_SENTRYGUN") (weapon "sniperrifle") (objectowner "[LL] Loddy<68><[U:1:9330378]><Blue>") (attacker_position "327 1467 -115")
L 10/13/2019 - 16:07:44: "Panda<63><[U:1:112376827]><Blue>" changed role to "soldier"
L 10/13/2019 - 16:07:46: "{CC}Maj_Flee<84><[U:1:16522063]><Red>" killed "Makers<85><[U:1:22699679]><Blue>" with "obj_sentrygun3" (attacker_position "-168 1538 -127") (victim_position "-352 1374 -100")
L 10/13/2019 - 16:07:46: "Snek<61><[U:1:122465451]><Red>" triggered "kill assist" against "Makers<85><[U:1:22699679]><Blue>" (assister_position "283 1469 -127") (attacker_position "-168 1538 -127") (victim_position "-352 1374 -100")
L 10/13/2019 - 16:07:54: "Makers<85><[U:1:22699679]><Blue>" disconnected (reason "Disconnect by user.")
L 10/13/2019 - 16:08:07: "[LL] Loddy<68><[U:1:9330378]><Blue>" triggered "player_builtobject" (object "OBJ_SENTRYGUN") (position "264 1688 128")
L 10/13/2019 - 16:08:12: "CrazyEnzo03<56><[U:1:59983226]><Red>" killed "[LL] Loddy<68><[U:1:9330378]><Blue>" with "flamethrower" (attacker_position "-281 2030 128") (victim_position "0 1890 128")
L 10/13/2019 - 16:08:12: "Lomax<79><[U:1:1831779]><Red>" triggered "kill assist" against "[LL] Loddy<68><[U:1:9330378]><Blue>" (assister_position "-62 1888 128") (attacker_position "-281 2030 128") (victim_position "0 1890 128")
L 10/13/2019 - 16:08:14: "[LL] Loddy<68><[U:1:9330378]><Blue>" killed "Lomax<79><[U:1:1831779]><Red>" with "obj_minisentry" (attacker_position "0 1890 196") (victim_position "107 1695 128")
L 10/13/2019 - 16:08:17: "bearbear<70><[U:1:95728106]><Blue>" killed "CrazyEnzo03<56><[U:1:59983226]><Red>" with "backburner" (attacker_position "-950 2337 128") (victim_position "-657 1932 128")
L 10/13/2019 - 16:08:26: "[LL] Loddy<68><[U:1:9330378]><Blue>" killed "Snek<61><[U:1:122465451]><Red>" with "obj_minisentry" (attacker_position "-1729 -893 268") (victim_position "411 1954 128")
L 10/13/2019 - 16:08:28: "Lomax<79><[U:1:1831779]><Red>" changed role to "soldier"
L 10/13/2019 - 16:08:30: "{CC}Maj_Flee<84><[U:1:16522063]><Red>" triggered "player_extinguished" against "{CC}Maj_Flee<84><[U:1:16522063]><Red>" with "dispenser" (attacker_position "-274 1631 -127") (victim_position "-287 1587 -127")
L 10/13/2019 - 16:08:30: "{CC}Maj_Flee<84><[U:1:16522063]><Red>" killed "bearbear<70><[U:1:95728106]><Blue>" with "obj_sentrygun3" (attacker_position "-287 1587 -127") (victim_position "-292 1347 -70")
L 10/13/2019 - 16:08:32: "[LL] Loddy<68><[U:1:9330378]><Blue>" triggered "object_detonated" (object "OBJ_SENTRYGUN") (position "-433 1805 128")
L 10/13/2019 - 16:08:32: "[LL] Loddy<68><[U:1:9330378]><Blue>" triggered "killedobject" (object "OBJ_SENTRYGUN") (weapon "pda_engineer") (objectowner "[LL] Loddy<68><[U:1:9330378]><Blue>") (attacker_position "-433 1805 128")
L 10/13/2019 - 16:08:34: "Panda<63><[U:1:112376827]><Blue>" killed "Darth Meerkat<57><[U:1:121426737]><Red>" with "rocketlauncher_directhit" (attacker_position "-558 1850 128") (victim_position "-343 1208 -96")
L 10/13/2019 - 16:08:34: "HARRYZ<59><[U:1:32399126]><Blue>" triggered "kill assist" against "Darth Meerkat<57><[U:1:121426737]><Red>" (assister_position "-516 1926 130") (attacker_position "-558 1850 128") (victim_position "-343 1208 -96")
L 10/13/2019 - 16:08:36: "Lomax<79><[U:1:1831779]><Red>" killed "[LL] Loddy<68><[U:1:9330378]><Blue>" with "tf_projectile_rocket" (attacker_position "443 914 128") (victim_position "-350 1823 128")
L 10/13/2019 - 16:08:36: "Darth Meerkat<57><[U:1:121426737]><Red>" triggered "kill assist" against "[LL] Loddy<68><[U:1:9330378]><Blue>" (assister_position "-343 1208 -82") (attacker_position "443 914 128") (victim_position "-350 1823 128")
L 10/13/2019 - 16:08:43: "HARRYZ<59><[U:1:32399126]><Blue>" killed "{CC}Maj_Flee<84><[U:1:16522063]><Red>" with "tf_projectile_pipe" (attacker_position "-347 1335 -119") (victim_position "-214 1516 -127")
L 10/13/2019 - 16:08:45: "HARRYZ<59><[U:1:32399126]><Blue>" triggered "killedobject" (object "OBJ_SENTRYGUN") (weapon "tf_projectile_pipe") (objectowner "{CC}Maj_Flee<84><[U:1:16522063]><Red>") (attacker_position "-411 1412 -81")
L 10/13/2019 - 16:08:54: "bearbear<70><[U:1:95728106]><Blue>" killed "CrazyEnzo03<56><[U:1:59983226]><Red>" with "backburner" (attacker_position "-135 1721 128") (victim_position "28 1547 128")
L 10/13/2019 - 16:08:55: "Lomax<79><[U:1:1831779]><Red>" killed "bearbear<70><[U:1:95728106]><Blue>" with "tf_projectile_rocket" (attacker_position "232 1128 128") (victim_position "-34 1747 128")
L 10/13/2019 - 16:08:55: "Lomax<79><[U:1:1831779]><Red>" triggered "revenge" against "bearbear<70><[U:1:95728106]><Blue>"
L 10/13/2019 - 16:08:55: "[LL] Loddy<68><[U:1:9330378]><Blue>" triggered "player_builtobject" (object "OBJ_SENTRYGUN") (position "-344 2055 142")
L 10/13/2019 - 16:08:59: "[LL] Loddy<68><[U:1:9330378]><Blue>" triggered "object_detonated" (object "OBJ_SENTRYGUN") (position "-579 1105 -127")
L 10/13/2019 - 16:08:59: "[LL] Loddy<68><[U:1:9330378]><Blue>" triggered "killedobject" (object "OBJ_SENTRYGUN") (weapon "pda_engineer") (objectowner "[LL] Loddy<68><[U:1:9330378]><Blue>") (attacker_position "-579 1105 -127")
L 10/13/2019 - 16:09:00: "Darth Meerkat<57><[U:1:121426737]><Red>" triggered "captureblocked" (cp "3") (cpname "#Badwater_cap_4") (position "-333 507 0")
L 10/13/2019 - 16:09:00: "Darth Meerkat<57><[U:1:121426737]><Red>" killed "[LL] Loddy<68><[U:1:9330378]><Blue>" with "minigun" (attacker_position "-333 507 0") (victim_position "-550 961 -127")
L 10/13/2019 - 16:09:04: "Darth Meerkat<57><[U:1:121426737]><Red>" killed "HARRYZ<59><[U:1:32399126]><Blue>" with "minigun" (attacker_position "-457 718 -127") (victim_position "-825 664 -127")
L 10/13/2019 - 16:09:04: "HARRYZ<59><[U:1:32399126]><Blue>" triggered "killedobject" (object "OBJ_TELEPORTER") (weapon "tf_projectile_pipe") (objectowner "{CC}Maj_Flee<84><[U:1:16522063]><Red>") (attacker_position "-860 664 -113")
L 10/13/2019 - 16:09:15: "{CC}Maj_Flee<84><[U:1:16522063]><Red>" triggered "player_builtobject" (object "OBJ_SENTRYGUN") (position "-170 1591 -127")
L 10/13/2019 - 16:09:17: "[LL] Loddy<68><[U:1:9330378]><Blue>" triggered "player_carryobject" (object "OBJ_DISPENSER") (position "-1412 2707 320")
L 10/13/2019 - 16:09:21: "[LL] Loddy<68><[U:1:9330378]><Blue>" triggered "player_dropobject" (object "OBJ_DISPENSER") (position "-878 2083 128")
L 10/13/2019 - 16:09:21: "[LL] Loddy<68><[U:1:9330378]><Blue>" triggered "player_builtobject" (object "OBJ_DISPENSER") (position "-878 2083 128")
L 10/13/2019 - 16:09:23: "Lomax<79><[U:1:1831779]><Red>" killed "bearbear<70><[U:1:95728106]><Blue>" with "tf_projectile_rocket" (attacker_position "342 1866 169") (victim_position "581 1848 128")
L 10/13/2019 - 16:09:26: "CrazyEnzo03<56><[U:1:59983226]><Red>" killed "HARRYZ<59><[U:1:32399126]><Blue>" with "flamethrower" (attacker_position "-554 2139 128") (victim_position "-849 2013 132")
L 10/13/2019 - 16:09:28: "bearbear<70><[U:1:95728106]><Blue>" killed "Lomax<79><[U:1:1831779]><Red>" with "backburner" (attacker_position "-849 2013 146") (victim_position "202 1116 128")
L 10/13/2019 - 16:09:30: "[LL] Loddy<68><[U:1:9330378]><Blue>" triggered "player_extinguished" against "[LL] Loddy<68><[U:1:9330378]><Blue>" with "dispenser" (attacker_position "-880 2011 130") (victim_position "-924 2008 128")
L 10/13/2019 - 16:09:35: "Panda<63><[U:1:112376827]><Blue>" killed "CrazyEnzo03<56><[U:1:59983226]><Red>" with "rocketlauncher_directhit" (attacker_position "-1058 2036 128") (victim_position "-803 2121 130")
L 10/13/2019 - 16:09:38: "[LL] Loddy<68><[U:1:9330378]><Blue>" triggered "player_extinguished" against "Panda<63><[U:1:112376827]><Blue>" with "dispenser" (attacker_position "-880 2011 130") (victim_position "-909 2025 128")
L 10/13/2019 - 16:09:38: "[LL] Loddy<68><[U:1:9330378]><Blue>" triggered "player_extinguished" against "[LL] Loddy<68><[U:1:9330378]><Blue>" with "dispenser" (attacker_position "-880 2011 130") (victim_position "-924 2008 128")
L 10/13/2019 - 16:09:38: "{CC}Maj_Flee<84><[U:1:16522063]><Red>" triggered "player_builtobject" (object "OBJ_TELEPORTER") (position "-277 1587 -127")
L 10/13/2019 - 16:09:45: "[LL] Loddy<68><[U:1:9330378]><Blue>" triggered "player_carryobject" (object "OBJ_DISPENSER") (position "-924 2047 128")
L 10/13/2019 - 16:09:47: "[LL] Loddy<68><[U:1:9330378]><Blue>" triggered "player_dropobject" (object "OBJ_DISPENSER") (position "-1039 1957 128")
L 10/13/2019 - 16:09:47: "[LL] Loddy<68><[U:1:9330378]><Blue>" triggered "player_builtobject" (object "OBJ_DISPENSER") (position "-1039 1957 128")
L 10/13/2019 - 16:09:48: "Panda<63><[U:1:112376827]><Blue>" killed "Snek<61><[U:1:122465451]><Red>" with "rocketlauncher_directhit" (attacker_position "-985 976 128") (victim_position "-672 925 128")
L 10/13/2019 - 16:10:05: "[LL] Loddy<68><[U:1:9330378]><Blue>" triggered "player_builtobject" (object "OBJ_SENTRYGUN") (position "-380 1910 130")
L 10/13/2019 - 16:10:07: "CrazyEnzo03<56><[U:1:59983226]><Red>" killed "bearbear<70><[U:1:95728106]><Blue>" with "flamethrower" (attacker_position "525 2050 128") (victim_position "291 1773 128")
L 10/13/2019 - 16:10:10: "[LL] Loddy<68><[U:1:9330378]><Blue>" killed "CrazyEnzo03<56><[U:1:59983226]><Red>" with "obj_minisentry" (attacker_position "-575 1457 -59") (victim_position "288 1726 128")
L 10/13/2019 - 16:10:11: "bearbear<70><[U:1:95728106]><Blue>" changed role to "soldier"
L 10/13/2019 - 16:10:12: "[LL] Loddy<68><[U:1:9330378]><Blue>" killed "Darth Meerkat<57><[U:1:121426737]><Red>" with "obj_minisentry" (attacker_position "-654 1327 -124") (victim_position "-744 849 -127")
L 10/13/2019 - 16:10:17: "{CC}Maj_Flee<84><[U:1:16522063]><Red>" killed "HARRYZ<59><[U:1:32399126]><Blue>" with "obj_sentrygun3" (attacker_position "-230 1639 -127") (victim_position "-409 1263 -127")
L 10/13/2019 - 16:10:17: "Lomax<79><[U:1:1831779]><Red>" triggered "kill assist" against "HARRYZ<59><[U:1:32399126]><Blue>" (assister_position "296 943 -128") (attacker_position "-230 1639 -127") (victim_position "-409 1263 -127")
L 10/13/2019 - 16:10:17: "HARRYZ<59><[U:1:32399126]><Blue>" triggered "killedobject" (object "OBJ_SENTRYGUN") (weapon "tf_projectile_pipe") (objectowner "{CC}Maj_Flee<84><[U:1:16522063]><Red>") (attacker_position "-409 1263 -113")
L 10/13/2019 - 16:10:20: "Lomax<79><[U:1:1831779]><Red>" triggered "captureblocked" (cp "3") (cpname "#Badwater_cap_4") (position "85 1075 -125")
L 10/13/2019 - 16:10:20: "Lomax<79><[U:1:1831779]><Red>" killed "[LL] Loddy<68><[U:1:9330378]><Blue>" with "tf_projectile_rocket" (attacker_position "85 1075 -125") (victim_position "-418 918 -127")
L 10/13/2019 - 16:10:24: "{CC}Maj_Flee<84><[U:1:16522063]><Red>" triggered "player_builtobject" (object "OBJ_SENTRYGUN") (position "103 1639 -127")
L 10/13/2019 - 16:10:32: "Lomax<79><[U:1:1831779]><Red>" triggered "killedobject" (object "OBJ_SENTRYGUN") (weapon "tf_projectile_rocket") (objectowner "[LL] Loddy<68><[U:1:9330378]><Blue>") (attacker_position "-910 923 -127")
L 10/13/2019 - 16:10:33: "Snek<61><[U:1:122465451]><Red>" killed "Panda<63><[U:1:112376827]><Blue>" with "awper_hand" (attacker_position "-56 792 -128") (victim_position "-581 1852 139")
L 10/13/2019 - 16:10:33: "Lomax<79><[U:1:1831779]><Red>" triggered "kill assist" against "Panda<63><[U:1:112376827]><Blue>" (assister_position "-999 1058 -127") (attacker_position "-56 792 -128") (victim_position "-581 1852 139")
L 10/13/2019 - 16:10:35: "bearbear<70><[U:1:95728106]><Blue>" killed "Snek<61><[U:1:122465451]><Red>" with "tf_projectile_rocket" (attacker_position "-17 1148 27") (victim_position "228 1007 -128")
L 10/13/2019 - 16:10:38: "Lomax<79><[U:1:1831779]><Red>" killed "bearbear<70><[U:1:95728106]><Blue>" with "tf_projectile_rocket" (attacker_position "-926 904 -127") (victim_position "-426 1170 -107")
L 10/13/2019 - 16:10:38: "{CC}Maj_Flee<84><[U:1:16522063]><Red>" triggered "kill assist" against "bearbear<70><[U:1:95728106]><Blue>" (assister_position "-48 1637 -127") (attacker_position "-926 904 -127") (victim_position "-426 1170 -107")
L 10/13/2019 - 16:10:40: "Darth Meerkat<57><[U:1:121426737]><Red>" joined team "Blue"
L 10/13/2019 - 16:10:40: "Darth Meerkat<57><[U:1:121426737]><Blue>" committed suicide with "world" (attacker_position "384 128 -255")
L 10/13/2019 - 16:10:45: "[LL] Loddy<68><[U:1:9330378]><Blue>" triggered "player_builtobject" (object "OBJ_SENTRYGUN") (position "150 1692 128")
L 10/13/2019 - 16:10:45: "Darth Meerkat<57><[U:1:121426737]><Blue>" changed role to "medic"
L 10/13/2019 - 16:10:47: "CrazyEnzo03<56><[U:1:59983226]><Red>" triggered "killedobject" (object "OBJ_SENTRYGUN") (weapon "flamethrower") (objectowner "[LL] Loddy<68><[U:1:9330378]><Blue>") (attacker_position "346 1846 128")
L 10/13/2019 - 16:10:48: "CrazyEnzo03<56><[U:1:59983226]><Red>" killed "[LL] Loddy<68><[U:1:9330378]><Blue>" with "flamethrower" (attacker_position "366 1805 168") (victim_position "79 1730 128")
L 10/13/2019 - 16:11:26: "HARRYZ<59><[U:1:32399126]><Blue>" killed "Snek<61><[U:1:122465451]><Red>" with "tf_projectile_pipe" (attacker_position "210 1254 128") (victim_position "487 829 128")
L 10/13/2019 - 16:11:26: "Darth Meerkat<57><[U:1:121426737]><Blue>" triggered "kill assist" against "Snek<61><[U:1:122465451]><Red>" (assister_position "-75 1556 128") (attacker_position "210 1254 128") (victim_position "487 829 128")
L 10/13/2019 - 16:11:36: "bearbear<70><[U:1:95728106]><Blue>" killed "{CC}Maj_Flee<84><[U:1:16522063]><Red>" with "tf_projectile_rocket" (attacker_position "-639 1266 -127") (victim_position "-44 1639 -127")
L 10/13/2019 - 16:11:36: "Darth Meerkat<57><[U:1:121426737]><Blue>" triggered "kill assist" against "{CC}Maj_Flee<84><[U:1:16522063]><Red>" (assister_position "-652 1458 -58") (attacker_position "-639 1266 -127") (victim_position "-44 1639 -127")
L 10/13/2019 - 16:11:39: "bearbear<70><[U:1:95728106]><Blue>" killed "Lomax<79><[U:1:1831779]><Red>" with "tf_projectile_rocket" (attacker_position "-387 1440 -67") (victim_position "-392 1014 -112")
L 10/13/2019 - 16:11:39: "[LL] Loddy<68><[U:1:9330378]><Blue>" triggered "kill assist" against "Lomax<79><[U:1:1831779]><Red>" (assister_position "-495 1463 -56") (attacker_position "-387 1440 -67") (victim_position "-392 1014 -112")
L 10/13/2019 - 16:11:40: "Panda<63><[U:1:112376827]><Blue>" triggered "killedobject" (object "OBJ_SENTRYGUN") (weapon "rocketlauncher_directhit") (objectowner "{CC}Maj_Flee<84><[U:1:16522063]><Red>") (attacker_position "-695 791 128")
L 10/13/2019 - 16:11:43: "[LL] Loddy<68><[U:1:9330378]><Blue>" triggered "player_builtobject" (object "OBJ_SENTRYGUN") (position "-701 1039 -127")
L 10/13/2019 - 16:11:48: "Darth Meerkat<57><[U:1:121426737]><Blue>" triggered "player_extinguished" against "HARRYZ<59><[U:1:32399126]><Blue>" with "tf_weapon_medigun" (attacker_position "-481 652 -127") (victim_position "-150 749 -127")
L 10/13/2019 - 16:11:48: "bearbear<70><[U:1:95728106]><Blue>" killed "CrazyEnzo03<56><[U:1:59983226]><Red>" with "tf_projectile_rocket" (attacker_position "-549 968 -127") (victim_position "-404 1169 -127")
L 10/13/2019 - 16:11:48: "[LL] Loddy<68><[U:1:9330378]><Blue>" triggered "kill assist" against "CrazyEnzo03<56><[U:1:59983226]><Red>" (assister_position "-475 892 -127") (attacker_position "-549 968 -127") (victim_position "-404 1169 -127")
L 10/13/2019 - 16:11:49: "HARRYZ<59><[U:1:32399126]><Blue>" triggered "killedobject" (object "OBJ_DISPENSER") (weapon "tf_projectile_pipe") (objectowner "{CC}Maj_Flee<84><[U:1:16522063]><Red>") (attacker_position "-41 695 -128")
L 10/13/2019 - 16:11:49: "Darth Meerkat<57><[U:1:121426737]><Blue>" triggered "killedobject" (object "OBJ_DISPENSER") (objectowner "{CC}Maj_Flee<84><[U:1:16522063]><Red>") (assist "1") (assister_position "-319 719 -127") (attacker_position "-41 695 -128")
L 10/13/2019 - 16:11:52: "HARRYZ<59><[U:1:32399126]><Blue>" triggered "killedobject" (object "OBJ_TELEPORTER") (weapon "tf_projectile_pipe") (objectowner "{CC}Maj_Flee<84><[U:1:16522063]><Red>") (attacker_position "-3 720 -128")
L 10/13/2019 - 16:11:52: "Darth Meerkat<57><[U:1:121426737]><Blue>" triggered "killedobject" (object "OBJ_TELEPORTER") (objectowner "{CC}Maj_Flee<84><[U:1:16522063]><Red>") (assist "1") (assister_position "-25 762 -128") (attacker_position "-3 720 -128")
L 10/13/2019 - 16:11:53: Team "Blue" triggered "pointcaptured" (cp "3") (cpname "#Badwater_cap_4") (numcappers "4") (player1 "Darth Meerkat<57><[U:1:121426737]><Blue>") (position1 "118 786 -121") (player2 "Panda<63><[U:1:112376827]><Blue>") (position2 "10 912 -121") (player3 "[LL] Loddy<68><[U:1:9330378]><Blue>") (position3 "7 798 -121") (player4 "bearbear<70><[U:1:95728106]><Blue>") (position4 "-86 908 -128") 
L 10/13/2019 - 16:11:53: World triggered "Mini_Round_Win" (winner "Blue") (round "round_a")
L 10/13/2019 - 16:11:53: World triggered "Mini_Round_Length" (seconds "1080.36")
L 10/13/2019 - 16:11:53: World triggered "Round_Win" (winner "Blue")
L 10/13/2019 - 16:11:53: Team "Red" current score "0" with "4" players
L 10/13/2019 - 16:11:53: Team "Blue" current score "4" with "5" players
L 10/13/2019 - 16:11:54: "CrazyEnzo03<56><[U:1:59983226]><Red>" killed "[LL] Loddy<68><[U:1:9330378]><Blue>" with "world" (attacker_position "-666 1706 513") (victim_position "145 829 -360")
L 10/13/2019 - 16:11:54: "Snek<61><[U:1:122465451]><Red>" killed "bearbear<70><[U:1:95728106]><Blue>" with "world" (attacker_position "145 136 128") (victim_position "49 907 -360")
L 10/13/2019 - 16:11:55: "CrazyEnzo03<56><[U:1:59983226]><Red>" killed "HARRYZ<59><[U:1:32399126]><Blue>" with "player" (attacker_position "-666 1706 513") (victim_position "55 530 -127")
L 10/13/2019 - 16:11:55: "Darth Meerkat<57><[U:1:121426737]><Blue>" triggered "medic_death" against "Darth Meerkat<57><[U:1:121426737]><Blue>" (healing "623") (ubercharge "0")
L 10/13/2019 - 16:11:55: "Darth Meerkat<57><[U:1:121426737]><Blue>" committed suicide with "world" (attacker_position "128 751 -121")
L 10/13/2019 - 16:11:55: "CrazyEnzo03<56><[U:1:59983226]><Red>" killed "Panda<63><[U:1:112376827]><Blue>" with "world" (attacker_position "-666 1706 513") (victim_position "150 782 -359")
L 10/13/2019 - 16:12:08: World triggered "Game_Over" reason "Reached Time Limit"
L 10/13/2019 - 16:12:08: Team "Red" final score "0" with "4" players
L 10/13/2019 - 16:12:08: Team "Blue" final score "4" with "5" players
L 10/13/2019 - 16:12:11: "Panda<63><[U:1:112376827]><Blue>" disconnected (reason "Disconnect by user.")
L 10/13/2019 - 16:12:14: "HARRYZ<59><[U:1:32399126]><Blue>" disconnected (reason "Disconnect by user.")
L 10/13/2019 - 16:12:18: [META] Loaded 0 plugins (1 already loaded)
L 10/13/2019 - 16:12:18: Log file closed.
