L 10/13/2019 - 15:33:43: Log file started (file "logs/L1013008.log") (game "/app/tf") (version "5410965")
L 10/13/2019 - 15:33:43: "BEan | Lacledeslan.com<77><[U:1:7609438]><>" disconnected (reason "Disconnect by user.")
L 10/13/2019 - 15:33:49: "CrazyEnzo03<56><[U:1:59983226]><>" entered the game
L 10/13/2019 - 15:33:50: "Gryse<80><[U:1:41968851]><>" entered the game
L 10/13/2019 - 15:33:50: "bearbear<70><[U:1:95728106]><>" entered the game
L 10/13/2019 - 15:33:51: "Darth Meerkat<57><[U:1:121426737]><>" entered the game
L 10/13/2019 - 15:33:51: "BEan | Lacledeslan.com<83><[U:1:7609438]><>" connected, address "172.30.40.210:27005"
L 10/13/2019 - 15:33:51: "HARRYZ<59><[U:1:32399126]><>" entered the game
L 10/13/2019 - 15:33:51: "Makers<78><[U:1:22699679]><>" entered the game
L 10/13/2019 - 15:33:51: "BEan | Lacledeslan.com<83><[U:1:7609438]><>" STEAM USERID validated
L 10/13/2019 - 15:33:51: "[LL] allhawkeye85<82><[U:1:28500804]><>" entered the game
L 10/13/2019 - 15:33:51: "Snek<61><[U:1:122465451]><>" entered the game
L 10/13/2019 - 15:33:52: "CE | LV40RAICHU<74><[U:1:19841996]><>" entered the game
L 10/13/2019 - 15:33:52: "{CC}Maj_Flee<81><[U:1:16522063]><>" entered the game
L 10/13/2019 - 15:33:52: "{CC} Gert<65><[U:1:13211210]><>" entered the game
L 10/13/2019 - 15:33:52: "Sonic_Soldier420<51><[U:1:24174610]><>" entered the game
L 10/13/2019 - 15:33:52: "Lomax<79><[U:1:1831779]><>" entered the game
L 10/13/2019 - 15:33:53: "Sarc<53><[U:1:8355163]><>" entered the game
L 10/13/2019 - 15:33:55: "Panda<63><[U:1:112376827]><>" entered the game
L 10/13/2019 - 15:33:56: "HARRYZ<59><[U:1:32399126]><Unassigned>" joined team "Blue"
L 10/13/2019 - 15:33:57: "Snek<61><[U:1:122465451]><Unassigned>" joined team "Red"
L 10/13/2019 - 15:33:58: "Sonic_Soldier420<51><[U:1:24174610]><Unassigned>" joined team "Blue"
L 10/13/2019 - 15:33:59: "[LL] Loddy<68><[U:1:9330378]><>" entered the game
L 10/13/2019 - 15:34:00: "Darth Meerkat<57><[U:1:121426737]><Unassigned>" joined team "Red"
L 10/13/2019 - 15:34:00: "Panda<63><[U:1:112376827]><Unassigned>" joined team "Red"
L 10/13/2019 - 15:34:01: "bearbear<70><[U:1:95728106]><Unassigned>" joined team "Blue"
L 10/13/2019 - 15:34:01: "Sonic_Soldier420<51><[U:1:24174610]><Blue>" changed role to "pyro"
L 10/13/2019 - 15:34:01: "HARRYZ<59><[U:1:32399126]><Blue>" changed role to "medic"
L 10/13/2019 - 15:34:01: "BEan | Lacledeslan.com<83><[U:1:7609438]><>" entered the game
L 10/13/2019 - 15:34:01: "Gryse<80><[U:1:41968851]><Unassigned>" joined team "Blue"
L 10/13/2019 - 15:34:01: "Lomax<79><[U:1:1831779]><Unassigned>" joined team "Red"
L 10/13/2019 - 15:34:01: "Darth Meerkat<57><[U:1:121426737]><Red>" changed role to "demoman"
L 10/13/2019 - 15:34:02: "Sarc<53><[U:1:8355163]><Unassigned>" joined team "Blue"
L 10/13/2019 - 15:34:02: "Panda<63><[U:1:112376827]><Red>" changed role to "scout"
L 10/13/2019 - 15:34:04: "[LL] Loddy<68><[U:1:9330378]><Unassigned>" joined team "Red"
L 10/13/2019 - 15:34:05: "Snek<61><[U:1:122465451]><Red>" changed role to "sniper"
L 10/13/2019 - 15:34:05: "CrazyEnzo03<56><[U:1:59983226]><Unassigned>" joined team "Spectator"
L 10/13/2019 - 15:34:06: "Lomax<79><[U:1:1831779]><Red>" changed role to "sniper"
L 10/13/2019 - 15:34:06: "{CC} Gert<65><[U:1:13211210]><Unassigned>" joined team "Red"
L 10/13/2019 - 15:34:07: "Sarc<53><[U:1:8355163]><Blue>" changed role to "medic"
L 10/13/2019 - 15:34:07: "BEan | Lacledeslan.com<83><[U:1:7609438]><Unassigned>" joined team "Blue"
L 10/13/2019 - 15:34:07: "{CC}Maj_Flee<81><[U:1:16522063]><Unassigned>" joined team "Red"
L 10/13/2019 - 15:34:09: "BEan | Lacledeslan.com<83><[U:1:7609438]><Blue>" changed role to "pyro"
L 10/13/2019 - 15:34:09: "{CC} Gert<65><[U:1:13211210]><Red>" changed role to "demoman"
L 10/13/2019 - 15:34:09: "[LL] Loddy<68><[U:1:9330378]><Red>" changed role to "engineer"
L 10/13/2019 - 15:34:09: "{CC}Maj_Flee<81><[U:1:16522063]><Red>" changed role to "heavyweapons"
L 10/13/2019 - 15:34:10: "Panda<63><[U:1:112376827]><Red>" joined team "Blue"
L 10/13/2019 - 15:34:10: "Panda<63><[U:1:112376827]><Blue>" committed suicide with "world" (attacker_position "-2276 2160 112")
L 10/13/2019 - 15:34:10: "bearbear<70><[U:1:95728106]><Blue>" changed role to "spy"
L 10/13/2019 - 15:34:11: "Gryse<80><[U:1:41968851]><Blue>" changed role to "soldier"
L 10/13/2019 - 15:34:12: "Panda<63><[U:1:112376827]><Blue>" changed role to "demoman"
L 10/13/2019 - 15:34:19: "{CC} Gert<65><[U:1:13211210]><Red>" changed role to "medic"
L 10/13/2019 - 15:34:26: "[LL] Loddy<68><[U:1:9330378]><Red>" triggered "player_builtobject" (object "OBJ_SENTRYGUN") (position "152 482 80")
L 10/13/2019 - 15:34:31: World triggered "Round_Start"
L 10/13/2019 - 15:34:32: "Makers<78><[U:1:22699679]><Unassigned>" joined team "Red"
L 10/13/2019 - 15:34:34: "Makers<78><[U:1:22699679]><Red>" changed role to "soldier"
L 10/13/2019 - 15:34:49: Vote succeeded "NextLevel koth_lolcano_b3"
L 10/13/2019 - 15:34:51: server_cvar: "nextlevel" "koth_lolcano_b3"
L 10/13/2019 - 15:34:59: "CE | LV40RAICHU<74><[U:1:19841996]><Unassigned>" disconnected (reason "Disconnect by user.")
L 10/13/2019 - 15:35:03: "Makers<78><[U:1:22699679]><Red>" killed "Panda<63><[U:1:112376827]><Blue>" with "tf_projectile_rocket" (attacker_position "-77 804 -13") (victim_position "101 824 -9")
L 10/13/2019 - 15:35:04: "BEan | Lacledeslan.com<83><[U:1:7609438]><Blue>" killed "[LL] Loddy<68><[U:1:9330378]><Red>" with "flaregun" (attacker_position "969 698 267") (victim_position "1465 686 -11")
L 10/13/2019 - 15:35:04: "HARRYZ<59><[U:1:32399126]><Blue>" triggered "kill assist" against "[LL] Loddy<68><[U:1:9330378]><Red>" (assister_position "737 671 296") (attacker_position "969 698 267") (victim_position "1465 686 -11")
L 10/13/2019 - 15:35:17: "HARRYZ<59><[U:1:32399126]><Blue>" killed "Lomax<79><[U:1:1831779]><Red>" with "crusaders_crossbow" (attacker_position "585 1707 -124") (victim_position "344 2055 -120")
L 10/13/2019 - 15:35:17: "Sarc<53><[U:1:8355163]><Blue>" triggered "kill assist" against "Lomax<79><[U:1:1831779]><Red>" (assister_position "711 1375 -110") (attacker_position "585 1707 -124") (victim_position "344 2055 -120")
L 10/13/2019 - 15:35:24: "{CC}Maj_Flee<81><[U:1:16522063]><Red>" triggered "captureblocked" (cp "0") (cpname "#Arena_cap") (position "1222 -53 88")
L 10/13/2019 - 15:35:24: "{CC}Maj_Flee<81><[U:1:16522063]><Red>" killed "Gryse<80><[U:1:41968851]><Blue>" with "minigun" (attacker_position "1222 -53 88") (victim_position "566 -241 80")
L 10/13/2019 - 15:35:24: "{CC} Gert<65><[U:1:13211210]><Red>" triggered "kill assist" against "Gryse<80><[U:1:41968851]><Blue>" (assister_position "1537 -150 85") (attacker_position "1222 -53 88") (victim_position "566 -241 80")
L 10/13/2019 - 15:35:28: "Snek<61><[U:1:122465451]><Red>" killed "BEan | Lacledeslan.com<83><[U:1:7609438]><Blue>" with "awper_hand" (customkill "headshot") (attacker_position "1753 288 55") (victim_position "562 -219 81")
L 10/13/2019 - 15:35:29: "{CC}Maj_Flee<81><[U:1:16522063]><Red>" triggered "medic_death" against "HARRYZ<59><[U:1:32399126]><Blue>" (healing "737") (ubercharge "0")
L 10/13/2019 - 15:35:29: "{CC}Maj_Flee<81><[U:1:16522063]><Red>" killed "HARRYZ<59><[U:1:32399126]><Blue>" with "minigun" (attacker_position "897 -354 80") (victim_position "714 -337 80")
L 10/13/2019 - 15:35:29: "{CC} Gert<65><[U:1:13211210]><Red>" triggered "kill assist" against "HARRYZ<59><[U:1:32399126]><Blue>" (assister_position "1194 -94 87") (attacker_position "897 -354 80") (victim_position "714 -337 80")
L 10/13/2019 - 15:35:29: "Sonic_Soldier420<51><[U:1:24174610]><Blue>" killed "Makers<78><[U:1:22699679]><Red>" with "flamethrower" (attacker_position "674 1789 -127") (victim_position "843 1747 -112")
L 10/13/2019 - 15:35:30: "{CC} Gert<65><[U:1:13211210]><Red>" triggered "player_extinguished" against "{CC}Maj_Flee<81><[U:1:16522063]><Red>" with "tf_weapon_medigun" (attacker_position "1116 -358 96") (victim_position "809 -393 80")
L 10/13/2019 - 15:35:30: "[LL] Loddy<68><[U:1:9330378]><Red>" triggered "player_builtobject" (object "OBJ_TELEPORTER") (position "-821 2161 112")
L 10/13/2019 - 15:35:31: "Sarc<0><[U:1:8355163]><Blue>" triggered "medic_death" against "Sarc<53><[U:1:8355163]><Blue>" (healing "291") (ubercharge "0")
L 10/13/2019 - 15:35:31: "{CC}Maj_Flee<81><[U:1:16522063]><Red>" killed "Sarc<53><[U:1:8355163]><Blue>" with "world" (attacker_position "666 -297 80") (victim_position "209 116 81")
L 10/13/2019 - 15:35:31: "{CC} Gert<65><[U:1:13211210]><Red>" triggered "kill assist" against "Sarc<53><[U:1:8355163]><Blue>" (assister_position "740 -503 80") (attacker_position "666 -297 80") (victim_position "209 116 81")
L 10/13/2019 - 15:35:41: "HARRYZ<59><[U:1:32399126]><Blue>" changed role to "sniper"
L 10/13/2019 - 15:35:41: "Panda<63><[U:1:112376827]><Blue>" killed "Snek<61><[U:1:122465451]><Red>" with "loch_n_load" (attacker_position "-10 -490 169") (victim_position "481 -120 85")
L 10/13/2019 - 15:35:41: "Darth Meerkat<57><[U:1:121426737]><Red>" killed "Sonic_Soldier420<51><[U:1:24174610]><Blue>" with "demokatana" (attacker_position "-702 2403 -107") (victim_position "-750 2374 -102")
L 10/13/2019 - 15:35:53: "[LL] Loddy<68><[U:1:9330378]><Red>" triggered "player_builtobject" (object "OBJ_SENTRYGUN") (position "128 1121 259")
L 10/13/2019 - 15:36:02: "Makers<78><[U:1:22699679]><Red>" changed role to "demoman"
L 10/13/2019 - 15:36:05: "Lomax<79><[U:1:1831779]><Red>" triggered "medic_death" against "Sarc<53><[U:1:8355163]><Blue>" (healing "99") (ubercharge "0")
L 10/13/2019 - 15:36:05: "Lomax<79><[U:1:1831779]><Red>" killed "Sarc<53><[U:1:8355163]><Blue>" with "sniperrifle" (customkill "headshot") (attacker_position "642 523 296") (victim_position "1943 -542 -81")
L 10/13/2019 - 15:36:07: Team "Red" triggered "pointcaptured" (cp "0") (cpname "#Arena_cap") (numcappers "2") (player1 "{CC} Gert<65><[U:1:13211210]><Red>") (position1 "504 134 85") (player2 "{CC}Maj_Flee<81><[U:1:16522063]><Red>") (position2 "601 -194 82") 
L 10/13/2019 - 15:36:09: "Lomax<79><[U:1:1831779]><Red>" killed "Gryse<80><[U:1:41968851]><Blue>" with "sniperrifle" (customkill "headshot") (attacker_position "575 486 296") (victim_position "1464 -170 82")
L 10/13/2019 - 15:36:09: "{CC}Maj_Flee<81><[U:1:16522063]><Red>" triggered "kill assist" against "Gryse<80><[U:1:41968851]><Blue>" (assister_position "696 -252 80") (attacker_position "575 486 296") (victim_position "1464 -170 82")
L 10/13/2019 - 15:36:10: "bearbear<70><[U:1:95728106]><Blue>" triggered "medic_death" against "{CC} Gert<65><[U:1:13211210]><Red>" (healing "577") (ubercharge "1")
L 10/13/2019 - 15:36:10: "bearbear<70><[U:1:95728106]><Blue>" killed "{CC} Gert<65><[U:1:13211210]><Red>" with "knife" (customkill "backstab") (attacker_position "459 -46 87") (victim_position "502 -94 87")
L 10/13/2019 - 15:36:12: "{CC}Maj_Flee<81><[U:1:16522063]><Red>" killed "bearbear<70><[U:1:95728106]><Blue>" with "minigun" (attacker_position "678 -334 80") (victim_position "610 -333 80")
L 10/13/2019 - 15:36:25: "Makers<78><[U:1:22699679]><Red>" killed "Panda<63><[U:1:112376827]><Blue>" with "tf_projectile_pipe_remote" (attacker_position "528 -67 87") (victim_position "928 -669 81")
L 10/13/2019 - 15:36:30: "Sonic_Soldier420<51><[U:1:24174610]><Blue>" killed "Snek<61><[U:1:122465451]><Red>" with "flamethrower" (attacker_position "-613 191 84") (victim_position "-847 279 21")
L 10/13/2019 - 15:36:35: "Sarc<53><[U:1:8355163]><Blue>" killed "Makers<78><[U:1:22699679]><Red>" with "world" (attacker_position "1119 -332 96") (victim_position "209 -1 81")
L 10/13/2019 - 15:36:36: "BEan | Lacledeslan.com<83><[U:1:7609438]><Blue>" killed "Darth Meerkat<57><[U:1:121426737]><Red>" with "degreaser" (attacker_position "556 -531 296") (victim_position "566 -480 296")
L 10/13/2019 - 15:36:39: "{CC}Maj_Flee<81><[U:1:16522063]><Red>" triggered "medic_death" against "Sarc<53><[U:1:8355163]><Blue>" (healing "0") (ubercharge "0")
L 10/13/2019 - 15:36:39: "{CC}Maj_Flee<81><[U:1:16522063]><Red>" killed "Sarc<53><[U:1:8355163]><Blue>" with "minigun" (attacker_position "735 -143 80") (victim_position "1432 -124 81")
L 10/13/2019 - 15:36:40: "Sonic_Soldier420<51><[U:1:24174610]><Blue>" triggered "medic_death" against "{CC} Gert<65><[U:1:13211210]><Red>" (healing "0") (ubercharge "0")
L 10/13/2019 - 15:36:40: "Sonic_Soldier420<51><[U:1:24174610]><Blue>" killed "{CC} Gert<65><[U:1:13211210]><Red>" with "flamethrower" (attacker_position "-78 1982 -115") (victim_position "18 2024 -117")
L 10/13/2019 - 15:36:40: "Lomax<79><[U:1:1831779]><Red>" killed "HARRYZ<59><[U:1:32399126]><Blue>" with "sniperrifle" (customkill "headshot") (attacker_position "706 523 296") (victim_position "822 -650 81")
L 10/13/2019 - 15:36:41: "BEan | Lacledeslan.com<83><[U:1:7609438]><Blue>" killed "{CC}Maj_Flee<81><[U:1:16522063]><Red>" with "world" (attacker_position "591 -349 80") (victim_position "814 -116 81")
L 10/13/2019 - 15:36:46: "[LL] Loddy<68><[U:1:9330378]><Red>" triggered "player_builtobject" (object "OBJ_TELEPORTER") (position "652 621 296")
L 10/13/2019 - 15:36:49: "[LL] Loddy<68><[U:1:9330378]><Red>" killed "BEan | Lacledeslan.com<83><[U:1:7609438]><Blue>" with "obj_sentrygun" (attacker_position "827 699 316") (victim_position "592 605 296")
L 10/13/2019 - 15:36:53: "Makers<78><[U:1:22699679]><Red>" changed role to "heavyweapons"
L 10/13/2019 - 15:36:58: "[LL] Loddy<68><[U:1:9330378]><Red>" triggered "player_builtobject" (object "OBJ_DISPENSER") (position "338 474 296")
L 10/13/2019 - 15:37:05: "Sonic_Soldier420<51><[U:1:24174610]><Blue>" killed "Snek<61><[U:1:122465451]><Red>" with "flamethrower" (attacker_position "-1201 273 2") (victim_position "-1219 224 18")
L 10/13/2019 - 15:37:07: "Makers<78><[U:1:22699679]><Red>" killed "Sonic_Soldier420<51><[U:1:24174610]><Blue>" with "minigun" (attacker_position "-866 1270 -103") (victim_position "-1215 426 -25")
L 10/13/2019 - 15:37:19: "HARRYZ<59><[U:1:32399126]><Blue>" killed "Darth Meerkat<57><[U:1:121426737]><Red>" with "pro_rifle" (customkill "headshot") (attacker_position "1362 -57 87") (victim_position "685 430 296")
L 10/13/2019 - 15:37:19: Team "Blue" triggered "pointcaptured" (cp "0") (cpname "#Arena_cap") (numcappers "2") (player1 "Panda<63><[U:1:112376827]><Blue>") (position1 "464 34 87") (player2 "Gryse<80><[U:1:41968851]><Blue>") (position2 "475 -90 87") 
L 10/13/2019 - 15:37:26: "Makers<78><[U:1:22699679]><Red>" killed "Gryse<80><[U:1:41968851]><Blue>" with "minigun" (attacker_position "-414 46 86") (victim_position "399 327 122")
L 10/13/2019 - 15:37:26: "{CC}Maj_Flee<81><[U:1:16522063]><Red>" triggered "kill assist" against "Gryse<80><[U:1:41968851]><Blue>" (assister_position "275 -199 80") (attacker_position "-414 46 86") (victim_position "399 327 122")
L 10/13/2019 - 15:37:27: "bearbear<70><[U:1:95728106]><Blue>" triggered "captureblocked" (cp "0") (cpname "#Arena_cap") (position "363 -80 85")
L 10/13/2019 - 15:37:27: "bearbear<70><[U:1:95728106]><Blue>" killed "{CC}Maj_Flee<81><[U:1:16522063]><Red>" with "knife" (customkill "backstab") (attacker_position "363 -80 85") (victim_position "408 -86 85")
L 10/13/2019 - 15:37:27: "HARRYZ<59><[U:1:32399126]><Blue>" triggered "kill assist" against "{CC}Maj_Flee<81><[U:1:16522063]><Red>" (assister_position "1539 -182 86") (attacker_position "363 -80 85") (victim_position "408 -86 85")
L 10/13/2019 - 15:37:28: "[LL] Loddy<68><[U:1:9330378]><Red>" killed "Panda<63><[U:1:112376827]><Blue>" with "world" (attacker_position "-907 2112 112") (victim_position "530 393 296")
L 10/13/2019 - 15:37:30: "HARRYZ<59><[U:1:32399126]><Blue>" killed "Makers<78><[U:1:22699679]><Red>" with "pro_rifle" (customkill "headshot") (attacker_position "1540 -209 86") (victim_position "9 183 80")
L 10/13/2019 - 15:37:33: "Lomax<79><[U:1:1831779]><Red>" killed "HARRYZ<59><[U:1:32399126]><Blue>" with "sniperrifle" (customkill "headshot") (attacker_position "494 610 296") (victim_position "1605 -300 62")
L 10/13/2019 - 15:37:33: "Makers<78><[U:1:22699679]><Red>" triggered "kill assist" against "HARRYZ<59><[U:1:32399126]><Blue>" (assister_position "23 191 94") (attacker_position "494 610 296") (victim_position "1605 -300 62")
L 10/13/2019 - 15:37:33: "Gryse<80><[U:1:41968851]><Blue>" changed role to "heavyweapons"
L 10/13/2019 - 15:37:34: "{CC} Gert<0><[U:1:13211210]><Red>" triggered "medic_death" against "{CC} Gert<65><[U:1:13211210]><Red>" (healing "201") (ubercharge "0")
L 10/13/2019 - 15:37:34: "bearbear<70><[U:1:95728106]><Blue>" killed "{CC} Gert<65><[U:1:13211210]><Red>" with "world" (attacker_position "625 -181 82") (victim_position "209 19 81")
L 10/13/2019 - 15:37:47: "Snek<61><[U:1:122465451]><Red>" killed "BEan | Lacledeslan.com<83><[U:1:7609438]><Blue>" with "awper_hand" (customkill "headshot") (attacker_position "2247 284 56") (victim_position "448 -50 87")
L 10/13/2019 - 15:37:48: "[LL] Loddy<68><[U:1:9330378]><Red>" triggered "object_detonated" (object "OBJ_SENTRYGUN") (position "383 399 296")
L 10/13/2019 - 15:37:48: "[LL] Loddy<68><[U:1:9330378]><Red>" triggered "killedobject" (object "OBJ_SENTRYGUN") (weapon "pda_engineer") (objectowner "[LL] Loddy<68><[U:1:9330378]><Red>") (attacker_position "383 399 296")
L 10/13/2019 - 15:37:50: "[LL] Loddy<68><[U:1:9330378]><Red>" triggered "player_builtobject" (object "OBJ_SENTRYGUN") (position "699 393 296")
L 10/13/2019 - 15:37:55: "{CC}Maj_Flee<81><[U:1:16522063]><Red>" killed "Sonic_Soldier420<51><[U:1:24174610]><Blue>" with "minigun" (attacker_position "-473 1625 -108") (victim_position "-632 1428 -125")
L 10/13/2019 - 15:37:55: "{CC} Gert<65><[U:1:13211210]><Red>" triggered "kill assist" against "Sonic_Soldier420<51><[U:1:24174610]><Blue>" (assister_position "-484 1871 -112") (attacker_position "-473 1625 -108") (victim_position "-632 1428 -125")
L 10/13/2019 - 15:37:58: "{CC} Gert<65><[U:1:13211210]><Red>" triggered "player_extinguished" against "{CC}Maj_Flee<81><[U:1:16522063]><Red>" with "tf_weapon_medigun" (attacker_position "-370 1715 -104") (victim_position "-600 1480 -120")
L 10/13/2019 - 15:38:02: "Makers<78><[U:1:22699679]><Red>" triggered "medic_death" against "Sarc<53><[U:1:8355163]><Blue>" (healing "105") (ubercharge "0")
L 10/13/2019 - 15:38:02: "Makers<78><[U:1:22699679]><Red>" killed "Sarc<53><[U:1:8355163]><Blue>" with "minigun" (attacker_position "-869 750 -124") (victim_position "-967 103 48")
L 10/13/2019 - 15:38:02: "{CC}Maj_Flee<81><[U:1:16522063]><Red>" triggered "kill assist" against "Sarc<53><[U:1:8355163]><Blue>" (assister_position "-835 777 -125") (attacker_position "-869 750 -124") (victim_position "-967 103 48")
L 10/13/2019 - 15:38:03: "Darth Meerkat<57><[U:1:121426737]><Red>" killed "Gryse<80><[U:1:41968851]><Blue>" with "demokatana" (attacker_position "854 -526 80") (victim_position "901 -531 80")
L 10/13/2019 - 15:38:03: "[LL] Loddy<68><[U:1:9330378]><Red>" triggered "kill assist" against "Gryse<80><[U:1:41968851]><Blue>" (assister_position "562 393 296") (attacker_position "854 -526 80") (victim_position "901 -531 80")
L 10/13/2019 - 15:38:10: "HARRYZ<59><[U:1:32399126]><Blue>" triggered "killedobject" (object "OBJ_SENTRYGUN") (weapon "pro_rifle") (objectowner "[LL] Loddy<68><[U:1:9330378]><Red>") (attacker_position "824 -1270 -95")
L 10/13/2019 - 15:38:14: Team "Red" triggered "pointcaptured" (cp "0") (cpname "#Arena_cap") (numcappers "3") (player1 "Darth Meerkat<57><[U:1:121426737]><Red>") (position1 "383 -165 83") (player2 "Snek<61><[U:1:122465451]><Red>") (position2 "569 115 85") (player3 "{CC}Maj_Flee<81><[U:1:16522063]><Red>") (position3 "407 188 82") 
L 10/13/2019 - 15:38:21: "{CC} Gert<65><[U:1:13211210]><Red>" triggered "player_extinguished" against "{CC}Maj_Flee<81><[U:1:16522063]><Red>" with "tf_weapon_medigun" (attacker_position "671 251 81") (victim_position "646 98 85")
L 10/13/2019 - 15:38:21: "Makers<78><[U:1:22699679]><Red>" triggered "captureblocked" (cp "0") (cpname "#Arena_cap") (position "647 384 80")
L 10/13/2019 - 15:38:21: "Makers<78><[U:1:22699679]><Red>" killed "BEan | Lacledeslan.com<83><[U:1:7609438]><Blue>" with "minigun" (attacker_position "647 384 80") (victim_position "323 -3 82")
L 10/13/2019 - 15:38:27: "HARRYZ<59><[U:1:32399126]><Blue>" killed "Darth Meerkat<57><[U:1:121426737]><Red>" with "pro_rifle" (customkill "headshot") (attacker_position "867 -1275 -95") (victim_position "739 448 296")
L 10/13/2019 - 15:38:40: "[LL] Loddy<68><[U:1:9330378]><Red>" triggered "player_builtobject" (object "OBJ_SENTRYGUN") (position "1028 472 173")
L 10/13/2019 - 15:38:42: "Snek<61><[U:1:122465451]><Red>" killed "HARRYZ<59><[U:1:32399126]><Blue>" with "awper_hand" (customkill "headshot") (attacker_position "1861 306 53") (victim_position "1662 -419 -12")
L 10/13/2019 - 15:38:44: "bearbear<70><[U:1:95728106]><Blue>" killed "Makers<78><[U:1:22699679]><Red>" with "knife" (customkill "backstab") (attacker_position "511 301 80") (victim_position "564 296 80")
L 10/13/2019 - 15:38:44: "Gryse<80><[U:1:41968851]><Blue>" triggered "kill assist" against "Makers<78><[U:1:22699679]><Red>" (assister_position "806 -637 81") (attacker_position "511 301 80") (victim_position "564 296 80")
L 10/13/2019 - 15:38:45: "bearbear<70><[U:1:95728106]><Blue>" killed "{CC}Maj_Flee<81><[U:1:16522063]><Red>" with "knife" (customkill "backstab") (attacker_position "517 89 87") (victim_position "558 44 87")
L 10/13/2019 - 15:38:45: "Gryse<80><[U:1:41968851]><Blue>" triggered "kill assist" against "{CC}Maj_Flee<81><[U:1:16522063]><Red>" (assister_position "656 -675 37") (attacker_position "517 89 87") (victim_position "558 44 87")
L 10/13/2019 - 15:38:49: "{CC} Gert<65><[U:1:13211210]><Red>" killed "bearbear<70><[U:1:95728106]><Blue>" with "amputator" (attacker_position "64 89 80") (victim_position "64 122 80")
L 10/13/2019 - 15:38:49: "[LL] Loddy<68><[U:1:9330378]><Red>" triggered "kill assist" against "bearbear<70><[U:1:95728106]><Blue>" (assister_position "366 449 296") (attacker_position "64 89 80") (victim_position "64 122 80")
L 10/13/2019 - 15:38:54: "Snek<61><[U:1:122465451]><Red>" triggered "medic_death" against "Sarc<53><[U:1:8355163]><Blue>" (healing "489") (ubercharge "0")
L 10/13/2019 - 15:38:54: "Snek<61><[U:1:122465451]><Red>" killed "Sarc<53><[U:1:8355163]><Blue>" with "awper_hand" (customkill "headshot") (attacker_position "1912 73 61") (victim_position "1086 -654 -17")
L 10/13/2019 - 15:38:58: "[LL] Loddy<68><[U:1:9330378]><Red>" triggered "captureblocked" (cp "0") (cpname "#Arena_cap") (position "1114 519 287")
L 10/13/2019 - 15:38:58: "[LL] Loddy<68><[U:1:9330378]><Red>" killed "Panda<63><[U:1:112376827]><Blue>" with "obj_sentrygun" (attacker_position "1114 519 287") (victim_position "399 -118 85")
L 10/13/2019 - 15:38:59: "Gryse<80><[U:1:41968851]><Blue>" killed "Darth Meerkat<57><[U:1:121426737]><Red>" with "minigun" (attacker_position "748 -455 80") (victim_position "814 -478 80")
L 10/13/2019 - 15:38:59: "[LL] Loddy<68><[U:1:9330378]><Red>" killed "Gryse<80><[U:1:41968851]><Blue>" with "obj_sentrygun" (attacker_position "1107 505 267") (victim_position "743 -454 80")
L 10/13/2019 - 15:38:59: "Darth Meerkat<57><[U:1:121426737]><Red>" triggered "kill assist" against "Gryse<80><[U:1:41968851]><Blue>" (assister_position "799 -469 94") (attacker_position "1107 505 267") (victim_position "743 -454 80")
L 10/13/2019 - 15:39:01: "Snek<61><[U:1:122465451]><Red>" triggered "captureblocked" (cp "0") (cpname "#Arena_cap") (position "1848 228 59")
L 10/13/2019 - 15:39:01: "Snek<61><[U:1:122465451]><Red>" killed "BEan | Lacledeslan.com<83><[U:1:7609438]><Blue>" with "awper_hand" (customkill "headshot") (attacker_position "1848 228 59") (victim_position "538 -16 87")
L 10/13/2019 - 15:39:01: "[LL] Loddy<68><[U:1:9330378]><Red>" triggered "kill assist" against "BEan | Lacledeslan.com<83><[U:1:7609438]><Blue>" (assister_position "1109 523 226") (attacker_position "1848 228 59") (victim_position "538 -16 87")
L 10/13/2019 - 15:39:01: "HARRYZ<59><[U:1:32399126]><Blue>" killed "Snek<61><[U:1:122465451]><Red>" with "pro_rifle" (customkill "headshot") (attacker_position "1746 -1684 -105") (victim_position "1854 196 60")
L 10/13/2019 - 15:39:06: "HARRYZ<59><[U:1:32399126]><Blue>" killed "Lomax<79><[U:1:1831779]><Red>" with "pro_rifle" (customkill "headshot") (attacker_position "1960 -627 -103") (victim_position "623 496 296")
L 10/13/2019 - 15:39:14: "Sonic_Soldier420<51><[U:1:24174610]><Blue>" killed "[LL] Loddy<68><[U:1:9330378]><Red>" with "flamethrower" (attacker_position "1004 323 106") (victim_position "1044 523 179")
L 10/13/2019 - 15:39:14: "{CC} Gert<65><[U:1:13211210]><Red>" killed "Sonic_Soldier420<51><[U:1:24174610]><Blue>" with "amputator" (attacker_position "1046 294 80") (victim_position "1001 334 113")
L 10/13/2019 - 15:39:14: "[LL] Loddy<68><[U:1:9330378]><Red>" triggered "kill assist" against "Sonic_Soldier420<51><[U:1:24174610]><Blue>" (assister_position "1044 523 247") (attacker_position "1046 294 80") (victim_position "1001 334 113")
L 10/13/2019 - 15:39:20: "{CC} Gert<0><[U:1:13211210]><Red>" triggered "medic_death" against "{CC} Gert<65><[U:1:13211210]><Red>" (healing "587") (ubercharge "0")
L 10/13/2019 - 15:39:20: "Sonic_Soldier420<51><[U:1:24174610]><Blue>" killed "{CC} Gert<65><[U:1:13211210]><Red>" with "world" (attacker_position "1008 357 143") (victim_position "207 -156 81")
L 10/13/2019 - 15:39:40: "Snek<61><[U:1:122465451]><Red>" killed "Sonic_Soldier420<51><[U:1:24174610]><Blue>" with "awper_hand" (customkill "headshot") (attacker_position "-773 145 69") (victim_position "1177 -89 85")
L 10/13/2019 - 15:39:41: "Lomax<79><[U:1:1831779]><Red>" killed "HARRYZ<59><[U:1:32399126]><Blue>" with "sniperrifle" (customkill "headshot") (attacker_position "571 469 296") (victim_position "1862 -257 30")
L 10/13/2019 - 15:39:41: "{CC}Maj_Flee<81><[U:1:16522063]><Red>" triggered "kill assist" against "HARRYZ<59><[U:1:32399126]><Blue>" (assister_position "491 -68 87") (attacker_position "571 469 296") (victim_position "1862 -257 30")
L 10/13/2019 - 15:39:43: "Gryse<80><[U:1:41968851]><Blue>" killed "Darth Meerkat<57><[U:1:121426737]><Red>" with "minigun" (attacker_position "879 -538 80") (victim_position "1119 -531 96")
L 10/13/2019 - 15:39:48: "Makers<78><[U:1:22699679]><Red>" triggered "captureblocked" (cp "0") (cpname "#Arena_cap") (position "676 110 82")
L 10/13/2019 - 15:39:48: "Makers<78><[U:1:22699679]><Red>" killed "BEan | Lacledeslan.com<83><[U:1:7609438]><Blue>" with "minigun" (attacker_position "676 110 82") (victim_position "408 69 85")
L 10/13/2019 - 15:39:48: "{CC}Maj_Flee<81><[U:1:16522063]><Red>" triggered "kill assist" against "BEan | Lacledeslan.com<83><[U:1:7609438]><Blue>" (assister_position "770 -125 80") (attacker_position "676 110 82") (victim_position "408 69 85")
L 10/13/2019 - 15:39:56: "{CC}Maj_Flee<81><[U:1:16522063]><Red>" killed "Panda<63><[U:1:112376827]><Blue>" with "minigun" (attacker_position "531 9 87") (victim_position "1076 88 80")
L 10/13/2019 - 15:39:56: "{CC} Gert<65><[U:1:13211210]><Red>" triggered "kill assist" against "Panda<63><[U:1:112376827]><Blue>" (assister_position "454 167 85") (attacker_position "531 9 87") (victim_position "1076 88 80")
L 10/13/2019 - 15:39:59: "Gryse<80><[U:1:41968851]><Blue>" killed "{CC}Maj_Flee<81><[U:1:16522063]><Red>" with "minigun" (attacker_position "817 -538 80") (victim_position "613 -69 85")
L 10/13/2019 - 15:40:00: "[LL] Loddy<68><[U:1:9330378]><Red>" killed "Gryse<80><[U:1:41968851]><Blue>" with "obj_sentrygun3" (attacker_position "1053 264 80") (victim_position "800 -546 80")
L 10/13/2019 - 15:40:02: World triggered "Round_Win" (winner "Red")
L 10/13/2019 - 15:40:02: World triggered "Round_Length" (seconds "330.82")
L 10/13/2019 - 15:40:02: Team "Red" current score "1" with "7" players
L 10/13/2019 - 15:40:02: Team "Blue" current score "0" with "7" players
L 10/13/2019 - 15:40:03: "[LL] Loddy<68><[U:1:9330378]><Red>" triggered "medic_death" against "Sarc<53><[U:1:8355163]><Blue>" (healing "404") (ubercharge "0")
L 10/13/2019 - 15:40:03: "[LL] Loddy<68><[U:1:9330378]><Red>" killed "Sarc<53><[U:1:8355163]><Blue>" with "obj_sentrygun3" (attacker_position "827 472 296") (victim_position "912 111 80")
L 10/13/2019 - 15:40:16: "Makers<78><[U:1:22699679]><Red>" killed "Sonic_Soldier420<51><[U:1:24174610]><Blue>" with "minigun" (attacker_position "1473 -1505 -114") (victim_position "1797 -2215 112")
L 10/13/2019 - 15:40:17: World triggered "Game_Over" reason "NextLevel CVAR"
L 10/13/2019 - 15:40:17: Team "Red" final score "1" with "7" players
L 10/13/2019 - 15:40:17: Team "Blue" final score "0" with "7" players
L 10/13/2019 - 15:40:17: "Sonic_Soldier420<51><[U:1:24174610]><Blue>" disconnected (reason "Disconnect by user.")
L 10/13/2019 - 15:40:27: [META] Loaded 0 plugins (1 already loaded)
L 10/13/2019 - 15:40:27: Log file closed.
