L 10/13/2019 - 15:04:35: Log file started (file "logs/L1013003.log") (game "/app/tf") (version "5410965")
L 10/13/2019 - 15:04:35: Loading map "koth_brazil"
L 10/13/2019 - 15:04:35: server cvars start
L 10/13/2019 - 15:04:35: "sm_log_connections_version" = "1.11"
L 10/13/2019 - 15:04:35: "sourcemod_version" = "1.10.0.6449"
L 10/13/2019 - 15:04:35: "sm_nextmap" = ""
L 10/13/2019 - 15:04:35: "metamod_version" = "1.11.0-dev+1128V"
L 10/13/2019 - 15:04:35: "tf_server_identity_disable_quickplay" = "1"
L 10/13/2019 - 15:04:35: "sv_registration_successful" = "0"
L 10/13/2019 - 15:04:35: "sv_registration_message" = "No account specified"
L 10/13/2019 - 15:04:35: "tf_mm_servermode" = "0"
L 10/13/2019 - 15:04:35: "tf_mm_strict" = "0"
L 10/13/2019 - 15:04:35: "tf_mm_trusted" = "0"
L 10/13/2019 - 15:04:35: "sv_vote_quorum_ratio" = "0.6"
L 10/13/2019 - 15:04:35: "mp_friendlyfire" = "0"
L 10/13/2019 - 15:04:35: "mp_fadetoblack" = "0"
L 10/13/2019 - 15:04:35: "sv_gravity" = "800"
L 10/13/2019 - 15:04:35: "sv_stopspeed" = "100"
L 10/13/2019 - 15:04:35: "sv_noclipaccelerate" = "5"
L 10/13/2019 - 15:04:35: "sv_noclipspeed" = "5"
L 10/13/2019 - 15:04:35: "sv_specaccelerate" = "5"
L 10/13/2019 - 15:04:35: "sv_specspeed" = "3"
L 10/13/2019 - 15:04:35: "sv_specnoclip" = "1"
L 10/13/2019 - 15:04:35: "sv_maxspeed" = "320"
L 10/13/2019 - 15:04:35: "sv_accelerate" = "10"
L 10/13/2019 - 15:04:35: "sv_airaccelerate" = "10"
L 10/13/2019 - 15:04:35: "sv_wateraccelerate" = "10"
L 10/13/2019 - 15:04:35: "sv_waterfriction" = "1"
L 10/13/2019 - 15:04:35: "sv_footsteps" = "1"
L 10/13/2019 - 15:04:35: "sv_rollspeed" = "200"
L 10/13/2019 - 15:04:35: "sv_rollangle" = "0"
L 10/13/2019 - 15:04:35: "sv_friction" = "4"
L 10/13/2019 - 15:04:35: "sv_bounce" = "0"
L 10/13/2019 - 15:04:35: "sv_stepsize" = "18"
L 10/13/2019 - 15:04:35: "r_VehicleViewDampen" = "1"
L 10/13/2019 - 15:04:35: "r_JeepViewDampenFreq" = "7.0"
L 10/13/2019 - 15:04:35: "r_JeepViewDampenDamp" = "1.0"
L 10/13/2019 - 15:04:35: "r_JeepViewZHeight" = "10.0"
L 10/13/2019 - 15:04:35: "r_AirboatViewDampenFreq" = "7.0"
L 10/13/2019 - 15:04:35: "r_AirboatViewDampenDamp" = "1.0"
L 10/13/2019 - 15:04:35: "r_AirboatViewZHeight" = "0.0"
L 10/13/2019 - 15:04:35: "mp_timelimit" = "20"
L 10/13/2019 - 15:04:35: "mp_fraglimit" = "0"
L 10/13/2019 - 15:04:35: "nextlevel" = ""
L 10/13/2019 - 15:04:35: "mp_respawnwavetime" = "10.0"
L 10/13/2019 - 15:04:35: "mp_tournament" = "0"
L 10/13/2019 - 15:04:35: "mp_highlander" = "0"
L 10/13/2019 - 15:04:35: "tf_arena_preround_time" = "10"
L 10/13/2019 - 15:04:35: "tf_arena_round_time" = "0"
L 10/13/2019 - 15:04:35: "tf_arena_max_streak" = "3"
L 10/13/2019 - 15:04:35: "tf_arena_use_queue" = "1"
L 10/13/2019 - 15:04:35: "mp_maxrounds" = "0"
L 10/13/2019 - 15:04:35: "mp_winlimit" = "0"
L 10/13/2019 - 15:04:35: "mp_disable_respawn_times" = "0"
L 10/13/2019 - 15:04:35: "mp_stalemate_meleeonly" = "0"
L 10/13/2019 - 15:04:35: "mp_forceautoteam" = "0"
L 10/13/2019 - 15:04:35: "mp_autoteambalance" = "1"
L 10/13/2019 - 15:04:35: "mp_stalemate_enable" = "0"
L 10/13/2019 - 15:04:35: "mp_match_end_at_timelimit" = "0"
L 10/13/2019 - 15:04:35: "mp_holiday_nogifts" = "0"
L 10/13/2019 - 15:04:35: "mp_scrambleteams_auto" = "1"
L 10/13/2019 - 15:04:35: "mp_scrambleteams_auto_windifference" = "2"
L 10/13/2019 - 15:04:35: "tf_overtime_nag" = "0"
L 10/13/2019 - 15:04:35: "tf_passtime_scores_per_round" = "5"
L 10/13/2019 - 15:04:35: "tf_passtime_ball_damping_scale" = "0.01f"
L 10/13/2019 - 15:04:35: "tf_passtime_ball_drag_coefficient" = "0.01f"
L 10/13/2019 - 15:04:35: "tf_passtime_ball_inertia_scale" = "1.0f"
L 10/13/2019 - 15:04:35: "tf_passtime_ball_mass" = "1.0f"
L 10/13/2019 - 15:04:35: "tf_passtime_ball_model" = "models/passtime/ball/passtime_ball.mdl"
L 10/13/2019 - 15:04:35: "tf_passtime_ball_sphere_collision" = "1"
L 10/13/2019 - 15:04:35: "tf_passtime_ball_sphere_radius" = "7.2f"
L 10/13/2019 - 15:04:35: "tf_passtime_ball_reset_time" = "15"
L 10/13/2019 - 15:04:35: "tf_passtime_ball_rotdamping_scale" = "1.0f"
L 10/13/2019 - 15:04:35: "tf_passtime_ball_seek_range" = "128"
L 10/13/2019 - 15:04:35: "tf_passtime_ball_seek_speed_factor" = "3f"
L 10/13/2019 - 15:04:35: "tf_passtime_ball_takedamage" = "1"
L 10/13/2019 - 15:04:35: "tf_passtime_ball_takedamage_force" = "800.0f"
L 10/13/2019 - 15:04:35: "tf_passtime_flinch_boost" = "0"
L 10/13/2019 - 15:04:35: "tf_passtime_mode_homing_lock_sec" = "1.5f"
L 10/13/2019 - 15:04:35: "tf_passtime_mode_homing_speed" = "1000.0f"
L 10/13/2019 - 15:04:35: "tf_passtime_overtime_idle_sec" = "5"
L 10/13/2019 - 15:04:35: "tf_passtime_player_reticles_enemies" = "1"
L 10/13/2019 - 15:04:35: "tf_passtime_player_reticles_friends" = "2"
L 10/13/2019 - 15:04:35: "tf_passtime_score_crit_sec" = "5.0f"
L 10/13/2019 - 15:04:35: "tf_passtime_speedboost_on_get_ball_time" = "2.0f"
L 10/13/2019 - 15:04:35: "tf_passtime_steal_on_melee" = "1"
L 10/13/2019 - 15:04:35: "tf_passtime_teammate_steal_time" = "45"
L 10/13/2019 - 15:04:35: "tf_passtime_throwarc_scout" = "0.1f"
L 10/13/2019 - 15:04:35: "tf_passtime_throwarc_soldier" = "0.1f"
L 10/13/2019 - 15:04:35: "tf_passtime_throwarc_pyro" = "0.1f"
L 10/13/2019 - 15:04:35: "tf_passtime_throwarc_demoman" = "0.15f"
L 10/13/2019 - 15:04:35: "tf_passtime_throwarc_heavy" = "0.175f"
L 10/13/2019 - 15:04:35: "tf_passtime_throwarc_engineer" = "0.2f"
L 10/13/2019 - 15:04:35: "tf_passtime_throwarc_medic" = "0.0f"
L 10/13/2019 - 15:04:35: "tf_passtime_throwarc_sniper" = "0.0f"
L 10/13/2019 - 15:04:35: "tf_passtime_throwarc_spy" = "0.0f"
L 10/13/2019 - 15:04:35: "tf_passtime_throwspeed_scout" = "700.0f"
L 10/13/2019 - 15:04:35: "tf_passtime_throwspeed_soldier" = "800.0f"
L 10/13/2019 - 15:04:35: "tf_passtime_throwspeed_pyro" = "750.0f"
L 10/13/2019 - 15:04:35: "tf_passtime_throwspeed_demoman" = "850.0f"
L 10/13/2019 - 15:04:35: "tf_passtime_throwspeed_heavy" = "850.0f"
L 10/13/2019 - 15:04:35: "tf_passtime_throwspeed_engineer" = "850.0f"
L 10/13/2019 - 15:04:35: "tf_passtime_throwspeed_medic" = "900.0f"
L 10/13/2019 - 15:04:35: "tf_passtime_throwspeed_sniper" = "900.0f"
L 10/13/2019 - 15:04:35: "tf_passtime_throwspeed_spy" = "900.0f"
L 10/13/2019 - 15:04:35: "tf_passtime_throwspeed_velocity_scale" = "0.33f"
L 10/13/2019 - 15:04:35: "tf_passtime_save_stats" = "0"
L 10/13/2019 - 15:04:35: "tf_passtime_experiment_telepass" = "0"
L 10/13/2019 - 15:04:35: "tf_passtime_experiment_instapass_charge" = "0"
L 10/13/2019 - 15:04:35: "tf_passtime_experiment_autopass" = "0"
L 10/13/2019 - 15:04:35: "tf_passtime_experiment_instapass" = "0"
L 10/13/2019 - 15:04:35: "tf_passtime_powerball_decayamount" = "1"
L 10/13/2019 - 15:04:35: "tf_passtime_powerball_decaysec" = "4.5f"
L 10/13/2019 - 15:04:35: "tf_passtime_powerball_decaysec_neutral" = "1.5f"
L 10/13/2019 - 15:04:35: "tf_passtime_powerball_passpoints" = "25"
L 10/13/2019 - 15:04:35: "tf_passtime_powerball_threshold" = "80"
L 10/13/2019 - 15:04:35: "tf_passtime_powerball_airtimebonus" = "40"
L 10/13/2019 - 15:04:35: "tf_passtime_powerball_maxairtimebonus" = "100"
L 10/13/2019 - 15:04:35: "tf_passtime_powerball_decay_delay" = "10"
L 10/13/2019 - 15:04:35: "tf_passtime_pack_range" = "512"
L 10/13/2019 - 15:04:35: "tf_passtime_pack_speed" = "1"
L 10/13/2019 - 15:04:35: "tf_passtime_pack_hp_per_sec" = "2.0f"
L 10/13/2019 - 15:04:35: "tf_use_fixed_weaponspreads" = "0"
L 10/13/2019 - 15:04:35: "tf_max_charge_speed" = "750"
L 10/13/2019 - 15:04:35: "tf_halloween_allow_truce_during_boss_event" = "0"
L 10/13/2019 - 15:04:35: "tf_player_name_change_time" = "60"
L 10/13/2019 - 15:04:35: "tf_spec_xray" = "1"
L 10/13/2019 - 15:04:35: "tf_spawn_glows_duration" = "10"
L 10/13/2019 - 15:04:35: "tf_force_holidays_off" = "0"
L 10/13/2019 - 15:04:35: "tf_birthday" = "0"
L 10/13/2019 - 15:04:35: "tf_spells_enabled" = "0"
L 10/13/2019 - 15:04:35: "mp_tournament_stopwatch" = "1"
L 10/13/2019 - 15:04:35: "mp_tournament_readymode" = "0"
L 10/13/2019 - 15:04:35: "mp_tournament_readymode_min" = "2"
L 10/13/2019 - 15:04:35: "mp_tournament_readymode_team_size" = "0"
L 10/13/2019 - 15:04:35: "mp_tournament_readymode_countdown" = "10"
L 10/13/2019 - 15:04:35: "mp_windifference" = "0"
L 10/13/2019 - 15:04:35: "mp_windifference_min" = "0"
L 10/13/2019 - 15:04:35: "tf_classlimit" = "0"
L 10/13/2019 - 15:04:35: "tf_medieval" = "0"
L 10/13/2019 - 15:04:35: "tf_medieval_autorp" = "1"
L 10/13/2019 - 15:04:35: "tf_arena_force_class" = "0"
L 10/13/2019 - 15:04:35: "tf_arena_change_limit" = "1"
L 10/13/2019 - 15:04:35: "tf_arena_override_cap_enable_time" = "-1"
L 10/13/2019 - 15:04:35: "tf_arena_first_blood" = "1"
L 10/13/2019 - 15:04:35: "tf_mvm_min_players_to_start" = "3"
L 10/13/2019 - 15:04:35: "tf_gamemode_arena" = "0"
L 10/13/2019 - 15:04:35: "tf_gamemode_cp" = "1"
L 10/13/2019 - 15:04:35: "tf_gamemode_ctf" = "0"
L 10/13/2019 - 15:04:35: "tf_gamemode_sd" = "0"
L 10/13/2019 - 15:04:35: "tf_gamemode_rd" = "0"
L 10/13/2019 - 15:04:35: "tf_gamemode_pd" = "0"
L 10/13/2019 - 15:04:35: "tf_gamemode_tc" = "0"
L 10/13/2019 - 15:04:35: "tf_beta_content" = "0"
L 10/13/2019 - 15:04:35: "tf_gamemode_payload" = "0"
L 10/13/2019 - 15:04:35: "tf_gamemode_mvm" = "0"
L 10/13/2019 - 15:04:35: "tf_gamemode_passtime" = "0"
L 10/13/2019 - 15:04:35: "tf_gamemode_misc" = "0"
L 10/13/2019 - 15:04:35: "tf_bot_count" = "0"
L 10/13/2019 - 15:04:35: "tf_gravetalk" = "1"
L 10/13/2019 - 15:04:35: "tf_ctf_bonus_time" = "10"
L 10/13/2019 - 15:04:35: "tf_powerup_mode" = "0"
L 10/13/2019 - 15:04:35: "tf_damage_disablespread" = "1"
L 10/13/2019 - 15:04:35: "tf_weapon_criticals" = "1"
L 10/13/2019 - 15:04:35: "tf_weapon_criticals_melee" = "1"
L 10/13/2019 - 15:04:35: "sv_alltalk" = "1"
L 10/13/2019 - 15:04:35: "mp_teamplay" = "0"
L 10/13/2019 - 15:04:35: "mp_falldamage" = "0"
L 10/13/2019 - 15:04:35: "mp_weaponstay" = "0"
L 10/13/2019 - 15:04:35: "mp_forcerespawn" = "1"
L 10/13/2019 - 15:04:35: "mp_footsteps" = "1"
L 10/13/2019 - 15:04:35: "mp_flashlight" = "0"
L 10/13/2019 - 15:04:35: "mp_autocrosshair" = "1"
L 10/13/2019 - 15:04:35: "decalfrequency" = "10"
L 10/13/2019 - 15:04:35: "mp_teamlist" = "hgrunt;scientist"
L 10/13/2019 - 15:04:35: "mp_allowNPCs" = "1"
L 10/13/2019 - 15:04:35: "sv_maxusrcmdprocessticks" = "24"
L 10/13/2019 - 15:04:35: "tf_playergib" = "1"
L 10/13/2019 - 15:04:35: "tf_allow_player_use" = "0"
L 10/13/2019 - 15:04:35: "tf_mvm_death_penalty" = "0"
L 10/13/2019 - 15:04:35: "sv_password" = ""
L 10/13/2019 - 15:04:35: "sv_tags" = "alltalk,cp,increased_maxplayers,noquickplay"
L 10/13/2019 - 15:04:35: "tv_relaypassword" = ""
L 10/13/2019 - 15:04:35: "tv_password" = ""
L 10/13/2019 - 15:04:35: "deathmatch" = "1"
L 10/13/2019 - 15:04:35: "coop" = "0"
L 10/13/2019 - 15:04:35: "sv_cheats" = "0"
L 10/13/2019 - 15:04:35: "sv_pausable" = "0"
L 10/13/2019 - 15:04:35: "sv_contact" = "bean@lacledeslan.com"
L 10/13/2019 - 15:04:35: "sv_voiceenable" = "1"
L 10/13/2019 - 15:04:35: "tv_enable" = "0"
L 10/13/2019 - 15:04:35: "sv_steamgroup" = ""
L 10/13/2019 - 15:04:35: server cvars end
L 10/13/2019 - 15:04:36: Started map "koth_brazil" (CRC "1282a6a5d026094e1ecc2c0b12ae437e")
L 10/13/2019 - 15:04:36: Executing dedicated server config file server.cfg
L 10/13/2019 - 15:04:43: server_cvar: "tf_gamemode_cp" "0"
L 10/13/2019 - 15:04:43: server_cvar: "sv_tags" "alltalk,increased_maxplayers,noquickplay"
L 10/13/2019 - 15:04:43: server_cvar: "sv_tags" "alltalk,increased_maxplayers,noquickplay"
L 10/13/2019 - 15:04:43: server_cvar: "tf_gamemode_cp" "1"
L 10/13/2019 - 15:04:43: server_cvar: "sv_tags" "alltalk,cp,increased_maxplayers,noquickplay"
L 10/13/2019 - 15:04:43: server_cvar: "sv_tags" "alltalk,cp,increased_maxplayers,noquickplay"
L 10/13/2019 - 15:04:43: server_cvar: "sv_tags" ""
L 10/13/2019 - 15:04:43: server_cvar: "sv_tags" "alltalk"
L 10/13/2019 - 15:04:43: server_cvar: "sv_tags" "alltalk"
L 10/13/2019 - 15:04:43: server_cvar: "sv_tags" "alltalk,cp"
L 10/13/2019 - 15:04:43: server_cvar: "sv_tags" "alltalk,cp"
L 10/13/2019 - 15:04:43: server_cvar: "sv_tags" "alltalk,cp,noquickplay"
L 10/13/2019 - 15:04:43: server_cvar: "sv_tags" "alltalk,cp,noquickplay"
L 10/13/2019 - 15:04:43: server_cvar: "sv_tags" "alltalk,cp,increased_maxplayers,noquickplay"
L 10/13/2019 - 15:04:43: server_cvar: "sv_tags" "alltalk,cp,increased_maxplayers,noquickplay"
L 10/13/2019 - 15:04:43: Log file closed.
