L 10/21/2018 - 00:43:02: Log file started (file "logs/L172_030_014_025_27015_201810210043_000.log") (game "/app/csgo") (version "7268")
L 10/21/2018 - 00:43:02: Loading map "de_cache"
L 10/21/2018 - 00:43:02: server cvars start
L 10/21/2018 - 00:43:02: "cash_player_killed_teammate" = "-300"
L 10/21/2018 - 00:43:02: "cash_player_respawn_amount" = "0"
L 10/21/2018 - 00:43:02: "sv_maxspeed" = "320"
L 10/21/2018 - 00:43:02: "cash_team_winner_bonus_consecutive_rounds" = "0"
L 10/21/2018 - 00:43:02: "cash_team_rescued_hostage" = "0"
L 10/21/2018 - 00:43:02: "cash_team_win_by_defusing_bomb" = "3250"
L 10/21/2018 - 00:43:02: "sv_rollangle" = "0"
L 10/21/2018 - 00:43:02: "r_AirboatViewZHeight" = "0.0"
L 10/21/2018 - 00:43:02: "sv_cheats" = "0"
L 10/21/2018 - 00:43:02: "r_VehicleViewDampen" = "1"
L 10/21/2018 - 00:43:02: "metamod_version" = "1.11.0-dev+1097V"
L 10/21/2018 - 00:43:02: "mp_allowNPCs" = "1"
L 10/21/2018 - 00:43:02: "mp_tournament" = "0"
L 10/21/2018 - 00:43:02: "sv_vote_issue_pause_match_spec_only" = "0"
L 10/21/2018 - 00:43:02: "sv_spec_hear" = "1"
L 10/21/2018 - 00:43:02: "cash_player_interact_with_hostage" = "150"
L 10/21/2018 - 00:43:02: "mp_maxrounds" = "0"
L 10/21/2018 - 00:43:02: "mp_flashlight" = "0"
L 10/21/2018 - 00:43:02: "sv_tags" = ""
L 10/21/2018 - 00:43:02: "sv_stepsize" = "18"
L 10/21/2018 - 00:43:02: "sv_alltalk" = "0"
L 10/21/2018 - 00:43:02: "mp_teamlist" = "hgrunt;scientist"
L 10/21/2018 - 00:43:02: "mp_footsteps" = "1"
L 10/21/2018 - 00:43:02: "sv_noclipaccelerate" = "5"
L 10/21/2018 - 00:43:02: "sv_accelerate_debug_speed" = "0"
L 10/21/2018 - 00:43:02: "sv_wateraccelerate" = "10"
L 10/21/2018 - 00:43:02: "mp_stalemate_enable" = "0"
L 10/21/2018 - 00:43:02: "mp_autocrosshair" = "1"
L 10/21/2018 - 00:43:02: "sourcemod_version" = "1.9.0.6148"
L 10/21/2018 - 00:43:02: "cash_team_elimination_bomb_map" = "3250"
L 10/21/2018 - 00:43:02: "cash_player_get_killed" = "0"
L 10/21/2018 - 00:43:02: "mp_roundtime_defuse" = "0"
L 10/21/2018 - 00:43:02: "sv_autobuyammo" = "0"
L 10/21/2018 - 00:43:02: "sv_rollspeed" = "200"
L 10/21/2018 - 00:43:02: "sv_airaccelerate" = "12"
L 10/21/2018 - 00:43:02: "sv_show_team_equipment_prohibit" = "0"
L 10/21/2018 - 00:43:02: "mp_teams_unbalance_limit" = "1"
L 10/21/2018 - 00:43:02: "mp_timelimit" = "5"
L 10/21/2018 - 00:43:02: "cash_team_loser_bonus" = "1400"
L 10/21/2018 - 00:43:02: "sv_deadtalk" = "0"
L 10/21/2018 - 00:43:02: "cash_player_rescued_hostage" = "1000"
L 10/21/2018 - 00:43:02: "sv_waterfriction" = "1"
L 10/21/2018 - 00:43:02: "sv_competitive_official_5v5" = "0"
L 10/21/2018 - 00:43:02: "sv_steamgroup" = ""
L 10/21/2018 - 00:43:02: "cash_player_killed_enemy_default" = "300"
L 10/21/2018 - 00:43:02: "coop" = "0"
L 10/21/2018 - 00:43:02: "mp_respawnwavetime" = "10.0"
L 10/21/2018 - 00:43:02: "sv_teamid_overhead" = "1"
L 10/21/2018 - 00:43:02: "tv_enable1" = "0"
L 10/21/2018 - 00:43:02: "nextlevel" = ""
L 10/21/2018 - 00:43:02: "sv_stopspeed" = "80"
L 10/21/2018 - 00:43:02: "sv_specaccelerate" = "5"
L 10/21/2018 - 00:43:02: "deathmatch" = "1"
L 10/21/2018 - 00:43:02: "tv_enable" = "0"
L 10/21/2018 - 00:43:02: "mp_roundtime_hostage" = "0"
L 10/21/2018 - 00:43:02: "mp_freezetime" = "6"
L 10/21/2018 - 00:43:02: "mp_teammates_are_enemies" = "0"
L 10/21/2018 - 00:43:02: "mp_falldamage" = "0"
L 10/21/2018 - 00:43:02: "sv_accelerate_use_weapon_speed" = "1"
L 10/21/2018 - 00:43:02: "sv_voiceenable" = "1"
L 10/21/2018 - 00:43:02: "sv_teamid_overhead_always_prohibit" = "0"
L 10/21/2018 - 00:43:02: "sv_bounce" = "0"
L 10/21/2018 - 00:43:02: "mp_disable_respawn_times" = "0"
L 10/21/2018 - 00:43:02: "r_AirboatViewDampenFreq" = "7.0"
L 10/21/2018 - 00:43:02: "mp_weaponstay" = "0"
L 10/21/2018 - 00:43:02: "mp_hostagepenalty" = "10"
L 10/21/2018 - 00:43:02: "tv_advertise_watchable" = "0"
L 10/21/2018 - 00:43:02: "mp_friendlyfire" = "0"
L 10/21/2018 - 00:43:02: "cash_team_hostage_interaction" = "500"
L 10/21/2018 - 00:43:02: "sv_noclipspeed" = "5"
L 10/21/2018 - 00:43:02: "cash_team_win_by_time_running_out_bomb" = "3250"
L 10/21/2018 - 00:43:02: "sv_allchat" = "1"
L 10/21/2018 - 00:43:02: "mp_buy_during_immunity" = "0"
L 10/21/2018 - 00:43:02: "cash_player_killed_enemy_factor" = "1"
L 10/21/2018 - 00:43:02: "mp_c4timer" = "40"
L 10/21/2018 - 00:43:02: "r_JeepViewDampenDamp" = "1.0"
L 10/21/2018 - 00:43:02: "sv_competitive_minspec" = "1"
L 10/21/2018 - 00:43:02: "r_AirboatViewDampenDamp" = "1.0"
L 10/21/2018 - 00:43:02: "sm_nextmap" = ""
L 10/21/2018 - 00:43:02: "sv_max_allowed_net_graph" = "1"
L 10/21/2018 - 00:43:02: "mp_stalemate_at_timelimit" = "0"
L 10/21/2018 - 00:43:02: "mp_limitteams" = "2"
L 10/21/2018 - 00:43:02: "sv_footsteps" = "1"
L 10/21/2018 - 00:43:02: "sv_vote_issue_kick_allowed" = "1"
L 10/21/2018 - 00:43:02: "cash_team_survive_guardian_wave" = "1000"
L 10/21/2018 - 00:43:02: "tv_relaypassword" = "CoyotesLoveAdventure"
L 10/21/2018 - 00:43:02: "mp_teamplay" = "0"
L 10/21/2018 - 00:43:02: "cash_team_terrorist_win_bomb" = "3500"
L 10/21/2018 - 00:43:02: "cash_team_elimination_hostage_map_t" = "1000"
L 10/21/2018 - 00:43:02: "r_JeepViewDampenFreq" = "7.0"
L 10/21/2018 - 00:43:02: "cash_team_win_by_time_running_out_hostage" = "3250"
L 10/21/2018 - 00:43:02: "sv_specnoclip" = "1"
L 10/21/2018 - 00:43:02: "sv_friction" = "5.2"
L 10/21/2018 - 00:43:02: "cash_player_bomb_planted" = "300"
L 10/21/2018 - 00:43:02: "mp_autoteambalance" = "1"
L 10/21/2018 - 00:43:02: "sv_contact" = ""
L 10/21/2018 - 00:43:02: "sv_vote_kick_ban_duration" = "15"
L 10/21/2018 - 00:43:02: "cash_player_bomb_defused" = "300"
L 10/21/2018 - 00:43:02: "mp_roundtime" = "5"
L 10/21/2018 - 00:43:02: "sv_kick_ban_duration" = "15"
L 10/21/2018 - 00:43:02: "cash_team_planted_bomb_but_defused" = "800"
L 10/21/2018 - 00:43:02: "cash_player_killed_hostage" = "-1000"
L 10/21/2018 - 00:43:02: "sv_vote_issue_loadbackup_allowed" = "1"
L 10/21/2018 - 00:43:02: "nextmode" = ""
L 10/21/2018 - 00:43:02: "mp_fraglimit" = "0"
L 10/21/2018 - 00:43:02: "mp_forcerespawn" = "1"
L 10/21/2018 - 00:43:02: "mp_winlimit" = "0"
L 10/21/2018 - 00:43:02: "sv_accelerate" = "5.5"
L 10/21/2018 - 00:43:02: "mp_buy_anywhere" = "0"
L 10/21/2018 - 00:43:02: "sv_gravity" = "800"
L 10/21/2018 - 00:43:02: "sv_password" = "3fire"
L 10/21/2018 - 00:43:02: "cash_team_elimination_hostage_map_ct" = "2000"
L 10/21/2018 - 00:43:02: "cash_team_win_by_hostage_rescue" = "3500"
L 10/21/2018 - 00:43:02: "sv_vote_issue_loadbackup_spec_only" = "0"
L 10/21/2018 - 00:43:02: "cash_team_loser_bonus_consecutive_rounds" = "500"
L 10/21/2018 - 00:43:02: "cash_player_damage_hostage" = "-30"
L 10/21/2018 - 00:43:02: "r_JeepViewZHeight" = "10.0"
L 10/21/2018 - 00:43:02: "cash_team_hostage_alive" = "0"
L 10/21/2018 - 00:43:02: "tv_password" = "CoyotesLoveAdventure"
L 10/21/2018 - 00:43:02: "sv_specspeed" = "3"
L 10/21/2018 - 00:43:02: server cvars end
L 10/21/2018 - 00:43:03: Started map "de_cache" (CRC "1901448379")
L 10/21/2018 - 00:43:04: "Console<0><Console><Console>" say ""running server.cfg""
L 10/21/2018 - 00:43:04: server_cvar: "sv_teamid_overhead_always_prohibit" "1"
L 10/21/2018 - 00:43:04: "Console<0><Console><Console>" say ""running warmod/on_map_load.cfg""
L 10/21/2018 - 00:43:04: server_cvar: "wm_autodemoupload_completed" "0"
L 10/21/2018 - 00:43:04: "Console<0><Console><Console>" say ""running /warmod/ruleset_warmup.cfg""
L 10/21/2018 - 00:43:04: "Console<0><Console><Console>" say ""running warmod/ruleset_global.cfg""
L 10/21/2018 - 00:43:04: server_cvar: "tv_enable" "1"
L 10/21/2018 - 00:43:04: server_cvar: "wm_auto_knife" "1"
L 10/21/2018 - 00:43:04: server_cvar: "wm_pause_confirm" "0"
L 10/21/2018 - 00:43:04: server_cvar: "wm_pause_limit" "5"
L 10/21/2018 - 00:43:04: "Console<0><Console><Console>" say ""running gamemode_competitive_server.cfg""
L 10/21/2018 - 00:43:04: server_cvar: "sv_contact" "0"
L 10/21/2018 - 00:43:04: server_cvar: "cash_team_win_by_defusing_bomb" "3500"
L 10/21/2018 - 00:43:04: server_cvar: "cash_team_rescued_hostage" "750"
L 10/21/2018 - 00:43:04: server_cvar: "cash_team_hostage_alive" "150"
L 10/21/2018 - 00:43:04: server_cvar: "cash_team_hostage_interaction" "150"
L 10/21/2018 - 00:43:04: server_cvar: "mp_friendlyfire" "1"
L 10/21/2018 - 00:43:04: server_cvar: "mp_limitteams" "0"
L 10/21/2018 - 00:43:04: server_cvar: "mp_timelimit" "0"
L 10/21/2018 - 00:43:04: server_cvar: "sv_competitive_official_5v5" "1"
L 10/21/2018 - 00:43:04: server_cvar: "mp_maxrounds" "30"
L 10/21/2018 - 00:43:04: server_cvar: "mp_freezetime" "15"
L 10/21/2018 - 00:43:04: server_cvar: "mp_roundtime" "1.75"
L 10/21/2018 - 00:43:04: server_cvar: "mp_roundtime_defuse" "1.75"
L 10/21/2018 - 00:43:04: server_cvar: "mp_autoteambalance" "0"
L 10/21/2018 - 00:43:04: server_cvar: "sv_deadtalk" "1"
L 10/21/2018 - 00:43:04: server_cvar: "sv_kick_ban_duration" "0"
L 10/21/2018 - 00:43:04: server_cvar: "wm_warmup_respawn" "1"
L 10/21/2018 - 00:43:04: server_cvar: "wm_block_warm_up_grenades" "1"
L 10/21/2018 - 00:43:04: server_cvar: "mp_freezetime" "0"
L 10/21/2018 - 00:43:04: server_cvar: "mp_friendlyfire" "0"
L 10/21/2018 - 00:43:04: "Console<0><Console><Console>" say "WarMod [BFG] WarmUp Config Loaded"
L 10/21/2018 - 00:43:04: server_cvar: "cash_player_interact_with_hostage" "300"
L 10/21/2018 - 00:43:04: server_cvar: "cash_team_elimination_hostage_map_t" "3000"
L 10/21/2018 - 00:43:04: server_cvar: "cash_team_elimination_hostage_map_ct" "3000"
L 10/21/2018 - 00:43:04: server_cvar: "cash_team_hostage_alive" "0"
L 10/21/2018 - 00:43:04: server_cvar: "cash_team_hostage_interaction" "600"
L 10/21/2018 - 00:43:04: server_cvar: "cash_team_rescued_hostage" "600"
L 10/21/2018 - 00:43:04: server_cvar: "cash_team_win_by_hostage_rescue" "2900"
L 10/21/2018 - 00:43:04: server_cvar: "mp_freezetime" "15"
L 10/21/2018 - 00:43:04: server_cvar: "mp_friendlyfire" "1"
L 10/21/2018 - 00:43:04: server_cvar: "mp_roundtime" "1.92"
L 10/21/2018 - 00:43:04: server_cvar: "mp_roundtime_hostage" "1.92"
L 10/21/2018 - 00:43:04: server_cvar: "mp_roundtime_defuse" "1.92"
L 10/21/2018 - 00:43:04: "Console<0><Console><Console>" say ""running gamemode_competitive_server.cfg""
L 10/21/2018 - 00:43:04: server_cvar: "cash_team_win_by_hostage_rescue" "3500"
L 10/21/2018 - 00:43:04: server_cvar: "cash_team_rescued_hostage" "750"
L 10/21/2018 - 00:43:04: server_cvar: "cash_team_hostage_alive" "150"
L 10/21/2018 - 00:43:04: server_cvar: "cash_team_hostage_interaction" "150"
L 10/21/2018 - 00:43:04: server_cvar: "cash_player_interact_with_hostage" "150"
L 10/21/2018 - 00:43:04: server_cvar: "mp_roundtime" "1.75"
L 10/21/2018 - 00:43:04: server_cvar: "mp_roundtime_defuse" "1.75"
L 10/21/2018 - 00:43:08: "GOTV<2><BOT><>" connected, address ""
L 10/21/2018 - 00:43:08: "GOTV<2><BOT><>" entered the game
L 10/21/2018 - 00:43:08: "GOTV<2><BOT><Unassigned>" changed name to "zLLTV_CSGO_BRACKET_l12"
L 10/21/2018 - 00:43:08: "Console<0><Console><Console>" say ""running warmod/on_map_load.cfg""
L 10/21/2018 - 00:43:08: "Console<0><Console><Console>" say ""running /warmod/ruleset_warmup.cfg""
L 10/21/2018 - 00:43:08: "Console<0><Console><Console>" say ""running warmod/ruleset_global.cfg""
L 10/21/2018 - 00:43:08: "Console<0><Console><Console>" say ""running gamemode_competitive_server.cfg""
L 10/21/2018 - 00:43:08: server_cvar: "mp_freezetime" "0"
L 10/21/2018 - 00:43:08: server_cvar: "mp_friendlyfire" "0"
L 10/21/2018 - 00:43:08: "Console<0><Console><Console>" say "WarMod [BFG] WarmUp Config Loaded"
L 10/21/2018 - 00:43:08: "Console<0><Console><Console>" say ""executing sourcemod.cfg""
L 10/21/2018 - 00:43:08: "Console<0><Console><Console>" say ""running /sourcemod.plugin.warmod.cfg""
L 10/21/2018 - 00:43:08: "Console<0><Console><Console>" say ""running warmod/on_map_load.cfg""
L 10/21/2018 - 00:43:08: "Console<0><Console><Console>" say ""running /warmod/ruleset_warmup.cfg""
L 10/21/2018 - 00:43:08: "Console<0><Console><Console>" say ""running warmod/ruleset_global.cfg""
L 10/21/2018 - 00:43:08: "Console<0><Console><Console>" say ""running gamemode_competitive_server.cfg""
L 10/21/2018 - 00:43:08: server_cvar: "mp_friendlyfire" "1"
L 10/21/2018 - 00:43:08: server_cvar: "mp_freezetime" "15"
L 10/21/2018 - 00:43:08: server_cvar: "mp_freezetime" "0"
L 10/21/2018 - 00:43:08: server_cvar: "mp_friendlyfire" "0"
L 10/21/2018 - 00:43:08: "Console<0><Console><Console>" say "WarMod [BFG] WarmUp Config Loaded"
L 10/21/2018 - 00:43:08: World triggered "Round_Start"
L 10/21/2018 - 00:44:40: "blinK @ Lan<3><STEAM_1:1:33626697><>" connected, address ""
L 10/21/2018 - 00:44:40: "blinK @ Lan<3><STEAM_1:1:33626697><>" STEAM USERID validated
L 10/21/2018 - 00:44:48: "Drizzle@LAN<4><STEAM_1:1:52074304><>" connected, address ""
L 10/21/2018 - 00:44:48: "Drizzle@LAN<4><STEAM_1:1:52074304><>" STEAM USERID validated
L 10/21/2018 - 00:44:53: "blinK @ Lan<3><STEAM_1:1:33626697><>" entered the game
L 10/21/2018 - 00:45:01: "Drizzle@LAN<4><STEAM_1:1:52074304><>" entered the game
L 10/21/2018 - 00:45:05: "Peanut Butter<5><STEAM_1:0:40867433><>" connected, address ""
L 10/21/2018 - 00:45:05: "Peanut Butter<5><STEAM_1:0:40867433><>" STEAM USERID validated
L 10/21/2018 - 00:45:08: "Jelly @ LAN<6><STEAM_1:0:215487283><>" connected, address ""
L 10/21/2018 - 00:45:09: "blinK @ Lan<3><STEAM_1:1:33626697>" switched from team <Unassigned> to <TERRORIST>
L 10/21/2018 - 00:45:09: World triggered "Game_Commencing"
L 10/21/2018 - 00:45:09: "Jelly @ LAN<6><STEAM_1:0:215487283><>" STEAM USERID validated
L 10/21/2018 - 00:45:09: Starting Freeze period
L 10/21/2018 - 00:45:09: World triggered "Match_Start" on "de_cache"
L 10/21/2018 - 00:45:09: Team playing "CT": not_fast
L 10/21/2018 - 00:45:09: Team playing "TERRORIST": exnihilo
L 10/21/2018 - 00:45:11: World triggered "Round_Start"
L 10/21/2018 - 00:45:13: "blinK @ Lan<3><STEAM_1:1:33626697>" switched from team <TERRORIST> to <CT>
L 10/21/2018 - 00:45:13: "blinK @ Lan<3><STEAM_1:1:33626697><CT>" [2973 250 1677] committed suicide with "world"
L 10/21/2018 - 00:45:13: "blinK @ Lan<3><STEAM_1:1:33626697><CT>" left buyzone with [ weapon_knife_m9_bayonet weapon_usp_silencer ]
L 10/21/2018 - 00:45:13: "Kevin<7><BOT><>" connected, address ""
L 10/21/2018 - 00:45:13: "Kevin<7><BOT>" switched from team <Unassigned> to <TERRORIST>
L 10/21/2018 - 00:45:13: "Kevin<7><BOT><>" entered the game
L 10/21/2018 - 00:45:13: "Kevin<7><BOT><TERRORIST>" disconnected (reason "Kicked by Console")
L 10/21/2018 - 00:45:13: "Kevin<7><BOT>" switched from team <TERRORIST> to <Unassigned>
L 10/21/2018 - 00:45:14: "Drizzle@LAN<4><STEAM_1:1:52074304>" switched from team <Unassigned> to <CT>
L 10/21/2018 - 00:45:15: "Peanut Butter<5><STEAM_1:0:40867433><>" entered the game
L 10/21/2018 - 00:45:23: "Jelly @ LAN<6><STEAM_1:0:215487283><>" entered the game
L 10/21/2018 - 00:45:29: "Jelly @ LAN<6><STEAM_1:0:215487283>" switched from team <Unassigned> to <CT>
L 10/21/2018 - 00:45:30: "Peanut Butter<5><STEAM_1:0:40867433>" switched from team <Unassigned> to <CT>
L 10/21/2018 - 00:45:32: "Jelly @ LAN<6><STEAM_1:0:215487283><CT>" purchased "deagle"
L 10/21/2018 - 00:45:32: "Jelly @ LAN<6><STEAM_1:0:215487283><CT>" purchased "item_assaultsuit"
L 10/21/2018 - 00:45:32: "Jelly @ LAN<6><STEAM_1:0:215487283><CT>" purchased "item_defuser"
L 10/21/2018 - 00:45:36: "blinK @ Lan<3><STEAM_1:1:33626697><CT>" purchased "item_assaultsuit"
L 10/21/2018 - 00:45:37: "blinK @ Lan<3><STEAM_1:1:33626697><CT>" purchased "m4a1"
L 10/21/2018 - 00:45:40: "blinK @ Lan<3><STEAM_1:1:33626697><CT>" left buyzone with [ weapon_knife_m9_bayonet weapon_usp_silencer weapon_m4a1 kevlar(100) helmet ]
L 10/21/2018 - 00:45:49: "Jelly @ LAN<6><STEAM_1:0:215487283><CT>" left buyzone with [ weapon_knife_karambit weapon_deagle defuser kevlar(100) helmet ]
L 10/21/2018 - 00:45:59: "Khaos<8><STEAM_1:0:207914052><>" connected, address ""
L 10/21/2018 - 00:46:00: "Khaos<8><STEAM_1:0:207914052><>" STEAM USERID validated
L 10/21/2018 - 00:46:04: "blinK @ Lan<3><STEAM_1:1:33626697><CT>" left buyzone with [ weapon_knife_m9_bayonet weapon_usp_silencer weapon_m4a1 kevlar(100) helmet ]
L 10/21/2018 - 00:46:07: "Drizzle@LAN<4><STEAM_1:1:52074304><CT>" purchased "flashbang"
L 10/21/2018 - 00:46:07: "Khaos<8><STEAM_1:0:207914052><>" entered the game
L 10/21/2018 - 00:46:07: "Drizzle@LAN<4><STEAM_1:1:52074304><CT>" purchased "smokegrenade"
L 10/21/2018 - 00:46:07: "Drizzle@LAN<4><STEAM_1:1:52074304><CT>" purchased "flashbang"
L 10/21/2018 - 00:46:10: "Drizzle@LAN<4><STEAM_1:1:52074304><CT>" left buyzone with [ weapon_knife weapon_usp_silencer weapon_flashbang weapon_smokegrenade ]
L 10/21/2018 - 00:46:14: "Khaos<8><STEAM_1:0:207914052>" switched from team <Unassigned> to <TERRORIST>
L 10/21/2018 - 00:46:24: "WillSixtySix<9><STEAM_1:1:54855314><>" connected, address ""
L 10/21/2018 - 00:46:24: "WillSixtySix<9><STEAM_1:1:54855314><>" STEAM USERID validated
L 10/21/2018 - 00:46:29: "cyber<10><STEAM_1:0:441450813><>" connected, address ""
L 10/21/2018 - 00:46:29: "cyber<10><STEAM_1:0:441450813><>" STEAM USERID validated
L 10/21/2018 - 00:46:29: "Psycho<11><STEAM_1:1:168418375><>" connected, address ""
L 10/21/2018 - 00:46:30: "Psycho<11><STEAM_1:1:168418375><>" STEAM USERID validated
L 10/21/2018 - 00:46:32: "JJTHEGREAT123<12><STEAM_1:0:188697657><>" connected, address ""
L 10/21/2018 - 00:46:32: "JJTHEGREAT123<12><STEAM_1:0:188697657><>" STEAM USERID validated
L 10/21/2018 - 00:46:37: "WillSixtySix<9><STEAM_1:1:54855314><>" entered the game
L 10/21/2018 - 00:46:37: "Peanut Butter<5><STEAM_1:0:40867433><CT>" left buyzone with [ weapon_knife_karambit weapon_usp_silencer ]
L 10/21/2018 - 00:46:37: "cyber<10><STEAM_1:0:441450813><>" entered the game
L 10/21/2018 - 00:46:38: "Psycho<11><STEAM_1:1:168418375><>" entered the game
L 10/21/2018 - 00:46:41: "JJTHEGREAT123<12><STEAM_1:0:188697657><>" entered the game
L 10/21/2018 - 00:46:41: "Peanut Butter<5><STEAM_1:0:40867433><CT>" left buyzone with [ weapon_knife_karambit weapon_usp_silencer ]
L 10/21/2018 - 00:46:44: "Psycho<11><STEAM_1:1:168418375>" switched from team <Unassigned> to <TERRORIST>
L 10/21/2018 - 00:46:45: "cyber<10><STEAM_1:0:441450813>" switched from team <Unassigned> to <TERRORIST>
L 10/21/2018 - 00:46:45: "WillSixtySix<9><STEAM_1:1:54855314>" switched from team <Unassigned> to <CT>
L 10/21/2018 - 00:46:49: "ZaGen<13><STEAM_1:0:224444651><>" connected, address ""
L 10/21/2018 - 00:46:49: "ZaGen<13><STEAM_1:0:224444651><>" STEAM USERID validated
L 10/21/2018 - 00:46:49: "JJTHEGREAT123<12><STEAM_1:0:188697657>" switched from team <Unassigned> to <TERRORIST>
L 10/21/2018 - 00:46:52: "blinK @ Lan<3><STEAM_1:1:33626697><CT>" [3176 68 1613] attacked "Khaos<8><STEAM_1:0:207914052><TERRORIST>" [3145 108 1613] with "knife" (damage "180") (damage_armor "0") (health "0") (armor "0") (hitgroup "generic")
L 10/21/2018 - 00:46:52: "blinK @ Lan<3><STEAM_1:1:33626697><CT>" [3176 68 1613] killed "Khaos<8><STEAM_1:0:207914052><TERRORIST>" [3145 108 1677] with "knife_m9_bayonet"
L 10/21/2018 - 00:46:52: "Khaos<8><STEAM_1:0:207914052><TERRORIST>" left buyzone with [ ]
L 10/21/2018 - 00:46:54: "blinK @ Lan<3><STEAM_1:1:33626697><CT>" [3069 52 1613] attacked "JJTHEGREAT123<12><STEAM_1:0:188697657><TERRORIST>" [3057 20 1613] with "knife" (damage "180") (damage_armor "0") (health "0") (armor "0") (hitgroup "generic")
L 10/21/2018 - 00:46:54: "blinK @ Lan<3><STEAM_1:1:33626697><CT>" [3069 52 1613] killed "JJTHEGREAT123<12><STEAM_1:0:188697657><TERRORIST>" [3057 20 1677] with "knife_m9_bayonet"
L 10/21/2018 - 00:46:54: "JJTHEGREAT123<12><STEAM_1:0:188697657><TERRORIST>" left buyzone with [ ]
L 10/21/2018 - 00:46:55: "blinK @ Lan<3><STEAM_1:1:33626697><CT>" [3064 125 1613] attacked "Psycho<11><STEAM_1:1:168418375><TERRORIST>" [3008 148 1613] with "knife" (damage "180") (damage_armor "0") (health "0") (armor "0") (hitgroup "generic")
L 10/21/2018 - 00:46:55: "blinK @ Lan<3><STEAM_1:1:33626697><CT>" [3064 125 1613] killed "Psycho<11><STEAM_1:1:168418375><TERRORIST>" [3008 148 1677] with "knife_m9_bayonet"
L 10/21/2018 - 00:46:55: "Psycho<11><STEAM_1:1:168418375><TERRORIST>" left buyzone with [ ]
L 10/21/2018 - 00:46:56: "blinK @ Lan<3><STEAM_1:1:33626697><CT>" [2952 199 1613] attacked "cyber<10><STEAM_1:0:441450813><TERRORIST>" [2903 204 1613] with "knife" (damage "180") (damage_armor "0") (health "0") (armor "0") (hitgroup "generic")
L 10/21/2018 - 00:46:56: "blinK @ Lan<3><STEAM_1:1:33626697><CT>" [2952 199 1613] killed "cyber<10><STEAM_1:0:441450813><TERRORIST>" [2903 204 1677] with "knife_m9_bayonet"
L 10/21/2018 - 00:46:56: "cyber<10><STEAM_1:0:441450813><TERRORIST>" left buyzone with [ ]
L 10/21/2018 - 00:46:58: "JJTHEGREAT123<12><STEAM_1:0:188697657><TERRORIST>" [3076 -105 1613] attacked "blinK @ Lan<3><STEAM_1:1:33626697><CT>" [3024 107 1666] with "glock" (damage "13") (damage_armor "7") (health "87") (armor "92") (hitgroup "chest")
L 10/21/2018 - 00:46:58: "blinK @ Lan<3><STEAM_1:1:33626697><CT>" [3000 93 1648] attacked "Khaos<8><STEAM_1:0:207914052><TERRORIST>" [2954 68 1613] with "knife" (damage "180") (damage_armor "0") (health "0") (armor "0") (hitgroup "generic")
L 10/21/2018 - 00:46:58: "blinK @ Lan<3><STEAM_1:1:33626697><CT>" [3000 93 1648] killed "Khaos<8><STEAM_1:0:207914052><TERRORIST>" [2954 68 1677] with "knife_m9_bayonet"
L 10/21/2018 - 00:46:58: "Khaos<8><STEAM_1:0:207914052><TERRORIST>" left buyzone with [ ]
L 10/21/2018 - 00:46:58: "JJTHEGREAT123<12><STEAM_1:0:188697657><TERRORIST>" [3080 -114 1613] attacked "blinK @ Lan<3><STEAM_1:1:33626697><CT>" [2995 89 1642] with "glock" (damage "52") (damage_armor "29") (health "35") (armor "62") (hitgroup "head")
L 10/21/2018 - 00:46:59: "JJTHEGREAT123<12><STEAM_1:0:188697657><TERRORIST>" [3084 -124 1613] attacked "blinK @ Lan<3><STEAM_1:1:33626697><CT>" [2958 77 1613] with "glock" (damage "16") (damage_armor "9") (health "19") (armor "52") (hitgroup "stomach")
L 10/21/2018 - 00:46:59: "JJTHEGREAT123<12><STEAM_1:0:188697657><TERRORIST>" [3088 -128 1613] attacked "blinK @ Lan<3><STEAM_1:1:33626697><CT>" [2991 28 1665] with "glock" (damage "21") (damage_armor "0") (health "0") (armor "52") (hitgroup "right leg")
L 10/21/2018 - 00:46:59: "JJTHEGREAT123<12><STEAM_1:0:188697657><TERRORIST>" [3088 -128 1613] killed "blinK @ Lan<3><STEAM_1:1:33626697><CT>" [2991 28 1729] with "glock"
L 10/21/2018 - 00:46:59: "blinK @ Lan<3><STEAM_1:1:33626697><CT>" left buyzone with [ ]
L 10/21/2018 - 00:47:00: "blinK @ Lan<3><STEAM_1:1:33626697><CT>" left buyzone with [ weapon_knife_m9_bayonet weapon_usp_silencer ]
L 10/21/2018 - 00:47:03: "Peanut Butter<5><STEAM_1:0:40867433><CT>" purchased "item_assaultsuit"
L 10/21/2018 - 00:47:03: "Peanut Butter<5><STEAM_1:0:40867433><CT>" purchased "deagle"
L 10/21/2018 - 00:47:04: "Peanut Butter<5><STEAM_1:0:40867433><CT>" purchased "smokegrenade"
L 10/21/2018 - 00:47:04: "Peanut Butter<5><STEAM_1:0:40867433><CT>" purchased "incgrenade"
L 10/21/2018 - 00:47:04: "Peanut Butter<5><STEAM_1:0:40867433><CT>" purchased "hegrenade"
L 10/21/2018 - 00:47:04: "Peanut Butter<5><STEAM_1:0:40867433><CT>" purchased "flashbang"
L 10/21/2018 - 00:47:07: "Peanut Butter<5><STEAM_1:0:40867433><CT>" left buyzone with [ weapon_knife_karambit weapon_deagle weapon_smokegrenade weapon_incgrenade weapon_hegrenade weapon_flashbang kevlar(100) helmet ]
L 10/21/2018 - 00:47:08: "JJTHEGREAT123<12><STEAM_1:0:188697657><TERRORIST>" left buyzone with [ weapon_knife_t weapon_glock ]
L 10/21/2018 - 00:47:09: "ZaGen<13><STEAM_1:0:224444651><>" entered the game
L 10/21/2018 - 00:47:09: "WillSixtySix<9><STEAM_1:1:54855314><CT>" left buyzone with [ weapon_knife weapon_usp_silencer ]
L 10/21/2018 - 00:47:09: "cyber<10><STEAM_1:0:441450813><TERRORIST>" left buyzone with [ weapon_knife_t weapon_glock ]
L 10/21/2018 - 00:47:12: "JJTHEGREAT123<12><STEAM_1:0:188697657><TERRORIST>" purchased "deagle"
L 10/21/2018 - 00:47:13: "JJTHEGREAT123<12><STEAM_1:0:188697657><TERRORIST>" purchased "item_assaultsuit"
L 10/21/2018 - 00:47:17: "blinK @ Lan<3><STEAM_1:1:33626697><CT>" purchased "item_assaultsuit"
L 10/21/2018 - 00:47:17: "blinK @ Lan<3><STEAM_1:1:33626697><CT>" purchased "m4a1"
L 10/21/2018 - 00:47:19: "blinK @ Lan<3><STEAM_1:1:33626697><CT>" left buyzone with [ weapon_knife_m9_bayonet weapon_usp_silencer weapon_m4a1 kevlar(100) helmet ]
L 10/21/2018 - 00:47:28: "cyber<10><STEAM_1:0:441450813><TERRORIST>" purchased "ak47"
L 10/21/2018 - 00:47:29: "cyber<10><STEAM_1:0:441450813><TERRORIST>" purchased "item_assaultsuit"
L 10/21/2018 - 00:47:29: "cyber<10><STEAM_1:0:441450813><TERRORIST>" purchased "molotov"
L 10/21/2018 - 00:47:29: "cyber<10><STEAM_1:0:441450813><TERRORIST>" purchased "smokegrenade"
L 10/21/2018 - 00:47:30: "cyber<10><STEAM_1:0:441450813><TERRORIST>" purchased "hegrenade"
L 10/21/2018 - 00:47:30: "cyber<10><STEAM_1:0:441450813><TERRORIST>" purchased "flashbang"
L 10/21/2018 - 00:47:35: "cyber<10><STEAM_1:0:441450813><TERRORIST>" left buyzone with [ weapon_knife_t weapon_glock weapon_ak47 weapon_molotov weapon_smokegrenade weapon_hegrenade weapon_flashbang kevlar(100) helmet ]
L 10/21/2018 - 00:47:36: "Peanut Butter<5><STEAM_1:0:40867433><CT>" [1437 408 1614] attacked "JJTHEGREAT123<12><STEAM_1:0:188697657><TERRORIST>" [3052 -284 1635] with "deagle" (damage "28") (damage_armor "1") (health "72") (armor "98") (hitgroup "chest")
L 10/21/2018 - 00:47:36: "blinK @ Lan<3><STEAM_1:1:33626697><CT>" [1484 322 1614] attacked "JJTHEGREAT123<12><STEAM_1:0:188697657><TERRORIST>" [3051 -285 1635] with "m4a1" (damage "20") (damage_armor "4") (health "52") (armor "93") (hitgroup "chest")
L 10/21/2018 - 00:47:37: "blinK @ Lan<3><STEAM_1:1:33626697><CT>" [1482 318 1614] attacked "JJTHEGREAT123<12><STEAM_1:0:188697657><TERRORIST>" [3051 -285 1635] with "m4a1" (damage "83") (damage_armor "17") (health "0") (armor "75") (hitgroup "head")
L 10/21/2018 - 00:47:37: "blinK @ Lan<3><STEAM_1:1:33626697><CT>" [1482 318 1614] killed "JJTHEGREAT123<12><STEAM_1:0:188697657><TERRORIST>" [3051 -285 1699] with "m4a1" (headshot)
L 10/21/2018 - 00:47:37: "JJTHEGREAT123<12><STEAM_1:0:188697657><TERRORIST>" left buyzone with [ ]
L 10/21/2018 - 00:47:45: "cyber<10><STEAM_1:0:441450813><TERRORIST>" left buyzone with [ weapon_knife_t weapon_glock weapon_ak47 weapon_molotov weapon_hegrenade weapon_flashbang kevlar(100) helmet ]
L 10/21/2018 - 00:47:46: "ZaGen<13><STEAM_1:0:224444651>" switched from team <Unassigned> to <TERRORIST>
L 10/21/2018 - 00:47:47: "cyber<10><STEAM_1:0:441450813><TERRORIST>" [2241 -15 1613] attacked "blinK @ Lan<3><STEAM_1:1:33626697><CT>" [2242 379 1613] with "ak47" (damage "109") (damage_armor "15") (health "0") (armor "84") (hitgroup "head")
L 10/21/2018 - 00:47:47: "cyber<10><STEAM_1:0:441450813><TERRORIST>" [2241 -15 1613] killed "blinK @ Lan<3><STEAM_1:1:33626697><CT>" [2242 379 1677] with "ak47" (headshot)
L 10/21/2018 - 00:47:48: "cyber<10><STEAM_1:0:441450813><TERRORIST>" threw smokegrenade [-301 76 1662]
L 10/21/2018 - 00:47:51: "JJTHEGREAT123<12><STEAM_1:0:188697657><TERRORIST>" purchased "item_assaultsuit"
L 10/21/2018 - 00:47:52: "JJTHEGREAT123<12><STEAM_1:0:188697657><TERRORIST>" purchased "deagle"
L 10/21/2018 - 00:47:53: "cyber<10><STEAM_1:0:441450813><TERRORIST>" threw flashbang [1179 377 1742] flashbang entindex 201)
L 10/21/2018 - 00:47:53: "zLLTV_CSGO_BRACKET_l12<2><BOT><Unassigned>" blinded for 0.39 by "cyber<10><STEAM_1:0:441450813><TERRORIST>" from flashbang entindex 201 
L 10/21/2018 - 00:47:53: "cyber<10><STEAM_1:0:441450813><TERRORIST>" blinded for 0.56 by "cyber<10><STEAM_1:0:441450813><TERRORIST>" from flashbang entindex 201 
L 10/21/2018 - 00:47:53: "ZaGen<13><STEAM_1:0:224444651><TERRORIST>" blinded for 0.32 by "cyber<10><STEAM_1:0:441450813><TERRORIST>" from flashbang entindex 201 
L 10/21/2018 - 00:47:55: "blinK @ Lan<3><STEAM_1:1:33626697><CT>" purchased "item_assaultsuit"
L 10/21/2018 - 00:47:55: "blinK @ Lan<3><STEAM_1:1:33626697><CT>" purchased "awp"
L 10/21/2018 - 00:47:55: "cyber<10><STEAM_1:0:441450813><TERRORIST>" [893 266 1614] attacked "Drizzle@LAN<4><STEAM_1:1:52074304><CT>" [-283 349 1613] with "ak47" (damage "34") (damage_armor "0") (health "66") (armor "0") (hitgroup "chest")
L 10/21/2018 - 00:47:56: "cyber<10><STEAM_1:0:441450813><TERRORIST>" [894 276 1614] attacked "Drizzle@LAN<4><STEAM_1:1:52074304><CT>" [-271 327 1614] with "ak47" (damage "34") (damage_armor "0") (health "32") (armor "0") (hitgroup "right arm")
L 10/21/2018 - 00:47:56: "ZaGen<13><STEAM_1:0:224444651><TERRORIST>" say "still having ping issuies"
L 10/21/2018 - 00:47:57: "blinK @ Lan<3><STEAM_1:1:33626697><CT>" left buyzone with [ weapon_knife_m9_bayonet weapon_usp_silencer weapon_awp kevlar(100) helmet ]
L 10/21/2018 - 00:47:58: "cyber<10><STEAM_1:0:441450813><TERRORIST>" [850 278 1614] attacked "Jelly @ LAN<6><STEAM_1:0:215487283><CT>" [555 389 1614] with "ak47" (damage "27") (damage_armor "3") (health "73") (armor "96") (hitgroup "chest")
L 10/21/2018 - 00:47:58: "cyber<10><STEAM_1:0:441450813><TERRORIST>" [851 279 1614] attacked "Jelly @ LAN<6><STEAM_1:0:215487283><CT>" [543 375 1614] with "ak47" (damage "27") (damage_armor "3") (health "46") (armor "92") (hitgroup "right arm")
L 10/21/2018 - 00:47:59: "cyber<10><STEAM_1:0:441450813><TERRORIST>" [851 280 1614] attacked "Jelly @ LAN<6><STEAM_1:0:215487283><CT>" [535 373 1614] with "ak47" (damage "27") (damage_armor "3") (health "19") (armor "88") (hitgroup "chest")
L 10/21/2018 - 00:47:59: "cyber<10><STEAM_1:0:441450813><TERRORIST>" [851 281 1614] attacked "Jelly @ LAN<6><STEAM_1:0:215487283><CT>" [528 373 1614] with "ak47" (damage "27") (damage_armor "3") (health "0") (armor "84") (hitgroup "chest")
L 10/21/2018 - 00:47:59: "cyber<10><STEAM_1:0:441450813><TERRORIST>" [851 281 1614] killed "Jelly @ LAN<6><STEAM_1:0:215487283><CT>" [528 373 1678] with "ak47"
L 10/21/2018 - 00:47:59: "JJTHEGREAT123<12><STEAM_1:0:188697657><TERRORIST>" left buyzone with [ weapon_knife_t weapon_deagle kevlar(100) helmet ]
L 10/21/2018 - 00:47:59: "ZaGen<13><STEAM_1:0:224444651><TERRORIST>" say "its the whole row"
L 10/21/2018 - 00:48:00: "cyber<10><STEAM_1:0:441450813><TERRORIST>" [797 259 1614] attacked "Peanut Butter<5><STEAM_1:0:40867433><CT>" [499 620 1739] with "ak47" (damage "27") (damage_armor "3") (health "73") (armor "96") (hitgroup "chest")
L 10/21/2018 - 00:48:00: "cyber<10><STEAM_1:0:441450813><TERRORIST>" [797 259 1614] attacked "Peanut Butter<5><STEAM_1:0:40867433><CT>" [499 621 1739] with "ak47" (damage "34") (damage_armor "4") (health "39") (armor "91") (hitgroup "stomach")
L 10/21/2018 - 00:48:00: "cyber<10><STEAM_1:0:441450813><TERRORIST>" [797 259 1614] attacked "Peanut Butter<5><STEAM_1:0:40867433><CT>" [499 623 1739] with "ak47" (damage "34") (damage_armor "4") (health "5") (armor "86") (hitgroup "stomach")
L 10/21/2018 - 00:48:00: "cyber<10><STEAM_1:0:441450813><TERRORIST>" [797 259 1614] attacked "Peanut Butter<5><STEAM_1:0:40867433><CT>" [499 625 1739] with "ak47" (damage "34") (damage_armor "4") (health "0") (armor "81") (hitgroup "stomach")
L 10/21/2018 - 00:48:00: "cyber<10><STEAM_1:0:441450813><TERRORIST>" [797 259 1614] killed "Peanut Butter<5><STEAM_1:0:40867433><CT>" [499 625 1785] with "ak47"
L 10/21/2018 - 00:48:00: "Jelly @ LAN<6><STEAM_1:0:215487283><CT>" purchased "deagle"
L 10/21/2018 - 00:48:00: "Jelly @ LAN<6><STEAM_1:0:215487283><CT>" purchased "item_assaultsuit"
L 10/21/2018 - 00:48:01: "cyber<10><STEAM_1:0:441450813><TERRORIST>" [739 233 1613] attacked "Drizzle@LAN<4><STEAM_1:1:52074304><CT>" [182 471 1757] with "ak47" (damage "35") (damage_armor "0") (health "0") (armor "0") (hitgroup "chest")
L 10/21/2018 - 00:48:01: "cyber<10><STEAM_1:0:441450813><TERRORIST>" [739 233 1613] killed "Drizzle@LAN<4><STEAM_1:1:52074304><CT>" [182 471 1821] with "ak47"
L 10/21/2018 - 00:48:01: "Peanut Butter<5><STEAM_1:0:40867433><CT>" purchased "item_assaultsuit"
L 10/21/2018 - 00:48:02: "Jelly @ LAN<6><STEAM_1:0:215487283><CT>" purchased "m4a1"
L 10/21/2018 - 00:48:02: "Peanut Butter<5><STEAM_1:0:40867433><CT>" purchased "deagle"
L 10/21/2018 - 00:48:03: "cyber<10><STEAM_1:0:441450813><TERRORIST>" say "sorry"
L 10/21/2018 - 00:48:04: "Peanut Butter<5><STEAM_1:0:40867433><CT>" say "wait wait"
L 10/21/2018 - 00:48:04: "ZaGen<13><STEAM_1:0:224444651><TERRORIST>" say "*section"
L 10/21/2018 - 00:48:04: "blinK @ Lan<3><STEAM_1:1:33626697><CT>" say "rip"
L 10/21/2018 - 00:48:04: "Jelly @ LAN<6><STEAM_1:0:215487283><CT>" say "you cuck"
L 10/21/2018 - 00:48:05: "cyber<10><STEAM_1:0:441450813><TERRORIST>" say "sorry"
L 10/21/2018 - 00:48:05: "JJTHEGREAT123<12><STEAM_1:0:188697657><TERRORIST>" left buyzone with [ weapon_knife_t weapon_deagle kevlar(100) helmet ]
L 10/21/2018 - 00:48:05: "Peanut Butter<5><STEAM_1:0:40867433><CT>" say "we doing jump"
L 10/21/2018 - 00:48:06: "Drizzle@LAN<4><STEAM_1:1:52074304><CT>" purchased "deagle"
L 10/21/2018 - 00:48:06: "Jelly @ LAN<6><STEAM_1:0:215487283><CT>" left buyzone with [ weapon_knife_karambit weapon_deagle weapon_m4a1 kevlar(100) helmet ]
L 10/21/2018 - 00:48:06: "ZaGen<13><STEAM_1:0:224444651><TERRORIST>" purchased "deagle"
L 10/21/2018 - 00:48:06: "cyber<10><STEAM_1:0:441450813><TERRORIST>" say "surry"
L 10/21/2018 - 00:48:06: "ZaGen<13><STEAM_1:0:224444651><TERRORIST>" purchased "item_assaultsuit"
L 10/21/2018 - 00:48:07: "Drizzle@LAN<4><STEAM_1:1:52074304><CT>" purchased "item_assaultsuit"
L 10/21/2018 - 00:48:08: "cyber<10><STEAM_1:0:441450813><TERRORIST>" say "sorry"
L 10/21/2018 - 00:48:08: "Peanut Butter<5><STEAM_1:0:40867433><CT>" left buyzone with [ weapon_knife_karambit weapon_deagle kevlar(100) helmet ]
L 10/21/2018 - 00:48:08: "ZaGen<13><STEAM_1:0:224444651><TERRORIST>" left buyzone with [ weapon_knife_t weapon_deagle kevlar(100) helmet ]
L 10/21/2018 - 00:48:08: "Drizzle@LAN<4><STEAM_1:1:52074304><CT>" left buyzone with [ weapon_knife weapon_deagle kevlar(100) helmet ]
L 10/21/2018 - 00:48:09: "JJTHEGREAT123<12><STEAM_1:0:188697657><TERRORIST>" left buyzone with [ weapon_knife_t weapon_deagle kevlar(100) helmet ]
L 10/21/2018 - 00:48:10: "cyber<10><STEAM_1:0:441450813><TERRORIST>" say "i stop"
L 10/21/2018 - 00:48:12: "blinK @ Lan<3><STEAM_1:1:33626697><CT>" say "we could 5v5 minecrafT?"
L 10/21/2018 - 00:48:14: "ZaGen<13><STEAM_1:0:224444651><TERRORIST>" say "^"
L 10/21/2018 - 00:48:15: "Jelly @ LAN<6><STEAM_1:0:215487283><CT>" say "^"
L 10/21/2018 - 00:48:18: "ZaGen<13><STEAM_1:0:224444651><TERRORIST>" [994 178 1614] attacked "Jelly @ LAN<6><STEAM_1:0:215487283><CT>" [93 457 1766] with "deagle" (damage "39") (damage_armor "1") (health "61") (armor "98") (hitgroup "left arm")
L 10/21/2018 - 00:48:20: "blinK @ Lan<3><STEAM_1:1:33626697><CT>" [325 353 1613] attacked "cyber<10><STEAM_1:0:441450813><TERRORIST>" [462 -39 1778] with "awp" (damage "111") (damage_armor "1") (health "0") (armor "98") (hitgroup "chest")
L 10/21/2018 - 00:48:20: "blinK @ Lan<3><STEAM_1:1:33626697><CT>" [325 353 1613] killed "cyber<10><STEAM_1:0:441450813><TERRORIST>" [462 -39 1842] with "awp"
L 10/21/2018 - 00:48:22: "cyber<10><STEAM_1:0:441450813><TERRORIST>" purchased "ak47"
L 10/21/2018 - 00:48:22: "Khaos<8><STEAM_1:0:207914052><TERRORIST>" say "lmao"
L 10/21/2018 - 00:48:22: "cyber<10><STEAM_1:0:441450813><TERRORIST>" purchased "item_assaultsuit"
L 10/21/2018 - 00:48:22: "ZaGen<13><STEAM_1:0:224444651><TERRORIST>" [965 136 1614] attacked "Peanut Butter<5><STEAM_1:0:40867433><CT>" [509 633 1613] with "deagle" (damage "44") (damage_armor "1") (health "56") (armor "98") (hitgroup "chest")
L 10/21/2018 - 00:48:23: "cyber<10><STEAM_1:0:441450813><TERRORIST>" say "okay"
L 10/21/2018 - 00:48:23: rcon from "172.30.40.7:64732": command "echo HLSW: Test"
L 10/21/2018 - 00:48:24: "Psycho<11><STEAM_1:1:168418375><TERRORIST>" say "hunger games?"
L 10/21/2018 - 00:48:24: "ZaGen<13><STEAM_1:0:224444651><TERRORIST>" [963 138 1614] attacked "blinK @ Lan<3><STEAM_1:1:33626697><CT>" [871 220 1614] with "deagle" (damage "224") (damage_armor "8") (health "0") (armor "91") (hitgroup "head")
L 10/21/2018 - 00:48:24: "ZaGen<13><STEAM_1:0:224444651><TERRORIST>" [963 138 1614] killed "blinK @ Lan<3><STEAM_1:1:33626697><CT>" [871 220 1678] with "deagle" (headshot)
L 10/21/2018 - 00:48:26: "blinK @ Lan<3><STEAM_1:1:33626697><CT>" purchased "item_assaultsuit"
L 10/21/2018 - 00:48:26: "blinK @ Lan<3><STEAM_1:1:33626697><CT>" purchased "m4a1"
L 10/21/2018 - 00:48:26: "cyber<10><STEAM_1:0:441450813><TERRORIST>" say "who killed me"
L 10/21/2018 - 00:48:26: rcon from "172.30.40.7:64732": command "maps *"
L 10/21/2018 - 00:48:27: "ZaGen<13><STEAM_1:0:224444651><TERRORIST>" [913 276 1614] attacked "Peanut Butter<5><STEAM_1:0:40867433><CT>" [-63 369 1613] with "deagle" (damage "155") (damage_armor "5") (health "0") (armor "92") (hitgroup "head")
L 10/21/2018 - 00:48:27: "ZaGen<13><STEAM_1:0:224444651><TERRORIST>" [913 276 1614] killed "Peanut Butter<5><STEAM_1:0:40867433><CT>" [-63 369 1677] with "deagle" (headshot)
L 10/21/2018 - 00:48:28: "Jelly @ LAN<6><STEAM_1:0:215487283><CT>" [530 472 1614] attacked "ZaGen<13><STEAM_1:0:224444651><TERRORIST>" [871 260 1614] with "m4a1" (damage "22") (damage_armor "4") (health "78") (armor "95") (hitgroup "chest")
L 10/21/2018 - 00:48:28: "Jelly @ LAN<6><STEAM_1:0:215487283><CT>" [530 472 1614] attacked "ZaGen<13><STEAM_1:0:224444651><TERRORIST>" [861 261 1614] with "m4a1" (damage "22") (damage_armor "4") (health "56") (armor "90") (hitgroup "chest")
L 10/21/2018 - 00:48:28: "Jelly @ LAN<6><STEAM_1:0:215487283><CT>" [530 472 1614] attacked "ZaGen<13><STEAM_1:0:224444651><TERRORIST>" [858 266 1614] with "m4a1" (damage "22") (damage_armor "4") (health "34") (armor "85") (hitgroup "chest")
L 10/21/2018 - 00:48:28: "Jelly @ LAN<6><STEAM_1:0:215487283><CT>" [530 472 1614] attacked "ZaGen<13><STEAM_1:0:224444651><TERRORIST>" [859 268 1614] with "m4a1" (damage "22") (damage_armor "4") (health "12") (armor "80") (hitgroup "chest")
L 10/21/2018 - 00:48:28: "Jelly @ LAN<6><STEAM_1:0:215487283><CT>" [530 472 1614] attacked "ZaGen<13><STEAM_1:0:224444651><TERRORIST>" [859 268 1614] with "m4a1" (damage "22") (damage_armor "4") (health "0") (armor "75") (hitgroup "chest")
L 10/21/2018 - 00:48:28: "Jelly @ LAN<6><STEAM_1:0:215487283><CT>" [530 472 1614] killed "ZaGen<13><STEAM_1:0:224444651><TERRORIST>" [859 268 1678] with "m4a1"
L 10/21/2018 - 00:48:28: "Peanut Butter<5><STEAM_1:0:40867433><CT>" purchased "item_assaultsuit"
L 10/21/2018 - 00:48:28: "cyber<10><STEAM_1:0:441450813><TERRORIST>" purchased "molotov"
L 10/21/2018 - 00:48:29: "cyber<10><STEAM_1:0:441450813><TERRORIST>" purchased "smokegrenade"
L 10/21/2018 - 00:48:29: "Peanut Butter<5><STEAM_1:0:40867433><CT>" purchased "deagle"
L 10/21/2018 - 00:48:29: "cyber<10><STEAM_1:0:441450813><TERRORIST>" purchased "flashbang"
L 10/21/2018 - 00:48:29: "cyber<10><STEAM_1:0:441450813><TERRORIST>" purchased "flashbang"
L 10/21/2018 - 00:48:29: "Jelly @ LAN<6><STEAM_1:0:215487283><CT>" say "STOP"
L 10/21/2018 - 00:48:30: "ZaGen<13><STEAM_1:0:224444651><TERRORIST>" say "HAHA"
L 10/21/2018 - 00:48:31: "Peanut Butter<5><STEAM_1:0:40867433><CT>" say "刀卂刀刀丫 匚卄口长乇 从乇"
L 10/21/2018 - 00:48:31: "cyber<10><STEAM_1:0:441450813><TERRORIST>" left buyzone with [ weapon_knife_t weapon_glock weapon_ak47 weapon_molotov weapon_smokegrenade weapon_flashbang kevlar(100) helmet ]
L 10/21/2018 - 00:48:31: "Peanut Butter<5><STEAM_1:0:40867433><CT>" left buyzone with [ weapon_knife_karambit weapon_deagle kevlar(100) helmet ]
L 10/21/2018 - 00:48:31: "Peanut Butter<5><STEAM_1:0:40867433><CT>" say "刀卂刀刀丫 匚卄口长乇 从乇"
L 10/21/2018 - 00:48:32: "ZaGen<13><STEAM_1:0:224444651><TERRORIST>" purchased "deagle"
L 10/21/2018 - 00:48:33: "ZaGen<13><STEAM_1:0:224444651><TERRORIST>" purchased "item_assaultsuit"
L 10/21/2018 - 00:48:34: "Khaos<8><STEAM_1:0:207914052><TERRORIST>" say "uhc?"
L 10/21/2018 - 00:48:35: rcon from "172.30.40.7:64732": command "changelevel de_overpass"
L 10/21/2018 - 00:48:35: [META] Loaded 0 plugins (1 already loaded)
L 10/21/2018 - 00:48:35: [META] Loaded 0 plugins (1 already loaded)
L 10/21/2018 - 00:48:35: Log file closed
