L 10/18/2017 - 20:43:22: SourceMod log file session started (file "L20171018.log") (Version "1.9.0.6148")
L 10/18/2017 - 20:43:22: -------- Mapchange to de_dust2 --------
L 10/18/2017 - 20:43:22: [GEOIP] GeoIP database info: GEO-106FREE 20170801 Build 1 Copyright (c) 2017 MaxMind Inc All Rights Reserved
L 10/18/2017 - 20:43:24: [basecommands.smx] "Console<0><Console><Console>" changed cvar (cvar "sv_hibernate_when_empty") (value "0")
L 10/18/2017 - 20:43:27: [UPDATER] Successfully updated gamedata file "sm-cstrike.games/game.css.txt"
L 10/18/2017 - 20:43:27: [UPDATER] Successfully updated gamedata file "sm-cstrike.games/game.csgo.txt"
L 10/18/2017 - 20:43:27: [UPDATER] Successfully updated gamedata file "core.games/engine.l4d2.txt"
L 10/18/2017 - 20:43:27: [UPDATER] Successfully updated gamedata file "core.games/engine.bms.txt"
L 10/18/2017 - 20:43:27: [UPDATER] Successfully updated gamedata file "core.games/engine.contagion.txt"
L 10/18/2017 - 20:43:27: [UPDATER] Successfully updated gamedata file "core.games/engine.blade.txt"
L 10/18/2017 - 20:43:27: [UPDATER] Successfully updated gamedata file "core.games/master.games.txt"
L 10/18/2017 - 20:43:27: [UPDATER] Successfully updated gamedata file "core.games/engine.insurgency.txt"
L 10/18/2017 - 20:43:27: [UPDATER] Successfully updated gamedata file "sdkhooks.games/game.neotokyo.txt"
L 10/18/2017 - 20:43:27: [UPDATER] Successfully updated gamedata file "sdkhooks.games/game.ag2.txt"
L 10/18/2017 - 20:43:27: [UPDATER] Successfully updated gamedata file "sdkhooks.games/game.doi.txt"
L 10/18/2017 - 20:43:27: [UPDATER] Successfully updated gamedata file "sdkhooks.games/game.kz.txt"
L 10/18/2017 - 20:43:27: [UPDATER] Successfully updated gamedata file "sdkhooks.games/game.aoc.txt"
L 10/18/2017 - 20:43:27: [UPDATER] Successfully updated gamedata file "sdkhooks.games/game.gesource.txt"
L 10/18/2017 - 20:43:27: [UPDATER] Successfully updated gamedata file "sdkhooks.games/game.sourceforts.txt"
L 10/18/2017 - 20:43:27: [UPDATER] Successfully updated gamedata file "sdkhooks.games/game.l4d2.txt"
L 10/18/2017 - 20:43:27: [UPDATER] Successfully updated gamedata file "sdkhooks.games/game.nucleardawn.txt"
L 10/18/2017 - 20:43:27: [UPDATER] Successfully updated gamedata file "sdkhooks.games/engine.l4d.txt"
L 10/18/2017 - 20:43:27: [UPDATER] Successfully updated gamedata file "sdkhooks.games/game.hidden.txt"
L 10/18/2017 - 20:43:27: [UPDATER] Successfully updated gamedata file "sdkhooks.games/engine.csgo.txt"
L 10/18/2017 - 20:43:27: [UPDATER] Successfully updated gamedata file "sdkhooks.games/game.empires.txt"
L 10/18/2017 - 20:43:27: [UPDATER] Successfully updated gamedata file "sdkhooks.games/game.sgtls.txt"
L 10/18/2017 - 20:43:27: [UPDATER] Successfully updated gamedata file "sdkhooks.games/engine.contagion.txt"
L 10/18/2017 - 20:43:27: [UPDATER] Successfully updated gamedata file "sdkhooks.games/engine.blade.txt"
L 10/18/2017 - 20:43:27: [UPDATER] Successfully updated gamedata file "sdkhooks.games/game.modularcombat.txt"
L 10/18/2017 - 20:43:27: [UPDATER] Successfully updated gamedata file "sdkhooks.games/game.cspromod.txt"
L 10/18/2017 - 20:43:27: [UPDATER] Successfully updated gamedata file "sdkhooks.games/game.synergy.txt"
L 10/18/2017 - 20:43:27: [UPDATER] Successfully updated gamedata file "sdkhooks.games/engine.darkm.txt"
L 10/18/2017 - 20:43:27: [UPDATER] Successfully updated gamedata file "sdkhooks.games/game.ff.txt"
L 10/18/2017 - 20:43:27: [UPDATER] Successfully updated gamedata file "sdkhooks.games/game.cstrike.txt"
L 10/18/2017 - 20:43:27: [UPDATER] Successfully updated gamedata file "sdkhooks.games/game.zm.txt"
L 10/18/2017 - 20:43:27: [UPDATER] Successfully updated gamedata file "sdkhooks.games/game.zpanic.txt"
L 10/18/2017 - 20:43:27: [UPDATER] Successfully updated gamedata file "sdkhooks.games/game.alienswarm.txt"
L 10/18/2017 - 20:43:27: [UPDATER] Successfully updated gamedata file "sdkhooks.games/game.reactivedrop.txt"
L 10/18/2017 - 20:43:27: [UPDATER] Successfully updated gamedata file "sdkhooks.games/engine.ep2v.txt"
L 10/18/2017 - 20:43:27: [UPDATER] Successfully updated gamedata file "sdkhooks.games/game.insurgency.txt"
L 10/18/2017 - 20:43:27: [UPDATER] Successfully updated gamedata file "sdkhooks.games/game.bms.txt"
L 10/18/2017 - 20:43:27: [UPDATER] Successfully updated gamedata file "sdkhooks.games/game.dinodday.txt"
L 10/18/2017 - 20:43:27: [UPDATER] Successfully updated gamedata file "sdkhooks.games/master.games.txt"
L 10/18/2017 - 20:43:27: [UPDATER] Successfully updated gamedata file "sdkhooks.games/engine.insurgency.txt"
L 10/18/2017 - 20:43:27: [UPDATER] Successfully updated gamedata file "sdkhooks.games/game.nmrih.txt"
L 10/18/2017 - 20:43:27: [UPDATER] Successfully updated gamedata file "sm-tf2.games.txt"
L 10/18/2017 - 20:43:27: [UPDATER] Successfully updated gamedata file "sdktools.games/engine.l4d2.txt"
L 10/18/2017 - 20:43:27: [UPDATER] Successfully updated gamedata file "sdktools.games/game.neotokyo.txt"
L 10/18/2017 - 20:43:27: [UPDATER] Successfully updated gamedata file "sdktools.games/game.ag2.txt"
L 10/18/2017 - 20:43:27: [UPDATER] Successfully updated gamedata file "sdktools.games/game.hl2mp.txt"
L 10/18/2017 - 20:43:27: [UPDATER] Successfully updated gamedata file "sdktools.games/game.doi.txt"
L 10/18/2017 - 20:43:27: [UPDATER] Successfully updated gamedata file "sdktools.games/game.kz.txt"
L 10/18/2017 - 20:43:27: [UPDATER] Successfully updated gamedata file "sdktools.games/game.fof.txt"
L 10/18/2017 - 20:43:27: [UPDATER] Successfully updated gamedata file "sdktools.games/game.aoc.txt"
L 10/18/2017 - 20:43:27: [UPDATER] Successfully updated gamedata file "sdktools.games/game.left4dead2.txt"
L 10/18/2017 - 20:43:27: [UPDATER] Successfully updated gamedata file "sdktools.games/game.gesource.txt"
L 10/18/2017 - 20:43:27: [UPDATER] Successfully updated gamedata file "sdktools.games/game.sourceforts.txt"
L 10/18/2017 - 20:43:27: [UPDATER] Successfully updated gamedata file "sdktools.games/game.dystopia.txt"
L 10/18/2017 - 20:43:27: [UPDATER] Successfully updated gamedata file "sdktools.games/engine.ep2valve.txt"
L 10/18/2017 - 20:43:27: [UPDATER] Successfully updated gamedata file "sdktools.games/game.nucleardawn.txt"
L 10/18/2017 - 20:43:27: [UPDATER] Successfully updated gamedata file "sdktools.games/engine.l4d.txt"
L 10/18/2017 - 20:43:27: [UPDATER] Successfully updated gamedata file "sdktools.games/game.bg2.txt"
L 10/18/2017 - 20:43:27: [UPDATER] Successfully updated gamedata file "sdktools.games/game.hidden.txt"
L 10/18/2017 - 20:43:27: [UPDATER] Successfully updated gamedata file "sdktools.games/engine.ep1.txt"
L 10/18/2017 - 20:43:27: [UPDATER] Successfully updated gamedata file "sdktools.games/engine.csgo.txt"
L 10/18/2017 - 20:43:27: [UPDATER] Successfully updated gamedata file "sdktools.games/engine.sdk2013.txt"
L 10/18/2017 - 20:43:27: [UPDATER] Successfully updated gamedata file "sdktools.games/engine.ep2.txt"
L 10/18/2017 - 20:43:27: [UPDATER] Successfully updated gamedata file "sdktools.games/game.empires.txt"
L 10/18/2017 - 20:43:27: [UPDATER] Successfully updated gamedata file "sdktools.games/game.ios.txt"
L 10/18/2017 - 20:43:27: [UPDATER] Successfully updated gamedata file "sdktools.games/engine.contagion.txt"
L 10/18/2017 - 20:43:27: [UPDATER] Successfully updated gamedata file "sdktools.games/engine.blade.txt"
L 10/18/2017 - 20:43:27: [UPDATER] Successfully updated gamedata file "sdktools.games/game.pvkii.txt"
L 10/18/2017 - 20:43:27: [UPDATER] Successfully updated gamedata file "sdktools.games/game.fas.txt"
L 10/18/2017 - 20:43:27: [UPDATER] Successfully updated gamedata file "sdktools.games/game.modularcombat.txt"
L 10/18/2017 - 20:43:27: [UPDATER] Successfully updated gamedata file "sdktools.games/game.cspromod.txt"
L 10/18/2017 - 20:43:27: [UPDATER] Successfully updated gamedata file "sdktools.games/engine.swarm.txt"
L 10/18/2017 - 20:43:27: [UPDATER] Successfully updated gamedata file "sdktools.games/game.synergy.txt"
L 10/18/2017 - 20:43:27: [UPDATER] Successfully updated gamedata file "sdktools.games/engine.darkm.txt"
L 10/18/2017 - 20:43:27: [UPDATER] Successfully updated gamedata file "sdktools.games/game.ff.txt"
L 10/18/2017 - 20:43:27: [UPDATER] Successfully updated gamedata file "sdktools.games/game.cstrike.txt"
L 10/18/2017 - 20:43:27: [UPDATER] Successfully updated gamedata file "sdktools.games/game.zm.txt"
L 10/18/2017 - 20:43:27: [UPDATER] Successfully updated gamedata file "sdktools.games/game.zpanic.txt"
L 10/18/2017 - 20:43:27: [UPDATER] Successfully updated gamedata file "sdktools.games/game.dod.txt"
L 10/18/2017 - 20:43:27: [UPDATER] Successfully updated gamedata file "sdktools.games/game.alienswarm.txt"
L 10/18/2017 - 20:43:27: [UPDATER] Successfully updated gamedata file "sdktools.games/game.reactivedrop.txt"
L 10/18/2017 - 20:43:27: [UPDATER] Successfully updated gamedata file "sdktools.games/engine.css.txt"
L 10/18/2017 - 20:43:27: [UPDATER] Successfully updated gamedata file "sdktools.games/game.insurgency.txt"
L 10/18/2017 - 20:43:27: [UPDATER] Successfully updated gamedata file "sdktools.games/engine.bgt.txt"
L 10/18/2017 - 20:43:27: [UPDATER] Successfully updated gamedata file "sdktools.games/game.bms.txt"
L 10/18/2017 - 20:43:27: [UPDATER] Successfully updated gamedata file "sdktools.games/game.dinodday.txt"
L 10/18/2017 - 20:43:27: [UPDATER] Successfully updated gamedata file "sdktools.games/master.games.txt"
L 10/18/2017 - 20:43:27: [UPDATER] Successfully updated gamedata file "sdktools.games/engine.eye.txt"
L 10/18/2017 - 20:43:27: [UPDATER] Successfully updated gamedata file "sdktools.games/game.ship.txt"
L 10/18/2017 - 20:43:27: [UPDATER] Successfully updated gamedata file "sdktools.games/engine.insurgency.txt"
L 10/18/2017 - 20:43:27: [UPDATER] Successfully updated gamedata file "sdktools.games/game.esmod.txt"
L 10/18/2017 - 20:43:27: [UPDATER] Successfully updated gamedata file "sdktools.games/game.rnlbeta.txt"
L 10/18/2017 - 20:43:27: [UPDATER] Successfully updated gamedata file "sdktools.games/game.obsidian.txt"
L 10/18/2017 - 20:43:27: [UPDATER] Successfully updated gamedata file "sdktools.games/game.nmrih.txt"
L 10/18/2017 - 20:43:27: [UPDATER] SourceMod has been updated, please reload it or restart your server.
L 10/18/2017 - 20:51:55: Log file closed.
