L 03/09/2019 - 17:12:53: Log file started (file "logs/L172_030_014_020_27015_201903091712_000.log") (game "/app/csgo") (version "7424")
L 03/09/2019 - 17:12:53: Loading map "de_cache"
L 03/09/2019 - 17:12:53: server cvars start
L 03/09/2019 - 17:12:53: "cash_player_killed_teammate" = "-300"
L 03/09/2019 - 17:12:53: "cash_player_respawn_amount" = "0"
L 03/09/2019 - 17:12:53: "sv_maxspeed" = "320"
L 03/09/2019 - 17:12:53: "cash_team_winner_bonus_consecutive_rounds" = "0"
L 03/09/2019 - 17:12:53: "cash_team_rescued_hostage" = "0"
L 03/09/2019 - 17:12:53: "cash_team_win_by_defusing_bomb" = "3250"
L 03/09/2019 - 17:12:53: "sv_rollangle" = "0"
L 03/09/2019 - 17:12:53: "r_AirboatViewZHeight" = "0.0"
L 03/09/2019 - 17:12:53: "sv_cheats" = "0"
L 03/09/2019 - 17:12:53: "r_VehicleViewDampen" = "1"
L 03/09/2019 - 17:12:53: "metamod_version" = "1.11.0-dev+1116V"
L 03/09/2019 - 17:12:53: "mp_allowNPCs" = "1"
L 03/09/2019 - 17:12:53: "mp_tournament" = "0"
L 03/09/2019 - 17:12:53: "sv_vote_issue_pause_match_spec_only" = "0"
L 03/09/2019 - 17:12:53: "sv_spec_hear" = "1"
L 03/09/2019 - 17:12:53: "cash_player_interact_with_hostage" = "150"
L 03/09/2019 - 17:12:53: "mp_maxrounds" = "0"
L 03/09/2019 - 17:12:53: "mp_flashlight" = "0"
L 03/09/2019 - 17:12:53: "sv_tags" = ""
L 03/09/2019 - 17:12:53: "sv_stepsize" = "18"
L 03/09/2019 - 17:12:53: "sv_alltalk" = "0"
L 03/09/2019 - 17:12:53: "mp_teamlist" = "hgrunt;scientist"
L 03/09/2019 - 17:12:53: "mp_footsteps" = "1"
L 03/09/2019 - 17:12:53: "sv_noclipaccelerate" = "5"
L 03/09/2019 - 17:12:53: "sv_accelerate_debug_speed" = "0"
L 03/09/2019 - 17:12:53: "sv_wateraccelerate" = "10"
L 03/09/2019 - 17:12:53: "mp_stalemate_enable" = "0"
L 03/09/2019 - 17:12:53: "mp_autocrosshair" = "1"
L 03/09/2019 - 17:12:53: "sourcemod_version" = "1.10.0.6380"
L 03/09/2019 - 17:12:53: "cash_team_elimination_bomb_map" = "3250"
L 03/09/2019 - 17:12:53: "cash_player_get_killed" = "0"
L 03/09/2019 - 17:12:53: "mp_roundtime_defuse" = "0"
L 03/09/2019 - 17:12:53: "sv_autobuyammo" = "0"
L 03/09/2019 - 17:12:53: "sv_rollspeed" = "200"
L 03/09/2019 - 17:12:53: "sv_airaccelerate" = "12"
L 03/09/2019 - 17:12:53: "sv_show_team_equipment_prohibit" = "0"
L 03/09/2019 - 17:12:53: "mp_teams_unbalance_limit" = "1"
L 03/09/2019 - 17:12:53: "mp_timelimit" = "5"
L 03/09/2019 - 17:12:53: "cash_team_loser_bonus" = "1400"
L 03/09/2019 - 17:12:53: "sv_deadtalk" = "0"
L 03/09/2019 - 17:12:53: "cash_player_rescued_hostage" = "1000"
L 03/09/2019 - 17:12:53: "sv_waterfriction" = "1"
L 03/09/2019 - 17:12:53: "sv_competitive_official_5v5" = "0"
L 03/09/2019 - 17:12:53: "sv_steamgroup" = ""
L 03/09/2019 - 17:12:53: "cash_player_killed_enemy_default" = "300"
L 03/09/2019 - 17:12:53: "coop" = "0"
L 03/09/2019 - 17:12:53: "mp_respawnwavetime" = "10.0"
L 03/09/2019 - 17:12:53: "sv_teamid_overhead" = "1"
L 03/09/2019 - 17:12:53: "tv_enable1" = "0"
L 03/09/2019 - 17:12:53: "nextlevel" = ""
L 03/09/2019 - 17:12:53: "sv_stopspeed" = "80"
L 03/09/2019 - 17:12:53: "sv_specaccelerate" = "5"
L 03/09/2019 - 17:12:53: "deathmatch" = "1"
L 03/09/2019 - 17:12:53: "tv_enable" = "0"
L 03/09/2019 - 17:12:53: "mp_roundtime_hostage" = "0"
L 03/09/2019 - 17:12:53: "mp_freezetime" = "6"
L 03/09/2019 - 17:12:53: "mp_teammates_are_enemies" = "0"
L 03/09/2019 - 17:12:53: "mp_falldamage" = "0"
L 03/09/2019 - 17:12:53: "sv_accelerate_use_weapon_speed" = "1"
L 03/09/2019 - 17:12:53: "sv_voiceenable" = "1"
L 03/09/2019 - 17:12:53: "sv_teamid_overhead_always_prohibit" = "0"
L 03/09/2019 - 17:12:53: "sv_bounce" = "0"
L 03/09/2019 - 17:12:53: "mp_disable_respawn_times" = "0"
L 03/09/2019 - 17:12:53: "r_AirboatViewDampenFreq" = "7.0"
L 03/09/2019 - 17:12:53: "mp_weaponstay" = "0"
L 03/09/2019 - 17:12:53: "mp_hostagepenalty" = "10"
L 03/09/2019 - 17:12:53: "tv_advertise_watchable" = "0"
L 03/09/2019 - 17:12:53: "mp_friendlyfire" = "0"
L 03/09/2019 - 17:12:53: "cash_team_hostage_interaction" = "500"
L 03/09/2019 - 17:12:53: "sv_noclipspeed" = "5"
L 03/09/2019 - 17:12:53: "cash_team_win_by_time_running_out_bomb" = "3250"
L 03/09/2019 - 17:12:53: "sv_allchat" = "1"
L 03/09/2019 - 17:12:53: "mp_buy_during_immunity" = "0"
L 03/09/2019 - 17:12:53: "cash_player_killed_enemy_factor" = "1"
L 03/09/2019 - 17:12:53: "mp_c4timer" = "40"
L 03/09/2019 - 17:12:53: "r_JeepViewDampenDamp" = "1.0"
L 03/09/2019 - 17:12:53: "sv_competitive_minspec" = "1"
L 03/09/2019 - 17:12:53: "r_AirboatViewDampenDamp" = "1.0"
L 03/09/2019 - 17:12:53: "sm_nextmap" = ""
L 03/09/2019 - 17:12:53: "sv_max_allowed_net_graph" = "1"
L 03/09/2019 - 17:12:53: "mp_stalemate_at_timelimit" = "0"
L 03/09/2019 - 17:12:53: "mp_limitteams" = "2"
L 03/09/2019 - 17:12:53: "sv_footsteps" = "1"
L 03/09/2019 - 17:12:53: "sv_vote_issue_kick_allowed" = "1"
L 03/09/2019 - 17:12:53: "cash_team_survive_guardian_wave" = "1000"
L 03/09/2019 - 17:12:53: "tv_relaypassword" = "CoyotesChooseSoup"
L 03/09/2019 - 17:12:53: "mp_teamplay" = "0"
L 03/09/2019 - 17:12:53: "cash_team_terrorist_win_bomb" = "3500"
L 03/09/2019 - 17:12:53: "cash_team_elimination_hostage_map_t" = "1000"
L 03/09/2019 - 17:12:53: "r_JeepViewDampenFreq" = "7.0"
L 03/09/2019 - 17:12:53: "cash_team_win_by_time_running_out_hostage" = "3250"
L 03/09/2019 - 17:12:53: "sv_specnoclip" = "1"
L 03/09/2019 - 17:12:53: "sv_friction" = "5.2"
L 03/09/2019 - 17:12:53: "cash_player_bomb_planted" = "300"
L 03/09/2019 - 17:12:53: "mp_autoteambalance" = "1"
L 03/09/2019 - 17:12:53: "sv_contact" = ""
L 03/09/2019 - 17:12:53: "sv_vote_kick_ban_duration" = "15"
L 03/09/2019 - 17:12:53: "cash_player_bomb_defused" = "300"
L 03/09/2019 - 17:12:53: "mp_roundtime" = "5"
L 03/09/2019 - 17:12:53: "sv_kick_ban_duration" = "15"
L 03/09/2019 - 17:12:53: "cash_team_planted_bomb_but_defused" = "800"
L 03/09/2019 - 17:12:53: "cash_player_killed_hostage" = "-1000"
L 03/09/2019 - 17:12:53: "sv_vote_issue_loadbackup_allowed" = "1"
L 03/09/2019 - 17:12:53: "nextmode" = ""
L 03/09/2019 - 17:12:53: "mp_fraglimit" = "0"
L 03/09/2019 - 17:12:53: "mp_forcerespawn" = "1"
L 03/09/2019 - 17:12:53: "mp_winlimit" = "0"
L 03/09/2019 - 17:12:53: "sv_accelerate" = "5.5"
L 03/09/2019 - 17:12:53: "mp_buy_anywhere" = "0"
L 03/09/2019 - 17:12:53: "sv_gravity" = "800"
L 03/09/2019 - 17:12:53: "sv_password" = "scientists89"
L 03/09/2019 - 17:12:53: "cash_team_elimination_hostage_map_ct" = "2000"
L 03/09/2019 - 17:12:53: "cash_team_win_by_hostage_rescue" = "3500"
L 03/09/2019 - 17:12:53: "sv_vote_issue_loadbackup_spec_only" = "0"
L 03/09/2019 - 17:12:53: "cash_team_loser_bonus_consecutive_rounds" = "500"
L 03/09/2019 - 17:12:53: "cash_player_damage_hostage" = "-30"
L 03/09/2019 - 17:12:53: "r_JeepViewZHeight" = "10.0"
L 03/09/2019 - 17:12:53: "cash_team_hostage_alive" = "0"
L 03/09/2019 - 17:12:53: "tv_password" = "CoyotesChooseSoup"
L 03/09/2019 - 17:12:53: "sv_specspeed" = "3"
L 03/09/2019 - 17:12:53: server cvars end
L 03/09/2019 - 17:12:58: Started map "de_cache" (CRC "1901448379")
L 03/09/2019 - 17:12:59: server_cvar: "sm_nextmap" "de_cache"
L 03/09/2019 - 17:12:59: "Console<0><Console><Console>" say ""Running server.cfg""
L 03/09/2019 - 17:12:59: server_cvar: "sv_competitive_official_5v5" "1"
L 03/09/2019 - 17:12:59: server_cvar: "sv_contact" "0"
L 03/09/2019 - 17:12:59: server_cvar: "sv_teamid_overhead_always_prohibit" "1"
L 03/09/2019 - 17:12:59: server_cvar: "sv_deadtalk" "1"
L 03/09/2019 - 17:12:59: server_cvar: "sv_kick_ban_duration" "0"
L 03/09/2019 - 17:12:59: server_cvar: "tv_enable" "1"
L 03/09/2019 - 17:12:59: server_cvar: "cash_player_interact_with_hostage" "300"
L 03/09/2019 - 17:12:59: server_cvar: "cash_team_elimination_hostage_map_t" "3000"
L 03/09/2019 - 17:12:59: server_cvar: "cash_team_elimination_hostage_map_ct" "3000"
L 03/09/2019 - 17:12:59: server_cvar: "cash_team_hostage_interaction" "600"
L 03/09/2019 - 17:12:59: server_cvar: "cash_team_rescued_hostage" "600"
L 03/09/2019 - 17:12:59: server_cvar: "cash_team_win_by_defusing_bomb" "3500"
L 03/09/2019 - 17:12:59: server_cvar: "cash_team_win_by_hostage_rescue" "2900"
L 03/09/2019 - 17:12:59: server_cvar: "mp_freezetime" "15"
L 03/09/2019 - 17:12:59: server_cvar: "mp_friendlyfire" "1"
L 03/09/2019 - 17:12:59: server_cvar: "mp_maxrounds" "30"
L 03/09/2019 - 17:12:59: server_cvar: "mp_roundtime" "1.92"
L 03/09/2019 - 17:12:59: server_cvar: "mp_roundtime_hostage" "1.92"
L 03/09/2019 - 17:12:59: server_cvar: "mp_roundtime_defuse" "1.92"
L 03/09/2019 - 17:12:59: server_cvar: "mp_timelimit" "0"
L 03/09/2019 - 17:12:59: "Console<0><Console><Console>" say ""Running gamemode_competitive_server.cfg""
L 03/09/2019 - 17:12:59: server_cvar: "mp_autoteambalance" "0"
L 03/09/2019 - 17:12:59: server_cvar: "mp_limitteams" "0"
L 03/09/2019 - 17:12:59: server_cvar: "mp_roundtime" "1.75"
L 03/09/2019 - 17:12:59: server_cvar: "mp_roundtime_defuse" "1.75"
L 03/09/2019 - 17:13:07: "GOTV<2><BOT><>" connected, address ""
L 03/09/2019 - 17:13:07: "GOTV<2><BOT><>" entered the game
L 03/09/2019 - 17:13:07: "GOTV<2><BOT><Unassigned>" changed name to "zGO-TV-"Nancy_reagan-vs-Milf""
L 03/09/2019 - 17:13:08: World triggered "Round_Start"
L 03/09/2019 - 17:13:08: server_cvar: "sm_nextmap" "de_dust"
L 03/09/2019 - 17:14:40: "Sweets<3><STEAM_1:1:44108695><>" connected, address ""
L 03/09/2019 - 17:14:40: "Sweets<3><STEAM_1:1:44108695><>" STEAM USERID validated
L 03/09/2019 - 17:14:45: "Sweets<3><STEAM_1:1:44108695><>" entered the game
L 03/09/2019 - 17:14:48: "Koach<4><STEAM_1:0:41860015><>" connected, address ""
L 03/09/2019 - 17:14:48: "Koach<4><STEAM_1:0:41860015><>" STEAM USERID validated
L 03/09/2019 - 17:14:51: "Sweets<3><STEAM_1:1:44108695>" switched from team <Unassigned> to <CT>
L 03/09/2019 - 17:14:51: "Sweets<3><STEAM_1:1:44108695><CT>" picked up "knife"
L 03/09/2019 - 17:14:51: "Sweets<3><STEAM_1:1:44108695><CT>" picked up "hkp2000"
L 03/09/2019 - 17:14:51: World triggered "Game_Commencing"
L 03/09/2019 - 17:14:51: Team playing "CT": Nancy_reagan
L 03/09/2019 - 17:14:51: Team playing "TERRORIST": Milf
L 03/09/2019 - 17:14:51: "Sweets<3><STEAM_1:1:44108695><CT>" dropped "knife"
L 03/09/2019 - 17:14:51: "Sweets<3><STEAM_1:1:44108695><CT>" dropped "hkp2000"
L 03/09/2019 - 17:14:51: Starting Freeze period
L 03/09/2019 - 17:14:51: "Sweets<3><STEAM_1:1:44108695><CT>" picked up "knife"
L 03/09/2019 - 17:14:51: "Sweets<3><STEAM_1:1:44108695><CT>" picked up "hkp2000"
L 03/09/2019 - 17:14:51: World triggered "Match_Start" on "de_cache"
L 03/09/2019 - 17:14:51: Team playing "CT": Nancy_reagan
L 03/09/2019 - 17:14:51: Team playing "TERRORIST": Milf
L 03/09/2019 - 17:14:53: "Koach<4><STEAM_1:0:41860015><>" entered the game
L 03/09/2019 - 17:14:53: World triggered "Round_Start"
L 03/09/2019 - 17:14:54: "JaySee<5><STEAM_1:1:54870697><>" connected, address ""
L 03/09/2019 - 17:14:54: "JaySee<5><STEAM_1:1:54870697><>" STEAM USERID validated
L 03/09/2019 - 17:14:59: "Sweets<3><STEAM_1:1:44108695><CT>" picked up "vesthelm"
L 03/09/2019 - 17:14:59: "Sweets<2><STEAM_1:1:44108695><CT>" money change 16000-1000 = $15000 (tracked) (purchase: item_assaultsuit)
L 03/09/2019 - 17:14:59: "Sweets<3><STEAM_1:1:44108695><CT>" purchased "item_assaultsuit"
L 03/09/2019 - 17:15:00: "Sweets<2><STEAM_1:1:44108695><CT>" money change 15000-3100 = $11900 (tracked) (purchase: weapon_m4a1)
L 03/09/2019 - 17:15:00: "Sweets<3><STEAM_1:1:44108695><CT>" picked up "m4a1"
L 03/09/2019 - 17:15:00: "Sweets<3><STEAM_1:1:44108695><CT>" purchased "m4a1"
L 03/09/2019 - 17:15:03: "Sweets<3><STEAM_1:1:44108695><CT>" left buyzone with [ weapon_knife_survival_bowie weapon_usp_silencer weapon_m4a1 kevlar(100) helmet ]
L 03/09/2019 - 17:15:08: "JaySee<5><STEAM_1:1:54870697><>" entered the game
L 03/09/2019 - 17:15:12: "Koach<4><STEAM_1:0:41860015>" switched from team <Unassigned> to <CT>
L 03/09/2019 - 17:15:12: "Koach<4><STEAM_1:0:41860015><CT>" picked up "knife"
L 03/09/2019 - 17:15:12: "Koach<4><STEAM_1:0:41860015><CT>" picked up "hkp2000"
L 03/09/2019 - 17:15:14: "Tropic Chill<6><STEAM_1:0:43628457><>" connected, address ""
L 03/09/2019 - 17:15:15: "Tropic Chill<6><STEAM_1:0:43628457><>" STEAM USERID validated
L 03/09/2019 - 17:15:15: "Koach<4><STEAM_1:0:41860015><CT>" left buyzone with [ weapon_knife weapon_usp_silencer ]
L 03/09/2019 - 17:15:15: "JaySee<5><STEAM_1:1:54870697>" switched from team <Unassigned> to <CT>
L 03/09/2019 - 17:15:15: "JaySee<5><STEAM_1:1:54870697><CT>" picked up "knife"
L 03/09/2019 - 17:15:15: "JaySee<5><STEAM_1:1:54870697><CT>" picked up "hkp2000"
L 03/09/2019 - 17:15:18: "JaySee<5><STEAM_1:1:54870697><CT>" picked up "vesthelm"
L 03/09/2019 - 17:15:18: "JaySee<4><STEAM_1:1:54870697><CT>" money change 16000-1000 = $15000 (tracked) (purchase: item_assaultsuit)
L 03/09/2019 - 17:15:18: "JaySee<5><STEAM_1:1:54870697><CT>" purchased "item_assaultsuit"
L 03/09/2019 - 17:15:19: "JaySee<4><STEAM_1:1:54870697><CT>" money change 15000-700 = $14300 (tracked) (purchase: weapon_deagle)
L 03/09/2019 - 17:15:19: "JaySee<5><STEAM_1:1:54870697><CT>" dropped "hkp2000"
L 03/09/2019 - 17:15:19: "JaySee<5><STEAM_1:1:54870697><CT>" picked up "deagle"
L 03/09/2019 - 17:15:19: "JaySee<5><STEAM_1:1:54870697><CT>" purchased "deagle"
L 03/09/2019 - 17:15:19: "Noob Noob<7><STEAM_1:1:128551455><>" connected, address ""
L 03/09/2019 - 17:15:19: "Noob Noob<7><STEAM_1:1:128551455><>" STEAM USERID validated
L 03/09/2019 - 17:15:20: "JaySee<5><STEAM_1:1:54870697><CT>" left buyzone with [ weapon_knife weapon_deagle kevlar(100) helmet ]
L 03/09/2019 - 17:15:23: "Noob Noob<7><STEAM_1:1:128551455><>" entered the game
L 03/09/2019 - 17:15:24: "Tropic Chill<6><STEAM_1:0:43628457><>" entered the game
L 03/09/2019 - 17:15:30: "Noob Noob<7><STEAM_1:1:128551455>" switched from team <Unassigned> to <CT>
L 03/09/2019 - 17:15:30: "Noob Noob<7><STEAM_1:1:128551455><CT>" picked up "knife"
L 03/09/2019 - 17:15:30: "Noob Noob<7><STEAM_1:1:128551455><CT>" picked up "hkp2000"
L 03/09/2019 - 17:15:36: "Tropic Chill<6><STEAM_1:0:43628457>" switched from team <Unassigned> to <CT>
L 03/09/2019 - 17:15:36: "Tropic Chill<6><STEAM_1:0:43628457><CT>" picked up "knife"
L 03/09/2019 - 17:15:36: "Tropic Chill<6><STEAM_1:0:43628457><CT>" picked up "hkp2000"
L 03/09/2019 - 17:15:39: "Tropic Chill<6><STEAM_1:0:43628457><CT>" picked up "vesthelm"
L 03/09/2019 - 17:15:39: "Tropic Chill<5><STEAM_1:0:43628457><CT>" money change 16000-1000 = $15000 (tracked) (purchase: item_assaultsuit)
L 03/09/2019 - 17:15:39: "Tropic Chill<6><STEAM_1:0:43628457><CT>" purchased "item_assaultsuit"
L 03/09/2019 - 17:15:40: "Tropic Chill<5><STEAM_1:0:43628457><CT>" money change 15000-3100 = $11900 (tracked) (purchase: weapon_m4a1_silencer)
L 03/09/2019 - 17:15:40: "Tropic Chill<6><STEAM_1:0:43628457><CT>" picked up "m4a1"
L 03/09/2019 - 17:15:40: "Tropic Chill<6><STEAM_1:0:43628457><CT>" purchased "m4a1_silencer"
L 03/09/2019 - 17:15:42: "Tropic Chill<6><STEAM_1:0:43628457><CT>" left buyzone with [ weapon_knife weapon_usp_silencer weapon_m4a1_silencer kevlar(100) helmet ]
L 03/09/2019 - 17:15:57: "Noob Noob<7><STEAM_1:1:128551455><CT>" picked up "vesthelm"
L 03/09/2019 - 17:15:57: "Noob Noob<6><STEAM_1:1:128551455><CT>" money change 16000-1000 = $15000 (tracked) (purchase: item_assaultsuit)
L 03/09/2019 - 17:15:57: "Noob Noob<7><STEAM_1:1:128551455><CT>" purchased "item_assaultsuit"
L 03/09/2019 - 17:15:58: "Noob Noob<6><STEAM_1:1:128551455><CT>" money change 15000-2250 = $12750 (tracked) (purchase: weapon_famas)
L 03/09/2019 - 17:15:58: "Noob Noob<7><STEAM_1:1:128551455><CT>" picked up "famas"
L 03/09/2019 - 17:15:58: "Noob Noob<7><STEAM_1:1:128551455><CT>" purchased "famas"
L 03/09/2019 - 17:15:59: "Noob Noob<6><STEAM_1:1:128551455><CT>" money change 12750-2350 = $10400 (tracked) (purchase: weapon_p90)
L 03/09/2019 - 17:15:59: "Noob Noob<7><STEAM_1:1:128551455><CT>" dropped "famas"
L 03/09/2019 - 17:15:59: "Noob Noob<7><STEAM_1:1:128551455><CT>" picked up "p90"
L 03/09/2019 - 17:15:59: "Noob Noob<7><STEAM_1:1:128551455><CT>" purchased "p90"
L 03/09/2019 - 17:16:02: "Noob Noob<7><STEAM_1:1:128551455><CT>" left buyzone with [ weapon_knife_butterfly weapon_usp_silencer weapon_p90 kevlar(100) helmet ]
L 03/09/2019 - 17:16:27: "Noob Noob<7><STEAM_1:1:128551455><CT>" left buyzone with [ weapon_knife_butterfly weapon_usp_silencer weapon_p90 kevlar(100) helmet ]
L 03/09/2019 - 17:16:30: "*<)LucK<8><STEAM_1:1:8934418><>" connected, address ""
L 03/09/2019 - 17:16:31: "*<)LucK<8><STEAM_1:1:8934418><>" STEAM USERID validated
L 03/09/2019 - 17:16:35: "*<)LucK<8><STEAM_1:1:8934418><>" entered the game
L 03/09/2019 - 17:16:40: "*<)LucK<8><STEAM_1:1:8934418>" switched from team <Unassigned> to <TERRORIST>
L 03/09/2019 - 17:16:40: "*<)LucK<8><STEAM_1:1:8934418><TERRORIST>" picked up "knife"
L 03/09/2019 - 17:16:40: "*<)LucK<8><STEAM_1:1:8934418><TERRORIST>" picked up "glock"
L 03/09/2019 - 17:16:47: "Tropic Chill<6><STEAM_1:0:43628457><CT>" disconnected (reason "Disconnect")
L 03/09/2019 - 17:16:47: "Tropic Chill<6><STEAM_1:0:43628457><CT>" dropped "m4a1"
L 03/09/2019 - 17:16:47: "Tropic Chill<6><STEAM_1:0:43628457><CT>" dropped "vesthelm"
L 03/09/2019 - 17:16:47: "Tropic Chill<6><STEAM_1:0:43628457><CT>" dropped "knife"
L 03/09/2019 - 17:16:47: "Tropic Chill<6><STEAM_1:0:43628457><CT>" dropped "hkp2000"
L 03/09/2019 - 17:16:47: "Tropic Chill<6><STEAM_1:0:43628457><CT>" [1382 150 1678] committed suicide with "world"
L 03/09/2019 - 17:16:47: "Tropic Chill<6><STEAM_1:0:43628457>" switched from team <CT> to <Unassigned>
L 03/09/2019 - 17:16:47: "*<)LucK<8><STEAM_1:1:8934418><TERRORIST>" [3068 250 1613] attacked "Koach<4><STEAM_1:0:41860015><CT>" [2672 -10 1613] with "glock" (damage "103") (damage_armor "0") (health "0") (armor "0") (hitgroup "head")
L 03/09/2019 - 17:16:47: "Koach<4><STEAM_1:0:41860015><CT>" dropped "hkp2000"
L 03/09/2019 - 17:16:47: "Koach<4><STEAM_1:0:41860015><CT>" dropped "knife"
L 03/09/2019 - 17:16:47: "*<)LucK<8><STEAM_1:1:8934418><TERRORIST>" [3068 250 1613] killed "Koach<4><STEAM_1:0:41860015><CT>" [2672 -10 1677] with "glock" (headshot)
L 03/09/2019 - 17:16:48: "TTVSAUCYcstv @lacledeslan<9><STEAM_1:0:44975263><>" connected, address ""
L 03/09/2019 - 17:16:49: "*<)LucK<8><STEAM_1:1:8934418><TERRORIST>" [3068 250 1613] attacked "Noob Noob<7><STEAM_1:1:128551455><CT>" [2567 264 1741] with "glock" (damage "47") (damage_armor "27") (health "53") (armor "72") (hitgroup "head")
L 03/09/2019 - 17:16:49: "TTVSAUCYcstv @lacledeslan<9><STEAM_1:0:44975263><>" STEAM USERID validated
L 03/09/2019 - 17:16:49: "Koach<4><STEAM_1:0:41860015><CT>" picked up "knife"
L 03/09/2019 - 17:16:49: "Koach<4><STEAM_1:0:41860015><CT>" picked up "hkp2000"
L 03/09/2019 - 17:16:50: "Sweets<3><STEAM_1:1:44108695><CT>" [2181 -601 1613] attacked "*<)LucK<8><STEAM_1:1:8934418><TERRORIST>" [3068 250 1613] with "m4a1" (damage "30") (damage_armor "0") (health "70") (armor "0") (hitgroup "chest")
L 03/09/2019 - 17:16:50: "*<)LucK<8><STEAM_1:1:8934418><TERRORIST>" [3068 250 1613] attacked "Noob Noob<7><STEAM_1:1:128551455><CT>" [2567 264 1741] with "glock" (damage "47") (damage_armor "27") (health "6") (armor "44") (hitgroup "head")
L 03/09/2019 - 17:16:50: "Sweets<3><STEAM_1:1:44108695><CT>" [2177 -597 1613] attacked "*<)LucK<8><STEAM_1:1:8934418><TERRORIST>" [3068 250 1613] with "m4a1" (damage "122") (damage_armor "0") (health "0") (armor "0") (hitgroup "head")
L 03/09/2019 - 17:16:50: "*<)LucK<8><STEAM_1:1:8934418><TERRORIST>" dropped "glock"
L 03/09/2019 - 17:16:50: "*<)LucK<8><STEAM_1:1:8934418><TERRORIST>" dropped "knife"
L 03/09/2019 - 17:16:50: "Sweets<3><STEAM_1:1:44108695><CT>" [2177 -597 1613] killed "*<)LucK<8><STEAM_1:1:8934418><TERRORIST>" [3068 250 1677] with "m4a1" (headshot)
L 03/09/2019 - 17:16:50: "*<)LucK<8><STEAM_1:1:8934418><TERRORIST>" left buyzone with [ ]
L 03/09/2019 - 17:16:51: "Koach<4><STEAM_1:0:41860015><CT>" left buyzone with [ weapon_knife weapon_usp_silencer ]
L 03/09/2019 - 17:16:54: "*<)LucK<8><STEAM_1:1:8934418><TERRORIST>" picked up "knife"
L 03/09/2019 - 17:16:54: "*<)LucK<8><STEAM_1:1:8934418><TERRORIST>" picked up "glock"
L 03/09/2019 - 17:16:56: "TTVSAUCYcstv @lacledeslan<9><STEAM_1:0:44975263><>" entered the game
L 03/09/2019 - 17:17:01: "TTVSAUCYcstv @lacledeslan<9><STEAM_1:0:44975263>" switched from team <Unassigned> to <TERRORIST>
L 03/09/2019 - 17:17:01: "TTVSAUCYcstv @lacledeslan<9><STEAM_1:0:44975263><TERRORIST>" picked up "knife"
L 03/09/2019 - 17:17:01: "TTVSAUCYcstv @lacledeslan<9><STEAM_1:0:44975263><TERRORIST>" picked up "glock"
L 03/09/2019 - 17:17:03: "Sweets<3><STEAM_1:1:44108695><CT>" say "variance is ~5"
L 03/09/2019 - 17:17:04: "Koach<4><STEAM_1:0:41860015><CT>" picked up "m4a1"
L 03/09/2019 - 17:17:09: "TTVSAUCYcstv @lacledeslan<9><STEAM_1:0:44975263><TERRORIST>" left buyzone with [ weapon_knife_m9_bayonet weapon_glock ]
L 03/09/2019 - 17:17:11: "Sweets<3><STEAM_1:1:44108695><CT>" say "the real test is when everyone get sin i feel"
L 03/09/2019 - 17:17:11: "*<)LucK<8><STEAM_1:1:8934418><TERRORIST>" [2973 250 1613] attacked "Noob Noob<7><STEAM_1:1:128551455><CT>" [2567 264 1741] with "glock" (damage "49") (damage_armor "27") (health "0") (armor "16") (hitgroup "head")
L 03/09/2019 - 17:17:11: "Noob Noob<7><STEAM_1:1:128551455><CT>" dropped "p90"
L 03/09/2019 - 17:17:11: "Noob Noob<7><STEAM_1:1:128551455><CT>" dropped "vesthelm"
L 03/09/2019 - 17:17:11: "Noob Noob<7><STEAM_1:1:128551455><CT>" dropped "knife"
L 03/09/2019 - 17:17:11: "Noob Noob<7><STEAM_1:1:128551455><CT>" dropped "hkp2000"
L 03/09/2019 - 17:17:11: "*<)LucK<8><STEAM_1:1:8934418><TERRORIST>" [2973 250 1613] killed "Noob Noob<7><STEAM_1:1:128551455><CT>" [2567 264 1805] with "glock" (headshot)
L 03/09/2019 - 17:17:13: "*<)LucK<7><STEAM_1:1:8934418><TERRORIST>" money change 16000-2700 = $13300 (tracked) (purchase: weapon_ak47)
L 03/09/2019 - 17:17:13: "*<)LucK<8><STEAM_1:1:8934418><TERRORIST>" picked up "ak47"
L 03/09/2019 - 17:17:13: "*<)LucK<8><STEAM_1:1:8934418><TERRORIST>" purchased "ak47"
L 03/09/2019 - 17:17:13: "*<)LucK<8><STEAM_1:1:8934418><TERRORIST>" picked up "vesthelm"
L 03/09/2019 - 17:17:13: "*<)LucK<7><STEAM_1:1:8934418><TERRORIST>" money change 13300-1000 = $12300 (tracked) (purchase: item_assaultsuit)
L 03/09/2019 - 17:17:13: "*<)LucK<8><STEAM_1:1:8934418><TERRORIST>" purchased "item_assaultsuit"
L 03/09/2019 - 17:17:13: "JaySee<5><STEAM_1:1:54870697><CT>" [1451 356 1614] attacked "TTVSAUCYcstv @lacledeslan<9><STEAM_1:0:44975263><TERRORIST>" [1697 269 1651] with "deagle" (damage "56") (damage_armor "0") (health "44") (armor "0") (hitgroup "right arm")
L 03/09/2019 - 17:17:14: "*<)LucK<8><STEAM_1:1:8934418><TERRORIST>" left buyzone with [ weapon_knife_butterfly weapon_glock weapon_ak47 kevlar(100) helmet ]
L 03/09/2019 - 17:17:15: "Noob Noob<7><STEAM_1:1:128551455><CT>" picked up "knife"
L 03/09/2019 - 17:17:15: "Noob Noob<7><STEAM_1:1:128551455><CT>" picked up "hkp2000"
L 03/09/2019 - 17:17:16: "Sweets<3><STEAM_1:1:44108695><CT>" say "gets in*"
L 03/09/2019 - 17:17:18: "*<)LucK<8><STEAM_1:1:8934418><TERRORIST>" left buyzone with [ weapon_knife_butterfly weapon_glock weapon_ak47 kevlar(100) helmet ]
L 03/09/2019 - 17:17:19: "Noob Noob<7><STEAM_1:1:128551455><CT>" picked up "vesthelm"
L 03/09/2019 - 17:17:19: "Noob Noob<6><STEAM_1:1:128551455><CT>" money change 10400-1000 = $9400 (tracked) (purchase: item_assaultsuit)
L 03/09/2019 - 17:17:19: "Noob Noob<7><STEAM_1:1:128551455><CT>" purchased "item_assaultsuit"
L 03/09/2019 - 17:17:20: "*<)LucK<8><STEAM_1:1:8934418><TERRORIST>" left buyzone with [ weapon_knife_butterfly weapon_glock weapon_ak47 kevlar(100) helmet ]
L 03/09/2019 - 17:17:20: "Koach<4><STEAM_1:0:41860015><CT>" dropped "hkp2000"
L 03/09/2019 - 17:17:21: "Koach<4><STEAM_1:0:41860015><CT>" dropped "m4a1"
L 03/09/2019 - 17:17:22: "*<)LucK<8><STEAM_1:1:8934418><TERRORIST>" left buyzone with [ weapon_knife_butterfly weapon_glock weapon_ak47 kevlar(100) helmet ]
L 03/09/2019 - 17:17:22: "TTVSAUCYcstv @lacledeslan<9><STEAM_1:0:44975263><TERRORIST>" picked up "m4a1"
L 03/09/2019 - 17:17:24: "*<)LucK<8><STEAM_1:1:8934418><TERRORIST>" left buyzone with [ weapon_knife_butterfly weapon_glock weapon_ak47 kevlar(100) helmet ]
L 03/09/2019 - 17:17:24: "TTVSAUCYcstv @lacledeslan<9><STEAM_1:0:44975263><TERRORIST>" [1550 395 1614] attacked "JaySee<5><STEAM_1:1:54870697><CT>" [1397 442 1614] with "m4a1" (damage "92") (damage_armor "19") (health "8") (armor "80") (hitgroup "head")
L 03/09/2019 - 17:17:24: "TTVSAUCYcstv @lacledeslan<9><STEAM_1:0:44975263><TERRORIST>" dropped "m4a1"
L 03/09/2019 - 17:17:25: "Koach<4><STEAM_1:0:41860015><CT>" picked up "m4a1"
L 03/09/2019 - 17:17:26: "TTVSAUCYcstv @lacledeslan<9><STEAM_1:0:44975263><TERRORIST>" [1550 395 1614] attacked "JaySee<5><STEAM_1:1:54870697><CT>" [1458 439 1614] with "glock" (damage "54") (damage_armor "30") (health "0") (armor "49") (hitgroup "head")
L 03/09/2019 - 17:17:26: "JaySee<5><STEAM_1:1:54870697><CT>" dropped "deagle"
L 03/09/2019 - 17:17:26: "JaySee<5><STEAM_1:1:54870697><CT>" dropped "vesthelm"
L 03/09/2019 - 17:17:26: "JaySee<5><STEAM_1:1:54870697><CT>" dropped "knife"
L 03/09/2019 - 17:17:26: "TTVSAUCYcstv @lacledeslan<9><STEAM_1:0:44975263><TERRORIST>" [1550 395 1614] killed "JaySee<5><STEAM_1:1:54870697><CT>" [1458 439 1678] with "glock" (headshot)
L 03/09/2019 - 17:17:27: "JaySee<5><STEAM_1:1:54870697><CT>" picked up "knife"
L 03/09/2019 - 17:17:27: "JaySee<5><STEAM_1:1:54870697><CT>" picked up "hkp2000"
L 03/09/2019 - 17:17:27: "Noob Noob<6><STEAM_1:1:128551455><CT>" money change 9400-4750 = $4650 (tracked) (purchase: weapon_awp)
L 03/09/2019 - 17:17:27: "Noob Noob<7><STEAM_1:1:128551455><CT>" picked up "awp"
L 03/09/2019 - 17:17:27: "Noob Noob<7><STEAM_1:1:128551455><CT>" purchased "awp"
L 03/09/2019 - 17:17:28: "JaySee<5><STEAM_1:1:54870697><CT>" picked up "vesthelm"
L 03/09/2019 - 17:17:28: "JaySee<4><STEAM_1:1:54870697><CT>" money change 14300-1000 = $13300 (tracked) (purchase: item_assaultsuit)
L 03/09/2019 - 17:17:28: "JaySee<5><STEAM_1:1:54870697><CT>" purchased "item_assaultsuit"
L 03/09/2019 - 17:17:28: "Noob Noob<6><STEAM_1:1:128551455><CT>" money change 4650-200 = $4450 (tracked) (purchase: weapon_flashbang)
L 03/09/2019 - 17:17:28: "Noob Noob<7><STEAM_1:1:128551455><CT>" picked up "flashbang"
L 03/09/2019 - 17:17:28: "Noob Noob<7><STEAM_1:1:128551455><CT>" purchased "flashbang"
L 03/09/2019 - 17:17:28: "Noob Noob<6><STEAM_1:1:128551455><CT>" money change 4450-300 = $4150 (tracked) (purchase: weapon_smokegrenade)
L 03/09/2019 - 17:17:28: "Noob Noob<7><STEAM_1:1:128551455><CT>" picked up "smokegrenade"
L 03/09/2019 - 17:17:28: "Noob Noob<7><STEAM_1:1:128551455><CT>" purchased "smokegrenade"
L 03/09/2019 - 17:17:28: "JaySee<4><STEAM_1:1:54870697><CT>" money change 13300-700 = $12600 (tracked) (purchase: weapon_deagle)
L 03/09/2019 - 17:17:28: "JaySee<5><STEAM_1:1:54870697><CT>" dropped "hkp2000"
L 03/09/2019 - 17:17:28: "JaySee<5><STEAM_1:1:54870697><CT>" picked up "deagle"
L 03/09/2019 - 17:17:28: "JaySee<5><STEAM_1:1:54870697><CT>" purchased "deagle"
L 03/09/2019 - 17:17:28: "Noob Noob<6><STEAM_1:1:128551455><CT>" money change 4150-300 = $3850 (tracked) (purchase: weapon_hegrenade)
L 03/09/2019 - 17:17:28: "Noob Noob<7><STEAM_1:1:128551455><CT>" picked up "hegrenade"
L 03/09/2019 - 17:17:28: "Noob Noob<7><STEAM_1:1:128551455><CT>" purchased "hegrenade"
L 03/09/2019 - 17:17:29: "JaySee<5><STEAM_1:1:54870697><CT>" picked up "famas"
L 03/09/2019 - 17:17:29: "*<)LucK<8><STEAM_1:1:8934418><TERRORIST>" left buyzone with [ weapon_knife_butterfly weapon_glock weapon_ak47 kevlar(100) helmet ]
L 03/09/2019 - 17:17:30: "Sweets<3><STEAM_1:1:44108695><CT>" [1681 672 1613] attacked "TTVSAUCYcstv @lacledeslan<9><STEAM_1:0:44975263><TERRORIST>" [1512 411 1614] with "hkp2000" (damage "132") (damage_armor "0") (health "0") (armor "0") (hitgroup "head")
L 03/09/2019 - 17:17:30: "TTVSAUCYcstv @lacledeslan<9><STEAM_1:0:44975263><TERRORIST>" dropped "glock"
L 03/09/2019 - 17:17:30: "TTVSAUCYcstv @lacledeslan<9><STEAM_1:0:44975263><TERRORIST>" dropped "knife"
L 03/09/2019 - 17:17:30: "Sweets<3><STEAM_1:1:44108695><CT>" [1681 672 1613] killed "TTVSAUCYcstv @lacledeslan<9><STEAM_1:0:44975263><TERRORIST>" [1512 411 1678] with "usp_silencer" (headshot)
L 03/09/2019 - 17:17:31: "*<)LucK<8><STEAM_1:1:8934418><TERRORIST>" [2468 77 1613] attacked "Koach<4><STEAM_1:0:41860015><CT>" [1389 339 1614] with "ak47" (damage "34") (damage_armor "0") (health "66") (armor "0") (hitgroup "chest")
L 03/09/2019 - 17:17:31: "Noob Noob<7><STEAM_1:1:128551455><CT>" left buyzone with [ weapon_knife_butterfly weapon_usp_silencer weapon_awp weapon_flashbang weapon_smokegrenade weapon_hegrenade kevlar(100) helmet ]
L 03/09/2019 - 17:17:31: "*<)LucK<8><STEAM_1:1:8934418><TERRORIST>" [2468 77 1613] attacked "Koach<4><STEAM_1:0:41860015><CT>" [1389 339 1614] with "ak47" (damage "34") (damage_armor "0") (health "32") (armor "0") (hitgroup "chest")
L 03/09/2019 - 17:17:31: "*<)LucK<8><STEAM_1:1:8934418><TERRORIST>" [2468 77 1613] attacked "Koach<4><STEAM_1:0:41860015><CT>" [1389 339 1614] with "ak47" (damage "34") (damage_armor "0") (health "0") (armor "0") (hitgroup "chest")
L 03/09/2019 - 17:17:31: "Koach<4><STEAM_1:0:41860015><CT>" dropped "m4a1"
L 03/09/2019 - 17:17:31: "Koach<4><STEAM_1:0:41860015><CT>" dropped "knife"
L 03/09/2019 - 17:17:31: "*<)LucK<8><STEAM_1:1:8934418><TERRORIST>" [2468 77 1613] killed "Koach<4><STEAM_1:0:41860015><CT>" [1389 339 1660] with "ak47"
L 03/09/2019 - 17:17:32: "TTVSAUCYcstv @lacledeslan<9><STEAM_1:0:44975263><TERRORIST>" picked up "knife"
L 03/09/2019 - 17:17:32: "TTVSAUCYcstv @lacledeslan<9><STEAM_1:0:44975263><TERRORIST>" picked up "glock"
L 03/09/2019 - 17:17:32: "JaySee<5><STEAM_1:1:54870697><CT>" left buyzone with [ weapon_knife weapon_deagle weapon_famas kevlar(100) helmet ]
L 03/09/2019 - 17:17:33: "Koach<4><STEAM_1:0:41860015><CT>" picked up "knife"
L 03/09/2019 - 17:17:33: "Koach<4><STEAM_1:0:41860015><CT>" picked up "hkp2000"
L 03/09/2019 - 17:17:33: "Sweets<3><STEAM_1:1:44108695><CT>" [1613 313 1614] attacked "*<)LucK<8><STEAM_1:1:8934418><TERRORIST>" [2098 13 1613] with "hkp2000" (damage "63") (damage_armor "31") (health "37") (armor "68") (hitgroup "head")
L 03/09/2019 - 17:17:33: "*<)LucK<8><STEAM_1:1:8934418><TERRORIST>" [2092 15 1613] attacked "Sweets<3><STEAM_1:1:44108695><CT>" [1606 299 1614] with "ak47" (damage "27") (damage_armor "3") (health "73") (armor "96") (hitgroup "chest")
L 03/09/2019 - 17:17:35: "TTVSAUCYcstv @lacledeslan<9><STEAM_1:0:44975263><TERRORIST>" left buyzone with [ weapon_knife_m9_bayonet weapon_glock ]
L 03/09/2019 - 17:17:35: "Koach<4><STEAM_1:0:41860015><CT>" left buyzone with [ weapon_knife weapon_usp_silencer ]
L 03/09/2019 - 17:17:37: "TTVSAUCYcstv @lacledeslan<9><STEAM_1:0:44975263><TERRORIST>" left buyzone with [ weapon_knife_m9_bayonet weapon_glock ]
L 03/09/2019 - 17:17:38: "Sweets<3><STEAM_1:1:44108695><CT>" [1569 58 1614] attacked "*<)LucK<8><STEAM_1:1:8934418><TERRORIST>" [1905 506 1613] with "m4a1" (damage "22") (damage_armor "4") (health "15") (armor "63") (hitgroup "chest")
L 03/09/2019 - 17:17:38: "Sweets<3><STEAM_1:1:44108695><CT>" [1574 53 1614] attacked "*<)LucK<8><STEAM_1:1:8934418><TERRORIST>" [1905 506 1613] with "m4a1" (damage "22") (damage_armor "4") (health "0") (armor "58") (hitgroup "chest")
L 03/09/2019 - 17:17:38: "*<)LucK<8><STEAM_1:1:8934418><TERRORIST>" dropped "ak47"
L 03/09/2019 - 17:17:38: "*<)LucK<8><STEAM_1:1:8934418><TERRORIST>" dropped "vesthelm"
L 03/09/2019 - 17:17:38: "*<)LucK<8><STEAM_1:1:8934418><TERRORIST>" dropped "knife"
L 03/09/2019 - 17:17:38: "*<)LucK<8><STEAM_1:1:8934418><TERRORIST>" dropped "glock"
L 03/09/2019 - 17:17:38: "Sweets<3><STEAM_1:1:44108695><CT>" [1574 53 1614] killed "*<)LucK<8><STEAM_1:1:8934418><TERRORIST>" [1905 506 1677] with "m4a1"
L 03/09/2019 - 17:17:40: "*<)LucK<8><STEAM_1:1:8934418><TERRORIST>" picked up "knife"
L 03/09/2019 - 17:17:40: "*<)LucK<8><STEAM_1:1:8934418><TERRORIST>" picked up "glock"
L 03/09/2019 - 17:17:41: "*<)LucK<7><STEAM_1:1:8934418><TERRORIST>" money change 12300-2700 = $9600 (tracked) (purchase: weapon_ak47)
L 03/09/2019 - 17:17:41: "*<)LucK<8><STEAM_1:1:8934418><TERRORIST>" picked up "ak47"
L 03/09/2019 - 17:17:41: "*<)LucK<8><STEAM_1:1:8934418><TERRORIST>" purchased "ak47"
L 03/09/2019 - 17:17:41: "*<)LucK<8><STEAM_1:1:8934418><TERRORIST>" picked up "vesthelm"
L 03/09/2019 - 17:17:41: "*<)LucK<7><STEAM_1:1:8934418><TERRORIST>" money change 9600-1000 = $8600 (tracked) (purchase: item_assaultsuit)
L 03/09/2019 - 17:17:41: "*<)LucK<8><STEAM_1:1:8934418><TERRORIST>" purchased "item_assaultsuit"
L 03/09/2019 - 17:17:42: "*<)LucK<8><STEAM_1:1:8934418><TERRORIST>" left buyzone with [ weapon_knife_butterfly weapon_glock weapon_ak47 kevlar(100) helmet ]
L 03/09/2019 - 17:17:44: "*<)LucK<8><STEAM_1:1:8934418><TERRORIST>" [2295 100 1614] attacked "Sweets<3><STEAM_1:1:44108695><CT>" [1511 716 1613] with "ak47" (damage "107") (damage_armor "15") (health "0") (armor "80") (hitgroup "head")
L 03/09/2019 - 17:17:44: "Sweets<3><STEAM_1:1:44108695><CT>" dropped "m4a1"
L 03/09/2019 - 17:17:44: "Sweets<3><STEAM_1:1:44108695><CT>" dropped "vesthelm"
L 03/09/2019 - 17:17:44: "Sweets<3><STEAM_1:1:44108695><CT>" dropped "knife"
L 03/09/2019 - 17:17:44: "Sweets<3><STEAM_1:1:44108695><CT>" dropped "hkp2000"
L 03/09/2019 - 17:17:44: "*<)LucK<8><STEAM_1:1:8934418><TERRORIST>" [2295 100 1614] killed "Sweets<3><STEAM_1:1:44108695><CT>" [1511 716 1677] with "ak47" (headshot)
L 03/09/2019 - 17:17:45: "TTVSAUCYcstv @lacledeslan<9><STEAM_1:0:44975263><TERRORIST>" picked up "m4a1"
L 03/09/2019 - 17:17:46: "*<)LucK<8><STEAM_1:1:8934418><TERRORIST>" [2214 325 1613] attacked "JaySee<5><STEAM_1:1:54870697><CT>" [942 8 1614] with "ak47" (damage "105") (damage_armor "15") (health "0") (armor "84") (hitgroup "head")
L 03/09/2019 - 17:17:46: "JaySee<5><STEAM_1:1:54870697><CT>" dropped "famas"
L 03/09/2019 - 17:17:46: "JaySee<5><STEAM_1:1:54870697><CT>" dropped "vesthelm"
L 03/09/2019 - 17:17:46: "JaySee<5><STEAM_1:1:54870697><CT>" dropped "knife"
L 03/09/2019 - 17:17:46: "JaySee<5><STEAM_1:1:54870697><CT>" dropped "deagle"
L 03/09/2019 - 17:17:46: "*<)LucK<8><STEAM_1:1:8934418><TERRORIST>" [2214 325 1613] killed "JaySee<5><STEAM_1:1:54870697><CT>" [942 8 1678] with "ak47" (headshot)
L 03/09/2019 - 17:17:47: "Koach<4><STEAM_1:0:41860015><CT>" [1326 -44 1614] attacked "TTVSAUCYcstv @lacledeslan<9><STEAM_1:0:44975263><TERRORIST>" [1297 399 1665] with "hkp2000" (damage "32") (damage_armor "0") (health "68") (armor "0") (hitgroup "right arm")
L 03/09/2019 - 17:17:48: "Koach<4><STEAM_1:0:41860015><CT>" [1335 -49 1614] attacked "TTVSAUCYcstv @lacledeslan<9><STEAM_1:0:44975263><TERRORIST>" [1298 355 1682] with "hkp2000" (damage "40") (damage_armor "0") (health "28") (armor "0") (hitgroup "stomach")
L 03/09/2019 - 17:17:48: "*<)LucK<8><STEAM_1:1:8934418><TERRORIST>" [2130 518 1613] attacked "Koach<4><STEAM_1:0:41860015><CT>" [1336 -49 1614] with "ak47" (damage "138") (damage_armor "0") (health "0") (armor "0") (hitgroup "head")
L 03/09/2019 - 17:17:48: "Koach<4><STEAM_1:0:41860015><CT>" dropped "hkp2000"
L 03/09/2019 - 17:17:48: "Koach<4><STEAM_1:0:41860015><CT>" dropped "knife"
L 03/09/2019 - 17:17:48: "*<)LucK<8><STEAM_1:1:8934418><TERRORIST>" [2130 518 1613] killed "Koach<4><STEAM_1:0:41860015><CT>" [1336 -49 1678] with "ak47" (headshot)
L 03/09/2019 - 17:17:48: "Sweets<3><STEAM_1:1:44108695><CT>" picked up "knife"
L 03/09/2019 - 17:17:48: "Sweets<3><STEAM_1:1:44108695><CT>" picked up "hkp2000"
L 03/09/2019 - 17:17:50: "Koach<4><STEAM_1:0:41860015><CT>" picked up "knife"
L 03/09/2019 - 17:17:50: "Koach<4><STEAM_1:0:41860015><CT>" picked up "hkp2000"
L 03/09/2019 - 17:17:50: "JaySee<5><STEAM_1:1:54870697><CT>" picked up "knife"
L 03/09/2019 - 17:17:50: "JaySee<5><STEAM_1:1:54870697><CT>" picked up "hkp2000"
L 03/09/2019 - 17:17:51: "Noob Noob<7><STEAM_1:1:128551455><CT>" dropped "flashbang"
L 03/09/2019 - 17:17:51: "Sweets<3><STEAM_1:1:44108695><CT>" left buyzone with [ weapon_knife_survival_bowie weapon_usp_silencer ]
L 03/09/2019 - 17:17:52: "Noob Noob<7><STEAM_1:1:128551455><CT>" threw flashbang [1011 102 1706] flashbang entindex 271)
L 03/09/2019 - 17:17:52: "TTVSAUCYcstv @lacledeslan<9><STEAM_1:0:44975263><TERRORIST>" blinded for 2.06 by "Noob Noob<7><STEAM_1:1:128551455><CT>" from flashbang entindex 271 
L 03/09/2019 - 17:17:52: "JaySee<5><STEAM_1:1:54870697><CT>" picked up "vesthelm"
L 03/09/2019 - 17:17:52: "JaySee<4><STEAM_1:1:54870697><CT>" money change 12600-1000 = $11600 (tracked) (purchase: item_assaultsuit)
L 03/09/2019 - 17:17:52: "JaySee<5><STEAM_1:1:54870697><CT>" purchased "item_assaultsuit"
L 03/09/2019 - 17:17:52: "JaySee<4><STEAM_1:1:54870697><CT>" money change 11600-700 = $10900 (tracked) (purchase: weapon_deagle)
L 03/09/2019 - 17:17:52: "JaySee<5><STEAM_1:1:54870697><CT>" dropped "hkp2000"
L 03/09/2019 - 17:17:52: "JaySee<5><STEAM_1:1:54870697><CT>" picked up "deagle"
L 03/09/2019 - 17:17:52: "JaySee<5><STEAM_1:1:54870697><CT>" purchased "deagle"
L 03/09/2019 - 17:17:53: "Koach<4><STEAM_1:0:41860015><CT>" left buyzone with [ weapon_knife weapon_usp_silencer ]
L 03/09/2019 - 17:17:54: "Noob Noob<7><STEAM_1:1:128551455><CT>" [756 39 1613] attacked "TTVSAUCYcstv @lacledeslan<9><STEAM_1:0:44975263><TERRORIST>" [775 230 1613] with "hkp2000" (damage "33") (damage_armor "0") (health "0") (armor "0") (hitgroup "chest")
L 03/09/2019 - 17:17:54: "TTVSAUCYcstv @lacledeslan<9><STEAM_1:0:44975263><TERRORIST>" dropped "m4a1"
L 03/09/2019 - 17:17:54: "TTVSAUCYcstv @lacledeslan<9><STEAM_1:0:44975263><TERRORIST>" dropped "knife"
L 03/09/2019 - 17:17:54: "TTVSAUCYcstv @lacledeslan<9><STEAM_1:0:44975263><TERRORIST>" dropped "glock"
L 03/09/2019 - 17:17:54: "Noob Noob<7><STEAM_1:1:128551455><CT>" [756 39 1613] killed "TTVSAUCYcstv @lacledeslan<9><STEAM_1:0:44975263><TERRORIST>" [775 230 1677] with "usp_silencer"
L 03/09/2019 - 17:17:54: "JaySee<5><STEAM_1:1:54870697><CT>" left buyzone with [ weapon_knife weapon_deagle kevlar(100) helmet ]
L 03/09/2019 - 17:17:55: "TTVSAUCYcstv @lacledeslan<9><STEAM_1:0:44975263><TERRORIST>" picked up "knife"
L 03/09/2019 - 17:17:55: "TTVSAUCYcstv @lacledeslan<9><STEAM_1:0:44975263><TERRORIST>" picked up "glock"
L 03/09/2019 - 17:17:56: "dadlover69-milF-<10><STEAM_1:1:752644><>" connected, address ""
L 03/09/2019 - 17:17:56: "dadlover69-milF-<10><STEAM_1:1:752644><>" STEAM USERID validated
L 03/09/2019 - 17:17:57: "TTVSAUCYcstv @lacledeslan<9><STEAM_1:0:44975263><TERRORIST>" left buyzone with [ weapon_knife_m9_bayonet weapon_glock ]
L 03/09/2019 - 17:17:58: "*<)LucK<8><STEAM_1:1:8934418><TERRORIST>" [864 238 1614] attacked "Noob Noob<7><STEAM_1:1:128551455><CT>" [688 278 1613] with "ak47" (damage "27") (damage_armor "4") (health "73") (armor "95") (hitgroup "right arm")
L 03/09/2019 - 17:17:58: "*<)LucK<8><STEAM_1:1:8934418><TERRORIST>" [861 237 1614] attacked "Noob Noob<7><STEAM_1:1:128551455><CT>" [686 272 1613] with "ak47" (damage "27") (damage_armor "4") (health "46") (armor "90") (hitgroup "chest")
L 03/09/2019 - 17:17:58: "*<)LucK<8><STEAM_1:1:8934418><TERRORIST>" [862 236 1614] attacked "Noob Noob<7><STEAM_1:1:128551455><CT>" [684 265 1613] with "ak47" (damage "110") (damage_armor "16") (health "0") (armor "73") (hitgroup "head")
L 03/09/2019 - 17:17:58: "Noob Noob<7><STEAM_1:1:128551455><CT>" dropped "awp"
L 03/09/2019 - 17:17:58: "Noob Noob<7><STEAM_1:1:128551455><CT>" dropped "smokegrenade"
L 03/09/2019 - 17:17:58: "Noob Noob<7><STEAM_1:1:128551455><CT>" dropped "vesthelm"
L 03/09/2019 - 17:17:58: "Noob Noob<7><STEAM_1:1:128551455><CT>" dropped "knife"
L 03/09/2019 - 17:17:58: "Noob Noob<7><STEAM_1:1:128551455><CT>" dropped "hkp2000"
L 03/09/2019 - 17:17:58: "Noob Noob<7><STEAM_1:1:128551455><CT>" dropped "hegrenade"
L 03/09/2019 - 17:17:58: "*<)LucK<8><STEAM_1:1:8934418><TERRORIST>" [862 236 1614] killed "Noob Noob<7><STEAM_1:1:128551455><CT>" [684 265 1677] with "ak47" (headshot)
L 03/09/2019 - 17:17:59: rcon from "172.30.40.7:58856": command "echo HLSW: Test"
L 03/09/2019 - 17:17:59: "*<)LucK<8><STEAM_1:1:8934418><TERRORIST>" [860 290 1614] attacked "JaySee<5><STEAM_1:1:54870697><CT>" [-536 12 1663] with "ak47" (damage "26") (damage_armor "3") (health "74") (armor "96") (hitgroup "chest")
L 03/09/2019 - 17:18:00: "*<)LucK<8><STEAM_1:1:8934418><TERRORIST>" [860 290 1614] attacked "JaySee<5><STEAM_1:1:54870697><CT>" [-536 12 1663] with "ak47" (damage "105") (damage_armor "15") (health "0") (armor "80") (hitgroup "head")
L 03/09/2019 - 17:18:00: "JaySee<5><STEAM_1:1:54870697><CT>" dropped "deagle"
L 03/09/2019 - 17:18:00: "JaySee<5><STEAM_1:1:54870697><CT>" dropped "vesthelm"
L 03/09/2019 - 17:18:00: "JaySee<5><STEAM_1:1:54870697><CT>" dropped "knife"
L 03/09/2019 - 17:18:00: "*<)LucK<8><STEAM_1:1:8934418><TERRORIST>" [860 290 1614] killed "JaySee<5><STEAM_1:1:54870697><CT>" [-536 12 1727] with "ak47" (headshot)
L 03/09/2019 - 17:18:00: rcon from "172.30.40.7:58856": command "log"
L 03/09/2019 - 17:18:00: rcon from "172.30.40.7:58856": command "logaddress_add "172.30.40.7:7130""
L 03/09/2019 - 17:18:00: rcon from "172.30.40.7:58856": command "logaddress_del "172.30.40.7:7130""
L 03/09/2019 - 17:18:00: rcon from "172.30.40.7:58856": command "logaddress_add "172.30.40.7:7130""
L 03/09/2019 - 17:18:00: "dadlover69-milF-<10><STEAM_1:1:752644><>" entered the game
L 03/09/2019 - 17:18:01: "Noob Noob<7><STEAM_1:1:128551455><CT>" picked up "knife"
L 03/09/2019 - 17:18:01: "Noob Noob<7><STEAM_1:1:128551455><CT>" picked up "hkp2000"
L 03/09/2019 - 17:18:01: "JaySee<5><STEAM_1:1:54870697><CT>" picked up "knife"
L 03/09/2019 - 17:18:01: "JaySee<5><STEAM_1:1:54870697><CT>" picked up "hkp2000"
L 03/09/2019 - 17:18:02: "JaySee<5><STEAM_1:1:54870697><CT>" picked up "vesthelm"
L 03/09/2019 - 17:18:02: "JaySee<4><STEAM_1:1:54870697><CT>" money change 10900-1000 = $9900 (tracked) (purchase: item_assaultsuit)
L 03/09/2019 - 17:18:02: "JaySee<5><STEAM_1:1:54870697><CT>" purchased "item_assaultsuit"
L 03/09/2019 - 17:18:02: "Noob Noob<6><STEAM_1:1:128551455><CT>" money change 3850-500 = $3350 (tracked) (purchase: weapon_fiveseven)
L 03/09/2019 - 17:18:02: "Noob Noob<7><STEAM_1:1:128551455><CT>" dropped "hkp2000"
L 03/09/2019 - 17:18:02: "Noob Noob<7><STEAM_1:1:128551455><CT>" picked up "fiveseven"
L 03/09/2019 - 17:18:02: "Noob Noob<7><STEAM_1:1:128551455><CT>" purchased "fiveseven"
L 03/09/2019 - 17:18:02: "JaySee<4><STEAM_1:1:54870697><CT>" money change 9900-700 = $9200 (tracked) (purchase: weapon_deagle)
L 03/09/2019 - 17:18:02: "JaySee<5><STEAM_1:1:54870697><CT>" dropped "hkp2000"
L 03/09/2019 - 17:18:02: "JaySee<5><STEAM_1:1:54870697><CT>" picked up "deagle"
L 03/09/2019 - 17:18:02: "JaySee<5><STEAM_1:1:54870697><CT>" purchased "deagle"
L 03/09/2019 - 17:18:05: "JaySee<5><STEAM_1:1:54870697><CT>" left buyzone with [ weapon_knife weapon_deagle kevlar(100) helmet ]
L 03/09/2019 - 17:18:06: "Noob Noob<7><STEAM_1:1:128551455><CT>" left buyzone with [ weapon_knife_butterfly weapon_fiveseven ]
L 03/09/2019 - 17:18:09: "dadlover69-milF-<10><STEAM_1:1:752644>" switched from team <Unassigned> to <TERRORIST>
L 03/09/2019 - 17:18:09: "dadlover69-milF-<10><STEAM_1:1:752644><TERRORIST>" picked up "knife"
L 03/09/2019 - 17:18:09: "dadlover69-milF-<10><STEAM_1:1:752644><TERRORIST>" picked up "glock"
L 03/09/2019 - 17:18:10: "Tropic Chill<11><STEAM_1:0:43628457><>" connected, address ""
L 03/09/2019 - 17:18:10: "Tropic Chill<11><STEAM_1:0:43628457><>" STEAM USERID validated
L 03/09/2019 - 17:18:10: "*<)LucK<8><STEAM_1:1:8934418><TERRORIST>" [739 78 1614] attacked "Noob Noob<7><STEAM_1:1:128551455><CT>" [-437 26 1663] with "ak47" (damage "34") (damage_armor "0") (health "66") (armor "0") (hitgroup "chest")
L 03/09/2019 - 17:18:11: "Noob Noob<7><STEAM_1:1:128551455><CT>" [-435 23 1663] attacked "*<)LucK<8><STEAM_1:1:8934418><TERRORIST>" [739 76 1614] with "fiveseven" (damage "71") (damage_armor "3") (health "29") (armor "96") (hitgroup "head")
L 03/09/2019 - 17:18:12: "JaySee<5><STEAM_1:1:54870697><CT>" [-280 193 1640] attacked "*<)LucK<8><STEAM_1:1:8934418><TERRORIST>" [740 20 1616] with "deagle" (damage "153") (damage_armor "5") (health "0") (armor "90") (hitgroup "head")
L 03/09/2019 - 17:18:12: "*<)LucK<8><STEAM_1:1:8934418><TERRORIST>" dropped "ak47"
L 03/09/2019 - 17:18:12: "*<)LucK<8><STEAM_1:1:8934418><TERRORIST>" dropped "vesthelm"
L 03/09/2019 - 17:18:12: "*<)LucK<8><STEAM_1:1:8934418><TERRORIST>" dropped "knife"
L 03/09/2019 - 17:18:12: "*<)LucK<8><STEAM_1:1:8934418><TERRORIST>" dropped "glock"
L 03/09/2019 - 17:18:12: "JaySee<5><STEAM_1:1:54870697><CT>" [-280 193 1640] killed "*<)LucK<8><STEAM_1:1:8934418><TERRORIST>" [740 20 1680] with "deagle" (headshot)
L 03/09/2019 - 17:18:12: "Noob Noob<7><STEAM_1:1:128551455><CT>" assisted killing "*<)LucK<8><STEAM_1:1:8934418><TERRORIST>"
L 03/09/2019 - 17:18:16: "*<)LucK<8><STEAM_1:1:8934418><TERRORIST>" picked up "knife"
L 03/09/2019 - 17:18:16: "*<)LucK<8><STEAM_1:1:8934418><TERRORIST>" picked up "glock"
L 03/09/2019 - 17:18:17: "JaySee<5><STEAM_1:1:54870697><CT>" picked up "ak47"
L 03/09/2019 - 17:18:17: "Noob Noob<7><STEAM_1:1:128551455><CT>" picked up "awp"
L 03/09/2019 - 17:18:17: "Noob Noob<7><STEAM_1:1:128551455><CT>" picked up "smokegrenade"
L 03/09/2019 - 17:18:20: "Console<0><Console><Console>" say ""any lag?""
L 03/09/2019 - 17:18:20: rcon from "172.30.40.7:58856": command "say "any lag?""
L 03/09/2019 - 17:18:20: "TTVSAUCYcstv @lacledeslan<9><STEAM_1:0:44975263><TERRORIST>" dropped "glock"
L 03/09/2019 - 17:18:20: "TTVSAUCYcstv @lacledeslan<9><STEAM_1:0:44975263><TERRORIST>" picked up "hkp2000"
L 03/09/2019 - 17:18:23: "TTVSAUCYcstv @lacledeslan<9><STEAM_1:0:44975263><TERRORIST>" left buyzone with [ weapon_knife_m9_bayonet weapon_usp_silencer ]
L 03/09/2019 - 17:18:23: "TTVSAUCYcstv @lacledeslan<9><STEAM_1:0:44975263><TERRORIST>" left buyzone with [ weapon_knife_m9_bayonet weapon_usp_silencer ]
L 03/09/2019 - 17:18:26: "TTVSAUCYcstv @lacledeslan<9><STEAM_1:0:44975263><TERRORIST>" say "way less"
L 03/09/2019 - 17:18:27: "*<)LucK<7><STEAM_1:1:8934418><TERRORIST>" money change 8600-2700 = $5900 (tracked) (purchase: weapon_ak47)
L 03/09/2019 - 17:18:27: "*<)LucK<8><STEAM_1:1:8934418><TERRORIST>" picked up "ak47"
L 03/09/2019 - 17:18:27: "*<)LucK<8><STEAM_1:1:8934418><TERRORIST>" purchased "ak47"
L 03/09/2019 - 17:18:27: "*<)LucK<8><STEAM_1:1:8934418><TERRORIST>" picked up "vesthelm"
L 03/09/2019 - 17:18:27: "*<)LucK<7><STEAM_1:1:8934418><TERRORIST>" money change 5900-1000 = $4900 (tracked) (purchase: item_assaultsuit)
L 03/09/2019 - 17:18:27: "*<)LucK<8><STEAM_1:1:8934418><TERRORIST>" purchased "item_assaultsuit"
L 03/09/2019 - 17:18:30: "*<)LucK<8><STEAM_1:1:8934418><TERRORIST>" say "less"
L 03/09/2019 - 17:18:31: "Sweets<3><STEAM_1:1:44108695><CT>" say "yeah way less"
L 03/09/2019 - 17:18:32: "*<)LucK<8><STEAM_1:1:8934418><TERRORIST>" say "still kinda bad"
L 03/09/2019 - 17:18:34: "JaySee<5><STEAM_1:1:54870697><CT>" [1511 270 1614] attacked "dadlover69-milF-<10><STEAM_1:1:752644><TERRORIST>" [3114 -160 1614] with "ak47" (damage "134") (damage_armor "0") (health "0") (armor "0") (hitgroup "head")
L 03/09/2019 - 17:18:34: "dadlover69-milF-<10><STEAM_1:1:752644><TERRORIST>" dropped "glock"
L 03/09/2019 - 17:18:34: "dadlover69-milF-<10><STEAM_1:1:752644><TERRORIST>" dropped "knife"
L 03/09/2019 - 17:18:34: "JaySee<5><STEAM_1:1:54870697><CT>" [1511 270 1614] killed "dadlover69-milF-<10><STEAM_1:1:752644><TERRORIST>" [3114 -160 1678] with "ak47" (headshot)
L 03/09/2019 - 17:18:34: "dadlover69-milF-<10><STEAM_1:1:752644><TERRORIST>" left buyzone with [ ]
L 03/09/2019 - 17:18:37: "TTVSAUCYcstv @lacledeslan<9><STEAM_1:0:44975263><TERRORIST>" left buyzone with [ weapon_knife_m9_bayonet weapon_usp_silencer ]
L 03/09/2019 - 17:18:38: "dadlover69-milF-<10><STEAM_1:1:752644><TERRORIST>" picked up "knife"
L 03/09/2019 - 17:18:38: "dadlover69-milF-<10><STEAM_1:1:752644><TERRORIST>" picked up "glock"
L 03/09/2019 - 17:18:40: "TTVSAUCYcstv @lacledeslan<9><STEAM_1:0:44975263><TERRORIST>" left buyzone with [ weapon_knife_m9_bayonet weapon_usp_silencer ]
L 03/09/2019 - 17:18:40: "trance-<12><STEAM_1:1:91023470><>" connected, address ""
L 03/09/2019 - 17:18:41: "trance-<12><STEAM_1:1:91023470><>" STEAM USERID validated
L 03/09/2019 - 17:18:41: "*<)LucK<8><STEAM_1:1:8934418><TERRORIST>" [2725 168 1613] attacked "Noob Noob<7><STEAM_1:1:128551455><CT>" [2276 -604 1613] with "ak47" (damage "34") (damage_armor "0") (health "32") (armor "0") (hitgroup "chest")
L 03/09/2019 - 17:18:41: "*<)LucK<8><STEAM_1:1:8934418><TERRORIST>" [2725 168 1613] attacked "Noob Noob<7><STEAM_1:1:128551455><CT>" [2266 -611 1613] with "ak47" (damage "138") (damage_armor "0") (health "0") (armor "0") (hitgroup "head")
L 03/09/2019 - 17:18:41: "Noob Noob<7><STEAM_1:1:128551455><CT>" dropped "awp"
L 03/09/2019 - 17:18:41: "Noob Noob<7><STEAM_1:1:128551455><CT>" dropped "smokegrenade"
L 03/09/2019 - 17:18:41: "Noob Noob<7><STEAM_1:1:128551455><CT>" dropped "knife"
L 03/09/2019 - 17:18:41: "Noob Noob<7><STEAM_1:1:128551455><CT>" dropped "fiveseven"
L 03/09/2019 - 17:18:41: "*<)LucK<8><STEAM_1:1:8934418><TERRORIST>" [2725 168 1613] killed "Noob Noob<7><STEAM_1:1:128551455><CT>" [2266 -611 1677] with "ak47" (headshot)
L 03/09/2019 - 17:18:41: "doku<13><STEAM_1:0:59627425><>" connected, address ""
L 03/09/2019 - 17:18:41: "doku<13><STEAM_1:0:59627425><>" STEAM USERID validated
L 03/09/2019 - 17:18:43: "TTVSAUCYcstv @lacledeslan<9><STEAM_1:0:44975263><TERRORIST>" left buyzone with [ weapon_knife_m9_bayonet weapon_usp_silencer ]
L 03/09/2019 - 17:18:43: "Noob Noob<7><STEAM_1:1:128551455><CT>" picked up "knife"
L 03/09/2019 - 17:18:43: "Noob Noob<7><STEAM_1:1:128551455><CT>" picked up "hkp2000"
L 03/09/2019 - 17:18:44: "Sweets<3><STEAM_1:1:44108695><CT>" say "periodically hits 6 ms variance"
L 03/09/2019 - 17:18:45: "Noob Noob<6><STEAM_1:1:128551455><CT>" money change 3350-500 = $2850 (tracked) (purchase: weapon_fiveseven)
L 03/09/2019 - 17:18:45: "Noob Noob<7><STEAM_1:1:128551455><CT>" dropped "hkp2000"
L 03/09/2019 - 17:18:45: "Noob Noob<7><STEAM_1:1:128551455><CT>" picked up "fiveseven"
L 03/09/2019 - 17:18:45: "Noob Noob<7><STEAM_1:1:128551455><CT>" purchased "fiveseven"
L 03/09/2019 - 17:18:47: "trance-<12><STEAM_1:1:91023470><>" entered the game
L 03/09/2019 - 17:18:47: "Noob Noob<7><STEAM_1:1:128551455><CT>" left buyzone with [ weapon_knife_butterfly weapon_fiveseven ]
L 03/09/2019 - 17:18:48: "Tropic Chill<11><STEAM_1:0:43628457><>" entered the game
L 03/09/2019 - 17:18:48: "doku<13><STEAM_1:0:59627425><>" entered the game
L 03/09/2019 - 17:18:48: "dadlover69-milF-<10><STEAM_1:1:752644><TERRORIST>" left buyzone with [ weapon_bayonet weapon_glock ]
L 03/09/2019 - 17:18:51: "Sweets<3><STEAM_1:1:44108695><CT>" say "worst ive seen"
L 03/09/2019 - 17:18:55: "*<)LucK<8><STEAM_1:1:8934418><TERRORIST>" left buyzone with [ weapon_knife_butterfly weapon_glock weapon_ak47 kevlar(100) helmet ]
L 03/09/2019 - 17:18:56: "trance-<12><STEAM_1:1:91023470>" switched from team <Unassigned> to <TERRORIST>
L 03/09/2019 - 17:18:56: "trance-<12><STEAM_1:1:91023470><TERRORIST>" picked up "knife"
L 03/09/2019 - 17:18:56: "trance-<12><STEAM_1:1:91023470><TERRORIST>" picked up "glock"
L 03/09/2019 - 17:18:56: "doku<13><STEAM_1:0:59627425>" switched from team <Unassigned> to <TERRORIST>
L 03/09/2019 - 17:18:56: "doku<13><STEAM_1:0:59627425><TERRORIST>" picked up "knife"
L 03/09/2019 - 17:18:56: "doku<13><STEAM_1:0:59627425><TERRORIST>" picked up "glock"
L 03/09/2019 - 17:18:56: "Tropic Chill<11><STEAM_1:0:43628457>" switched from team <Unassigned> to <CT>
L 03/09/2019 - 17:18:56: "Tropic Chill<11><STEAM_1:0:43628457><CT>" picked up "knife"
L 03/09/2019 - 17:18:56: "Tropic Chill<11><STEAM_1:0:43628457><CT>" picked up "hkp2000"
L 03/09/2019 - 17:18:57: "Sweets<3><STEAM_1:1:44108695><CT>" say "before it was 8 -16 ms"
L 03/09/2019 - 17:19:00: "Tropic Chill<11><STEAM_1:0:43628457><CT>" left buyzone with [ weapon_knife weapon_usp_silencer ]
L 03/09/2019 - 17:19:00: "Noob Noob<7><STEAM_1:1:128551455><CT>" picked up "m4a1"
L 03/09/2019 - 17:19:02: "trance-<10><STEAM_1:1:91023470><TERRORIST>" money change 16000-2700 = $13300 (tracked) (purchase: weapon_ak47)
L 03/09/2019 - 17:19:02: "trance-<12><STEAM_1:1:91023470><TERRORIST>" picked up "ak47"
L 03/09/2019 - 17:19:02: "trance-<12><STEAM_1:1:91023470><TERRORIST>" purchased "ak47"
L 03/09/2019 - 17:19:02: "trance-<12><STEAM_1:1:91023470><TERRORIST>" picked up "vesthelm"
L 03/09/2019 - 17:19:02: "trance-<10><STEAM_1:1:91023470><TERRORIST>" money change 13300-1000 = $12300 (tracked) (purchase: item_assaultsuit)
L 03/09/2019 - 17:19:02: "trance-<12><STEAM_1:1:91023470><TERRORIST>" purchased "item_assaultsuit"
L 03/09/2019 - 17:19:02: "trance-<10><STEAM_1:1:91023470><TERRORIST>" money change 12300-400 = $11900 (tracked) (purchase: weapon_molotov)
L 03/09/2019 - 17:19:02: "trance-<12><STEAM_1:1:91023470><TERRORIST>" picked up "molotov"
L 03/09/2019 - 17:19:02: "trance-<12><STEAM_1:1:91023470><TERRORIST>" purchased "molotov"
L 03/09/2019 - 17:19:02: "trance-<10><STEAM_1:1:91023470><TERRORIST>" money change 11900-200 = $11700 (tracked) (purchase: weapon_flashbang)
L 03/09/2019 - 17:19:02: "trance-<12><STEAM_1:1:91023470><TERRORIST>" picked up "flashbang"
L 03/09/2019 - 17:19:02: "trance-<12><STEAM_1:1:91023470><TERRORIST>" purchased "flashbang"
L 03/09/2019 - 17:19:03: "trance-<10><STEAM_1:1:91023470><TERRORIST>" money change 11700-300 = $11400 (tracked) (purchase: weapon_hegrenade)
L 03/09/2019 - 17:19:03: "trance-<12><STEAM_1:1:91023470><TERRORIST>" picked up "hegrenade"
L 03/09/2019 - 17:19:03: "trance-<12><STEAM_1:1:91023470><TERRORIST>" purchased "hegrenade"
L 03/09/2019 - 17:19:03: "trance-<10><STEAM_1:1:91023470><TERRORIST>" money change 11400-300 = $11100 (tracked) (purchase: weapon_smokegrenade)
L 03/09/2019 - 17:19:03: "trance-<12><STEAM_1:1:91023470><TERRORIST>" picked up "smokegrenade"
L 03/09/2019 - 17:19:03: "trance-<12><STEAM_1:1:91023470><TERRORIST>" purchased "smokegrenade"
L 03/09/2019 - 17:19:05: "*<)LucK<8><STEAM_1:1:8934418><TERRORIST>" left buyzone with [ weapon_knife_butterfly weapon_glock weapon_ak47 kevlar(100) helmet ]
L 03/09/2019 - 17:19:05: "Console<0><Console><Console>" say ""we are going back to the old system, we are going to get you a new server""
L 03/09/2019 - 17:19:05: rcon from "172.30.40.7:58856": command "say "we are going back to the old system, we are going to get you a new server""
L 03/09/2019 - 17:19:07: "trance-<12><STEAM_1:1:91023470><TERRORIST>" left buyzone with [ weapon_knife_m9_bayonet weapon_glock weapon_ak47 weapon_molotov weapon_flashbang weapon_hegrenade weapon_smokegrenade kevlar(100) helmet ]
L 03/09/2019 - 17:19:09: "*<)LucK<8><STEAM_1:1:8934418><TERRORIST>" [2073 275 1613] attacked "JaySee<5><STEAM_1:1:54870697><CT>" [1571 175 1614] with "ak47" (damage "109") (damage_armor "15") (health "0") (armor "84") (hitgroup "head")
L 03/09/2019 - 17:19:09: "JaySee<5><STEAM_1:1:54870697><CT>" dropped "ak47"
L 03/09/2019 - 17:19:09: "JaySee<5><STEAM_1:1:54870697><CT>" dropped "vesthelm"
L 03/09/2019 - 17:19:09: "JaySee<5><STEAM_1:1:54870697><CT>" dropped "knife"
L 03/09/2019 - 17:19:09: "JaySee<5><STEAM_1:1:54870697><CT>" dropped "deagle"
L 03/09/2019 - 17:19:09: "*<)LucK<8><STEAM_1:1:8934418><TERRORIST>" [2073 275 1613] killed "JaySee<5><STEAM_1:1:54870697><CT>" [1571 175 1678] with "ak47" (headshot)
L 03/09/2019 - 17:19:09: "TTVSAUCYcstv @lacledeslan<9><STEAM_1:0:44975263><TERRORIST>" left buyzone with [ weapon_knife_m9_bayonet weapon_usp_silencer ]
L 03/09/2019 - 17:19:11: "TTVSAUCYcstv @lacledeslan<9><STEAM_1:0:44975263><TERRORIST>" say "kk"
L 03/09/2019 - 17:19:12: "dadlover69-milF-<8><STEAM_1:1:752644><TERRORIST>" money change 16000-300 = $15700 (tracked) (purchase: weapon_p250)
L 03/09/2019 - 17:19:12: "dadlover69-milF-<10><STEAM_1:1:752644><TERRORIST>" dropped "glock"
L 03/09/2019 - 17:19:12: "dadlover69-milF-<10><STEAM_1:1:752644><TERRORIST>" picked up "p250"
L 03/09/2019 - 17:19:12: "dadlover69-milF-<10><STEAM_1:1:752644><TERRORIST>" purchased "p250"
L 03/09/2019 - 17:19:12: "dadlover69-milF-<10><STEAM_1:1:752644><TERRORIST>" picked up "vesthelm"
L 03/09/2019 - 17:19:12: "dadlover69-milF-<8><STEAM_1:1:752644><TERRORIST>" money change 15700-1000 = $14700 (tracked) (purchase: item_assaultsuit)
L 03/09/2019 - 17:19:12: "dadlover69-milF-<10><STEAM_1:1:752644><TERRORIST>" purchased "item_assaultsuit"
L 03/09/2019 - 17:19:13: "JaySee<5><STEAM_1:1:54870697><CT>" picked up "knife"
L 03/09/2019 - 17:19:13: "JaySee<5><STEAM_1:1:54870697><CT>" picked up "hkp2000"
L 03/09/2019 - 17:19:13: "doku<13><STEAM_1:0:59627425><TERRORIST>" changed name to "doku @ lan"
L 03/09/2019 - 17:19:14: "TTVSAUCYcstv @lacledeslan<9><STEAM_1:0:44975263><TERRORIST>" disconnected (reason "Disconnect")
L 03/09/2019 - 17:19:14: "TTVSAUCYcstv @lacledeslan<9><STEAM_1:0:44975263><TERRORIST>" dropped "hkp2000"
L 03/09/2019 - 17:19:14: "TTVSAUCYcstv @lacledeslan<9><STEAM_1:0:44975263><TERRORIST>" dropped "knife"
L 03/09/2019 - 17:19:14: "TTVSAUCYcstv @lacledeslan<9><STEAM_1:0:44975263><TERRORIST>" [-1365 865 1732] committed suicide with "world"
L 03/09/2019 - 17:19:14: "TTVSAUCYcstv @lacledeslan<9><STEAM_1:0:44975263>" switched from team <TERRORIST> to <Unassigned>
L 03/09/2019 - 17:19:14: "TTVSAUCYcstv @lacledeslan<9><STEAM_1:0:44975263><Unassigned>" left buyzone with [ ]
L 03/09/2019 - 17:19:14: "Sweets<3><STEAM_1:1:44108695><CT>" say "ok"
L 03/09/2019 - 17:19:15: "dadlover69-milF-<8><STEAM_1:1:752644><TERRORIST>" money change 14700-700 = $14000 (tracked) (purchase: weapon_deagle)
L 03/09/2019 - 17:19:15: "dadlover69-milF-<10><STEAM_1:1:752644><TERRORIST>" dropped "p250"
L 03/09/2019 - 17:19:15: "dadlover69-milF-<10><STEAM_1:1:752644><TERRORIST>" picked up "deagle"
L 03/09/2019 - 17:19:15: "dadlover69-milF-<10><STEAM_1:1:752644><TERRORIST>" purchased "deagle"
L 03/09/2019 - 17:19:15: "dadlover69-milF-<10><STEAM_1:1:752644><TERRORIST>" dropped "deagle"
L 03/09/2019 - 17:19:15: "dadlover69-milF-<8><STEAM_1:1:752644><TERRORIST>" money change 14000-700 = $13300 (tracked) (purchase: weapon_deagle)
L 03/09/2019 - 17:19:15: "dadlover69-milF-<10><STEAM_1:1:752644><TERRORIST>" picked up "deagle"
L 03/09/2019 - 17:19:15: "dadlover69-milF-<10><STEAM_1:1:752644><TERRORIST>" purchased "deagle"
L 03/09/2019 - 17:19:15: "dadlover69-milF-<10><STEAM_1:1:752644><TERRORIST>" dropped "deagle"
L 03/09/2019 - 17:19:15: "dadlover69-milF-<8><STEAM_1:1:752644><TERRORIST>" money change 13300-700 = $12600 (tracked) (purchase: weapon_deagle)
L 03/09/2019 - 17:19:15: "dadlover69-milF-<10><STEAM_1:1:752644><TERRORIST>" picked up "deagle"
L 03/09/2019 - 17:19:15: "dadlover69-milF-<10><STEAM_1:1:752644><TERRORIST>" purchased "deagle"
L 03/09/2019 - 17:19:16: "dadlover69-milF-<10><STEAM_1:1:752644><TERRORIST>" dropped "deagle"
L 03/09/2019 - 17:19:16: "dadlover69-milF-<8><STEAM_1:1:752644><TERRORIST>" money change 12600-700 = $11900 (tracked) (purchase: weapon_deagle)
L 03/09/2019 - 17:19:16: "dadlover69-milF-<10><STEAM_1:1:752644><TERRORIST>" picked up "deagle"
L 03/09/2019 - 17:19:16: "dadlover69-milF-<10><STEAM_1:1:752644><TERRORIST>" purchased "deagle"
L 03/09/2019 - 17:19:16: "dadlover69-milF-<10><STEAM_1:1:752644><TERRORIST>" dropped "deagle"
L 03/09/2019 - 17:19:16: "dadlover69-milF-<8><STEAM_1:1:752644><TERRORIST>" money change 11900-700 = $11200 (tracked) (purchase: weapon_deagle)
L 03/09/2019 - 17:19:16: "dadlover69-milF-<10><STEAM_1:1:752644><TERRORIST>" picked up "deagle"
L 03/09/2019 - 17:19:16: "dadlover69-milF-<10><STEAM_1:1:752644><TERRORIST>" purchased "deagle"
L 03/09/2019 - 17:19:16: "dadlover69-milF-<10><STEAM_1:1:752644><TERRORIST>" dropped "deagle"
L 03/09/2019 - 17:19:16: "dadlover69-milF-<8><STEAM_1:1:752644><TERRORIST>" money change 11200-300 = $10900 (tracked) (purchase: weapon_p250)
L 03/09/2019 - 17:19:16: "dadlover69-milF-<10><STEAM_1:1:752644><TERRORIST>" picked up "p250"
L 03/09/2019 - 17:19:16: "dadlover69-milF-<10><STEAM_1:1:752644><TERRORIST>" purchased "p250"
L 03/09/2019 - 17:19:17: "dadlover69-milF-<10><STEAM_1:1:752644><TERRORIST>" dropped "p250"
L 03/09/2019 - 17:19:17: "dadlover69-milF-<10><STEAM_1:1:752644><TERRORIST>" picked up "p250"
L 03/09/2019 - 17:19:19: "dadlover69-milF-<10><STEAM_1:1:752644><TERRORIST>" left buyzone with [ weapon_bayonet weapon_p250 kevlar(100) helmet ]
L 03/09/2019 - 17:19:19: "trance-<12><STEAM_1:1:91023470><TERRORIST>" disconnected (reason "Disconnect")
L 03/09/2019 - 17:19:19: "trance-<12><STEAM_1:1:91023470><TERRORIST>" dropped "ak47"
L 03/09/2019 - 17:19:19: "trance-<12><STEAM_1:1:91023470><TERRORIST>" dropped "molotov"
L 03/09/2019 - 17:19:19: "trance-<12><STEAM_1:1:91023470><TERRORIST>" dropped "vesthelm"
L 03/09/2019 - 17:19:19: "trance-<12><STEAM_1:1:91023470><TERRORIST>" dropped "knife"
L 03/09/2019 - 17:19:19: "trance-<12><STEAM_1:1:91023470><TERRORIST>" dropped "glock"
L 03/09/2019 - 17:19:19: "trance-<12><STEAM_1:1:91023470><TERRORIST>" dropped "flashbang"
L 03/09/2019 - 17:19:19: "trance-<12><STEAM_1:1:91023470><TERRORIST>" dropped "hegrenade"
L 03/09/2019 - 17:19:19: "trance-<12><STEAM_1:1:91023470><TERRORIST>" dropped "smokegrenade"
L 03/09/2019 - 17:19:19: "trance-<12><STEAM_1:1:91023470><TERRORIST>" [2224 103 1677] committed suicide with "world"
L 03/09/2019 - 17:19:19: "trance-<12><STEAM_1:1:91023470>" switched from team <TERRORIST> to <Unassigned>
L 03/09/2019 - 17:19:20: "dadlover69-milF-<8><STEAM_1:1:752644><TERRORIST>" money change 10900-200 = $10700 (tracked) (purchase: weapon_flashbang)
L 03/09/2019 - 17:19:20: "dadlover69-milF-<10><STEAM_1:1:752644><TERRORIST>" picked up "flashbang"
L 03/09/2019 - 17:19:20: "dadlover69-milF-<10><STEAM_1:1:752644><TERRORIST>" purchased "flashbang"
L 03/09/2019 - 17:19:20: "dadlover69-milF-<8><STEAM_1:1:752644><TERRORIST>" money change 10700-300 = $10400 (tracked) (purchase: weapon_hegrenade)
L 03/09/2019 - 17:19:20: "dadlover69-milF-<10><STEAM_1:1:752644><TERRORIST>" picked up "hegrenade"
L 03/09/2019 - 17:19:20: "dadlover69-milF-<10><STEAM_1:1:752644><TERRORIST>" purchased "hegrenade"
L 03/09/2019 - 17:19:20: "*<)LucK<8><STEAM_1:1:8934418><TERRORIST>" [537 -120 1744] killed other "prop_dynamic<241>" [544 -168 1748] with "knife_butterfly"
L 03/09/2019 - 17:19:21: "Sweets<3><STEAM_1:1:44108695><CT>" disconnected (reason "Disconnect")
L 03/09/2019 - 17:19:21: "Sweets<3><STEAM_1:1:44108695><CT>" dropped "hkp2000"
L 03/09/2019 - 17:19:21: "Sweets<3><STEAM_1:1:44108695><CT>" dropped "knife"
L 03/09/2019 - 17:19:21: "Sweets<3><STEAM_1:1:44108695><CT>" [-869 98 1678] committed suicide with "world"
L 03/09/2019 - 17:19:21: "Sweets<3><STEAM_1:1:44108695>" switched from team <CT> to <Unassigned>
L 03/09/2019 - 17:19:21: "*<)LucK<8><STEAM_1:1:8934418><TERRORIST>" [411 -287 1748] killed other "prop_dynamic<240>" [374 -277 1748] with "knife_butterfly"
L 03/09/2019 - 17:19:22: "Noob Noob<7><STEAM_1:1:128551455><CT>" [2348 -327 1613] attacked "dadlover69-milF-<10><STEAM_1:1:752644><TERRORIST>" [3142 79 1613] with "m4a1" (damage "21") (damage_armor "4") (health "79") (armor "95") (hitgroup "chest")
L 03/09/2019 - 17:19:22: "dadlover69-milF-<10><STEAM_1:1:752644><TERRORIST>" dropped "p250"
L 03/09/2019 - 17:19:22: "Noob Noob<7><STEAM_1:1:128551455><CT>" [2348 -327 1613] attacked "dadlover69-milF-<10><STEAM_1:1:752644><TERRORIST>" [3142 79 1613] with "m4a1" (damage "21") (damage_armor "4") (health "58") (armor "90") (hitgroup "chest")
L 03/09/2019 - 17:19:24: "Noob Noob<7><STEAM_1:1:128551455><CT>" [2354 -338 1613] attacked "dadlover69-milF-<10><STEAM_1:1:752644><TERRORIST>" [3142 79 1613] with "m4a1" (damage "87") (damage_armor "18") (health "0") (armor "71") (hitgroup "head")
L 03/09/2019 - 17:19:24: "dadlover69-milF-<10><STEAM_1:1:752644><TERRORIST>" dropped "hegrenade"
L 03/09/2019 - 17:19:24: "dadlover69-milF-<10><STEAM_1:1:752644><TERRORIST>" dropped "vesthelm"
L 03/09/2019 - 17:19:24: "dadlover69-milF-<10><STEAM_1:1:752644><TERRORIST>" dropped "knife"
L 03/09/2019 - 17:19:24: "dadlover69-milF-<10><STEAM_1:1:752644><TERRORIST>" dropped "flashbang"
L 03/09/2019 - 17:19:24: "Noob Noob<7><STEAM_1:1:128551455><CT>" [2354 -338 1613] killed "dadlover69-milF-<10><STEAM_1:1:752644><TERRORIST>" [3142 79 1677] with "m4a1" (headshot)
L 03/09/2019 - 17:19:24: "dadlover69-milF-<10><STEAM_1:1:752644><TERRORIST>" left buyzone with [ ]
L 03/09/2019 - 17:19:25: "Noob Noob<7><STEAM_1:1:128551455><CT>" [2354 -338 1613] attacked "doku @ lan<13><STEAM_1:0:59627425><TERRORIST>" [3245 226 1614] with "m4a1" (damage "123") (damage_armor "0") (health "0") (armor "0") (hitgroup "head")
L 03/09/2019 - 17:19:25: "doku @ lan<13><STEAM_1:0:59627425><TERRORIST>" dropped "glock"
L 03/09/2019 - 17:19:25: "doku @ lan<13><STEAM_1:0:59627425><TERRORIST>" dropped "knife"
L 03/09/2019 - 17:19:25: "Noob Noob<7><STEAM_1:1:128551455><CT>" [2354 -338 1613] killed "doku @ lan<13><STEAM_1:0:59627425><TERRORIST>" [3245 226 1678] with "m4a1" (headshot)
L 03/09/2019 - 17:19:25: "doku @ lan<13><STEAM_1:0:59627425><TERRORIST>" left buyzone with [ ]
L 03/09/2019 - 17:19:25: "dadlover69-milF-<10><STEAM_1:1:752644><TERRORIST>" picked up "knife"
L 03/09/2019 - 17:19:25: "dadlover69-milF-<10><STEAM_1:1:752644><TERRORIST>" picked up "glock"
L 03/09/2019 - 17:19:26: "Tropic Chill<11><STEAM_1:0:43628457><CT>" disconnected (reason "Disconnect")
L 03/09/2019 - 17:19:26: "Tropic Chill<11><STEAM_1:0:43628457><CT>" dropped "hkp2000"
L 03/09/2019 - 17:19:26: "Tropic Chill<11><STEAM_1:0:43628457><CT>" dropped "knife"
L 03/09/2019 - 17:19:26: "Tropic Chill<11><STEAM_1:0:43628457><CT>" [499 583 1677] committed suicide with "world"
L 03/09/2019 - 17:19:26: "Tropic Chill<11><STEAM_1:0:43628457>" switched from team <CT> to <Unassigned>
L 03/09/2019 - 17:19:26: "JaySee<5><STEAM_1:1:54870697><CT>" left buyzone with [ weapon_knife weapon_usp_silencer ]
L 03/09/2019 - 17:19:26: "dadlover69-milF-<8><STEAM_1:1:752644><TERRORIST>" money change 10400-300 = $10100 (tracked) (purchase: weapon_p250)
L 03/09/2019 - 17:19:26: "dadlover69-milF-<10><STEAM_1:1:752644><TERRORIST>" dropped "glock"
L 03/09/2019 - 17:19:26: "dadlover69-milF-<10><STEAM_1:1:752644><TERRORIST>" picked up "p250"
L 03/09/2019 - 17:19:26: "dadlover69-milF-<10><STEAM_1:1:752644><TERRORIST>" purchased "p250"
L 03/09/2019 - 17:19:27: "dadlover69-milF-<10><STEAM_1:1:752644><TERRORIST>" dropped "p250"
L 03/09/2019 - 17:19:27: "dadlover69-milF-<8><STEAM_1:1:752644><TERRORIST>" money change 10100-300 = $9800 (tracked) (purchase: weapon_p250)
L 03/09/2019 - 17:19:27: "dadlover69-milF-<10><STEAM_1:1:752644><TERRORIST>" picked up "p250"
L 03/09/2019 - 17:19:27: "dadlover69-milF-<10><STEAM_1:1:752644><TERRORIST>" purchased "p250"
L 03/09/2019 - 17:19:27: "dadlover69-milF-<10><STEAM_1:1:752644><TERRORIST>" dropped "p250"
L 03/09/2019 - 17:19:27: "dadlover69-milF-<8><STEAM_1:1:752644><TERRORIST>" money change 9800-300 = $9500 (tracked) (purchase: weapon_p250)
L 03/09/2019 - 17:19:27: "dadlover69-milF-<10><STEAM_1:1:752644><TERRORIST>" picked up "p250"
L 03/09/2019 - 17:19:27: "dadlover69-milF-<10><STEAM_1:1:752644><TERRORIST>" purchased "p250"
L 03/09/2019 - 17:19:27: "Noob Noob<7><STEAM_1:1:128551455><CT>" [2370 -215 1613] attacked "dadlover69-milF-<10><STEAM_1:1:752644><TERRORIST>" [3013 32 1613] with "m4a1" (damage "31") (damage_armor "0") (health "69") (armor "0") (hitgroup "chest")
L 03/09/2019 - 17:19:27: "dadlover69-milF-<10><STEAM_1:1:752644><TERRORIST>" dropped "p250"
L 03/09/2019 - 17:19:27: "Noob Noob<7><STEAM_1:1:128551455><CT>" [2370 -215 1613] attacked "dadlover69-milF-<10><STEAM_1:1:752644><TERRORIST>" [3013 32 1613] with "m4a1" (damage "31") (damage_armor "0") (health "38") (armor "0") (hitgroup "chest")
L 03/09/2019 - 17:19:27: "dadlover69-milF-<8><STEAM_1:1:752644><TERRORIST>" money change 9500-300 = $9200 (tracked) (purchase: weapon_p250)
L 03/09/2019 - 17:19:27: "dadlover69-milF-<10><STEAM_1:1:752644><TERRORIST>" picked up "p250"
L 03/09/2019 - 17:19:27: "dadlover69-milF-<10><STEAM_1:1:752644><TERRORIST>" purchased "p250"
L 03/09/2019 - 17:19:27: "dadlover69-milF-<10><STEAM_1:1:752644><TERRORIST>" dropped "p250"
L 03/09/2019 - 17:19:27: "dadlover69-milF-<8><STEAM_1:1:752644><TERRORIST>" money change 9200-300 = $8900 (tracked) (purchase: weapon_p250)
L 03/09/2019 - 17:19:27: "dadlover69-milF-<10><STEAM_1:1:752644><TERRORIST>" picked up "p250"
L 03/09/2019 - 17:19:27: "dadlover69-milF-<10><STEAM_1:1:752644><TERRORIST>" purchased "p250"
L 03/09/2019 - 17:19:27: "Noob Noob<7><STEAM_1:1:128551455><CT>" [2370 -215 1613] attacked "dadlover69-milF-<10><STEAM_1:1:752644><TERRORIST>" [3013 32 1613] with "m4a1" (damage "31") (damage_armor "0") (health "7") (armor "0") (hitgroup "right arm")
L 03/09/2019 - 17:19:27: "dadlover69-milF-<10><STEAM_1:1:752644><TERRORIST>" dropped "p250"
L 03/09/2019 - 17:19:28: "dadlover69-milF-<10><STEAM_1:1:752644><TERRORIST>" picked up "glock"
L 03/09/2019 - 17:19:28: "dadlover69-milF-<8><STEAM_1:1:752644><TERRORIST>" money change 8900-700 = $8200 (tracked) (purchase: weapon_deagle)
L 03/09/2019 - 17:19:28: "dadlover69-milF-<10><STEAM_1:1:752644><TERRORIST>" dropped "glock"
L 03/09/2019 - 17:19:28: "dadlover69-milF-<10><STEAM_1:1:752644><TERRORIST>" picked up "deagle"
L 03/09/2019 - 17:19:28: "dadlover69-milF-<10><STEAM_1:1:752644><TERRORIST>" purchased "deagle"
L 03/09/2019 - 17:19:29: "dadlover69-milF-<10><STEAM_1:1:752644><TERRORIST>" dropped "deagle"
L 03/09/2019 - 17:19:29: "Noob Noob<7><STEAM_1:1:128551455><CT>" [2408 -167 1613] attacked "dadlover69-milF-<10><STEAM_1:1:752644><TERRORIST>" [3013 32 1613] with "fiveseven" (damage "98") (damage_armor "0") (health "0") (armor "0") (hitgroup "head")
L 03/09/2019 - 17:19:29: "dadlover69-milF-<10><STEAM_1:1:752644><TERRORIST>" dropped "knife"
L 03/09/2019 - 17:19:29: "Noob Noob<7><STEAM_1:1:128551455><CT>" [2408 -167 1613] killed "dadlover69-milF-<10><STEAM_1:1:752644><TERRORIST>" [3013 32 1677] with "fiveseven" (headshot)
L 03/09/2019 - 17:19:29: "dadlover69-milF-<10><STEAM_1:1:752644><TERRORIST>" left buyzone with [ ]
L 03/09/2019 - 17:19:29: "JaySee<5><STEAM_1:1:54870697><CT>" picked up "vesthelm"
L 03/09/2019 - 17:19:29: "JaySee<4><STEAM_1:1:54870697><CT>" money change 9200-1000 = $8200 (tracked) (purchase: item_assaultsuit)
L 03/09/2019 - 17:19:29: "JaySee<5><STEAM_1:1:54870697><CT>" purchased "item_assaultsuit"
L 03/09/2019 - 17:19:29: "doku @ lan<13><STEAM_1:0:59627425><TERRORIST>" picked up "knife"
L 03/09/2019 - 17:19:29: "doku @ lan<13><STEAM_1:0:59627425><TERRORIST>" picked up "glock"
L 03/09/2019 - 17:19:29: "JaySee<4><STEAM_1:1:54870697><CT>" money change 8200-700 = $7500 (tracked) (purchase: weapon_deagle)
L 03/09/2019 - 17:19:29: "JaySee<5><STEAM_1:1:54870697><CT>" dropped "hkp2000"
L 03/09/2019 - 17:19:29: "JaySee<5><STEAM_1:1:54870697><CT>" picked up "deagle"
L 03/09/2019 - 17:19:29: "JaySee<5><STEAM_1:1:54870697><CT>" purchased "deagle"
L 03/09/2019 - 17:19:30: "Noob Noob<7><STEAM_1:1:128551455><CT>" dropped "m4a1"
L 03/09/2019 - 17:19:30: "Noob Noob<7><STEAM_1:1:128551455><CT>" picked up "molotov"
L 03/09/2019 - 17:19:30: "Noob Noob<7><STEAM_1:1:128551455><CT>" picked up "ak47"
L 03/09/2019 - 17:19:31: "JaySee<5><STEAM_1:1:54870697><CT>" left buyzone with [ weapon_knife weapon_deagle kevlar(100) helmet ]
L 03/09/2019 - 17:19:32: "dadlover69-milF-<10><STEAM_1:1:752644><TERRORIST>" picked up "knife"
L 03/09/2019 - 17:19:32: "dadlover69-milF-<10><STEAM_1:1:752644><TERRORIST>" picked up "glock"
L 03/09/2019 - 17:19:33: "dadlover69-milF-<8><STEAM_1:1:752644><TERRORIST>" money change 8200-300 = $7900 (tracked) (purchase: weapon_p250)
L 03/09/2019 - 17:19:33: "dadlover69-milF-<10><STEAM_1:1:752644><TERRORIST>" dropped "glock"
L 03/09/2019 - 17:19:33: "dadlover69-milF-<10><STEAM_1:1:752644><TERRORIST>" picked up "p250"
L 03/09/2019 - 17:19:33: "dadlover69-milF-<10><STEAM_1:1:752644><TERRORIST>" purchased "p250"
L 03/09/2019 - 17:19:33: "dadlover69-milF-<10><STEAM_1:1:752644><TERRORIST>" dropped "p250"
L 03/09/2019 - 17:19:33: "dadlover69-milF-<10><STEAM_1:1:752644><TERRORIST>" picked up "glock"
L 03/09/2019 - 17:19:33: "dadlover69-milF-<8><STEAM_1:1:752644><TERRORIST>" money change 7900-700 = $7200 (tracked) (purchase: weapon_deagle)
L 03/09/2019 - 17:19:33: "dadlover69-milF-<10><STEAM_1:1:752644><TERRORIST>" dropped "glock"
L 03/09/2019 - 17:19:33: "dadlover69-milF-<10><STEAM_1:1:752644><TERRORIST>" picked up "deagle"
L 03/09/2019 - 17:19:33: "dadlover69-milF-<10><STEAM_1:1:752644><TERRORIST>" purchased "deagle"
L 03/09/2019 - 17:19:33: "dadlover69-milF-<10><STEAM_1:1:752644><TERRORIST>" dropped "deagle"
L 03/09/2019 - 17:19:33: "dadlover69-milF-<8><STEAM_1:1:752644><TERRORIST>" money change 7200-300 = $6900 (tracked) (purchase: weapon_p250)
L 03/09/2019 - 17:19:33: "dadlover69-milF-<10><STEAM_1:1:752644><TERRORIST>" picked up "p250"
L 03/09/2019 - 17:19:33: "dadlover69-milF-<10><STEAM_1:1:752644><TERRORIST>" purchased "p250"
L 03/09/2019 - 17:19:33: "dadlover69-milF-<8><STEAM_1:1:752644><TERRORIST>" money change 6900-700 = $6200 (tracked) (purchase: weapon_deagle)
L 03/09/2019 - 17:19:33: "dadlover69-milF-<10><STEAM_1:1:752644><TERRORIST>" dropped "p250"
L 03/09/2019 - 17:19:33: "dadlover69-milF-<10><STEAM_1:1:752644><TERRORIST>" picked up "deagle"
L 03/09/2019 - 17:19:33: "dadlover69-milF-<10><STEAM_1:1:752644><TERRORIST>" purchased "deagle"
L 03/09/2019 - 17:19:34: "dadlover69-milF-<10><STEAM_1:1:752644><TERRORIST>" dropped "deagle"
L 03/09/2019 - 17:19:34: "dadlover69-milF-<8><STEAM_1:1:752644><TERRORIST>" money change 6200-300 = $5900 (tracked) (purchase: weapon_p250)
L 03/09/2019 - 17:19:34: "dadlover69-milF-<10><STEAM_1:1:752644><TERRORIST>" picked up "p250"
L 03/09/2019 - 17:19:34: "dadlover69-milF-<10><STEAM_1:1:752644><TERRORIST>" purchased "p250"
L 03/09/2019 - 17:19:34: "dadlover69-milF-<8><STEAM_1:1:752644><TERRORIST>" money change 5900-700 = $5200 (tracked) (purchase: weapon_deagle)
L 03/09/2019 - 17:19:34: "dadlover69-milF-<10><STEAM_1:1:752644><TERRORIST>" dropped "p250"
L 03/09/2019 - 17:19:34: "dadlover69-milF-<10><STEAM_1:1:752644><TERRORIST>" picked up "deagle"
L 03/09/2019 - 17:19:34: "dadlover69-milF-<10><STEAM_1:1:752644><TERRORIST>" purchased "deagle"
L 03/09/2019 - 17:19:34: "dadlover69-milF-<10><STEAM_1:1:752644><TERRORIST>" dropped "deagle"
L 03/09/2019 - 17:19:34: "dadlover69-milF-<10><STEAM_1:1:752644><TERRORIST>" picked up "p250"
L 03/09/2019 - 17:19:34: "dadlover69-milF-<8><STEAM_1:1:752644><TERRORIST>" money change 5200-700 = $4500 (tracked) (purchase: weapon_deagle)
L 03/09/2019 - 17:19:34: "dadlover69-milF-<10><STEAM_1:1:752644><TERRORIST>" dropped "p250"
L 03/09/2019 - 17:19:34: "dadlover69-milF-<10><STEAM_1:1:752644><TERRORIST>" picked up "deagle"
L 03/09/2019 - 17:19:34: "dadlover69-milF-<10><STEAM_1:1:752644><TERRORIST>" purchased "deagle"
L 03/09/2019 - 17:19:34: "dadlover69-milF-<10><STEAM_1:1:752644><TERRORIST>" dropped "deagle"
L 03/09/2019 - 17:19:34: "dadlover69-milF-<8><STEAM_1:1:752644><TERRORIST>" money change 4500-300 = $4200 (tracked) (purchase: weapon_p250)
L 03/09/2019 - 17:19:34: "dadlover69-milF-<10><STEAM_1:1:752644><TERRORIST>" picked up "p250"
L 03/09/2019 - 17:19:34: "dadlover69-milF-<10><STEAM_1:1:752644><TERRORIST>" purchased "p250"
L 03/09/2019 - 17:19:34: "dadlover69-milF-<8><STEAM_1:1:752644><TERRORIST>" money change 4200-700 = $3500 (tracked) (purchase: weapon_deagle)
L 03/09/2019 - 17:19:34: "dadlover69-milF-<10><STEAM_1:1:752644><TERRORIST>" dropped "p250"
L 03/09/2019 - 17:19:34: "dadlover69-milF-<10><STEAM_1:1:752644><TERRORIST>" picked up "deagle"
L 03/09/2019 - 17:19:34: "dadlover69-milF-<10><STEAM_1:1:752644><TERRORIST>" purchased "deagle"
L 03/09/2019 - 17:19:34: "dadlover69-milF-<10><STEAM_1:1:752644><TERRORIST>" dropped "deagle"
L 03/09/2019 - 17:19:34: "Noob Noob<7><STEAM_1:1:128551455><CT>" [2299 29 1613] attacked "doku @ lan<13><STEAM_1:0:59627425><TERRORIST>" [3092 -5 1613] with "ak47" (damage "34") (damage_armor "0") (health "66") (armor "0") (hitgroup "chest")
L 03/09/2019 - 17:19:34: "dadlover69-milF-<8><STEAM_1:1:752644><TERRORIST>" money change 3500-300 = $3200 (tracked) (purchase: weapon_p250)
L 03/09/2019 - 17:19:34: "dadlover69-milF-<10><STEAM_1:1:752644><TERRORIST>" picked up "p250"
L 03/09/2019 - 17:19:34: "dadlover69-milF-<10><STEAM_1:1:752644><TERRORIST>" purchased "p250"
L 03/09/2019 - 17:19:34: "dadlover69-milF-<10><STEAM_1:1:752644><TERRORIST>" dropped "p250"
L 03/09/2019 - 17:19:34: "Noob Noob<7><STEAM_1:1:128551455><CT>" [2299 28 1613] attacked "doku @ lan<13><STEAM_1:0:59627425><TERRORIST>" [3092 -5 1613] with "ak47" (damage "139") (damage_armor "0") (health "0") (armor "0") (hitgroup "head")
L 03/09/2019 - 17:19:34: "doku @ lan<13><STEAM_1:0:59627425><TERRORIST>" dropped "glock"
L 03/09/2019 - 17:19:34: "doku @ lan<13><STEAM_1:0:59627425><TERRORIST>" dropped "knife"
L 03/09/2019 - 17:19:34: "Noob Noob<7><STEAM_1:1:128551455><CT>" [2299 28 1613] killed "doku @ lan<13><STEAM_1:0:59627425><TERRORIST>" [3092 -5 1677] with "ak47" (headshot)
L 03/09/2019 - 17:19:34: "doku @ lan<13><STEAM_1:0:59627425><TERRORIST>" left buyzone with [ ]
L 03/09/2019 - 17:19:35: "dadlover69-milF-<10><STEAM_1:1:752644><TERRORIST>" picked up "glock"
L 03/09/2019 - 17:19:35: "dadlover69-milF-<8><STEAM_1:1:752644><TERRORIST>" money change 3200-300 = $2900 (tracked) (purchase: weapon_hegrenade)
L 03/09/2019 - 17:19:35: "dadlover69-milF-<10><STEAM_1:1:752644><TERRORIST>" picked up "hegrenade"
L 03/09/2019 - 17:19:35: "dadlover69-milF-<10><STEAM_1:1:752644><TERRORIST>" purchased "hegrenade"
L 03/09/2019 - 17:19:36: "Noob Noob<7><STEAM_1:1:128551455><CT>" [2299 28 1613] attacked "dadlover69-milF-<10><STEAM_1:1:752644><TERRORIST>" [2965 68 1613] with "ak47" (damage "35") (damage_armor "0") (health "65") (armor "0") (hitgroup "left arm")
L 03/09/2019 - 17:19:37: "dadlover69-milF-<10><STEAM_1:1:752644><TERRORIST>" dropped "hegrenade"
L 03/09/2019 - 17:19:38: "Noob Noob<7><STEAM_1:1:128551455><CT>" [2300 24 1613] attacked "dadlover69-milF-<10><STEAM_1:1:752644><TERRORIST>" [3109 207 1613] with "ak47" (damage "34") (damage_armor "0") (health "31") (armor "0") (hitgroup "chest")
L 03/09/2019 - 17:19:38: "dadlover69-milF-<10><STEAM_1:1:752644><TERRORIST>" threw hegrenade [2854 51 1616]
L 03/09/2019 - 17:19:38: "dadlover69-milF-<10><STEAM_1:1:752644><TERRORIST>" [3126 216 1613] attacked "dadlover69-milF-<10><STEAM_1:1:752644><TERRORIST>" [3126 216 1613] with "hegrenade" (damage "2") (damage_armor "0") (health "29") (armor "0") (hitgroup "generic")
L 03/09/2019 - 17:19:39: "doku @ lan<13><STEAM_1:0:59627425><TERRORIST>" picked up "knife"
L 03/09/2019 - 17:19:39: "doku @ lan<13><STEAM_1:0:59627425><TERRORIST>" picked up "glock"
L 03/09/2019 - 17:19:42: "*<)LucK<8><STEAM_1:1:8934418><TERRORIST>" [1362 210 1614] attacked "Noob Noob<7><STEAM_1:1:128551455><CT>" [2321 373 1698] with "ak47" (damage "34") (damage_armor "0") (health "66") (armor "0") (hitgroup "chest")
L 03/09/2019 - 17:19:42: "dadlover69-milF-<8><STEAM_1:1:752644><TERRORIST>" money change 2900-300 = $2600 (tracked) (purchase: weapon_hegrenade)
L 03/09/2019 - 17:19:42: "dadlover69-milF-<10><STEAM_1:1:752644><TERRORIST>" picked up "hegrenade"
L 03/09/2019 - 17:19:42: "dadlover69-milF-<10><STEAM_1:1:752644><TERRORIST>" purchased "hegrenade"
L 03/09/2019 - 17:19:43: "*<)LucK<8><STEAM_1:1:8934418><TERRORIST>" [1369 229 1614] attacked "Noob Noob<7><STEAM_1:1:128551455><CT>" [2331 373 1741] with "ak47" (damage "34") (damage_armor "0") (health "32") (armor "0") (hitgroup "right arm")
L 03/09/2019 - 17:19:43: "*<)LucK<8><STEAM_1:1:8934418><TERRORIST>" [1369 229 1614] attacked "Noob Noob<7><STEAM_1:1:128551455><CT>" [2334 373 1741] with "ak47" (damage "43") (damage_armor "0") (health "0") (armor "0") (hitgroup "stomach")
L 03/09/2019 - 17:19:43: "Noob Noob<7><STEAM_1:1:128551455><CT>" dropped "ak47"
L 03/09/2019 - 17:19:43: "Noob Noob<7><STEAM_1:1:128551455><CT>" dropped "molotov"
L 03/09/2019 - 17:19:43: "Noob Noob<7><STEAM_1:1:128551455><CT>" dropped "knife"
L 03/09/2019 - 17:19:43: "Noob Noob<7><STEAM_1:1:128551455><CT>" dropped "fiveseven"
L 03/09/2019 - 17:19:43: "*<)LucK<8><STEAM_1:1:8934418><TERRORIST>" [1369 229 1614] killed "Noob Noob<7><STEAM_1:1:128551455><CT>" [2334 373 1796] with "ak47"
L 03/09/2019 - 17:19:44: "dadlover69-milF-<10><STEAM_1:1:752644><TERRORIST>" dropped "glock"
L 03/09/2019 - 17:19:44: "Noob Noob<7><STEAM_1:1:128551455><CT>" picked up "knife"
L 03/09/2019 - 17:19:44: "Noob Noob<7><STEAM_1:1:128551455><CT>" picked up "hkp2000"
L 03/09/2019 - 17:19:45: "Console<0><Console><Console>" say ""We thank you for your patients in this""
L 03/09/2019 - 17:19:45: rcon from "172.30.40.7:58856": command "say "We thank you for your patients in this""
L 03/09/2019 - 17:19:47: "dadlover69-milF-<10><STEAM_1:1:752644><TERRORIST>" picked up "glock"
L 03/09/2019 - 17:19:48: "dadlover69-milF-<10><STEAM_1:1:752644><TERRORIST>" dropped "glock"
L 03/09/2019 - 17:19:49: "Noob Noob<7><STEAM_1:1:128551455><CT>" disconnected (reason "Disconnect")
L 03/09/2019 - 17:19:49: "Noob Noob<7><STEAM_1:1:128551455><CT>" dropped "hkp2000"
L 03/09/2019 - 17:19:49: "Noob Noob<7><STEAM_1:1:128551455><CT>" dropped "knife"
L 03/09/2019 - 17:19:49: "Noob Noob<7><STEAM_1:1:128551455><CT>" [-1419 490 1678] committed suicide with "world"
L 03/09/2019 - 17:19:49: "Noob Noob<7><STEAM_1:1:128551455>" switched from team <CT> to <Unassigned>
L 03/09/2019 - 17:19:49: "Noob Noob<7><STEAM_1:1:128551455><Unassigned>" left buyzone with [ ]
L 03/09/2019 - 17:19:50: "dadlover69-milF-<10><STEAM_1:1:752644><TERRORIST>" picked up "p250"
L 03/09/2019 - 17:19:51: "dadlover69-milF-<10><STEAM_1:1:752644><TERRORIST>" dropped "hegrenade"
L 03/09/2019 - 17:19:52: "dadlover69-milF-<10><STEAM_1:1:752644><TERRORIST>" picked up "hegrenade"
L 03/09/2019 - 17:19:52: "dadlover69-milF-<10><STEAM_1:1:752644><TERRORIST>" left buyzone with [ weapon_bayonet weapon_p250 weapon_hegrenade ]
L 03/09/2019 - 17:19:52: "dadlover69-milF-<10><STEAM_1:1:752644><TERRORIST>" threw hegrenade [2976 105 1616]
L 03/09/2019 - 17:19:52: "dadlover69-milF-<10><STEAM_1:1:752644><TERRORIST>" [3310 166 1615] attacked "dadlov