L 10/22/2022 - 22:06:50: Log file started (file "logs/L172_030_014_081_27015_202210222206_000.log") (game "/app/csgo") (version "8749")
L 10/22/2022 - 22:06:50: Loading map "de_orange"
L 10/22/2022 - 22:06:50: server cvars start
L 10/22/2022 - 22:06:50: "cash_player_killed_teammate" = "-300"
L 10/22/2022 - 22:06:50: "cash_player_respawn_amount" = "0"
L 10/22/2022 - 22:06:50: "sv_maxspeed" = "320"
L 10/22/2022 - 22:06:50: "cash_team_winner_bonus_consecutive_rounds" = "0"
L 10/22/2022 - 22:06:50: "cash_team_rescued_hostage" = "0"
L 10/22/2022 - 22:06:50: "cash_team_win_by_defusing_bomb" = "3250"
L 10/22/2022 - 22:06:50: "sv_rollangle" = "0"
L 10/22/2022 - 22:06:50: "r_AirboatViewZHeight" = "0.0"
L 10/22/2022 - 22:06:50: "sv_cheats" = "0"
L 10/22/2022 - 22:06:50: "r_VehicleViewDampen" = "1"
L 10/22/2022 - 22:06:50: "metamod_version" = "1.11.0-dev+1148V"
L 10/22/2022 - 22:06:50: "mp_allowNPCs" = "1"
L 10/22/2022 - 22:06:50: "mp_tournament" = "0"
L 10/22/2022 - 22:06:50: "sv_vote_issue_pause_match_spec_only" = "0"
L 10/22/2022 - 22:06:50: "sv_spec_hear" = "1"
L 10/22/2022 - 22:06:50: "cash_player_interact_with_hostage" = "150"
L 10/22/2022 - 22:06:50: "mp_maxrounds" = "0"
L 10/22/2022 - 22:06:50: "mp_flashlight" = "0"
L 10/22/2022 - 22:06:50: "sv_tags" = ""
L 10/22/2022 - 22:06:50: "sv_stepsize" = "18"
L 10/22/2022 - 22:06:50: "sv_alltalk" = "0"
L 10/22/2022 - 22:06:50: "mp_teamlist" = "hgrunt;scientist"
L 10/22/2022 - 22:06:50: "mp_footsteps" = "1"
L 10/22/2022 - 22:06:50: "sv_noclipaccelerate" = "5"
L 10/22/2022 - 22:06:50: "sv_accelerate_debug_speed" = "0"
L 10/22/2022 - 22:06:50: "sv_wateraccelerate" = "10"
L 10/22/2022 - 22:06:50: "mp_stalemate_enable" = "0"
L 10/22/2022 - 22:06:50: "mp_autocrosshair" = "1"
L 10/22/2022 - 22:06:50: "sourcemod_version" = "1.12.0.6928"
L 10/22/2022 - 22:06:50: "cash_team_elimination_bomb_map" = "3250"
L 10/22/2022 - 22:06:50: "cash_player_get_killed" = "0"
L 10/22/2022 - 22:06:50: "mp_roundtime_defuse" = "0"
L 10/22/2022 - 22:06:50: "sv_autobuyammo" = "0"
L 10/22/2022 - 22:06:50: "sv_rollspeed" = "200"
L 10/22/2022 - 22:06:50: "sv_airaccelerate" = "12"
L 10/22/2022 - 22:06:50: "sv_show_team_equipment_prohibit" = "0"
L 10/22/2022 - 22:06:50: "mp_teams_unbalance_limit" = "1"
L 10/22/2022 - 22:06:50: "mp_timelimit" = "5"
L 10/22/2022 - 22:06:50: "cash_team_loser_bonus" = "1400"
L 10/22/2022 - 22:06:50: "sv_deadtalk" = "0"
L 10/22/2022 - 22:06:50: "cash_player_rescued_hostage" = "1000"
L 10/22/2022 - 22:06:50: "sv_waterfriction" = "1"
L 10/22/2022 - 22:06:50: "sv_competitive_official_5v5" = "0"
L 10/22/2022 - 22:06:50: "sv_steamgroup" = ""
L 10/22/2022 - 22:06:50: "cash_player_killed_enemy_default" = "300"
L 10/22/2022 - 22:06:50: "coop" = "0"
L 10/22/2022 - 22:06:50: "mp_respawnwavetime" = "10.0"
L 10/22/2022 - 22:06:50: "sv_teamid_overhead" = "1"
L 10/22/2022 - 22:06:50: "tv_enable1" = "0"
L 10/22/2022 - 22:06:50: "nextlevel" = ""
L 10/22/2022 - 22:06:50: "sv_stopspeed" = "80"
L 10/22/2022 - 22:06:50: "sv_specaccelerate" = "5"
L 10/22/2022 - 22:06:50: "deathmatch" = "1"
L 10/22/2022 - 22:06:50: "tv_enable" = "0"
L 10/22/2022 - 22:06:50: "mp_roundtime_hostage" = "0"
L 10/22/2022 - 22:06:50: "mp_freezetime" = "6"
L 10/22/2022 - 22:06:50: "mp_teammates_are_enemies" = "0"
L 10/22/2022 - 22:06:50: "mp_falldamage" = "0"
L 10/22/2022 - 22:06:50: "sv_accelerate_use_weapon_speed" = "1"
L 10/22/2022 - 22:06:50: "sv_voiceenable" = "1"
L 10/22/2022 - 22:06:50: "sv_teamid_overhead_always_prohibit" = "0"
L 10/22/2022 - 22:06:50: "sv_bounce" = "0"
L 10/22/2022 - 22:06:50: "mp_disable_respawn_times" = "0"
L 10/22/2022 - 22:06:50: "r_AirboatViewDampenFreq" = "7.0"
L 10/22/2022 - 22:06:50: "mp_weaponstay" = "0"
L 10/22/2022 - 22:06:50: "mp_hostagepenalty" = "10"
L 10/22/2022 - 22:06:50: "tv_advertise_watchable" = "0"
L 10/22/2022 - 22:06:50: "mp_friendlyfire" = "0"
L 10/22/2022 - 22:06:50: "cash_team_hostage_interaction" = "500"
L 10/22/2022 - 22:06:50: "sv_noclipspeed" = "5"
L 10/22/2022 - 22:06:50: "cash_team_win_by_time_running_out_bomb" = "3250"
L 10/22/2022 - 22:06:50: "sv_allchat" = "1"
L 10/22/2022 - 22:06:50: "mp_buy_during_immunity" = "0"
L 10/22/2022 - 22:06:50: "cash_player_killed_enemy_factor" = "1"
L 10/22/2022 - 22:06:50: "mp_c4timer" = "40"
L 10/22/2022 - 22:06:50: "r_JeepViewDampenDamp" = "1.0"
L 10/22/2022 - 22:06:50: "sv_competitive_minspec" = "1"
L 10/22/2022 - 22:06:50: "r_AirboatViewDampenDamp" = "1.0"
L 10/22/2022 - 22:06:50: "sm_nextmap" = ""
L 10/22/2022 - 22:06:50: "sv_max_allowed_net_graph" = "1"
L 10/22/2022 - 22:06:50: "mp_stalemate_at_timelimit" = "0"
L 10/22/2022 - 22:06:50: "mp_limitteams" = "2"
L 10/22/2022 - 22:06:50: "sv_footsteps" = "1"
L 10/22/2022 - 22:06:50: "sv_vote_issue_kick_allowed" = "1"
L 10/22/2022 - 22:06:50: "cash_team_survive_guardian_wave" = "1000"
L 10/22/2022 - 22:06:50: "tv_relaypassword" = "CoyotesTakeWaterfalls"
L 10/22/2022 - 22:06:50: "mp_teamplay" = "0"
L 10/22/2022 - 22:06:50: "cash_team_terrorist_win_bomb" = "3500"
L 10/22/2022 - 22:06:50: "cash_team_elimination_hostage_map_t" = "1000"
L 10/22/2022 - 22:06:50: "r_JeepViewDampenFreq" = "7.0"
L 10/22/2022 - 22:06:50: "cash_team_win_by_time_running_out_hostage" = "3250"
L 10/22/2022 - 22:06:50: "sv_specnoclip" = "1"
L 10/22/2022 - 22:06:50: "sv_friction" = "5.2"
L 10/22/2022 - 22:06:50: "cash_player_bomb_planted" = "300"
L 10/22/2022 - 22:06:50: "mp_autoteambalance" = "1"
L 10/22/2022 - 22:06:50: "sv_contact" = ""
L 10/22/2022 - 22:06:50: "sv_vote_kick_ban_duration" = "15"
L 10/22/2022 - 22:06:50: "cash_player_bomb_defused" = "300"
L 10/22/2022 - 22:06:50: "mp_roundtime" = "5"
L 10/22/2022 - 22:06:50: "sv_kick_ban_duration" = "15"
L 10/22/2022 - 22:06:50: "cash_team_planted_bomb_but_defused" = "800"
L 10/22/2022 - 22:06:50: "cash_player_killed_hostage" = "-1000"
L 10/22/2022 - 22:06:50: "sv_vote_issue_loadbackup_allowed" = "1"
L 10/22/2022 - 22:06:50: "nextmode" = ""
L 10/22/2022 - 22:06:50: "mp_fraglimit" = "0"
L 10/22/2022 - 22:06:50: "cash_team_bonus_shorthanded" = "0"
L 10/22/2022 - 22:06:50: "mp_forcerespawn" = "1"
L 10/22/2022 - 22:06:50: "mp_winlimit" = "0"
L 10/22/2022 - 22:06:50: "sv_accelerate" = "5.5"
L 10/22/2022 - 22:06:50: "mp_buy_anywhere" = "0"
L 10/22/2022 - 22:06:50: "sv_gravity" = "800"
L 10/22/2022 - 22:06:50: "sv_password" = "elephants30"
L 10/22/2022 - 22:06:50: "cash_team_elimination_hostage_map_ct" = "2000"
L 10/22/2022 - 22:06:50: "cash_team_win_by_hostage_rescue" = "3500"
L 10/22/2022 - 22:06:50: "sv_vote_issue_loadbackup_spec_only" = "0"
L 10/22/2022 - 22:06:50: "cash_team_loser_bonus_consecutive_rounds" = "500"
L 10/22/2022 - 22:06:50: "cash_player_damage_hostage" = "-30"
L 10/22/2022 - 22:06:50: "r_JeepViewZHeight" = "10.0"
L 10/22/2022 - 22:06:50: "cash_team_hostage_alive" = "0"
L 10/22/2022 - 22:06:50: "tv_password" = "CoyotesTakeWaterfalls"
L 10/22/2022 - 22:06:50: "sv_specspeed" = "3"
L 10/22/2022 - 22:06:50: server cvars end
L 10/22/2022 - 22:06:50: Started map "de_orange" (CRC "-1233476998")
L 10/22/2022 - 22:06:51: "Console<0><Console><Console>" say ""Running server.cfg""
L 10/22/2022 - 22:06:51: server_cvar: "sv_competitive_official_5v5" "1"
L 10/22/2022 - 22:06:51: server_cvar: "sv_contact" "0"
L 10/22/2022 - 22:06:51: server_cvar: "sv_teamid_overhead_always_prohibit" "1"
L 10/22/2022 - 22:06:51: server_cvar: "sv_deadtalk" "1"
L 10/22/2022 - 22:06:51: server_cvar: "sv_kick_ban_duration" "0"
L 10/22/2022 - 22:06:51: server_cvar: "tv_enable" "1"
L 10/22/2022 - 22:06:51: server_cvar: "cash_player_interact_with_hostage" "300"
L 10/22/2022 - 22:06:51: server_cvar: "cash_team_elimination_hostage_map_t" "3000"
L 10/22/2022 - 22:06:51: server_cvar: "cash_team_elimination_hostage_map_ct" "3000"
L 10/22/2022 - 22:06:51: server_cvar: "cash_team_hostage_interaction" "600"
L 10/22/2022 - 22:06:51: server_cvar: "cash_team_bonus_shorthanded" "1000"
L 10/22/2022 - 22:06:51: server_cvar: "cash_team_rescued_hostage" "600"
L 10/22/2022 - 22:06:51: server_cvar: "cash_team_win_by_defusing_bomb" "3500"
L 10/22/2022 - 22:06:51: server_cvar: "cash_team_win_by_hostage_rescue" "2900"
L 10/22/2022 - 22:06:51: server_cvar: "mp_freezetime" "15"
L 10/22/2022 - 22:06:51: server_cvar: "mp_friendlyfire" "1"
L 10/22/2022 - 22:06:51: server_cvar: "mp_maxrounds" "30"
L 10/22/2022 - 22:06:51: server_cvar: "mp_roundtime" "1.92"
L 10/22/2022 - 22:06:51: server_cvar: "mp_roundtime_hostage" "1.92"
L 10/22/2022 - 22:06:51: server_cvar: "mp_roundtime_defuse" "1.92"
L 10/22/2022 - 22:06:51: server_cvar: "mp_timelimit" "0"
L 10/22/2022 - 22:06:51: "Console<0><Console><Console>" say ""Running gamemode_competitive_server.cfg""
L 10/22/2022 - 22:06:51: server_cvar: "sv_deadtalk" "0"
L 10/22/2022 - 22:06:51: server_cvar: "sv_voiceenable" "0"
L 10/22/2022 - 22:06:51: server_cvar: "mp_roundtime_hostage" "1.75"
L 10/22/2022 - 22:06:51: server_cvar: "mp_autoteambalance" "0"
L 10/22/2022 - 22:06:51: server_cvar: "mp_limitteams" "0"
L 10/22/2022 - 22:06:57: "GOTV<2><BOT><>" connected, address ""
L 10/22/2022 - 22:06:57: "GOTV<2><BOT><>" entered the game
L 10/22/2022 - 22:06:57: "GOTV<2><BOT><Unassigned>" changed name to "zLLTV_CSGO_BRACKET_L3"
L 10/22/2022 - 22:06:57: "Console<0><Console><Console>" say ""executing sourcemod.cfg""
L 10/22/2022 - 22:06:57: World triggered "Round_Start"
L 10/22/2022 - 22:06:58: server_cvar: "sv_alltalk" "1"
L 10/22/2022 - 22:06:58: server_cvar: "sv_deadtalk" "1"
L 10/22/2022 - 22:06:58: server_cvar: "sv_voiceenable" "1"
L 10/22/2022 - 22:10:46: "Sweets<3><STEAM_1:1:44108695><>" connected, address ""
L 10/22/2022 - 22:10:46: "Sweets<3><STEAM_1:1:44108695><>" STEAM USERID validated
L 10/22/2022 - 22:10:57: "Sweets<3><STEAM_1:1:44108695><>" entered the game
L 10/22/2022 - 22:11:40: "Sweets<3><STEAM_1:1:44108695>" switched from team <Unassigned> to <CT>
L 10/22/2022 - 22:11:40: "Sweets<3><STEAM_1:1:44108695><CT>" picked up "knife"
L 10/22/2022 - 22:11:40: "Sweets<3><STEAM_1:1:44108695><CT>" picked up "hkp2000"
L 10/22/2022 - 22:11:40: World triggered "Game_Commencing"
L 10/22/2022 - 22:11:40: Team playing "CT": WHALEZ [NOT READY]
L 10/22/2022 - 22:11:40: Team playing "TERRORIST": Miller_bros [NOT READY]
L 10/22/2022 - 22:11:41: "Sweets<3><STEAM_1:1:44108695><CT>" dropped "knife"
L 10/22/2022 - 22:11:41: "Sweets<3><STEAM_1:1:44108695><CT>" dropped "hkp2000"
L 10/22/2022 - 22:11:41: Starting Freeze period
L 10/22/2022 - 22:11:41: "Sweets<3><STEAM_1:1:44108695><CT>" picked up "knife"
L 10/22/2022 - 22:11:41: "Sweets<3><STEAM_1:1:44108695><CT>" picked up "hkp2000"
L 10/22/2022 - 22:11:41: World triggered "Match_Start" on "de_orange"
L 10/22/2022 - 22:11:41: Team playing "CT": WHALEZ [NOT READY]
L 10/22/2022 - 22:11:41: Team playing "TERRORIST": Miller_bros [NOT READY]
L 10/22/2022 - 22:11:41: MatchStatus: Team playing "CT": WHALEZ [NOT READY]
L 10/22/2022 - 22:11:41: MatchStatus: Team playing "TERRORIST": Miller_bros [NOT READY]
L 10/22/2022 - 22:11:41: MatchStatus: Score: 0:0 on map "de_orange" RoundsPlayed: -1
L 10/22/2022 - 22:11:43: World triggered "Round_Start"
L 10/22/2022 - 22:11:50: "Noopers<4><STEAM_1:1:128551455><>" connected, address ""
L 10/22/2022 - 22:11:50: "Noopers<4><STEAM_1:1:128551455><>" STEAM USERID validated
L 10/22/2022 - 22:11:55: "ivy<5><STEAM_1:1:58277541><>" connected, address ""
L 10/22/2022 - 22:11:55: "ivy<5><STEAM_1:1:58277541><>" STEAM USERID validated
L 10/22/2022 - 22:12:00: "Sweets<3><STEAM_1:1:44108695><CT>" left buyzone with [ weapon_knife_survival_bowie weapon_hkp2000 ]
L 10/22/2022 - 22:12:03: "Noopers<4><STEAM_1:1:128551455><>" entered the game
L 10/22/2022 - 22:12:04: "BRICKS<6><STEAM_1:0:24452999><>" connected, address ""
L 10/22/2022 - 22:12:04: "BRICKS<6><STEAM_1:0:24452999><>" STEAM USERID validated
L 10/22/2022 - 22:12:05: "ivy<5><STEAM_1:1:58277541><>" entered the game
L 10/22/2022 - 22:12:10: "Noopers<4><STEAM_1:1:128551455>" switched from team <Unassigned> to <TERRORIST>
L 10/22/2022 - 22:12:10: "Noopers<4><STEAM_1:1:128551455><TERRORIST>" picked up "knife"
L 10/22/2022 - 22:12:10: "Noopers<4><STEAM_1:1:128551455><TERRORIST>" picked up "glock"
L 10/22/2022 - 22:12:11: "Noopers<4><STEAM_1:1:128551455><TERRORIST>" left buyzone with [ weapon_knife_push weapon_glock ]
L 10/22/2022 - 22:12:14: "Noopers<4><STEAM_1:1:128551455>" switched from team <TERRORIST> to <CT>
L 10/22/2022 - 22:12:14: "Noopers<4><STEAM_1:1:128551455><CT>" dropped "knife"
L 10/22/2022 - 22:12:14: "Noopers<4><STEAM_1:1:128551455><CT>" dropped "glock"
L 10/22/2022 - 22:12:14: "Noopers<4><STEAM_1:1:128551455><CT>" [265 -718 64] committed suicide with "world"
L 10/22/2022 - 22:12:14: "Noopers<4><STEAM_1:1:128551455><CT>" picked up "knife"
L 10/22/2022 - 22:12:14: "Noopers<4><STEAM_1:1:128551455><CT>" picked up "hkp2000"
L 10/22/2022 - 22:12:14: "Bank<7><BOT><>" connected, address ""
L 10/22/2022 - 22:12:14: "Bank<7><BOT>" switched from team <Unassigned> to <TERRORIST>
L 10/22/2022 - 22:12:14: "Bank<7><BOT><TERRORIST>" picked up "knife"
L 10/22/2022 - 22:12:14: "Bank<7><BOT><TERRORIST>" picked up "glock"
L 10/22/2022 - 22:12:14: "Bank<7><BOT><>" entered the game
L 10/22/2022 - 22:12:14: "Bank<6><BOT><TERRORIST>" money change 16000-4750 = $11250 (tracked) (purchase: weapon_awp)
L 10/22/2022 - 22:12:14: "Bank<7><BOT><TERRORIST>" picked up "awp"
L 10/22/2022 - 22:12:14: "Bank<7><BOT><TERRORIST>" purchased "awp"
L 10/22/2022 - 22:12:14: "Bank<7><BOT><TERRORIST>" picked up "vesthelm"
L 10/22/2022 - 22:12:14: "Bank<6><BOT><TERRORIST>" money change 11250-1000 = $10250 (tracked) (purchase: item_assaultsuit)
L 10/22/2022 - 22:12:14: "Bank<7><BOT><TERRORIST>" purchased "item_assaultsuit"
L 10/22/2022 - 22:12:14: "Bank<6><BOT><TERRORIST>" money change 10250-700 = $9550 (tracked) (purchase: weapon_deagle)
L 10/22/2022 - 22:12:14: "Bank<7><BOT><TERRORIST>" purchased "deagle"
L 10/22/2022 - 22:12:14: "Bank<7><BOT><TERRORIST>" picked up "deagle"
L 10/22/2022 - 22:12:15: "BRICKS<6><STEAM_1:0:24452999><>" entered the game
L 10/22/2022 - 22:12:15: "Bank<7><BOT><TERRORIST>" left buyzone with [ weapon_knife_t weapon_deagle weapon_awp kevlar(100) helmet ]
L 10/22/2022 - 22:12:18: "ivy<5><STEAM_1:1:58277541>" switched from team <Unassigned> to <CT>
L 10/22/2022 - 22:12:18: "ivy<5><STEAM_1:1:58277541><CT>" picked up "knife"
L 10/22/2022 - 22:12:18: "ivy<5><STEAM_1:1:58277541><CT>" picked up "hkp2000"
L 10/22/2022 - 22:12:20: "Noopers<3><STEAM_1:1:128551455><CT>" money change 16000-700 = $15300 (tracked) (purchase: weapon_deagle)
L 10/22/2022 - 22:12:20: "Noopers<4><STEAM_1:1:128551455><CT>" purchased "deagle"
L 10/22/2022 - 22:12:20: "Noopers<4><STEAM_1:1:128551455><CT>" picked up "deagle"
L 10/22/2022 - 22:12:21: "Noopers<4><STEAM_1:1:128551455><CT>" picked up "vest"
L 10/22/2022 - 22:12:21: "Noopers<3><STEAM_1:1:128551455><CT>" money change 15300-650 = $14650 (tracked) (purchase: item_kevlar)
L 10/22/2022 - 22:12:21: "Noopers<4><STEAM_1:1:128551455><CT>" purchased "item_kevlar"
L 10/22/2022 - 22:12:22: "Noopers<4><STEAM_1:1:128551455><CT>" left buyzone with [ weapon_knife_push weapon_deagle kevlar(100) ]
L 10/22/2022 - 22:12:27: "ivy<5><STEAM_1:1:58277541><CT>" left buyzone with [ weapon_knife_ursus weapon_usp_silencer ]
L 10/22/2022 - 22:12:31: "BRICKS<6><STEAM_1:0:24452999>" switched from team <Unassigned> to <CT>
L 10/22/2022 - 22:12:31: "BRICKS<6><STEAM_1:0:24452999><CT>" picked up "knife"
L 10/22/2022 - 22:12:31: "BRICKS<6><STEAM_1:0:24452999><CT>" picked up "hkp2000"
L 10/22/2022 - 22:12:37: "Noopers<4><STEAM_1:1:128551455><CT>" left buyzone with [ weapon_knife_push weapon_deagle kevlar(100) ]
L 10/22/2022 - 22:12:38: "JaySee<8><STEAM_1:1:54870697><>" connected, address ""
L 10/22/2022 - 22:12:39: "JaySee<8><STEAM_1:1:54870697><>" STEAM USERID validated
L 10/22/2022 - 22:12:41: "Bank<7><BOT><TERRORIST>" [-944 700 0] attacked "ivy<5><STEAM_1:1:58277541><CT>" [-887 -26 272] with "awp" (damage "51") (damage_armor "0") (health "49") (armor "0") (hitgroup "left arm")
L 10/22/2022 - 22:12:45: "Noopers<4><STEAM_1:1:128551455><CT>" [-936 167 224] attacked "Bank<7><BOT><TERRORIST>" [-944 700 0] with "deagle" (damage "160") (damage_armor "5") (health "0") (armor "94") (hitgroup "head")
L 10/22/2022 - 22:12:45: "Bank<7><BOT><TERRORIST>" dropped "vesthelm"
L 10/22/2022 - 22:12:45: "Bank<7><BOT><TERRORIST>" dropped "knife"
L 10/22/2022 - 22:12:45: "Bank<7><BOT><TERRORIST>" dropped "deagle"
L 10/22/2022 - 22:12:45: "Bank<7><BOT><TERRORIST>" dropped "awp"
L 10/22/2022 - 22:12:45: "Noopers<4><STEAM_1:1:128551455><CT>" [-936 167 224] killed "Bank<7><BOT><TERRORIST>" [-944 700 64] with "deagle" (headshot)
L 10/22/2022 - 22:12:47: "Bank<7><BOT><TERRORIST>" picked up "knife"
L 10/22/2022 - 22:12:47: "Bank<7><BOT><TERRORIST>" picked up "glock"
L 10/22/2022 - 22:12:47: "Bank<6><BOT><TERRORIST>" money change 9550-4750 = $4800 (tracked) (purchase: weapon_awp)
L 10/22/2022 - 22:12:47: "Bank<7><BOT><TERRORIST>" picked up "awp"
L 10/22/2022 - 22:12:47: "Bank<7><BOT><TERRORIST>" purchased "awp"
L 10/22/2022 - 22:12:47: "Bank<7><BOT><TERRORIST>" picked up "vesthelm"
L 10/22/2022 - 22:12:47: "Bank<6><BOT><TERRORIST>" money change 4800-1000 = $3800 (tracked) (purchase: item_assaultsuit)
L 10/22/2022 - 22:12:47: "Bank<7><BOT><TERRORIST>" purchased "item_assaultsuit"
L 10/22/2022 - 22:12:49: "Bank<7><BOT><TERRORIST>" left buyzone with [ weapon_knife_t weapon_glock weapon_awp kevlar(100) helmet ]
L 10/22/2022 - 22:12:49: "JaySee<8><STEAM_1:1:54870697><>" entered the game
L 10/22/2022 - 22:12:56: "Bank<7><BOT><TERRORIST>" [-696 -311 203] attacked "ivy<5><STEAM_1:1:58277541><CT>" [-887 -26 272] with "awp" (damage "85") (damage_armor "0") (health "0") (armor "0") (hitgroup "left leg")
L 10/22/2022 - 22:12:56: "ivy<5><STEAM_1:1:58277541><CT>" dropped "knife"
L 10/22/2022 - 22:12:56: "ivy<5><STEAM_1:1:58277541><CT>" dropped "hkp2000"
L 10/22/2022 - 22:12:56: "Bank<7><BOT><TERRORIST>" [-696 -311 203] killed "ivy<5><STEAM_1:1:58277541><CT>" [-887 -26 336] with "awp" (noscope)
L 10/22/2022 - 22:12:56: "Noopers<4><STEAM_1:1:128551455><CT>" [-883 139 224] attacked "Bank<7><BOT><TERRORIST>" [-696 -311 203] with "deagle" (damage "164") (damage_armor "6") (health "0") (armor "93") (hitgroup "head")
L 10/22/2022 - 22:12:56: "Bank<7><BOT><TERRORIST>" dropped "vesthelm"
L 10/22/2022 - 22:12:56: "Bank<7><BOT><TERRORIST>" dropped "knife"
L 10/22/2022 - 22:12:56: "Bank<7><BOT><TERRORIST>" dropped "glock"
L 10/22/2022 - 22:12:56: "Bank<7><BOT><TERRORIST>" dropped "awp"
L 10/22/2022 - 22:12:56: "Noopers<4><STEAM_1:1:128551455><CT>" [-883 139 224] killed "Bank<7><BOT><TERRORIST>" [-696 -311 267] with "deagle" (headshot)
L 10/22/2022 - 22:12:59: "ivy<5><STEAM_1:1:58277541><CT>" picked up "knife"
L 10/22/2022 - 22:12:59: "ivy<5><STEAM_1:1:58277541><CT>" picked up "hkp2000"
L 10/22/2022 - 22:12:59: "Bank<7><BOT><TERRORIST>" picked up "knife"
L 10/22/2022 - 22:12:59: "Bank<7><BOT><TERRORIST>" picked up "glock"
L 10/22/2022 - 22:12:59: "Bank<6><BOT><TERRORIST>" money change 3800-3000 = $800 (tracked) (purchase: weapon_sg556)
L 10/22/2022 - 22:12:59: "Bank<7><BOT><TERRORIST>" picked up "sg556"
L 10/22/2022 - 22:12:59: "Bank<7><BOT><TERRORIST>" purchased "sg556"
L 10/22/2022 - 22:12:59: "Bank<7><BOT><TERRORIST>" picked up "vest"
L 10/22/2022 - 22:12:59: "Bank<6><BOT><TERRORIST>" money change 800-650 = $150 (tracked) (purchase: item_kevlar)
L 10/22/2022 - 22:12:59: "Bank<7><BOT><TERRORIST>" purchased "item_kevlar"
L 10/22/2022 - 22:13:00: "Bank<7><BOT><TERRORIST>" left buyzone with [ weapon_knife_t weapon_glock weapon_sg556 kevlar(100) ]
L 10/22/2022 - 22:13:05: "JaySee<8><STEAM_1:1:54870697>" switched from team <Unassigned> to <CT>
L 10/22/2022 - 22:13:05: "JaySee<8><STEAM_1:1:54870697><CT>" picked up "knife"
L 10/22/2022 - 22:13:05: "JaySee<8><STEAM_1:1:54870697><CT>" picked up "hkp2000"
L 10/22/2022 - 22:13:06: "Bank<7><BOT><TERRORIST>" [310 -615 0] attacked "Noopers<4><STEAM_1:1:128551455><CT>" [102 -749 0] with "sg556" (damage "22") (damage_armor "0") (health "78") (armor "100") (hitgroup "left leg")
L 10/22/2022 - 22:13:06: "Noopers<4><STEAM_1:1:128551455><CT>" [102 -749 0] attacked "Bank<7><BOT><TERRORIST>" [310 -615 0] with "deagle" (damage "191") (damage_armor "0") (health "0") (armor "100") (hitgroup "head")
L 10/22/2022 - 22:13:06: "Bank<7><BOT><TERRORIST>" dropped "knife"
L 10/22/2022 - 22:13:06: "Bank<7><BOT><TERRORIST>" dropped "glock"
L 10/22/2022 - 22:13:06: "Bank<7><BOT><TERRORIST>" dropped "sg556"
L 10/22/2022 - 22:13:06: "Noopers<4><STEAM_1:1:128551455><CT>" [102 -749 0] killed "Bank<7><BOT><TERRORIST>" [310 -615 64] with "deagle" (headshot)
L 10/22/2022 - 22:13:08: "Bank<7><BOT><TERRORIST>" picked up "knife"
L 10/22/2022 - 22:13:08: "Bank<7><BOT><TERRORIST>" picked up "glock"
L 10/22/2022 - 22:13:13: "Bank<7><BOT><TERRORIST>" left buyzone with [ weapon_knife_t weapon_glock ]
L 10/22/2022 - 22:13:21: "Sweets<3><STEAM_1:1:44108695><CT>" say ".ready"
L 10/22/2022 - 22:13:21: "ivy<5><STEAM_1:1:58277541><CT>" left buyzone with [ weapon_knife_ursus weapon_usp_silencer ]
L 10/22/2022 - 22:13:24: "Bank<7><BOT><TERRORIST>" left buyzone with [ weapon_knife_t weapon_glock ]
L 10/22/2022 - 22:13:25: "Buttermilk @ LAN<9><STEAM_1:0:80218567><>" connected, address ""
L 10/22/2022 - 22:13:25: "Buttermilk @ LAN<9><STEAM_1:0:80218567><>" STEAM USERID validated
L 10/22/2022 - 22:13:26: "Noopers<4><STEAM_1:1:128551455><CT>" say ".ready"
L 10/22/2022 - 22:13:28: "JaySee<8><STEAM_1:1:54870697><CT>" left buyzone with [ weapon_knife_ursus weapon_usp_silencer ]
L 10/22/2022 - 22:13:28: "Noopers<4><STEAM_1:1:128551455><CT>" left buyzone with [ weapon_knife_push weapon_deagle kevlar(100) ]
L 10/22/2022 - 22:13:37: "Buttermilk @ LAN<9><STEAM_1:0:80218567><>" entered the game
L 10/22/2022 - 22:13:37: "BRICKS<6><STEAM_1:0:24452999><CT>" say ".ready"
L 10/22/2022 - 22:13:38: "Buttermilk @ LAN<9><STEAM_1:0:80218567>" switched from team <Unassigned> to <TERRORIST>
L 10/22/2022 - 22:13:38: "Buttermilk @ LAN<9><STEAM_1:0:80218567><TERRORIST>" picked up "knife"
L 10/22/2022 - 22:13:38: "Buttermilk @ LAN<9><STEAM_1:0:80218567><TERRORIST>" picked up "glock"
L 10/22/2022 - 22:13:40: "Buttermilk @ LAN<9><STEAM_1:0:80218567><TERRORIST>" left buyzone with [ weapon_knife_t weapon_glock ]
L 10/22/2022 - 22:13:42: "JaySee<8><STEAM_1:1:54870697><CT>" left buyzone with [ weapon_knife_ursus weapon_usp_silencer ]
L 10/22/2022 - 22:13:50: "reece is bot mode and not advanc<10><STEAM_1:1:86108244><>" connected, address ""
L 10/22/2022 - 22:13:51: "reece is bot mode and not advanc<10><STEAM_1:1:86108244><>" STEAM USERID validated
L 10/22/2022 - 22:13:52: "blinK @Lanfest<11><STEAM_1:1:33626697><>" connected, address ""
L 10/22/2022 - 22:13:52: "blinK @Lanfest<11><STEAM_1:1:33626697><>" STEAM USERID validated
L 10/22/2022 - 22:13:53: "Bank<7><BOT><TERRORIST>" [-1124 543 0] attacked "Sweets<3><STEAM_1:1:44108695><CT>" [-467 724 0] with "glock" (damage "30") (damage_armor "0") (health "70") (armor "0") (hitgroup "stomach")
L 10/22/2022 - 22:13:58: "Bank<7><BOT><TERRORIST>" [-1124 543 0] attacked "Sweets<3><STEAM_1:1:44108695><CT>" [-467 724 0] with "glock" (damage "30") (damage_armor "0") (health "40") (armor "0") (hitgroup "stomach")
L 10/22/2022 - 22:13:59: "Bank<7><BOT><TERRORIST>" [-1124 543 0] attacked "Sweets<3><STEAM_1:1:44108695><CT>" [-467 724 0] with "glock" (damage "18") (damage_armor "0") (health "22") (armor "0") (hitgroup "left leg")
L 10/22/2022 - 22:13:59: "Bank<7><BOT><TERRORIST>" [-1124 543 0] attacked "Sweets<3><STEAM_1:1:44108695><CT>" [-467 724 0] with "glock" (damage "30") (damage_armor "0") (health "0") (armor "0") (hitgroup "stomach")
L 10/22/2022 - 22:13:59: "Sweets<3><STEAM_1:1:44108695><CT>" dropped "knife"
L 10/22/2022 - 22:13:59: "Sweets<3><STEAM_1:1:44108695><CT>" dropped "hkp2000"
L 10/22/2022 - 22:13:59: "Bank<7><BOT><TERRORIST>" [-1124 543 0] killed "Sweets<3><STEAM_1:1:44108695><CT>" [-467 724 64] with "glock"
L 10/22/2022 - 22:14:00: "reece is bot mode and not advanc<10><STEAM_1:1:86108244><>" entered the game
L 10/22/2022 - 22:14:00: "BRICKS<6><STEAM_1:0:24452999><CT>" left buyzone with [ weapon_knife_stiletto weapon_usp_silencer ]
L 10/22/2022 - 22:14:02: "Sweets<3><STEAM_1:1:44108695><CT>" picked up "knife"
L 10/22/2022 - 22:14:02: "Sweets<3><STEAM_1:1:44108695><CT>" picked up "hkp2000"
L 10/22/2022 - 22:14:02: "JaySee<8><STEAM_1:1:54870697><CT>" [-584 817 0] attacked "Buttermilk @ LAN<9><STEAM_1:0:80218567><TERRORIST>" [-624 818 0] with "knife" (damage "39") (damage_armor "0") (health "61") (armor "0") (hitgroup "generic")
L 10/22/2022 - 22:14:02: "JaySee<8><STEAM_1:1:54870697><CT>" [-592 840 0] attacked "Buttermilk @ LAN<9><STEAM_1:0:80218567><TERRORIST>" [-624 818 0] with "knife" (damage "25") (damage_armor "0") (health "36") (armor "0") (hitgroup "generic")
L 10/22/2022 - 22:14:03: "blinK @Lanfest<11><STEAM_1:1:33626697><>" entered the game
L 10/22/2022 - 22:14:03: "JaySee<8><STEAM_1:1:54870697><CT>" [-592 840 0] attacked "Buttermilk @ LAN<9><STEAM_1:0:80218567><TERRORIST>" [-624 818 0] with "knife" (damage "25") (damage_armor "0") (health "11") (armor "0") (hitgroup "generic")
L 10/22/2022 - 22:14:03: "JaySee<8><STEAM_1:1:54870697><CT>" [-592 840 0] attacked "Buttermilk @ LAN<9><STEAM_1:0:80218567><TERRORIST>" [-624 818 0] with "knife" (damage "25") (damage_armor "0") (health "0") (armor "0") (hitgroup "generic")
L 10/22/2022 - 22:14:03: "Buttermilk @ LAN<9><STEAM_1:0:80218567><TERRORIST>" dropped "knife"
L 10/22/2022 - 22:14:03: "Buttermilk @ LAN<9><STEAM_1:0:80218567><TERRORIST>" dropped "glock"
L 10/22/2022 - 22:14:03: "JaySee<8><STEAM_1:1:54870697><CT>" [-592 840 0] killed "Buttermilk @ LAN<9><STEAM_1:0:80218567><TERRORIST>" [-624 818 46] with "knife_ursus"
L 10/22/2022 - 22:14:03: "Buttermilk @ LAN<9><STEAM_1:0:80218567><TERRORIST>" left buyzone with [ ]
L 10/22/2022 - 22:14:04: "JaySee<8><STEAM_1:1:54870697><CT>" left buyzone with [ weapon_knife_ursus weapon_usp_silencer ]
L 10/22/2022 - 22:14:06: "Buttermilk @ LAN<9><STEAM_1:0:80218567><TERRORIST>" picked up "knife"
L 10/22/2022 - 22:14:06: "Buttermilk @ LAN<9><STEAM_1:0:80218567><TERRORIST>" picked up "glock"
L 10/22/2022 - 22:14:09: "MARKYY@Lan<12><STEAM_1:0:60271379><>" connected, address ""
L 10/22/2022 - 22:14:09: "MARKYY@Lan<12><STEAM_1:0:60271379><>" STEAM USERID validated
L 10/22/2022 - 22:14:10: "Buttermilk @ LAN<9><STEAM_1:0:80218567><TERRORIST>" left buyzone with [ weapon_knife_t weapon_glock ]
L 10/22/2022 - 22:14:10: "Noopers<4><STEAM_1:1:128551455><CT>" left buyzone with [ weapon_knife_push weapon_deagle kevlar(100) ]
L 10/22/2022 - 22:14:11: "JaySee<8><STEAM_1:1:54870697><CT>" [-928 561 64] attacked "Bank<7><BOT><TERRORIST>" [-960 544 64] with "knife" (damage "25") (damage_armor "0") (health "75") (armor "0") (hitgroup "generic")
L 10/22/2022 - 22:14:11: "JaySee<8><STEAM_1:1:54870697><CT>" [-980 569 64] attacked "Bank<7><BOT><TERRORIST>" [-948 503 64] with "knife" (damage "25") (damage_armor "0") (health "50") (armor "0") (hitgroup "generic")
L 10/22/2022 - 22:14:13: "blinK @Lanfest<11><STEAM_1:1:33626697>" switched from team <Unassigned> to <TERRORIST>
L 10/22/2022 - 22:14:13: "blinK @Lanfest<11><STEAM_1:1:33626697><TERRORIST>" picked up "knife"
L 10/22/2022 - 22:14:13: "blinK @Lanfest<11><STEAM_1:1:33626697><TERRORIST>" picked up "glock"
L 10/22/2022 - 22:14:13: "reece is bot mode and not advanc<10><STEAM_1:1:86108244>" switched from team <Unassigned> to <TERRORIST>
L 10/22/2022 - 22:14:13: "reece is bot mode and not advanc<10><STEAM_1:1:86108244><TERRORIST>" picked up "knife"
L 10/22/2022 - 22:14:13: "reece is bot mode and not advanc<10><STEAM_1:1:86108244><TERRORIST>" picked up "glock"
L 10/22/2022 - 22:14:14: "blinK @Lanfest<11><STEAM_1:1:33626697><TERRORIST>" picked up "vesthelm"
L 10/22/2022 - 22:14:14: "blinK @Lanfest<10><STEAM_1:1:33626697><TERRORIST>" money change 16000-1000 = $15000 (tracked) (purchase: item_assaultsuit)
L 10/22/2022 - 22:14:14: "blinK @Lanfest<11><STEAM_1:1:33626697><TERRORIST>" purchased "item_assaultsuit"
L 10/22/2022 - 22:14:15: "blinK @Lanfest<10><STEAM_1:1:33626697><TERRORIST>" money change 15000-2700 = $12300 (tracked) (purchase: weapon_ak47)
L 10/22/2022 - 22:14:15: "blinK @Lanfest<11><STEAM_1:1:33626697><TERRORIST>" picked up "ak47"
L 10/22/2022 - 22:14:15: "blinK @Lanfest<11><STEAM_1:1:33626697><TERRORIST>" purchased "ak47"
L 10/22/2022 - 22:14:15: "JaySee<8><STEAM_1:1:54870697><CT>" [-899 524 64] attacked "Bank<7><BOT><TERRORIST>" [-924 484 64] with "knife" (damage "180") (damage_armor "0") (health "0") (armor "0") (hitgroup "generic")
L 10/22/2022 - 22:14:15: "Bank<7><BOT><TERRORIST>" dropped "knife"
L 10/22/2022 - 22:14:15: "Bank<7><BOT><TERRORIST>" dropped "glock"
L 10/22/2022 - 22:14:15: "JaySee<8><STEAM_1:1:54870697><CT>" [-899 524 64] killed "Bank<7><BOT><TERRORIST>" [-924 484 128] with "knife_ursus"
L 10/22/2022 - 22:14:17: "Sweets<3><STEAM_1:1:44108695><CT>" left buyzone with [ weapon_knife_survival_bowie weapon_hkp2000 ]
L 10/22/2022 - 22:14:18: "Bank<7><BOT><TERRORIST>" picked up "knife"
L 10/22/2022 - 22:14:18: "Bank<7><BOT><TERRORIST>" picked up "glock"
L 10/22/2022 - 22:14:19: "Bank<7><BOT><TERRORIST>" left buyzone with [ weapon_knife_t weapon_glock ]
L 10/22/2022 - 22:14:19: "MARKYY@Lan<12><STEAM_1:0:60271379><>" entered the game
L 10/22/2022 - 22:14:21: "Bank<7><BOT><TERRORIST>" left buyzone with [ weapon_knife_t weapon_glock ]
L 10/22/2022 - 22:14:22: "blinK @Lanfest<11><STEAM_1:1:33626697><TERRORIST>" left buyzone with [ weapon_knife_m9_bayonet weapon_glock weapon_ak47 kevlar(100) helmet ]
L 10/22/2022 - 22:14:25: "MARKYY@Lan<12><STEAM_1:0:60271379>" switched from team <Unassigned> to <TERRORIST>
L 10/22/2022 - 22:14:25: "MARKYY@Lan<12><STEAM_1:0:60271379><TERRORIST>" picked up "knife"
L 10/22/2022 - 22:14:25: "MARKYY@Lan<12><STEAM_1:0:60271379><TERRORIST>" picked up "glock"
L 10/22/2022 - 22:14:26: "blinK @Lanfest<11><STEAM_1:1:33626697><TERRORIST>" [-588 -549 128] attacked "Noopers<4><STEAM_1:1:128551455><CT>" [-588 -322 128] with "ak47" (damage "27") (damage_armor "4") (health "51") (armor "95") (hitgroup "chest")
L 10/22/2022 - 22:14:27: "blinK @Lanfest<11><STEAM_1:1:33626697><TERRORIST>" [-588 -549 128] attacked "Noopers<4><STEAM_1:1:128551455><CT>" [-597 -331 128] with "ak47" (damage "27") (damage_armor "4") (health "24") (armor "90") (hitgroup "chest")
L 10/22/2022 - 22:14:27: "blinK @Lanfest<11><STEAM_1:1:33626697><TERRORIST>" [-588 -549 128] attacked "Noopers<4><STEAM_1:1:128551455><CT>" [-595 -333 128] with "ak47" (damage "34") (damage_armor "5") (health "0") (armor "84") (hitgroup "stomach")
L 10/22/2022 - 22:14:27: "Noopers<4><STEAM_1:1:128551455><CT>" dropped "knife"
L 10/22/2022 - 22:14:27: "Noopers<4><STEAM_1:1:128551455><CT>" dropped "deagle"
L 10/22/2022 - 22:14:27: "blinK @Lanfest<11><STEAM_1:1:33626697><TERRORIST>" [-588 -549 128] killed "Noopers<4><STEAM_1:1:128551455><CT>" [-595 -333 192] with "ak47"
L 10/22/2022 - 22:14:29: "Noopers<4><STEAM_1:1:128551455><CT>" picked up "knife"
L 10/22/2022 - 22:14:29: "Noopers<4><STEAM_1:1:128551455><CT>" picked up "hkp2000"
L 10/22/2022 - 22:14:31: "Noopers<3><STEAM_1:1:128551455><CT>" money change 16000-3100 = $12900 (tracked) (purchase: weapon_m4a1)
L 10/22/2022 - 22:14:31: "Noopers<4><STEAM_1:1:128551455><CT>" picked up "m4a1"
L 10/22/2022 - 22:14:31: "Noopers<4><STEAM_1:1:128551455><CT>" purchased "m4a1"
L 10/22/2022 - 22:14:32: "Noopers<3><STEAM_1:1:128551455><CT>" money change 12900-700 = $12200 (tracked) (purchase: weapon_deagle)
L 10/22/2022 - 22:14:32: "Noopers<4><STEAM_1:1:128551455><CT>" purchased "deagle"
L 10/22/2022 - 22:14:32: "Noopers<4><STEAM_1:1:128551455><CT>" picked up "deagle"
L 10/22/2022 - 22:14:32: "Sweets<3><STEAM_1:1:44108695><CT>" left buyzone with [ weapon_knife_survival_bowie weapon_hkp2000 ]
L 10/22/2022 - 22:14:33: "Noopers<4><STEAM_1:1:128551455><CT>" left buyzone with [ weapon_knife_push weapon_deagle weapon_m4a1 ]
L 10/22/2022 - 22:14:34: "blinK @Lanfest<11><STEAM_1:1:33626697><TERRORIST>" [-778 -150 224] attacked "JaySee<8><STEAM_1:1:54870697><CT>" [-1170 -79 352] with "ak47" (damage "35") (damage_armor "0") (health "65") (armor "0") (hitgroup "chest")
L 10/22/2022 - 22:14:34: "ivy<5><STEAM_1:1:58277541><CT>" say "!ready"
L 10/22/2022 - 22:14:34: "blinK @Lanfest<11><STEAM_1:1:33626697><TERRORIST>" [-778 -150 224] attacked "ivy<5><STEAM_1:1:58277541><CT>" [-1215 -6 384] with "ak47" (damage "141") (damage_armor "0") (health "0") (armor "0") (hitgroup "head")
L 10/22/2022 - 22:14:34: "ivy<5><STEAM_1:1:58277541><CT>" dropped "knife"
L 10/22/2022 - 22:14:34: "ivy<5><STEAM_1:1:58277541><CT>" dropped "hkp2000"
L 10/22/2022 - 22:14:34: "blinK @Lanfest<11><STEAM_1:1:33626697><TERRORIST>" [-778 -150 224] killed "ivy<5><STEAM_1:1:58277541><CT>" [-1215 -6 430] with "ak47" (headshot)
L 10/22/2022 - 22:14:36: "blinK @Lanfest<11><STEAM_1:1:33626697><TERRORIST>" [-782 -167 224] attacked "JaySee<8><STEAM_1:1:54870697><CT>" [-1273 -109 384] with "ak47" (damage "141") (damage_armor "0") (health "0") (armor "0") (hitgroup "head")
L 10/22/2022 - 22:14:36: "JaySee<8><STEAM_1:1:54870697><CT>" dropped "knife"
L 10/22/2022 - 22:14:36: "JaySee<8><STEAM_1:1:54870697><CT>" dropped "hkp2000"
L 10/22/2022 - 22:14:36: "blinK @Lanfest<11><STEAM_1:1:33626697><TERRORIST>" [-782 -167 224] killed "JaySee<8><STEAM_1:1:54870697><CT>" [-1273 -109 430] with "ak47" (headshot)
L 10/22/2022 - 22:14:37: "Noopers<4><STEAM_1:1:128551455><CT>" [-897 260 224] attacked "blinK @Lanfest<11><STEAM_1:1:33626697><TERRORIST>" [-850 -169 224] with "m4a1" (damage "22") (damage_armor "4") (health "78") (armor "95") (hitgroup "chest")
L 10/22/2022 - 22:14:37: "Noopers<4><STEAM_1:1:128551455><CT>" [-897 260 224] attacked "blinK @Lanfest<11><STEAM_1:1:33626697><TERRORIST>" [-858 -159 224] with "m4a1" (damage "90") (damage_armor "19") (health "0") (armor "75") (hitgroup "head")
L 10/22/2022 - 22:14:37: "blinK @Lanfest<11><STEAM_1:1:33626697><TERRORIST>" dropped "vesthelm"
L 10/22/2022 - 22:14:37: "blinK @Lanfest<11><STEAM_1:1:33626697><TERRORIST>" dropped "knife"
L 10/22/2022 - 22:14:37: "blinK @Lanfest<11><STEAM_1:1:33626697><TERRORIST>" dropped "glock"
L 10/22/2022 - 22:14:37: "blinK @Lanfest<11><STEAM_1:1:33626697><TERRORIST>" dropped "ak47"
L 10/22/2022 - 22:14:37: "Noopers<4><STEAM_1:1:128551455><CT>" [-897 260 224] killed "blinK @Lanfest<11><STEAM_1:1:33626697><TERRORIST>" [-858 -159 288] with "m4a1" (headshot)
L 10/22/2022 - 22:14:37: "ivy<5><STEAM_1:1:58277541><CT>" picked up "knife"
L 10/22/2022 - 22:14:37: "ivy<5><STEAM_1:1:58277541><CT>" picked up "hkp2000"
L 10/22/2022 - 22:14:38: "Buttermilk @ LAN<9><STEAM_1:0:80218567><TERRORIST>" say ".ready"
L 10/22/2022 - 22:14:38: "JaySee<8><STEAM_1:1:54870697><CT>" picked up "knife"
L 10/22/2022 - 22:14:38: "JaySee<8><STEAM_1:1:54870697><CT>" picked up "hkp2000"
L 10/22/2022 - 22:14:39: "blinK @Lanfest<11><STEAM_1:1:33626697><TERRORIST>" picked up "knife"
L 10/22/2022 - 22:14:39: "blinK @Lanfest<11><STEAM_1:1:33626697><TERRORIST>" picked up "glock"
L 10/22/2022 - 22:14:39: "JaySee<8><STEAM_1:1:54870697><CT>" picked up "vesthelm"
L 10/22/2022 - 22:14:39: "JaySee<7><STEAM_1:1:54870697><CT>" money change 16000-1000 = $15000 (tracked) (purchase: item_assaultsuit)
L 10/22/2022 - 22:14:39: "JaySee<8><STEAM_1:1:54870697><CT>" purchased "item_assaultsuit"
L 10/22/2022 - 22:14:40: "JaySee<7><STEAM_1:1:54870697><CT>" money change 15000-700 = $14300 (tracked) (purchase: weapon_deagle)
L 10/22/2022 - 22:14:40: "JaySee<8><STEAM_1:1:54870697><CT>" purchased "deagle"
L 10/22/2022 - 22:14:40: "JaySee<8><STEAM_1:1:54870697><CT>" picked up "deagle"
L 10/22/2022 - 22:14:41: "JaySee<8><STEAM_1:1:54870697><CT>" left buyzone with [ weapon_knife_ursus weapon_deagle kevlar(100) helmet ]
L 10/22/2022 - 22:14:42: "Noopers<4><STEAM_1:1:128551455><CT>" [-672 -349 190] attacked "Bank<7><BOT><TERRORIST>" [-753 -561 128] with "m4a1" (damage "32") (damage_armor "0") (health "68") (armor "0") (hitgroup "chest")
L 10/22/2022 - 22:14:42: "Noopers<4><STEAM_1:1:128551455><CT>" [-672 -349 190] attacked "Bank<7><BOT><TERRORIST>" [-749 -561 128] with "m4a1" (damage "32") (damage_armor "0") (health "36") (armor "0") (hitgroup "right arm")
L 10/22/2022 - 22:14:42: "Noopers<4><STEAM_1:1:128551455><CT>" [-672 -349 190] attacked "Bank<7><BOT><TERRORIST>" [-748 -561 128] with "m4a1" (damage "32") (damage_armor "0") (health "4") (armor "0") (hitgroup "chest")
L 10/22/2022 - 22:14:42: "Noopers<4><STEAM_1:1:128551455><CT>" [-672 -349 190] attacked "Bank<7><BOT><TERRORIST>" [-748 -561 128] with "m4a1" (damage "32") (damage_armor "0") (health "0") (armor "0") (hitgroup "chest")
L 10/22/2022 - 22:14:42: "Bank<7><BOT><TERRORIST>" dropped "knife"
L 10/22/2022 - 22:14:42: "Bank<7><BOT><TERRORIST>" dropped "glock"
L 10/22/2022 - 22:14:42: "Noopers<4><STEAM_1:1:128551455><CT>" [-672 -349 190] killed "Bank<7><BOT><TERRORIST>" [-748 -561 192] with "m4a1"
L 10/22/2022 - 22:14:42: "reece is bot mode and not advanc<10><STEAM_1:1:86108244><TERRORIST>" say "!ready"
L 10/22/2022 - 22:14:43: "blinK @Lanfest<11><STEAM_1:1:33626697><TERRORIST>" say_team "!READY"
L 10/22/2022 - 22:14:44: "Bank<7><BOT><TERRORIST>" picked up "knife"
L 10/22/2022 - 22:14:44: "Bank<7><BOT><TERRORIST>" picked up "glock"
L 10/22/2022 - 22:14:44: "Noopers<4><STEAM_1:1:128551455><CT>" [-734 -501 142] attacked "MARKYY@Lan<12><STEAM_1:0:60271379><TERRORIST>" [186 -832 0] with "m4a1" (damage "60") (damage_armor "0") (health "40") (armor "0") (hitgroup "head")
L 10/22/2022 - 22:14:45: "blinK @Lanfest<11><STEAM_1:1:33626697><TERRORIST>" left buyzone with [ weapon_knife_m9_bayonet weapon_glock ]
L 10/22/2022 - 22:14:45: "Noopers<4><STEAM_1:1:128551455><CT>" [-733 -499 142] attacked "MARKYY@Lan<12><STEAM_1:0:60271379><TERRORIST>" [186 -832 0] with "m4a1" (damage "124") (damage_armor "0") (health "0") (armor "0") (hitgroup "head")
L 10/22/2022 - 22:14:45: "MARKYY@Lan<12><STEAM_1:0:60271379><TERRORIST>" dropped "knife"
L 10/22/2022 - 22:14:45: "MARKYY@Lan<12><STEAM_1:0:60271379><TERRORIST>" dropped "glock"
L 10/22/2022 - 22:14:45: "Noopers<4><STEAM_1:1:128551455><CT>" [-733 -499 142] killed "MARKYY@Lan<12><STEAM_1:0:60271379><TERRORIST>" [186 -832 64] with "m4a1" (headshot)
L 10/22/2022 - 22:14:45: "MARKYY@Lan<12><STEAM_1:0:60271379><TERRORIST>" left buyzone with [ ]
L 10/22/2022 - 22:14:46: "Bank<7><BOT><TERRORIST>" left buyzone with [ weapon_knife_t weapon_glock ]
L 10/22/2022 - 22:14:48: "MARKYY@Lan<12><STEAM_1:0:60271379><TERRORIST>" picked up "knife"
L 10/22/2022 - 22:14:48: "MARKYY@Lan<12><STEAM_1:0:60271379><TERRORIST>" picked up "glock"
L 10/22/2022 - 22:14:48: "Noopers<4><STEAM_1:1:128551455><CT>" [-753 -643 128] attacked "Buttermilk @ LAN<9><STEAM_1:0:80218567><TERRORIST>" [-368 -842 144] with "m4a1" (damage "128") (damage_armor "0") (health "0") (armor "0") (hitgroup "head")
L 10/22/2022 - 22:14:48: "Buttermilk @ LAN<9><STEAM_1:0:80218567><TERRORIST>" dropped "knife"
L 10/22/2022 - 22:14:48: "Buttermilk @ LAN<9><STEAM_1:0:80218567><TERRORIST>" dropped "glock"
L 10/22/2022 - 22:14:48: "Noopers<4><STEAM_1:1:128551455><CT>" [-753 -643 128] killed "Buttermilk @ LAN<9><STEAM_1:0:80218567><TERRORIST>" [-368 -842 208] with "m4a1" (headshot)
L 10/22/2022 - 22:14:48: "Noopers<4><STEAM_1:1:128551455><CT>" [-763 -685 128] attacked "Bank<7><BOT><TERRORIST>" [-205 -749 85] with "m4a1" (damage "31") (damage_armor "0") (health "69") (armor "0") (hitgroup "chest")
L 10/22/2022 - 22:14:48: "Noopers<4><STEAM_1:1:128551455><CT>" [-763 -689 128] attacked "Bank<7><BOT><TERRORIST>" [-205 -749 85] with "m4a1" (damage "31") (damage_armor "0") (health "38") (armor "0") (hitgroup "chest")
L 10/22/2022 - 22:14:48: "Noopers<4><STEAM_1:1:128551455><CT>" [-763 -689 128] attacked "Bank<7><BOT><TERRORIST>" [-205 -749 85] with "m4a1" (damage "127") (damage_armor "0") (health "0") (armor "0") (hitgroup "head")
L 10/22/2022 - 22:14:48: "Bank<7><BOT><TERRORIST>" dropped "knife"
L 10/22/2022 - 22:14:48: "Bank<7><BOT><TERRORIST>" dropped "glock"
L 10/22/2022 - 22:14:48: "Noopers<4><STEAM_1:1:128551455><CT>" [-763 -689 128] killed "Bank<7><BOT><TERRORIST>" [-205 -749 149] with "m4a1" (headshot)
L 10/22/2022 - 22:14:50: "Buttermilk @ LAN<9><STEAM_1:0:80218567><TERRORIST>" picked up "knife"
L 10/22/2022 - 22:14:50: "Buttermilk @ LAN<9><STEAM_1:0:80218567><TERRORIST>" picked up "glock"
L 10/22/2022 - 22:14:50: "Noopers<4><STEAM_1:1:128551455><CT>" [-775 -623 128] attacked "blinK @Lanfest<11><STEAM_1:1:33626697><TERRORIST>" [-551 -781 128] with "m4a1" (damage "129") (damage_armor "0") (health "0") (armor "0") (hitgroup "head")
L 10/22/2022 - 22:14:50: "blinK @Lanfest<11><STEAM_1:1:33626697><TERRORIST>" dropped "knife"
L 10/22/2022 - 22:14:50: "blinK @Lanfest<11><STEAM_1:1:33626697><TERRORIST>" dropped "glock"
L 10/22/2022 - 22:14:50: "Noopers<4><STEAM_1:1:128551455><CT>" [-775 -623 128] killed "blinK @Lanfest<11><STEAM_1:1:33626697><TERRORIST>" [-551 -781 192] with "m4a1" (headshot)
L 10/22/2022 - 22:14:50: "blinK @Lanfest<11><STEAM_1:1:33626697><TERRORIST>" picked up "knife"
L 10/22/2022 - 22:14:50: "blinK @Lanfest<11><STEAM_1:1:33626697><TERRORIST>" picked up "glock"
L 10/22/2022 - 22:14:51: "Sweets<3><STEAM_1:1:44108695><CT>" [344 -685 0] attacked "reece is bot mode and not advanc<10><STEAM_1:1:86108244><TERRORIST>" [77 -836 0] with "hkp2000" (damage "132") (damage_armor "0") (health "0") (armor "0") (hitgroup "head")
L 10/22/2022 - 22:14:51: "reece is bot mode and not advanc<10><STEAM_1:1:86108244><TERRORIST>" dropped "knife"
L 10/22/2022 - 22:14:51: "reece is bot mode and not advanc<10><STEAM_1:1:86108244><TERRORIST>" dropped "glock"
L 10/22/2022 - 22:14:51: "Sweets<3><STEAM_1:1:44108695><CT>" [344 -685 0] killed "reece is bot mode and not advanc<10><STEAM_1:1:86108244><TERRORIST>" [77 -836 64] with "hkp2000" (headshot)
L 10/22/2022 - 22:14:51: "reece is bot mode and not advanc<10><STEAM_1:1:86108244><TERRORIST>" left buyzone with [ ]
L 10/22/2022 - 22:14:51: "Bank<7><BOT><TERRORIST>" picked up "knife"
L 10/22/2022 - 22:14:51: "Bank<7><BOT><TERRORIST>" picked up "glock"
L 10/22/2022 - 22:14:51: "Sweets<3><STEAM_1:1:44108695><CT>" [317 -769 0] attacked "MARKYY@Lan<12><STEAM_1:0:60271379><TERRORIST>" [133 -840 0] with "hkp2000" (damage "134") (damage_armor "0") (health "0") (armor "0") (hitgroup "head")
L 10/22/2022 - 22:14:51: "MARKYY@Lan<12><STEAM_1:0:60271379><TERRORIST>" dropped "knife"
L 10/22/2022 - 22:14:51: "MARKYY@Lan<12><STEAM_1:0:60271379><TERRORIST>" dropped "glock"
L 10/22/2022 - 22:14:51: "Sweets<3><STEAM_1:1:44108695><CT>" [317 -769 0] killed "MARKYY@Lan<12><STEAM_1:0:60271379><TERRORIST>" [133 -840 64] with "hkp2000" (headshot)
L 10/22/2022 - 22:14:51: "MARKYY@Lan<12><STEAM_1:0:60271379><TERRORIST>" left buyzone with [ ]
L 10/22/2022 - 22:14:51: "blinK @Lanfest<11><STEAM_1:1:33626697><TERRORIST>" picked up "vesthelm"
L 10/22/2022 - 22:14:51: "blinK @Lanfest<10><STEAM_1:1:33626697><TERRORIST>" money change 16000-1000 = $15000 (tracked) (purchase: item_assaultsuit)
L 10/22/2022 - 22:14:51: "blinK @Lanfest<11><STEAM_1:1:33626697><TERRORIST>" purchased "item_assaultsuit"
L 10/22/2022 - 22:14:52: "blinK @Lanfest<10><STEAM_1:1:33626697><TERRORIST>" money change 15000-2700 = $12300 (tracked) (purchase: weapon_ak47)
L 10/22/2022 - 22:14:52: "blinK @Lanfest<11><STEAM_1:1:33626697><TERRORIST>" picked up "ak47"
L 10/22/2022 - 22:14:52: "blinK @Lanfest<11><STEAM_1:1:33626697><TERRORIST>" purchased "ak47"
L 10/22/2022 - 22:14:52: "mild<13><STEAM_1:1:54775491><>" connected, address ""
L 10/22/2022 - 22:14:52: "mild<13><STEAM_1:1:54775491><>" STEAM USERID validated
L 10/22/2022 - 22:14:53: "reece is bot mode and not advanc<10><STEAM_1:1:86108244><TERRORIST>" picked up "knife"
L 10/22/2022 - 22:14:53: "reece is bot mode and not advanc<10><STEAM_1:1:86108244><TERRORIST>" picked up "glock"
L 10/22/2022 - 22:14:53: "MARKYY@Lan<12><STEAM_1:0:60271379><TERRORIST>" picked up "knife"
L 10/22/2022 - 22:14:53: "MARKYY@Lan<12><STEAM_1:0:60271379><TERRORIST>" picked up "glock"
L 10/22/2022 - 22:14:54: "Sweets<3><STEAM_1:1:44108695><CT>" [68 -1000 0] attacked "Buttermilk @ LAN<9><STEAM_1:0:80218567><TERRORIST>" [189 -920 0] with "hkp2000" (damage "136") (damage_armor "0") (health "0") (armor "0") (hitgroup "head")
L 10/22/2022 - 22:14:54: "Buttermilk @ LAN<9><STEAM_1:0:80218567><TERRORIST>" dropped "knife"
L 10/22/2022 - 22:14:54: "Buttermilk @ LAN<9><STEAM_1:0:80218567><TERRORIST>" dropped "glock"
L 10/22/2022 - 22:14:54: "Sweets<3><STEAM_1:1:44108695><CT>" [68 -1000 0] killed "Buttermilk @ LAN<9><STEAM_1:0:80218567><TERRORIST>" [189 -920 64] with "hkp2000" (headshot)
L 10/22/2022 - 22:14:54: "Sweets<3><STEAM_1:1:44108695><CT>" [68 -1000 0] attacked "Bank<7><BOT><TERRORIST>" [256 -872 0] with "hkp2000" (damage "59") (damage_armor "0") (health "41") (armor "0") (hitgroup "head")
L 10/22/2022 - 22:14:54: "Buttermilk @ LAN<9><STEAM_1:0:80218567><TERRORIST>" left buyzone with [ ]
L 10/22/2022 - 22:14:54: "MARKYY@Lan<12><STEAM_1:0:60271379><TERRORIST>" say "!ready"
L 10/22/2022 - 22:14:54: "Sweets<3><STEAM_1:1:44108695><CT>" [68 -1000 0] attacked "Bank<7><BOT><TERRORIST>" [256 -872 0] with "hkp2000" (damage "134") (damage_armor "0") (health "0") (armor "0") (hitgroup "head")
L 10/22/2022 - 22:14:54: "Bank<7><BOT><TERRORIST>" dropped "knife"
L 10/22/2022 - 22:14:54: "Bank<7><BOT><TERRORIST>" dropped "glock"
L 10/22/2022 - 22:14:54: "Sweets<3><STEAM_1:1:44108695><CT>" [68 -1000 0] killed "Bank<7><BOT><TERRORIST>" [256 -872 64] with "hkp2000" (headshot)
L 10/22/2022 - 22:14:54: "Bank<7><BOT><TERRORIST>" left buyzone with [ ]
L 10/22/2022 - 22:14:55: "Sweets<3><STEAM_1:1:44108695><CT>" [20 -985 0] attacked "blinK @Lanfest<11><STEAM_1:1:33626697><TERRORIST>" [16 -908 0] with "hkp2000" (damage "69") (damage_armor "34") (health "31") (armor "65") (hitgroup "head")
L 10/22/2022 - 22:14:56: "Buttermilk @ LAN<9><STEAM_1:0:80218567><TERRORIST>" picked up "knife"
L 10/22/2022 - 22:14:56: "Buttermilk @ LAN<9><STEAM_1:0:80218567><TERRORIST>" picked up "glock"
L 10/22/2022 - 22:14:56: "Bank<7><BOT><TERRORIST>" picked up "knife"
L 10/22/2022 - 22:14:56: "Bank<7><BOT><TERRORIST>" picked up "glock"
L 10/22/2022 - 22:14:57: "Sweets<3><STEAM_1:1:44108695><CT>" [32 -949 0] attacked "blinK @Lanfest<11><STEAM_1:1:33626697><TERRORIST>" [16 -908 0] with "knife" (damage "55") (damage_armor "4") (health "0") (armor "60") (hitgroup "generic")
L 10/22/2022 - 22:14:57: "blinK @Lanfest<11><STEAM_1:1:33626697><TERRORIST>" dropped "vesthelm"
L 10/22/2022 - 22:14:57: "blinK @Lanfest<11><STEAM_1:1:33626697><TERRORIST>" dropped "knife"
L 10/22/2022 - 22:14:57: "blinK @Lanfest<11><STEAM_1:1:33626697><TERRORIST>" dropped "glock"
L 10/22/2022 - 22:14:57: "blinK @Lanfest<11><STEAM_1:1:33626697><TERRORIST>" dropped "ak47"
L 10/22/2022 - 22:14:57: "Sweets<3><STEAM_1:1:44108695><CT>" [32 -949 0] killed "blinK @Lanfest<11><STEAM_1:1:33626697><TERRORIST>" [16 -908 64] with "knife_survival_bowie"
L 10/22/2022 - 22:14:57: "blinK @Lanfest<11><STEAM_1:1:33626697><TERRORIST>" left buyzone with [ ]
L 10/22/2022 - 22:14:57: "Noopers<4><STEAM_1:1:128551455><CT>" [-599 -500 128] attacked "reece is bot mode and not advanc<10><STEAM_1:1:86108244><TERRORIST>" [250 -824 0] with "m4a1" (damage "124") (damage_armor "0") (health "0") (armor "0") (hitgroup "head")
L 10/22/2022 - 22:14:57: "reece is bot mode and not advanc<10><STEAM_1:1:86108244><TERRORIST>" dropped "knife"
L 10/22/2022 - 22:14:57: "reece is bot mode and not advanc<10><STEAM_1:1:86108244><TERRORIST>" dropped "glock"
L 10/22/2022 - 22:14:57: "Noopers<4><STEAM_1:1:128551455><CT>" [-599 -500 128] killed "reece is bot mode and not advanc<10><STEAM_1:1:86108244><TERRORIST>" [250 -824 64] with "m4a1" (headshot)
L 10/22/2022 - 22:14:57: "reece is bot mode and not advanc<10><STEAM_1:1:86108244><TERRORIST>" left buyzone with [ ]
L 10/22/2022 - 22:14:57: "Buttermilk @ LAN<9><STEAM_1:0:80218567><TERRORIST>" left buyzone with [ weapon_knife_t weapon_glock ]
L 10/22/2022 - 22:14:57: "JaySee<8><STEAM_1:1:54870697><CT>" say_team ".ready"
L 10/22/2022 - 22:14:59: "Noopers<4><STEAM_1:1:128551455><CT>" [-459 -591 128] attacked "Buttermilk @ LAN<9><STEAM_1:0:80218567><TERRORIST>" [400 -739 0] with "m4a1" (damage "31") (damage_armor "0") (health "69") (armor "0") (hitgroup "chest")
L 10/22/2022 - 22:14:59: "Sweets<3><STEAM_1:1:44108695><CT>" [22 -1008 0] attacked "Bank<7><BOT><TERRORIST>" [16 -878 0] with "hkp2000" (damage "136") (damage_armor "0") (health "0") (armor "0") (hitgroup "head")
L 10/22/2022 - 22:14:59: "Bank<7><BOT><TERRORIST>" dropped "knife"
L 10/22/2022 - 22:14:59: "Bank<7><BOT><TERRORIST>" dropped "glock"
L 10/22/2022 - 22:14:59: "Sweets<3><STEAM_1:1:44108695><CT>" [22 -1008 0] killed "Bank<7><BOT><TERRORIST>" [16 -878 64] with "hkp2000" (headshot)
L 10/22/2022 - 22:14:59: "Bank<7><BOT><TERRORIST>" left buyzone with [ ]
L 10/22/2022 - 22:14:59: "blinK @Lanfest<11><STEAM_1:1:33626697><TERRORIST>" picked up "knife"
L 10/22/2022 - 22:14:59: "blinK @Lanfest<11><STEAM_1:1:33626697><TERRORIST>" picked up "glock"
L 10/22/2022 - 22:15:00: "reece is bot mode and not advanc<10><STEAM_1:1:86108244><TERRORIST>" picked up "knife"
L 10/22/2022 - 22:15:00: "reece is bot mode and not advanc<10><STEAM_1:1:86108244><TERRORIST>" picked up "glock"
L 10/22/2022 - 22:15:00: "Noopers<4><STEAM_1:1:128551455><CT>" [-459 -591 128] attacked "Buttermilk @ LAN<9><STEAM_1:0:80218567><TERRORIST>" [353 -735 0] with "m4a1" (damage "31") (damage_armor "0") (health "38") (armor "0") (hitgroup "chest")
L 10/22/2022 - 22:15:00: "Sweets<3><STEAM_1:1:44108695><CT>" [22 -1008 0] attacked "MARKYY@Lan<12><STEAM_1:0:60271379><TERRORIST>" [80 -923 0] with "hkp2000" (damage "137") (damage_armor "0") (health "0") (armor "0") (hitgroup "head")
L 10/22/2022 - 22:15:00: "MARKYY@Lan<12><STEAM_1:0:60271379><TERRORIST>" dropped "knife"
L 10/22/2022 - 22:15:00: "MARKYY@Lan<12><STEAM_1:0:60271379><TERRORIST>" dropped "glock"
L 10/22/2022 - 22:15:00: "Sweets<3><STEAM_1:1:44108695><CT>" [22 -1008 0] killed "MARKYY@Lan<12><STEAM_1:0:60271379><TERRORIST>" [80 -923 64] with "hkp2000" (headshot)
L 10/22/2022 - 22:15:00: "MARKYY@Lan<12><STEAM_1:0:60271379><TERRORIST>" left buyzone with [ ]
L 10/22/2022 - 22:15:00: "Noopers<4><STEAM_1:1:128551455><CT>" [-459 -591 128] attacked "Buttermilk @ LAN<9><STEAM_1:0:80218567><TERRORIST>" [350 -733 0] with "m4a1" (damage "31") (damage_armor "0") (health "7") (armor "0") (hitgroup "chest")
L 10/22/2022 - 22:15:00: "Noopers<4><STEAM_1:1:128551455><CT>" [-459 -591 128] attacked "Buttermilk @ LAN<9><STEAM_1:0:80218567><TERRORIST>" [388 -736 0] with "m4a1" (damage "31") (damage_armor "0") (health "0") (armor "0") (hitgroup "right arm")
L 10/22/2022 - 22:15:00: "Buttermilk @ LAN<9><STEAM_1:0:80218567><TERRORIST>" dropped "knife"
L 10/22/2022 - 22:15:00: "Buttermilk @ LAN<9><STEAM_1:0:80218567><TERRORIST>" dropped "glock"
L 10/22/2022 - 22:15:00: "Noopers<4><STEAM_1:1:128551455><CT>" [-459 -591 128] killed "Buttermilk @ LAN<9><STEAM_1:0:80218567><TERRORIST>" [388 -736 64] with "m4a1"
L 10/22/2022 - 22:15:01: "Sweets<3><STEAM_1:1:44108695><CT>" left buyzone with [ weapon_knife_survival_bowie weapon_hkp2000 ]
L 10/22/2022 - 22:15:01: "Bank<7><BOT><TERRORIST>" picked up "knife"
L 10/22/2022 - 22:15:01: "Bank<7><BOT><TERRORIST>" picked up "glock"
L 10/22/2022 - 22:15:02: "mild<13><STEAM_1:1:54775491><>" entered the game
L 10/22/2022 - 22:15:02: "MARKYY@Lan<12><STEAM_1:0:60271379><TERRORIST>" picked up "knife"
L 10/22/2022 - 22:15:02: "MARKYY@Lan<12><STEAM_1:0:60271379><TERRORIST>" picked up "glock"
L 10/22/2022 - 22:15:03: "Buttermilk @ LAN<9><STEAM_1:0:80218567><TERRORIST>" picked up "knife"
L 10/22/2022 - 22:15:03: "Buttermilk @ LAN<9><STEAM_1:0:80218567><TERRORIST>" picked up "glock"
L 10/22/2022 - 22:15:03: "Sweets<3><STEAM_1:1:44108695><CT>" [-18 -926 0] attacked "reece is bot mode and not advanc<10><STEAM_1:1:86108244><TERRORIST>" [188 -832 0] with "hkp2000" (damage "134") (damage_armor "0") (health "0") (armor "0") (hitgroup "head")
L 10/22/2022 - 22:15:03: "reece is bot mode and not advanc<10><STEAM_1:1:86108244><TERRORIST>" dropped "knife"
L 10/22/2022 - 22:15:03: "reece is bot mode and not advanc<10><STEAM_1:1:86108244><TERRORIST>" dropped "glock"
L 10/22/2022 - 22:15:03: "Sweets<3><STEAM_1:1:44108695><CT>" [-18 -926 0] killed "reece is bot mode and not advanc<10><STEAM_1:1:86108244><TERRORIST>" [188 -832 64] with "hkp2000" (headshot)
L 10/22/2022 - 22:15:03: "reece is bot mode and not advanc<10><STEAM_1:1:86108244><TERRORIST>" left buyzone with [ ]
L 10/22/2022 - 22:15:03: "Bank<7><BOT><TERRORIST>" [253 -912 0] attacked "Sweets<3><STEAM_1:1:44108695><CT>" [-18 -926 0] with "glock" (damage "20") (damage_armor "0") (health "80") (armor "0") (hitgroup "left leg")
L 10/22/2022 - 22:15:03: "Sweets<3><STEAM_1:1:44108695><CT>" [-18 -926 0] attacked "blinK @Lanfest<11><STEAM_1:1:33626697><TERRORIST>" [192 -880 0] with "hkp2000" (damage "134") (damage_armor "0") (health "0") (armor "0") (hitgroup "head")
L 10/22/2022 - 22:15:03: "blinK @Lanfest<11><STEAM_1:1:33626697><TERRORIST>" dropped "knife"
L 10/22/2022 - 22:15:03: "blinK @Lanfest<11><STEAM_1:1:33626697><TERRORIST>" dropped "glock"
L 10/22/2022 - 22:15:03: "Sweets<3><STEAM_1:1:44108695><CT>" [-18 -926 0] killed "blinK @Lanfest<11><STEAM_1:1:33626697><TERRORIST>" [192 -880 64] with "hkp2000" (headshot)
L 10/22/2022 - 22:15:03: "blinK @Lanfest<11><STEAM_1:1:33626697><TERRORIST>" left buyzone with [ ]
L 10/22/2022 - 22:15:04: "Buttermilk @ LAN<9><STEAM_1:0:80218567><TERRORIST>" left buyzone with [ weapon_knife_t weapon_glock ]
L 10/22/2022 - 22:15:04: "Sweets<3><STEAM_1:1:44108695><CT>" [-18 -926 0] attacked "Bank<7><BOT><TERRORIST>" [253 -912 0] with "hkp2000" (damage "133") (damage_armor "0") (health "0") (armor "0") (hitgroup "head")
L 10/22/2022 - 22:15:04: "Bank<7><BOT><TERRORIST>" dropped "knife"
L 10/22/2022 - 22:15:04: "Bank<7><BOT><TERRORIST>" dropped "glock"
L 10/22/2022 - 22:15:04: "Sweets<3><STEAM_1:1:44108695><CT>" [-18 -926 0] killed "Bank<7><BOT><TERRORIST>" [253 -912 64] with "hkp2000" (headshot)
L 10/22/2022 - 22:15:04: "Bank<7><BOT><TERRORIST>" left buyzone with [ ]
L 10/22/2022 - 22:15:05: "mild<13><STEAM_1:1:54775491>" switched from team <Unassigned> to <TERRORIST>
L 10/22/2022 - 22:15:05: "mild<13><STEAM_1:1:54775491><TERRORIST>" picked up "knife"
L 10/22/2022 - 22:15:05: "mild<13><STEAM_1:1:54775491><TERRORIST>" picked up "glock"
L 10/22/2022 - 22:15:05: "Bank<7><BOT><TERRORIST>" disconnected (reason "Kicked by Console")
L 10/22/2022 - 22:15:05: "Bank<7><BOT>" switched from team <TERRORIST> to <Unassigned>
L 10/22/2022 - 22:15:05: "reece is bot mode and not advanc<10><STEAM_1:1:86108244><TERRORIST>" picked up "knife"
L 10/22/2022 - 22:15:05: "reece is bot mode and not advanc<10><STEAM_1:1:86108244><TERRORIST>" picked up "glock"
L 10/22/2022 - 22:15:06: "blinK @Lanfest<11><STEAM_1:1:33626697><TERRORIST>" picked up "knife"
L 10/22/2022 - 22:15:06: "blinK @Lanfest<11><STEAM_1:1:33626697><TERRORIST>" picked up "glock"
L 10/22/2022 - 22:15:06: "ivy<5><STEAM_1:1:58277541><CT>" left buyzone with [ weapon_knife_ursus weapon_usp_silencer ]
L 10/22/2022 - 22:15:07: "Sweets<3><STEAM_1:1:44108695><CT>" [21 -925 0] attacked "MARKYY@Lan<12><STEAM_1:0:60271379><TERRORIST>" [139 -888 0] with "hkp2000" (damage "136") (damage_armor "0") (health "0") (armor "0") (hitgroup "head")
L 10/22/2022 - 22:15:07: "MARKYY@Lan<12><STEAM_1:0:60271379><TERRORIST>" dropped "knife"
L 10/22/2022 - 22:15:07: "MARKYY@Lan<12><STEAM_1:0:60271379><TERRORIST>" dropped "glock"
L 10/22/2022 - 22:15:07: "Sweets<3><STEAM_1:1:44108695><CT>" [21 -925 0] killed "MARKYY@Lan<12><STEAM_1:0:60271379><TERRORIST>" [139 -888 64] with "hkp2000" (headshot)
L 10/22/2022 - 22:15:07: "MARKYY@Lan<12><STEAM_1:0:60271379><TERRORIST>" left buyzone with [ ]
L 10/22/2022 - 22:15:07: "Buttermilk @ LAN<9><STEAM_1:0:80218567><TERRORIST>" left buyzone with [ weapon_knife_t weapon_glock ]
L 10/22/2022 - 22:15:08: "Sweets<3><STEAM_1:1:44108695><CT>" [75 -810 0] attacked "Buttermilk @ LAN<9><STEAM_1:0:80218567><TERRORIST>" [134 -724 0] with "hkp2000" (damage "137") (damage_armor "0") (health "0") (armor "0") (hitgroup "head")
L 10/22/2022 - 22:15:08: "Buttermilk @ LAN<9><STEAM_1:0:80218567><TERRORIST>" dropped "knife"
L 10/22/2022 - 22:15:08: "Buttermilk @ LAN<9><STEAM_1:0:80218567><TERRORIST>" dropped "glock"
L 10/22/2022 - 22:15:08: "Sweets<3><STEAM_1:1:44108695><CT>" [75 -810 0] killed "Buttermilk @ LAN<9><STEAM_1:0:80218567><TERRORIST>" [134 -724 64] with "hkp2000" (headshot)
L 10/22/2022 - 22:15:08: "Sweets<3><STEAM_1:1:44108695><CT>" left buyzone with [ weapon_knife_survival_bowie weapon_hkp2000 ]
L 10/22/2022 - 22:15:08: "mild<13><STEAM_1:1:54775491><TERRORIST>" say ".ready"
L 10/22/2022 - 22:15:08: "Noopers<4><STEAM_1:1:128551455><CT>" [-428 -923 0] attacked "mild<13><STEAM_1:1:54775491><TERRORIST>" [189 -920 0] with "m4a1" (damage "127") (damage_armor "0") (health "0") (armor "0") (hitgroup "head")
L 10/22/2022 - 22:15:08: "mild<13><STEAM_1:1:54775491><TERRORIST>" dropped "knife"
L 10/22/2022 - 22:15:08: "mild<13><STEAM_1:1:54775491><TERRORIST>" dropped "glock"
L 10/22/2022 - 22:15:08: "Noopers<4><STEAM_1:1:128551455><CT>" [-428 -923 0] killed "mild<13><STEAM_1:1:54775491><TERRORIST>" [189 -920 64] with "m4a1" (headshot)
L 10/22/2022 - 22:15:08: "mild<13><STEAM_1:1:54775491><TERRORIST>" left buyzone with [ ]
L 10/22/2022 - 22:15:09: "Noopers<4><STEAM_1:1:128551455><CT>" [-428 -923 0] attacked "reece is bot mode and not advanc<10><STEAM_1:1:86108244><TERRORIST>" [136 -928 0] with "m4a1" (damage "127") (damage_armor "0") (health "0") (armor "0") (hitgroup "head")
L 10/22/2022 - 22:15:09: "reece is bot mode and not advanc<10><STEAM_1:1:86108244><TERRORIST>" dropped "knife"
L 10/22/2022 - 22:15:09: "reece is bot mode and not advanc<10><STEAM_1:1:86108244><TERRORIST>" dropped "glock"
L 10/22/2022 - 22:15:09: "Noopers<4><STEAM_1:1:128551455><CT>" [-428 -923 0] killed "reece is bot mode and not advanc<10><STEAM_1:1:86108244><TERRORIST>" [136 -928 64] with "m4a1" (headshot)
L 10/22/2022 - 22:15:09: "reece is bot mode and not advanc<10><STEAM_1:1:86108244><TERRORIST>" left buyzone with [ ]
L 10/22/2022 - 22:15:09: World triggered "Restart_Round_(1_second)"
L 10/22/2022 - 22:15:09: Team "CT" scored "0" with "5" players
L 10/22/2022 - 22:15:09: Team "TERRORIST" scored "0" with "5" players
L 10/22/2022 - 22:15:09: "MARKYY@Lan<12><STEAM_1:0:60271379><TERRORIST>" picked up "knife"
L 10/22/2022 - 22:15:09: "MARKYY@Lan<12><STEAM_1:0:60271379><TERRORIST>" picked up "glock"
L 10/22/2022 - 22:15:10: "Buttermilk @ LAN<9><STEAM_1:0:80218567><TERRORIST>" picked up "knife"
L 10/22/2022 - 22:15:10: "Buttermilk @ LAN<9><STEAM_1:0:80218567><TERRORIST>" picked up "glock"
L 10/22/2022 - 22:15:10: "Sweets<3><STEAM_1:1:44108695><CT>" [168 -878 0] attacked "blinK @Lanfest<11><STEAM_1:1:33626697><TERRORIST>" [256 -872 0] with "hkp2000" (damage "137") (damage_armor "0") (health "0") (armor "0") (hitgroup "head")
L 10/22/2022 - 22:15:10: "blinK @Lanfest<11><STEAM_1:1:33626697><TERRORIST>" dropped "knife"
L 10/22/2022 - 22:15:10: "blinK @Lanfest<11><STEAM_1:1:33626697><TERRORIST>" dropped "glock"
L 10/22/2022 - 22:15:10: "Sweets<3><STEAM_1:1:44108695><CT>" [168 -878 0] killed "blinK @Lanfest<11><STEAM_1:1:33626697><TERRORIST>" [256 -872 64] with "hkp2000" (headshot)
L 10/22/2022 - 22:15:10: "blinK @Lanfest<11><STEAM_1:1:33626697><TERRORIST>" left buyzone with [ ]
L 10/22/2022 - 22:15:10: "Sweets<3><STEAM_1:1:44108695><CT>" dropped "knife"
L 10/22/2022 - 22:15:10: "Sweets<3><STEAM_1:1:44108695><CT>" dropped "hkp2000"
L 10/22/2022 - 22:15:10: "Noopers<4><STEAM_1:1:128551455><CT>" dropped "knife"
L 10/22/2022 - 22:15:10: "Noopers<4><STEAM_1:1:128551455><CT>" dropped "deagle"
L 10/22/2022 - 22:15:10: "Noopers<4><STEAM_1:1:128551455><CT>" dropped "m4a1"
L 10/22/2022 - 22:15:10: "ivy<5><STEAM_1:1:58277541><CT>" dropped "knife"
L 10/22/2022 - 22:15:10: "ivy<5><STEAM_1:1:58277541><CT>" dropped "hkp2000"
L 10/22/2022 - 22:15:10: "BRICKS<6><STEAM_1:0:24452999><CT>" dropped "knife"
L 10/22/2022 - 22:15:10: "BRICKS<6><STEAM_1:0:24452999><CT>" dropped "hkp2000"
L 10/22/2022 - 22:15:10: "JaySee<8><STEAM_1:1:54870697><CT>" dropped "vesthelm"
L 10/22/2022 - 22:15:10: "JaySee<8><STEAM_1:1:54870697><CT>" dropped "knife"
L 10/22/2022 - 22:15:10: "JaySee<8><STEAM_1:1:54870697><CT>" dropped "deagle"
L 10/22/2022 - 22:15:10: "Buttermilk @ LAN<9><STEAM_1:0:80218567><TERRORIST>" dropped "knife"
L 10/22/2022 - 22:15:10: "Buttermilk @ LAN<9><STEAM_1:0:80218567><TERRORIST>" dropped "glock"
L 10/22/2022 - 22:15:10: "MARKYY@Lan<12><STEAM_1:0:60271379><TERRORIST>" dropped "knife"
L 10/22/2022 - 22:15:10: "MARKYY@Lan<12><STEAM_1:0:60271379><TERRORIST>" dropped "glock"
L 10/22/2022 - 22:15:10: Starting Freeze period
L 10/22/2022 - 22:15:10: "Sweets<3><STEAM_1:1:44108695><CT>" picked up "knife"
L 10/22/2022 - 22:15:10: "Sweets<3><STEAM_1:1:44108695><CT>" picked up "hkp2000"
L 10/22/2022 - 22:15:10: "ivy<5><STEAM_1:1:58277541><CT>" picked up "knife"
L 10/22/2022 - 22:15:10: "ivy<5><STEAM_1:1:58277541><CT>" picked up "hkp2000"
L 10/22/2022 - 22:15:10: "mild<13><STEAM_1:1:54775491><TERRORIST>" picked up "knife"
L 10/22/2022 - 22:15:10: "mild<13><STEAM_1:1:54775491><TERRORIST>" picked up "glock"
L 10/22/2022 - 22:15:10: "Buttermilk @ LAN<9><STEAM_1:0:80218567><TERRORIST>" picked up "knife"
L 10/22/2022 - 22:15:10: "Buttermilk @ LAN<9><STEAM_1:0:80218567><TERRORIST>" picked up "glock"
L 10/22/2022 - 22:15:10: "Noopers<4><STEAM_1:1:128551455><CT>" picked up "knife"
L 10/22/2022 - 22:15:10: "Noopers<4><STEAM_1:1:128551455><CT>" picked up "hkp2000"
L 10/22/2022 - 22:15:10: "blinK @Lanfest<11><STEAM_1:1:33626697><TERRORIST>" picked up "knife"
L 10/22/2022 - 22:15:10: "blinK @Lanfest<11><STEAM_1:1:33626697><TERRORIST>" picked up "glock"
L 10/22/2022 - 22:15:10: "MARKYY@Lan<12><STEAM_1:0:60271379><TERRORIST>" picked up "knife"
L 10/22/2022 - 22:15:10: "MARKYY@Lan<12><STEAM_1:0:60271379><TERRORIST>" picked up "glock"
L 10/22/2022 - 22:15:10: "reece is bot mode and not advanc<10><STEAM_1:1:86108244><TERRORIST>" picked up "knife"
L 10/22/2022 - 22:15:10: "reece is bot mode and not advanc<10><STEAM_1:1:86108244><TERRORIST>" picked up "glock"
L 10/22/2022 - 22:15:10: "JaySee<8><STEAM_1:1:54870697><CT>" picked up "knife"
L 10/22/2022 - 22:15:10: "JaySee<8><STEAM_1:1:54870697><CT>" picked up "hkp2000"
L 10/22/2022 - 22:15:10: "BRICKS<6><STEAM_1:0:24452999><CT>" picked up "knife"
L 10/22/2022 - 22:15:10: "BRICKS<6><STEAM_1:0:24452999><CT>" picked up "hkp2000"
L 10/22/2022 - 22:15:10: World triggered "Match_Start" on "de_orange"
L 10/22/2022 - 22:15:10: Team playing "CT": WHALEZ [READY]
L 10/22/2022 - 22:15:10: Team playing "TERRORIST": Miller_bros [READY]
L 10/22/2022 - 22:15:10: MatchStatus: Team playing "CT": WHALEZ [READY]
L 10/22/2022 - 22:15:10: MatchStatus: Team playing "TERRORIST": Miller_bros [READY]
L 10/22/2022 - 22:15:10: MatchStatus: Score: 0:0 on map "de_orange" RoundsPlayed: -1
L 10/22/2022 - 22:15:10: "Sweets<3><STEAM_1:1:44108695><CT>" left buyzone with [ weapon_knife_survival_bowie weapon_hkp2000 ]
L 10/22/2022 - 22:15:12: "blinK @Lanfest<11><STEAM_1:1:33626697><TERRORIST>" picked up "vesthelm"
L 10/22/2022 - 22:15:12: "blinK @Lanfest<10><STEAM_1:1:33626697><TERRORIST>" money change 16000-1000 = $15000 (tracked) (purchase: item_assaultsuit)
L 10/22/2022 - 22:15:12: "blinK @Lanfest<11><STEAM_1:1:33626697><TERRORIST>" purchased "item_assaultsuit"
L 10/22/2022 - 22:15:12: World triggered "Round_Start"
L 10/22/2022 - 22:15:12: "blinK @Lanfest<10><STEAM_1:1:33626697><TERRORIST>" money change 15000-2700 = $12300 (tracked) (purchase: weapon_ak47)
L 10/22/2022 - 22:15:12: "blinK @Lanfest<11><STEAM_1:1:33626697><TERRORIST>" picked up "ak47"
L 10/22/2022 - 22:15:12: "blinK @Lanfest<11><STEAM_1:1:33626697><TERRORIST>" purchased "ak47"
L 10/22/2022 - 22:15:16: "Noopers<4><STEAM_1:1:128551455><CT>" left buyzone with [ weapon_knife_push weapon_hkp2000 ]
L 10/22/2022 - 22:15:18: "blinK @Lanfest<11><STEAM_1:1:33626697><TERRORIST>" left buyzone with [ weapon_knife_m9_bayonet weapon_glock weapon_ak47 kevlar(100) helmet ]
L 10/22/2022 - 22:15:26: "blinK @Lanfest<11><STEAM_1:1:33626697><TERRORIST>" [-671 -175 224] attacked "Noopers<4><STEAM_1:1:128551455><CT>" [-1275 -179 384] with "ak47" (damage "35") (damage_armor "0") (health "65") (armor "0") (hitgroup "chest")
L 10/22/2022 - 22:15:26: "blinK @Lanfest<11><STEAM_1:1:33626697><TERRORIST>" [-671 -175 224] attacked "Noopers<4><STEAM_1:1:128551455><CT>" [-1279 -189 384] with "ak47" (damage "26") (damage_armor "0") (health "39") (armor "0") (hitgroup "left leg")
L 10/22/2022 - 22:15:26: "blinK @Lanfest<11><STEAM_1:1:33626697><TERRORIST>" [-671 -175 224] attacked "Noopers<4><STEAM_1:1:128551455><CT>" [-1277 -194 384] with "ak47" (damage "140") (damage_armor "0") (health "0") (armor "0") (hitgroup "head")
L 10/22/2022 - 22:15:26: "Noopers<4><STEAM_1:1:128551455><CT>" dropped "knife"
L 10/22/2022 - 22:15:26: "Noopers<4><STEAM_1:1:128551455><CT>" dropped "hkp2000"
L 10/22/2022 - 22:15:26: "blinK @Lanfest<11><STEAM_1:1:33626697><TERRORIST>" [-671 -175 224] killed "Noopers<4><STEAM_1:1:128551455><CT>" [-1277 -194 430] with "ak47" (headshot)
L 10/22/2022 - 22:15:27: "Sweets<3><STEAM_1:1:44108695><CT>" left buyzone with [ weapon_knife_survival_bowie weapon_hkp2000 ]
L 10/22/2022 - 22:15:27: "Noopers<4><STEAM_1:1:128551455><CT>" picked up "knife"
L 10/22/2022 - 22:15:27: "Noopers<4><STEAM_1:1:128551455><CT>" picked up "hkp2000"
L 10/22/2022 - 22:15:29: "Noopers<4><STEAM_1:1:128551455><CT>" left buyzone with [ weapon_knife_push weapon_hkp2000 ]
L 10/22/2022 - 22:15:33: "blinK @Lanfest<11><STEAM_1:1:33626697><TERRORIST>" [-1222 -124 352] attacked "Noopers<4><STEAM_1:1:128551455><CT>" [-848 84 224] with "ak47" (damage "141") (damage_armor "0") (health "0") (armor "0") (hitgroup "head")
L 10/22/2022 - 22:15:33: "Noopers<4><STEAM_1:1:128551455><CT>" dropped "knife"
L 10/22/2022 - 22:15:33: "Noopers<4><STEAM_1:1:128551455><CT>" dropped "hkp2000"
L 10/22/2022 - 22:15:33: "blinK @Lanfest<11><STEAM_1:1:33626697><TERRORIST>" [-1222 -124 352] killed "Noopers<4><STEAM_1:1:128551455><CT>" [-848 84 288] with "ak47" (headshot)
L 10/22/2022 - 22:15:35: "Noopers<4><STEAM_1:1:128551455><CT>" picked up "knife"
L 10/22/2022 - 22:15:35: "Noopers<4><STEAM_1:1:128551455><CT>" picked up "hkp2000"
L 10/22/2022 - 22:15:37: "Noopers<4><STEAM_1:1:128551455><CT>" left buyzone with [ weapon_knife_push weapon_hkp2000 ]
L 10/22/2022 - 22:15:38: "Noopers<3><STEAM_1:1:128551455><CT>" money change 16000-3100 = $12900 (tracked) (purchase: weapon_m4a1)
L 10/22/2022 - 22:15:38: "Noopers<4><STEAM_1:1:128551455><CT>" picked up "m4a1"
L 10/22/2022 - 22:15:38: "Noopers<4><STEAM_1:1:128551455><CT>" purchased "m4a1"
L 10/22/2022 - 22:15:39: "Noopers<4><STEAM_1:1:128551455><CT>" left buyzone with [ weapon_knife_push weapon_hkp2000 weapon_m4a1 ]
L 10/22/2022 - 22:15:41: "blinK @Lanfest<11><STEAM_1:1:33626697><TERRORIST>" [-981 278 160] attacked "Noopers<4><STEAM_1:1:128551455><CT>" [-578 540 0] with "ak47" (damage "141") (damage_armor "0") (health "0") (armor "0") (hitgroup "head")
L 10/22/2022 - 22:15:41: "Noopers<4><STEAM_1:1:128551455><CT>" dropped "knife"
L 10/22/2022 - 22:15:41: "Noopers<4><STEAM_1:1:128551455><CT>" dropped "hkp2000"
L 10/22/2022 - 22:15:41: "Noopers<4><STEAM_1:1:128551455><CT>" dropped "m4a1"
L 10/22/2022 - 22:15:41: "blinK @Lanfest<11><STEAM_1:1:33626697><TERRORIST>" [-981 278 160] killed "Noopers<4><STEAM_1:1:128551455><CT>" [-578 540 46] with "ak47" (headshot)
L 10/22/2022 - 22:15:42: "Noopers<4><STEAM_1:1:128551455><CT>" picked up "knife"
L 10/22/2022 - 22:15:42: "Noopers<4><STEAM_1:1:128551455><CT>" picked up "hkp2000"
L 10/22/2022 - 22:15:43: "JaySee<8><STEAM_1:1:54870697><CT>" [-465 927 0] attacked "blinK @Lanfest<11><STEAM_1:1:33626697><TERRORIST>" [-1023 366 192] with "hkp2000" (damage "7") (damage_armor "0") (health "93") (armor "100") (hitgroup "right leg")
L 10/22/2022 - 22:15:43: "JaySee<8><STEAM_1:1:54870697><CT>" [-465 927 0] attacked "blinK @Lanfest<11><STEAM_1:1:33626697><TERRORIST>" [-1028 369 192] with "hkp2000" (damage "15") (damage_armor "7") (health "78") (armor "92") (hitgroup "chest")
L 10/22/2022 - 22:15:44: "JaySee<8><STEAM_1:1:54870697><CT>" [-465 927 0] attacked "blinK @Lanfest<11><STEAM_1:1:33626697><TERRORIST>" [-1028 369 192] with "hkp2000" (damage "60") (damage_armor "29") (health "18") (armor "62") (hitgroup "head")
L 10/22/2022 - 22:15:44: "blinK @Lanfest<11><STEAM_1:1:33626697><TERRORIST>" [-1022 364 192] attacked "JaySee<8><STEAM_1:1:54870697><CT>" [-465 927 0] with "ak47" (damage "139") (damage_armor "0") (health "0") (armor "0") (hitgroup "head")
L 10/22/2022 - 22:15:44: "JaySee<8><STEAM_1:1:54870697><CT>" dropped "knife"
L 10/22/2022 - 22:15:44: "JaySee<8><STEAM_1:1:54870697><CT>" dropped "hkp2000"
L 10/22/2022 - 22:15:44: "blinK @Lanfest<11><STEAM_1:1:33626697><TERRORIST>" [-1022 364 192] killed "JaySee<8><STEAM_1:1:54870697><CT>" [-465 927 64] with "ak47" (headshot)
L 10/22/2022 - 22:15:44: "JaySee<8><STEAM_1:1:54870697><CT>" left buyzone with [ ]
L 10/22/2022 - 22:15:44: "Noopers<4><STEAM_1:1:128551455><CT>" left buyzone with [ weapon_knife_push weapon_hkp2000 ]
L 10/22/2022 - 22:15:45: "Noopers<4><STEAM_1:1:128551455><CT>" [-473 787 0] attacked "blinK @Lanfest<11><STEAM_1:1:33626697><TERRORIST>" [-1031 373 192] with "hkp2000" (damage "15") (damage_armor "7") (health "3") (armor "54") (hitgroup "right arm")
L 10/22/2022 - 22:15:45: "blinK @Lanfest<11><STEAM_1:1:33626697><TERRORIST>" [-1031 372 192] attacked "BRICKS<6><STEAM_1:0:24452999><CT>" [-395 955 0] with "ak47" (damage "139") (damage_armor "0") (health "0") (armor "0") (hitgroup "head")
L 10/22/2022 - 22:15:45: "BRICKS<6><STEAM_1:0:24452999><CT>" dropped "knife"
L 10/22/2022 - 22:15:45: "BRICKS<6><STEAM_1:0:24452999><CT>" dropped "hkp2000"
L 10/22/2022 - 22:15:45: "blinK @Lanfest<11><STEAM_1:1:33626697><TERRORIST>" [-1031 372 192] killed "BRICKS<6><STEAM_1:0:24452999><CT>" [-395 955 64] with "ak47" (headshot)
L 10/22/2022 - 22:15:45: "BRICKS<6><STEAM_1:0:24452999><CT>" left buyzone with [ ]
L 10/22/2022 - 22:15:45: "Noopers<4><STEAM_1:1:128551455><CT>" [-474 787 0] attacked "blinK @Lanfest<11><STEAM_1:1:33626697><TERRORIST>" [-1026 367 192] with "hkp2000" (damage "61") (damage_armor "30") (health "0") (armor "23") (hitgroup "head")
L 10/22/2022 - 22:15:45: "blinK @Lanfest<11><STEAM_1:1:33626697><TERRORIST>" dropped "vesthelm"
L 10/22/2022 - 22:15:45: "blinK @Lanfest<11><STEAM_1:1:33626697><TERRORIST>" dropped "knife"
L 10/22/2022 - 22:15:45: "blinK @Lanfest<11><STEAM_1:1:33626697><TERRORIST>" dropped "glock"
L 10/22/2022 - 22:15:45: "blinK @Lanfest<11><STEAM_1:1:33626697><TERRORIST>" dropped "ak47"
L 10/22/2022 - 22:15:45: "Noopers<4><STEAM_1:1:128551455><CT>" [-474 787 0] killed "blinK @Lanfest<11><STEAM_1:1:33626697><TERRORIST>" [-1026 367 256] with "hkp2000" (headshot)
L 10/22/2022 - 22:15:45: "JaySee<8><STEAM_1:1:54870697><CT>" assisted killing "blinK @Lanfest<11><STEAM_1:1:33626697><TERRORIST>"
L 10/22/2022 - 22:15:46: "blinK @Lanfest<11><STEAM_1:1:33626697><TERRORIST>" picked up "knife"
L 10/22/2022 - 22:15:46: "blinK @Lanfest<11><STEAM_1:1:33626697><TERRORIST>" picked up "glock"
L 10/22/2022 - 22:15:46: "JaySee<8><STEAM_1:1:54870697><CT>" picked up "knife"
L 10/22/2022 - 22:15:46: "JaySee<8><STEAM_1:1:54870697><CT>" picked up "hkp2000"
L 10/22/2022 - 22:15:47: "BRICKS<6><STEAM_1:0:24452999><CT>" picked up "knife"
L 10/22/2022 - 22:15:47: "BRICKS<6><STEAM_1:0:24452999><CT>" picked up "hkp2000"
L 10/22/2022 - 22:15:47: "Noopers<3><STEAM_1:1:128551455><CT>" money change 16000-3100 = $12900 (tracked) (purchase: weapon_m4a1)
L 10/22/2022 - 22:15:47: "Noopers<4><STEAM_1:1:128551455><CT>" picked up "m4a1"
L 10/22/2022 - 22:15:47: "Noopers<4><STEAM_1:1:128551455><CT>" purchased "m4a1"
L 10/22/2022 - 22:15:47: "blinK @Lanfest<11><STEAM_1:1:33626697><TERRORIST>" picked up "vesthelm"
L 10/22/2022 - 22:15:47: "blinK @Lanfest<10><STEAM_1:1:33626697><TERRORIST>" money change 16000-1000 = $15000 (tracked) (purchase: item_assaultsuit)
L 10/22/2022 - 22:15:47: "blinK @Lanfest<11><STEAM_1:1:33626697><TERRORIST>" purchased "item_assaultsuit"
L 10/22/2022 - 22:15:48: "blinK @Lanfest<10><STEAM_1:1:33626697><TERRORIST>" money change 15000-2700 = $12300 (tracked) (purchase: weapon_ak47)
L 10/22/2022 - 22:15:48: "blinK @Lanfest<11><STEAM_1:1:33626697><TERRORIST>" picked up "ak47"
L 10/22/2022 - 22:15:48: "blinK @Lanfest<11><STEAM_1:1:33626697><TERRORIST>" purchased "ak47"
L 10/22/2022 - 22:15:48: "Noopers<4><STEAM_1:1:128551455><CT>" picked up "vesthelm"
L 10/22/2022 - 22:15:48: "Noopers<3><STEAM_1:1:128551455><CT>" money change 12900-1000 = $11900 (tracked) (purchase: item_assaultsuit)
L 10/22/2022 - 22:15:48: "Noopers<4><STEAM_1:1:128551455><CT>" purchased "item_assaultsuit"
L 10/22/2022 - 22:15:49: "Noopers<4><STEAM_1:1:128551455><CT>" left buyzone with [ weapon_knife_push weapon_hkp2000 weapon_m4a1 kevlar(100) helmet ]
L 10/22/2022 - 22:15:49: "blinK @Lanfest<11><STEAM_1:1:33626697><TERRORIST>" left buyzone with [ weapon_knife_m9_bayonet weapon_glock weapon_ak47 kevlar(100) helmet ]
L 10/22/2022 - 22:16:03: "blinK @Lanfest<11><STEAM_1:1:33626697><TERRORIST>" [-985 358 176] attacked "Sweets<3><STEAM_1:1:44108695><CT>" [-992 398 160] with "knife" (damage "180") (damage_armor "0") (health "0") (armor "0") (hitgroup "generic")
L 10/22/2022 - 22:16:03: "Sweets<3><STEAM_1:1:44108695><CT>" dropped "knife"
L 10/22/2022 - 22:16:03: "Sweets<3><STEAM_1:1:44108695><CT>" dropped "hkp2000"
L 10/22/2022 - 22:16:03: "blinK @Lanfest<11><STEAM_1:1:33626697><TERRORIST>" [-985 358 176] killed "Sweets<3><STEAM_1:1:44108695><CT>" [-992 398 224] with "knife_m9_bayonet"
L 10/22/2022 - 22:16:06: "Sweets<3><STEAM_1:1:44108695><CT>" picked up "knife"
L 10/22/2022 - 22:16:06: "Sweets<3><STEAM_1:1:44108695><CT>" picked up "hkp2000"
L 10/22/2022 - 22:16:06: "BRICKS<6><STEAM_1:0:24452999><CT>" left buyzone with [ weapon_knife_stiletto weapon_usp_silencer ]
L 10/22/2022 - 22:16:08: "blinK @Lanfest<11><STEAM_1:1:33626697><TERRORIST>" [-562 977 0] attacked "ivy<5><STEAM_1:1:58277541><CT>" [-544 928 0] with "knife" (damage "180") (damage_armor "0") (health "0") (armor "0") (hitgroup "generic")
L 10/22/2022 - 22:16:08: "ivy<5><STEAM_1:1:58277541><CT>" dropped "knife"
L 10/22/2022 - 22:16:08: "ivy<5><STEAM_1:1:58277541><CT>" dropped "hkp2000"
L 10/22/2022 - 22:16:08: "blinK @Lanfest<11><STEAM_1:1:33626697><TERRORIST>" [-562 977 0] killed "ivy<5><STEAM_1:1:58277541><CT>" [-544 928 64] with "knife_m9_bayonet"
L 10/22/2022 - 22:16:08: "ivy<5><STEAM_1:1:58277541><CT>" left buyzone with [ ]
L 10/22/2022 - 22:16:09: "blinK @Lanfest<11><STEAM_1:1:33626697><TERRORIST>" [-424 980 0] attacked "JaySee<8><STEAM_1:1:54870697><CT>" [-440 942 0] with "knife" (damage "180") (damage_armor "0") (health "0") (armor "0") (hitgroup "generic")
L 10/22/2022 - 22:16:09: "JaySee<8><STEAM_1:1:54870697><CT>" dropped "knife"
L 10/22/2022 - 22:16:09: "JaySee<8><STEAM_1:1:54870697><CT>" dropped "hkp2000"
L 10/22/2022 - 22:16:09: "blinK @Lanfest<11><STEAM_1:1:33626697><TERRORIST>" [-424 980 0] killed "JaySee<8><STEAM_1:1:54870697><CT>" [-440 942 64] with "knife_m9_bayonet"
L 10/22/2022 - 22:16:09: "JaySee<8><STEAM_1:1:54870697><CT>" left buyzone with [ ]
L 10/22/2022 - 22:16:09: "Noopers<4><STEAM_1:1:128551455><CT>" [62 -916 0] attacked "reece is bot mode and not advanc<10><STEAM_1:1:86108244><TERRORIST>" [83 -883 0] with "knife" (damage "180") (damage_armor "0") (health "0") (armor "0") (hitgroup "generic")
L 10/22/2022 - 22:16:09: "reece is bot mode and not advanc<10><STEAM_1:1:86108244><TERRORIST>" dropped "knife"
L 10/22/2022 - 22:16:09: "reece is bot mode and not advanc<10><STEAM_1:1:86108244><TERRORIST>" dropped "glock"
L 10/22/2022 - 22:16:09: "Noopers<4><STEAM_1:1:128551455><CT>" [62 -916 0] killed "reece is bot mode and not advanc<10><STEAM_1:1:86108244><TERRORIST>" [83 -883 64] with "knife_push"
L 10/22/2022 - 22:16:09: "reece is bot mode and not advanc<10><STEAM_1:1:86108244><TERRORIST>" left buyzone with [ ]
L 10/22/2022 - 22:16:10: "blinK @Lanfest<11><STEAM_1:1:33626697><TERRORIST>" [-487 996 0] attacked "Sweets<3><STEAM_1:1:44108695><CT>" [-504 944 0] with "knife" (damage "180") (damage_armor "0") (health "0") (armor "0") (hitgroup "generic")
L 10/22/2022 - 22:16:10: "Sweets<3><STEAM_1:1:44108695><CT>" dropped "knife"
L 10/22/2022 - 22:16:10: "Sweets<3><STEAM_1:1:44108695><CT>" dropped "hkp2000"
L 10/22/2022 - 22:16:10: "blinK @Lanfest<11><STEAM_1:1:33626697><TERRORIST>" [-487 996 0] killed "Sweets<3><STEAM_1:1:44108695><CT>" [-504 944 64] with "knife_m9_bayonet"
L 10/22/2022 - 22:16:10: "Sweets<3><STEAM_1:1:44108695><CT>" left buyzone with [ ]
L 10/22/2022 - 22:16:10: "ivy<5><STEAM_1:1:58277541><CT>" picked up "knife"
L 10/22/2022 - 22:16:10: "ivy<5><STEAM_1:1:58277541><CT>" picked up "hkp2000"
L 10/22/2022 - 22:16:10: "Noopers<4><STEAM_1:1:128551455><CT>" [49 -868 0] attacked "Buttermilk @ LAN<9><STEAM_1:0:80218567><TERRORIST>" [77 -836 0] with "knife" (damage "180") (damage_armor "0") (health "0") (armor "0") (hitgroup "generic")
L 10/22/2022 - 22:16:10: "Buttermilk @ LAN<9><STEAM_1:0:80218567><TERRORIST>" dropped "knife"
L 10/22/2022 - 22:16:10: "Buttermilk @ LAN<9><STEAM_1:0:80218567><TERRORIST>" dropped "glock"
L 10/22/2022 - 22:16:10: "Noopers<4><STEAM_1:1:128551455><CT>" [49 -868 0] killed "Buttermilk @ LAN<9><STEAM_1:0:80218567><TERRORIST>" [77 -836 64] with "knife_push"
L 10/22/2022 - 22:16:10: "Buttermilk @ LAN<9><STEAM_1:0:80218567><TERRORIST>" left buyzone with [ ]
L 10/22/2022 - 22:16:11: "JaySee<8><STEAM_1:1:54870697><CT>" picked up "knife"
L 10/22/2022 - 22:16:11: "JaySee<8><STEAM_1:1:54870697><CT>" picked up "hkp2000"
L 10/22/2022 - 22:16:11: "Noopers<4><STEAM_1:1:128551455><CT>" [112 -874 0] attacked "mild<13><STEAM_1:1:54775491><TERRORIST>" [133 -840 0] with "knife" (damage "180") (damage_armor "0") (health "0") (armor "0") (hitgroup "generic")
L 10/22/2022 - 22:16:11: "mild<13><STEAM_1:1:54775491><TERRORIST>" dropped "knife"
L 10/22/2022 - 22:16:11: "mild<13><STEAM_1:1:54775491><TERRORIST>" dropped "glock"
L 10/22/2022 - 22:16:11: "Noopers<4><STEAM_1:1:128551455><CT>" [112 -874 0] killed "mild<13><STEAM_1:1:54775491><TERRORIST>" [133 -840 64] with "knife_push"
L 10/22/2022 - 22:16:11: "mild<13><STEAM_1:1:54775491><TERRORIST>" left buyzone with [ ]
L 10/22/2022 - 22:16:11: "reece is bot mode and not advanc<10><STEAM_1:1:86108244><TERRORIST>" picked up "knife"
L 10/22/2022 - 22:16:11: "reece is bot mode and not advanc<10><STEAM_1:1:86108244><TERRORIST>" picked up "glock"
L 10/22/2022 - 22:16:12: "Sweets<3><STEAM_1:1:44108695><CT>" picked up "knife"
L 10/22/2022 - 22:16:12: "Sweets<3><STEAM_1:1:44108695><CT>" picked up "hkp2000"
L 10/22/2022 - 22:16:12: "Buttermilk @ LAN<9><STEAM_1:0:80218567><TERRORIST>" picked up "knife"
L 10/22/2022 - 22:16:12: "Buttermilk @ LAN<9><STEAM_1:0:80218567><TERRORIST>" picked up "glock"
L 10/22/2022 - 22:16:13: "Noopers<4><STEAM_1:1:128551455><CT>" [228 -912 0] attacked "MARKYY@Lan<12><STEAM_1:0:60271379><TERRORIST>" [256 -872 0] with "knife" (damage "180") (damage_armor "0") (health "0") (armor "0") (hitgroup "generic")
L 10/22/2022 - 22:16:13: "MARKYY@Lan<12><STEAM_1:0:60271379><TERRORIST>" dropped "knife"
L 10/22/2022 - 22:16:13: "MARKYY@Lan<12><STEAM_1:0:60271379><TERRORIST>" dropped "glock"
L 10/22/2022 - 22:16:13: "Noopers<4><STEAM_1:1:128551455><CT>" [228 -912 0] killed "MARKYY@Lan<12><STEAM_1:0:60271379><TERRORIST>" [256 -872 64] with "knife_push"
L 10/22/2022 - 22:16:13: "MARKYY@Lan<12><STEAM_1:0:60271379><TERRORIST>" left buyzone with [ ]
L 10/22/2022 - 22:16:13: "blinK @Lanfest<11><STEAM_1:1:33626697><TERRORIST>" [-504 1008 0] attacked "ivy<5><STEAM_1:1:58277541><CT>" [-536 992 0] with "knife" (damage "180") (damage_armor "0") (health "0") (armor "0") (hitgroup "generic")
L 10/22/2022 - 22:16:13: "ivy<5><STEAM_1:1:58277541><CT>" dropped "knife"
L 10/22/2022 - 22:16:13: "ivy<5><STEAM_1:1:58277541><CT>" dropped "hkp2000"
L 10/22/2022 - 22:16:13: "blinK @Lanfest<11><STEAM_1:1:33626697><TERRORIST>" [-504 1008 0] killed "ivy<5><STEAM_1:1:58277541><CT>" [-536 992 64] with "knife_m9_bayonet"
L 10/22/2022 - 22:16:13: "ivy<5><STEAM_1:1:58277541><CT>" left buyzone with [ ]
L 10/22/2022 - 22:16:14: "mild<13><STEAM_1:1:54775491><TERRORIST>" picked up "knife"
L 10/22/2022 - 22:16:14: "mild<13><STEAM_1:1:54775491><TERRORIST>" picked up "glock"
L 10/22/2022 - 22:16:15: "Noopers<4><STEAM_1:1:128551455><CT>" [171 -929 0] attacked "reece is bot mode and not advanc<10><STEAM_1:1:86108244><TERRORIST>" [192 -880 0] with "knife" (damage "180") (damage_armor "0") (health "0") (armor "0") (hitgroup "generic")
L 10/22/2022 - 22:16:15: "reece is bot mode and not advanc<10><STEAM_1:1:86108244><TERRORIST>" dropped "knife"
L 10/22/2022 - 22:16:15: "reece is bot mode and not advanc<10><STEAM_1:1:86108244><TERRORIST>" dropped "glock"
L 10/22/2022 - 22:16:15: "Noopers<4><STEAM_1:1:128551455><CT>" [171 -929 0] killed "reece is bot mode and not advanc<10><STEAM_1:1:86108244><TERRORIST>" [192 -880 64] with "knife_push"
L 10/22/2022 - 22:16:15: "reece is bot mode and not advanc<10><STEAM_1:1:86108244><TERRORIST>" left buyzone with [ ]
L 10/22/2022 - 22:16:15: "blinK @Lanfest<11><STEAM_1:1:33626697><TERRORIST>" [-523 977 0] attacked "JaySee<8><STEAM_1:1:54870697><CT>" [-544 928 0] with "knife" (damage "180") (damage_armor "0") (health "0") (armor "0") (hitgroup "generic")
L 10/22/2022 - 22:16:15: "JaySee<8><STEAM_1:1:54870697><CT>" dropped "knife"
L 10/22/2022 - 22:16:15: "JaySee<8><STEAM_1:1:54870697><CT>" dropped "hkp2000"
L 10/22/2022 - 22:16:15: "blinK @Lanfest<11><STEAM_1:1:33626697><TERRORIST>" [-523 977 0] killed "JaySee<8><STEAM_1:1:54870697><CT>" [-544 928 64] with "knife_m9_bayonet"
L 10/22/2022 - 22:16:15: "JaySee<8><STEAM_1:1:54870697><CT>" left buyzone with [ ]
L 10/22/2022 - 22:16:15: "MARKYY@Lan<12><STEAM_1:0:60271379><TERRORIST>" picked up "knife"
L 10/22/2022 - 22:16:15: "MARKYY@Lan<12><STEAM_1:0:60271379><TERRORIST>" picked up "glock"
L 10/22/2022 - 22:16:15: "ivy<5><STEAM_1:1:58277541><CT>" picked up "knife"
L 10/22/2022 - 22:16:15: "ivy<5><STEAM_1:1:58277541><CT>" picked up "hkp2000"
L 10/22/2022 - 22:16:16: "Sweets<3><STEAM_1:1:44108695><CT>" left buyzone with [ weapon_knife_survival_bowie weapon_hkp2000 ]
L 10/22/2022 - 22:16:16: "Noopers<4><STEAM_1:1:128551455><CT>" [176 -864 0] attacked "Buttermilk @ LAN<9><STEAM_1:0:80218567><TERRORIST>" [186 -832 38] with "knife" (damage "180") (damage_armor "0") (health "0") (armor "0") (hitgroup "generic")
L 10/22/2022 - 22:16:16: "Buttermilk @ LAN<9><STEAM_1:0:80218567><TERRORIST>" dropped "knife"
L 10/22/2022 - 22:16:16: "Buttermilk @ LAN<9><STEAM_1:0:80218567><TERRORIST>" dropped "glock"
L 10/22/2022 - 22:16:16: "Noopers<4><STEAM_1:1:128551455><CT>" [176 -864 0] killed "Buttermilk @ LAN<9><STEAM_1:0:80218567><TERRORIST>" [186 -832 102] with "knife_push"
L 10/22/2022 - 22:16:16: "Buttermilk @ LAN<9><STEAM_1:0:80218567><TERRORIST>" left buyzone with [ ]
L 10/22/2022 - 22:16:16: "blinK @Lanfest<11><STEAM_1:1:33626697><TERRORIST>" left buyzone with [ weapon_knife_m9_bayonet weapon_glock weapon_ak47 kevlar(100) helmet ]
L 10/22/2022 - 22:16:16: "Noopers<4><STEAM_1:1:128551455><CT>" left buyzone with [ weapon_knife_push weapon_hkp2000 weapon_m4a1 kevlar(100) helmet ]
L 10/22/2022 - 22:16:17: "reece is bot mode and not advanc<10><STEAM_1:1:86108244><TERRORIST>" picked up "knife"
L 10/22/2022 - 22:16:17: "reece is bot mode and not advanc<10><STEAM_1:1:86108244><TERRORIST>" picked up "glock"
L 10/22/2022 - 22:16:17: "JaySee<8><STEAM_1:1:54870697><CT>" picked up "knife"
L 10/22/2022 - 22:16:17: "JaySee<8><STEAM_1:1:54870697><CT>" picked up "hkp2000"
L 10/22/2022 - 22:16:18: "ivy<5><STEAM_1:1:58277541><CT>" [-346 825 0] attacked "blinK @Lanfest<11><STEAM_1:1:33626697><TERRORIST>" [-648 552 13] with "hkp2000" (damage "16") (damage_armor "8") (health "84") (armor "91") (hitgroup "chest")
L 10/22/2022 - 22:16:18: "Buttermilk @ LAN<9><STEAM_1:0:80218567><TERRORIST>" picked up "knife"
L 10/22/2022 - 22:16:18: "Buttermilk @ LAN<9><STEAM_1:0:80218567><TERRORIST>" picked up "glock"
L 10/22/2022 - 22:16:19: "ivy<5><STEAM_1:1:58277541><CT>" [-340 819 0] attacked "blinK @Lanfest<11><STEAM_1:1:33626697><TERRORIST>" [-674 475 38] with "hkp2000" (damage "20") (damage_armor "9") (health "64") (armor "81") (hitgroup "stomach")
L 10/22/2022 - 22:16:19: "ivy<5><STEAM_1:1:58277541><CT>" [-340 819 0] attacked "blinK @Lanfest<11><STEAM_1:1:33626697><TERRORIST>" [-703 463 64] with "hkp2000" (damage "20") (damage_armor "9") (health "44") (armor "71") (hitgroup "stomach")
L 10/22/2022 - 22:16:19: "Buttermilk @ LAN<9><STEAM_1:0:80218567><TERRORIST>" left buyzone with [ weapon_knife_t weapon_glock ]
L 10/22/2022 - 22:16:19: "JaySee<8><STEAM_1:1:54870697><CT>" [-400 933 0] attacked "blinK @Lanfest<11><STEAM_1:1:33626697><TERRORIST>" [-752 480 113] with "hkp2000" (damage "15") (damage_armor "7") (health "29") (armor "63") (hitgroup "chest")
L 10/22/2022 - 22:16:20: "ivy<5><STEAM_1:1:58277541><CT>" [-340 819 0] attacked "blinK @Lanfest<11><STEAM_1:1:33626697><TERRORIST>" [-774 469 84] with "hkp2000" (damage "23") (damage_armor "0") (health "6") (armor "63") (hitgroup "right leg")
L 10/22/2022 - 22:16:20: "BRICKS<6><STEAM_1:0:24452999><CT>" [147 -895 0] attacked "MARKYY@Lan<12><STEAM_1:0:60271379><TERRORIST>" [133 -840 0] with "knife" (damage "180") (damage_armor "0") (health "0") (armor "0") (hitgroup "generic")
L 10/22/2022 - 22:16:20: "MARKYY@Lan<12><STEAM_1:0:60271379><TERRORIST>" dropped "knife"
L 10/22/2022 - 22:16:20: "MARKYY@Lan<12><STEAM_1:0:60271379><TERRORIST>" dropped "glock"
L 10/22/2022 - 22:16:20: "BRICKS<6><STEAM_1:0:24452999><CT>" [147 -895 0] killed "MARKYY@Lan<12><STEAM_1:0:60271379><TERRORIST>" [133 -840 64] with "knife_stiletto"
L 10/22/2022 - 22:16:20: "MARKYY@Lan<12><STEAM_1:0:60271379><TERRORIST>" left buyzone with [ ]
L 10/22/2022 - 22:16:20: "ivy<5><STEAM_1:1:58277541><CT>" [-340 819 0] attacked "blinK @Lanfest<11><STEAM_1:1:33626697><TERRORIST>" [-783 485 64] with "hkp2000" (damage "23") (damage_armor "0") (health "0") (armor "63") (hitgroup "right leg")
L 10/22/2022 - 22:16:20: "blinK @Lanfest<11><STEAM_1:1:33626697><TERRORIST>" dropped "vesthelm"
L 10/22/2022 - 22:16:20: "blinK @Lanfest<11><STEAM_1:1:33626697><TERRORIST>" dropped "knife"
L 10/22/2022 - 22:16:20: "blinK @Lanfest<11><STEAM_1:1:33626697><TERRORIST>" dropped "glock"
L 10/22/2022 - 22:16:20: "blinK @Lanfest<11><STEAM_1:1:33626697><TERRORIST>" dropped "ak47"
L 10/22/2022 - 22:16:20: "ivy<5><STEAM_1:1:58277541><CT>" [-340 819 0] killed "blinK @Lanfest<11><STEAM_1:1:33626697><TERRORIST>" [-783 485 128] with "usp_silencer"
L 10/22/2022 - 22:16:24: "blinK @Lanfest<11><STEAM_1:1:33626697><TERRORIST>" picked up "knife"
L 10/22/2022 - 22:16:24: "blinK @Lanfest<11><STEAM_1:1:33626697><TERRORIST>" picked up "glock"
L 10/22/2022 - 22:16:25: "blinK @Lanfest<11><STEAM_1:1:33626697><TERRORIST>" [136 -928 0] attacked "BRICKS<6><STEAM_1:0:24452999><CT>" [162 -887 0] with "glock" (damage "117") (damage_armor "0") (health "0") (armor "0") (hitgroup "head")
L 10/22/2022 - 22:16:25: "BRICKS<6><STEAM_1:0:24452999><CT>" dropped "knife"
L 10/22/2022 - 22:16:25: "BRICKS<6><STEAM_1:0:24452999><CT>" dropped "hkp2000"
L 10/22/2022 - 22:16:25: "blinK @Lanfest<11><STEAM_1:1:33626697><TERRORIST>" [136 -928 0] killed "BRICKS<6><STEAM_1:0:24452999><CT>" [162 -887 64] with "glock" (headshot)
L 10/22/2022 - 22:16:25: "BRICKS<6><STEAM_1:0:24452999><CT>" left buyzone with [ ]
L 10/22/2022 - 22:16:25: "MARKYY@Lan<12><STEAM_1:0:60271379><TERRORIST>" picked up "knife"
L 10/22/2022 - 22:16:25: "MARKYY@Lan<12><STEAM_1:0:60271379><TERRORIST>" picked up "glock"
L 10/22/2022 - 22:16:25: "ivy<5><STEAM_1:1:58277541><CT>" left buyzone with [ weapon_knife_ursus weapon_usp_silencer ]
L 10/22/2022 - 22:16:26: "BRICKS<6><STEAM_1:0:24452999><CT>" picked up "knife"
L 10/22/2022 - 22:16:26: "BRICKS<6><STEAM_1:0:24452999><CT>" picked up "hkp2000"
L 10/22/2022 - 22:16:26: "blinK @Lanfest<11><STEAM_1:1:33626697><TERRORIST>" picked up "vesthelm"
L 10/22/2022 - 22:16:26: "blinK @Lanfest<10><STEAM_1:1:33626697><TERRORIST>" money change 16000-1000 = $15000 (tracked) (purchase: item_assaultsuit)
L 10/22/2022 - 22:16:26: "blinK @Lanfest<11><STEAM_1:1:33626697><TERRORIST>" purchased "item_assaultsuit"
L 10/22/2022 - 22:16:26: [META] Loaded 0 plugins (1 already loaded)
L 10/22/2022 - 22:16:26: [META] Loaded 0 plugins (1 already loaded)
L 10/22/2022 - 22:16:27: Log file closed
