L 10/21/2017 - 23:53:45: Log file started (file "logs/L1021001.log") (game "/home/sysoper/gameserver/tf") (version "4193938")
L 10/21/2017 - 23:53:45: server_cvar: "mp_timelimit" "15"
L 10/21/2017 - 23:53:45: server_cvar: "tf_server_identity_disable_quickplay" "1"
L 10/21/2017 - 23:53:45: server_cvar: "sv_tags" "alltalk,cp,noquickplay"
L 10/21/2017 - 23:53:45: server_cvar: "sv_tags" "alltalk,cp,noquickplay"
L 10/21/2017 - 23:53:45: Assigned anonymous gameserver Steam ID [A:1:474150914:9219].
L 10/21/2017 - 23:53:45: VAC secure mode disabled.
L 10/21/2017 - 23:54:07: "BEan | LacledesLAN.com<2><[U:1:7609438]><>" connected, address "172.30.40.9:27005"
L 10/21/2017 - 23:54:07: "BEan | LacledesLAN.com<2><[U:1:7609438]><>" STEAM USERID validated
L 10/21/2017 - 23:54:44: "BEan | LacledesLAN.com<2><[U:1:7609438]><>" entered the game
L 10/21/2017 - 23:54:55: "BEan | LacledesLAN.com<2><[U:1:7609438]><Unassigned>" joined team "Blue"
L 10/21/2017 - 23:55:01: "BEan | LacledesLAN.com<2><[U:1:7609438]><Blue>" changed role to "scout"
L 10/21/2017 - 23:55:31: World triggered "Round_Start"
L 10/21/2017 - 23:55:42: "BEan | LacledesLAN.com<2><[U:1:7609438]><Blue>" disconnected (reason "Disconnect by user.")
L 10/22/2017 - 00:08:47: Vote failed "NextLevel " with code 4
L 10/22/2017 - 03:04:57: tf_server_identity_account_id not set; not logging into registered account
L 10/22/2017 - 06:44:42: tf_server_identity_account_id not set; not logging into registered account
L 10/22/2017 - 10:00:11: "BEan | LacledesLAN.com<3><[U:1:7609438]><>" connected, address "172.30.40.9:27005"
L 10/22/2017 - 10:00:11: "BEan | LacledesLAN.com<3><[U:1:7609438]><>" STEAM USERID validated
L 10/22/2017 - 10:00:46: "BEan | LacledesLAN.com<3><[U:1:7609438]><>" entered the game
L 10/22/2017 - 10:01:07: "BEan | LacledesLAN.com<3><[U:1:7609438]><Unassigned>" disconnected (reason "Disconnect by user.")
L 10/22/2017 - 10:01:14: "BEan | LacledesLAN.com<4><[U:1:7609438]><>" connected, address "172.30.40.9:27005"
L 10/22/2017 - 10:01:15: "BEan | LacledesLAN.com<4><[U:1:7609438]><>" STEAM USERID validated
L 10/22/2017 - 10:01:21: "BEan | LacledesLAN.com<4><[U:1:7609438]><>" entered the game
L 10/22/2017 - 10:01:27: "BEan | LacledesLAN.com<4><[U:1:7609438]><Unassigned>" joined team "Blue"
L 10/22/2017 - 10:01:29: "BEan | LacledesLAN.com<4><[U:1:7609438]><Blue>" changed role to "pyro"
L 10/22/2017 - 10:01:33: "BEan | LacledesLAN.com<4><[U:1:7609438]><Blue>" say "!sm_admin"
L 10/22/2017 - 10:01:44: [META] Loaded 0 plugins (1 already loaded)
L 10/22/2017 - 10:01:44: Log file closed.
