L 10/21/2017 - 09:34:24: Log file started (file "logs/L1021000.log") (game "/home/sysoper/gameserver/tf") (version "4192434")
L 10/21/2017 - 09:34:24: server_cvar: "mp_timelimit" "15"
L 10/21/2017 - 09:34:24: server_cvar: "tf_server_identity_disable_quickplay" "1"
L 10/21/2017 - 09:34:24: server_cvar: "sv_tags" "alltalk,cp,noquickplay"
L 10/21/2017 - 09:34:24: server_cvar: "sv_tags" "alltalk,cp,noquickplay"
L 10/21/2017 - 09:34:24: Assigned anonymous gameserver Steam ID [A:1:606938114:9217].
L 10/21/2017 - 09:34:24: VAC secure mode disabled.
L 10/21/2017 - 09:34:30: Your server needs to be restarted in order to receive the latest update.
L 10/21/2017 - 09:39:30: Your server needs to be restarted in order to receive the latest update.
L 10/21/2017 - 09:44:31: Your server needs to be restarted in order to receive the latest update.
L 10/21/2017 - 09:49:31: Your server needs to be restarted in order to receive the latest update.
L 10/21/2017 - 09:54:34: Your server needs to be restarted in order to receive the latest update.
L 10/21/2017 - 09:59:30: Your server needs to be restarted in order to receive the latest update.
L 10/21/2017 - 10:04:31: Your server needs to be restarted in order to receive the latest update.
L 10/21/2017 - 10:09:31: Your server needs to be restarted in order to receive the latest update.
L 10/21/2017 - 10:14:36: Your server needs to be restarted in order to receive the latest update.
L 10/21/2017 - 10:19:30: Your server needs to be restarted in order to receive the latest update.
L 10/21/2017 - 10:24:31: Your server needs to be restarted in order to receive the latest update.
L 10/21/2017 - 10:29:31: Your server needs to be restarted in order to receive the latest update.
L 10/21/2017 - 10:34:36: Your server needs to be restarted in order to receive the latest update.
L 10/21/2017 - 10:39:30: Your server needs to be restarted in order to receive the latest update.
L 10/21/2017 - 10:44:31: Your server needs to be restarted in order to receive the latest update.
L 10/21/2017 - 10:49:31: Your server needs to be restarted in order to receive the latest update.
L 10/21/2017 - 10:54:36: Your server needs to be restarted in order to receive the latest update.
L 10/21/2017 - 10:59:30: Your server needs to be restarted in order to receive the latest update.
L 10/21/2017 - 11:04:31: Your server needs to be restarted in order to receive the latest update.
L 10/21/2017 - 11:09:31: Your server needs to be restarted in order to receive the latest update.
L 10/21/2017 - 11:14:36: Your server needs to be restarted in order to receive the latest update.
L 10/21/2017 - 11:19:30: Your server needs to be restarted in order to receive the latest update.
L 10/21/2017 - 11:24:31: Your server needs to be restarted in order to receive the latest update.
L 10/21/2017 - 11:29:31: Your server needs to be restarted in order to receive the latest update.
L 10/21/2017 - 11:34:36: Your server needs to be restarted in order to receive the latest update.
L 10/21/2017 - 11:39:30: Your server needs to be restarted in order to receive the latest update.
L 10/21/2017 - 11:44:31: Your server needs to be restarted in order to receive the latest update.
L 10/21/2017 - 11:49:31: Your server needs to be restarted in order to receive the latest update.
L 10/21/2017 - 11:54:34: Your server needs to be restarted in order to receive the latest update.
L 10/21/2017 - 11:59:30: Your server needs to be restarted in order to receive the latest update.
L 10/21/2017 - 12:04:31: Your server needs to be restarted in order to receive the latest update.
L 10/21/2017 - 12:09:31: Your server needs to be restarted in order to receive the latest update.
L 10/21/2017 - 12:14:34: Your server needs to be restarted in order to receive the latest update.
L 10/21/2017 - 12:19:30: Your server needs to be restarted in order to receive the latest update.
L 10/21/2017 - 12:24:31: Your server needs to be restarted in order to receive the latest update.
L 10/21/2017 - 12:29:31: Your server needs to be restarted in order to receive the latest update.
L 10/21/2017 - 12:34:36: Your server needs to be restarted in order to receive the latest update.
L 10/21/2017 - 12:39:29: Your server needs to be restarted in order to receive the latest update.
L 10/21/2017 - 12:39:31: Your server needs to be restarted in order to receive the latest update.
L 10/21/2017 - 12:44:31: Your server needs to be restarted in order to receive the latest update.
L 10/21/2017 - 12:49:30: Your server needs to be restarted in order to receive the latest update.
L 10/21/2017 - 12:54:30: Your server needs to be restarted in order to receive the latest update.
L 10/21/2017 - 12:59:31: Your server needs to be restarted in order to receive the latest update.
L 10/21/2017 - 13:04:31: Your server needs to be restarted in order to receive the latest update.
L 10/21/2017 - 13:09:36: Your server needs to be restarted in order to receive the latest update.
L 10/21/2017 - 13:14:30: Your server needs to be restarted in order to receive the latest update.
L 10/21/2017 - 13:19:31: Your server needs to be restarted in order to receive the latest update.
L 10/21/2017 - 13:24:31: Your server needs to be restarted in order to receive the latest update.
L 10/21/2017 - 13:29:34: Your server needs to be restarted in order to receive the latest update.
L 10/21/2017 - 13:34:30: Your server needs to be restarted in order to receive the latest update.
L 10/21/2017 - 13:39:31: Your server needs to be restarted in order to receive the latest update.
L 10/21/2017 - 13:44:31: Your server needs to be restarted in order to receive the latest update.
L 10/21/2017 - 13:49:36: Your server needs to be restarted in order to receive the latest update.
L 10/21/2017 - 13:54:30: Your server needs to be restarted in order to receive the latest update.
L 10/21/2017 - 13:59:31: Your server needs to be restarted in order to receive the latest update.
L 10/21/2017 - 14:04:31: Your server needs to be restarted in order to receive the latest update.
L 10/21/2017 - 14:09:34: Your server needs to be restarted in order to receive the latest update.
L 10/21/2017 - 14:14:30: Your server needs to be restarted in order to receive the latest update.
L 10/21/2017 - 14:19:31: Your server needs to be restarted in order to receive the latest update.
L 10/21/2017 - 14:24:31: Your server needs to be restarted in order to receive the latest update.
L 10/21/2017 - 14:29:34: Your server needs to be restarted in order to receive the latest update.
L 10/21/2017 - 14:34:30: Your server needs to be restarted in order to receive the latest update.
L 10/21/2017 - 14:39:31: Your server needs to be restarted in order to receive the latest update.
L 10/21/2017 - 14:44:31: Your server needs to be restarted in order to receive the latest update.
L 10/21/2017 - 14:49:34: Your server needs to be restarted in order to receive the latest update.
L 10/21/2017 - 14:54:30: Your server needs to be restarted in order to receive the latest update.
L 10/21/2017 - 14:59:31: Your server needs to be restarted in order to receive the latest update.
L 10/21/2017 - 15:04:31: Your server needs to be restarted in order to receive the latest update.
L 10/21/2017 - 15:09:36: Your server needs to be restarted in order to receive the latest update.
L 10/21/2017 - 15:14:30: Your server needs to be restarted in order to receive the latest update.
L 10/21/2017 - 15:19:31: Your server needs to be restarted in order to receive the latest update.
L 10/21/2017 - 15:24:31: Your server needs to be restarted in order to receive the latest update.
L 10/21/2017 - 15:29:34: Your server needs to be restarted in order to receive the latest update.
L 10/21/2017 - 15:34:30: Your server needs to be restarted in order to receive the latest update.
L 10/21/2017 - 15:39:31: Your server needs to be restarted in order to receive the latest update.
L 10/21/2017 - 15:44:31: Your server needs to be restarted in order to receive the latest update.
L 10/21/2017 - 15:49:36: Your server needs to be restarted in order to receive the latest update.
L 10/21/2017 - 15:54:30: Your server needs to be restarted in order to receive the latest update.
L 10/21/2017 - 15:59:31: Your server needs to be restarted in order to receive the latest update.
L 10/21/2017 - 16:01:11: tf_server_identity_account_id not set; not logging into registered account
L 10/21/2017 - 16:04:31: Your server needs to be restarted in order to receive the latest update.
L 10/21/2017 - 16:09:36: Your server needs to be restarted in order to receive the latest update.
L 10/21/2017 - 16:14:30: Your server needs to be restarted in order to receive the latest update.
L 10/21/2017 - 16:19:31: Your server needs to be restarted in order to receive the latest update.
L 10/21/2017 - 16:24:31: Your server needs to be restarted in order to receive the latest update.
L 10/21/2017 - 16:29:36: Your server needs to be restarted in order to receive the latest update.
L 10/21/2017 - 16:34:30: Your server needs to be restarted in order to receive the latest update.
L 10/21/2017 - 16:39:31: Your server needs to be restarted in order to receive the latest update.
L 10/21/2017 - 16:44:31: Your server needs to be restarted in order to receive the latest update.
L 10/21/2017 - 16:49:34: Your server needs to be restarted in order to receive the latest update.
L 10/21/2017 - 16:54:30: Your server needs to be restarted in order to receive the latest update.
L 10/21/2017 - 16:54:32: Your server needs to be restarted in order to receive the latest update.
L 10/21/2017 - 16:59:31: Your server needs to be restarted in order to receive the latest update.
L 10/21/2017 - 17:04:31: Your server needs to be restarted in order to receive the latest update.
L 10/21/2017 - 17:09:34: Your server needs to be restarted in order to receive the latest update.
L 10/21/2017 - 17:14:32: Your server needs to be restarted in order to receive the latest update.
L 10/21/2017 - 17:19:31: Your server needs to be restarted in order to receive the latest update.
L 10/21/2017 - 17:24:31: Your server needs to be restarted in order to receive the latest update.
L 10/21/2017 - 17:29:34: Your server needs to be restarted in order to receive the latest update.
L 10/21/2017 - 17:34:32: Your server needs to be restarted in order to receive the latest update.
L 10/21/2017 - 17:39:31: Your server needs to be restarted in order to receive the latest update.
L 10/21/2017 - 17:44:31: Your server needs to be restarted in order to receive the latest update.
L 10/21/2017 - 17:49:34: Your server needs to be restarted in order to receive the latest update.
L 10/21/2017 - 17:54:32: Your server needs to be restarted in order to receive the latest update.
L 10/21/2017 - 17:59:31: Your server needs to be restarted in order to receive the latest update.
L 10/21/2017 - 18:04:31: Your server needs to be restarted in order to receive the latest update.
L 10/21/2017 - 18:09:34: Your server needs to be restarted in order to receive the latest update.
L 10/21/2017 - 18:14:31: Your server needs to be restarted in order to receive the latest update.
L 10/21/2017 - 18:19:31: Your server needs to be restarted in order to receive the latest update.
L 10/21/2017 - 18:24:30: Your server needs to be restarted in order to receive the latest update.
L 10/21/2017 - 18:29:34: Your server needs to be restarted in order to receive the latest update.
L 10/21/2017 - 18:34:31: Your server needs to be restarted in order to receive the latest update.
L 10/21/2017 - 18:39:31: Your server needs to be restarted in order to receive the latest update.
L 10/21/2017 - 18:44:30: Your server needs to be restarted in order to receive the latest update.
L 10/21/2017 - 18:49:34: Your server needs to be restarted in order to receive the latest update.
L 10/21/2017 - 18:54:31: Your server needs to be restarted in order to receive the latest update.
L 10/21/2017 - 18:59:31: Your server needs to be restarted in order to receive the latest update.
L 10/21/2017 - 19:04:30: Your server needs to be restarted in order to receive the latest update.
L 10/21/2017 - 19:09:34: Your server needs to be restarted in order to receive the latest update.
L 10/21/2017 - 19:14:31: Your server needs to be restarted in order to receive the latest update.
L 10/21/2017 - 19:19:31: Your server needs to be restarted in order to receive the latest update.
L 10/21/2017 - 19:24:30: Your server needs to be restarted in order to receive the latest update.
L 10/21/2017 - 19:29:34: Your server needs to be restarted in order to receive the latest update.
L 10/21/2017 - 19:34:31: Your server needs to be restarted in order to receive the latest update.
L 10/21/2017 - 19:39:31: Your server needs to be restarted in order to receive the latest update.
L 10/21/2017 - 19:44:30: Your server needs to be restarted in order to receive the latest update.
L 10/21/2017 - 19:49:34: Your server needs to be restarted in order to receive the latest update.
L 10/21/2017 - 19:54:31: Your server needs to be restarted in order to receive the latest update.
L 10/21/2017 - 19:59:31: Your server needs to be restarted in order to receive the latest update.
L 10/21/2017 - 20:04:30: Your server needs to be restarted in order to receive the latest update.
L 10/21/2017 - 20:09:34: Your server needs to be restarted in order to receive the latest update.
L 10/21/2017 - 20:14:31: Your server needs to be restarted in order to receive the latest update.
L 10/21/2017 - 20:19:31: Your server needs to be restarted in order to receive the latest update.
L 10/21/2017 - 20:24:30: Your server needs to be restarted in order to receive the latest update.
L 10/21/2017 - 20:29:34: Your server needs to be restarted in order to receive the latest update.
L 10/21/2017 - 20:34:31: Your server needs to be restarted in order to receive the latest update.
L 10/21/2017 - 20:39:31: Your server needs to be restarted in order to receive the latest update.
L 10/21/2017 - 20:44:30: Your server needs to be restarted in order to receive the latest update.
L 10/21/2017 - 20:49:34: Your server needs to be restarted in order to receive the latest update.
L 10/21/2017 - 20:54:31: Your server needs to be restarted in order to receive the latest update.
L 10/21/2017 - 20:59:31: Your server needs to be restarted in order to receive the latest update.
L 10/21/2017 - 21:04:30: Your server needs to be restarted in order to receive the latest update.
L 10/21/2017 - 21:09:34: Your server needs to be restarted in order to receive the latest update.
L 10/21/2017 - 21:14:31: Your server needs to be restarted in order to receive the latest update.
L 10/21/2017 - 21:19:31: Your server needs to be restarted in order to receive the latest update.
L 10/21/2017 - 21:24:30: Your server needs to be restarted in order to receive the latest update.
L 10/21/2017 - 21:29:32: Your server needs to be restarted in order to receive the latest update.
L 10/21/2017 - 21:34:30: Your server needs to be restarted in order to receive the latest update.
L 10/21/2017 - 21:39:31: Your server needs to be restarted in order to receive the latest update.
L 10/21/2017 - 21:44:33: Your server needs to be restarted in order to receive the latest update.
L 10/21/2017 - 21:49:30: Your server needs to be restarted in order to receive the latest update.
L 10/21/2017 - 21:54:32: Your server needs to be restarted in order to receive the latest update.
L 10/21/2017 - 21:59:31: Your server needs to be restarted in order to receive the latest update.
L 10/21/2017 - 22:04:33: Your server needs to be restarted in order to receive the latest update.
L 10/21/2017 - 22:09:30: Your server needs to be restarted in order to receive the latest update.
L 10/21/2017 - 22:14:32: Your server needs to be restarted in order to receive the latest update.
L 10/21/2017 - 22:19:31: Your server needs to be restarted in order to receive the latest update.
L 10/21/2017 - 22:24:33: Your server needs to be restarted in order to receive the latest update.
L 10/21/2017 - 22:29:30: Your server needs to be restarted in order to receive the latest update.
L 10/21/2017 - 22:34:32: Your server needs to be restarted in order to receive the latest update.
L 10/21/2017 - 22:39:31: Your server needs to be restarted in order to receive the latest update.
L 10/21/2017 - 22:44:35: Your server needs to be restarted in order to receive the latest update.
L 10/21/2017 - 22:49:30: Your server needs to be restarted in order to receive the latest update.
L 10/21/2017 - 22:54:32: Your server needs to be restarted in order to receive the latest update.
L 10/21/2017 - 22:59:31: Your server needs to be restarted in order to receive the latest update.
L 10/21/2017 - 23:04:33: Your server needs to be restarted in order to receive the latest update.
L 10/21/2017 - 23:09:30: Your server needs to be restarted in order to receive the latest update.
L 10/21/2017 - 23:14:32: Your server needs to be restarted in order to receive the latest update.
L 10/21/2017 - 23:19:31: Your server needs to be restarted in order to receive the latest update.
L 10/21/2017 - 23:24:35: Your server needs to be restarted in order to receive the latest update.
L 10/21/2017 - 23:29:30: Your server needs to be restarted in order to receive the latest update.
L 10/21/2017 - 23:34:32: Your server needs to be restarted in order to receive the latest update.
L 10/21/2017 - 23:39:31: Your server needs to be restarted in order to receive the latest update.
L 10/21/2017 - 23:44:35: Your server needs to be restarted in order to receive the latest update.
L 10/21/2017 - 23:49:30: Your server needs to be restarted in order to receive the latest update.
L 10/21/2017 - 23:52:17: [META] Loaded 0 plugins (1 already loaded)
L 10/21/2017 - 23:52:17: server_message: "quit"
L 10/21/2017 - 23:52:17: Log file closed.
