L 10/22/2022 - 18:40:05: Log file started (file "logs/L172_030_014_081_27015_202210221840_000.log") (game "/app/csgo") (version "8749")
L 10/22/2022 - 18:40:05: Loading map "de_overpass"
L 10/22/2022 - 18:40:05: server cvars start
L 10/22/2022 - 18:40:05: "cash_player_killed_teammate" = "-300"
L 10/22/2022 - 18:40:05: "cash_player_respawn_amount" = "0"
L 10/22/2022 - 18:40:05: "sv_maxspeed" = "320"
L 10/22/2022 - 18:40:05: "cash_team_winner_bonus_consecutive_rounds" = "0"
L 10/22/2022 - 18:40:05: "cash_team_rescued_hostage" = "600"
L 10/22/2022 - 18:40:05: "cash_team_win_by_defusing_bomb" = "3500"
L 10/22/2022 - 18:40:05: "sv_rollangle" = "0"
L 10/22/2022 - 18:40:05: "r_AirboatViewZHeight" = "0.0"
L 10/22/2022 - 18:40:05: "sv_cheats" = "0"
L 10/22/2022 - 18:40:05: "r_VehicleViewDampen" = "1"
L 10/22/2022 - 18:40:05: "metamod_version" = "1.11.0-dev+1148V"
L 10/22/2022 - 18:40:05: "mp_allowNPCs" = "1"
L 10/22/2022 - 18:40:05: "mp_tournament" = "0"
L 10/22/2022 - 18:40:05: "sv_vote_issue_pause_match_spec_only" = "0"
L 10/22/2022 - 18:40:05: "sv_spec_hear" = "1"
L 10/22/2022 - 18:40:05: "cash_player_interact_with_hostage" = "300"
L 10/22/2022 - 18:40:05: "mp_maxrounds" = "30"
L 10/22/2022 - 18:40:05: "mp_flashlight" = "0"
L 10/22/2022 - 18:40:05: "sv_tags" = ""
L 10/22/2022 - 18:40:05: "sv_stepsize" = "18"
L 10/22/2022 - 18:40:05: "sv_alltalk" = "0"
L 10/22/2022 - 18:40:05: "mp_teamlist" = "hgrunt;scientist"
L 10/22/2022 - 18:40:05: "mp_footsteps" = "1"
L 10/22/2022 - 18:40:05: "sv_noclipaccelerate" = "5"
L 10/22/2022 - 18:40:05: "sv_accelerate_debug_speed" = "0"
L 10/22/2022 - 18:40:05: "sv_wateraccelerate" = "10"
L 10/22/2022 - 18:40:05: "mp_stalemate_enable" = "0"
L 10/22/2022 - 18:40:05: "mp_autocrosshair" = "1"
L 10/22/2022 - 18:40:05: "sourcemod_version" = "1.12.0.6928"
L 10/22/2022 - 18:40:05: "cash_team_elimination_bomb_map" = "3250"
L 10/22/2022 - 18:40:05: "cash_player_get_killed" = "0"
L 10/22/2022 - 18:40:05: "mp_roundtime_defuse" = "1.92"
L 10/22/2022 - 18:40:05: "sv_autobuyammo" = "0"
L 10/22/2022 - 18:40:05: "sv_rollspeed" = "200"
L 10/22/2022 - 18:40:05: "sv_airaccelerate" = "12"
L 10/22/2022 - 18:40:05: "sv_show_team_equipment_prohibit" = "0"
L 10/22/2022 - 18:40:05: "mp_teams_unbalance_limit" = "1"
L 10/22/2022 - 18:40:05: "mp_timelimit" = "0"
L 10/22/2022 - 18:40:05: "cash_team_loser_bonus" = "1400"
L 10/22/2022 - 18:40:05: "sv_deadtalk" = "0"
L 10/22/2022 - 18:40:05: "cash_player_rescued_hostage" = "1000"
L 10/22/2022 - 18:40:05: "sv_waterfriction" = "1"
L 10/22/2022 - 18:40:05: "sv_competitive_official_5v5" = "1"
L 10/22/2022 - 18:40:05: "sv_steamgroup" = ""
L 10/22/2022 - 18:40:05: "cash_player_killed_enemy_default" = "300"
L 10/22/2022 - 18:40:05: "coop" = "0"
L 10/22/2022 - 18:40:05: "mp_respawnwavetime" = "10.0"
L 10/22/2022 - 18:40:05: "sv_teamid_overhead" = "1"
L 10/22/2022 - 18:40:05: "tv_enable1" = "0"
L 10/22/2022 - 18:40:05: "nextlevel" = ""
L 10/22/2022 - 18:40:05: "sv_stopspeed" = "80"
L 10/22/2022 - 18:40:05: "sv_specaccelerate" = "5"
L 10/22/2022 - 18:40:05: "deathmatch" = "1"
L 10/22/2022 - 18:40:05: "tv_enable" = "1"
L 10/22/2022 - 18:40:05: "mp_roundtime_hostage" = "1.75"
L 10/22/2022 - 18:40:05: "mp_freezetime" = "15"
L 10/22/2022 - 18:40:05: "mp_teammates_are_enemies" = "0"
L 10/22/2022 - 18:40:05: "mp_falldamage" = "0"
L 10/22/2022 - 18:40:05: "sv_accelerate_use_weapon_speed" = "1"
L 10/22/2022 - 18:40:05: "sv_voiceenable" = "0"
L 10/22/2022 - 18:40:05: "sv_teamid_overhead_always_prohibit" = "1"
L 10/22/2022 - 18:40:05: "sv_bounce" = "0"
L 10/22/2022 - 18:40:05: "mp_disable_respawn_times" = "0"
L 10/22/2022 - 18:40:05: "r_AirboatViewDampenFreq" = "7.0"
L 10/22/2022 - 18:40:05: "mp_weaponstay" = "0"
L 10/22/2022 - 18:40:05: "mp_hostagepenalty" = "10"
L 10/22/2022 - 18:40:05: "tv_advertise_watchable" = "0"
L 10/22/2022 - 18:40:05: "mp_friendlyfire" = "1"
L 10/22/2022 - 18:40:05: "cash_team_hostage_interaction" = "600"
L 10/22/2022 - 18:40:05: "sv_noclipspeed" = "5"
L 10/22/2022 - 18:40:05: "cash_team_win_by_time_running_out_bomb" = "3250"
L 10/22/2022 - 18:40:05: "sv_allchat" = "1"
L 10/22/2022 - 18:40:05: "mp_buy_during_immunity" = "0"
L 10/22/2022 - 18:40:05: "cash_player_killed_enemy_factor" = "1"
L 10/22/2022 - 18:40:05: "mp_c4timer" = "40"
L 10/22/2022 - 18:40:05: "r_JeepViewDampenDamp" = "1.0"
L 10/22/2022 - 18:40:05: "sv_competitive_minspec" = "1"
L 10/22/2022 - 18:40:05: "r_AirboatViewDampenDamp" = "1.0"
L 10/22/2022 - 18:40:05: "sm_nextmap" = ""
L 10/22/2022 - 18:40:05: "get5_version" = "0.10.5"
L 10/22/2022 - 18:40:05: "sv_max_allowed_net_graph" = "1"
L 10/22/2022 - 18:40:05: "mp_stalemate_at_timelimit" = "0"
L 10/22/2022 - 18:40:05: "mp_limitteams" = "0"
L 10/22/2022 - 18:40:05: "sv_footsteps" = "1"
L 10/22/2022 - 18:40:05: "sv_vote_issue_kick_allowed" = "1"
L 10/22/2022 - 18:40:05: "sm_log_connections_version" = "1.11"
L 10/22/2022 - 18:40:05: "cash_team_survive_guardian_wave" = "1000"
L 10/22/2022 - 18:40:05: "tv_relaypassword" = "CoyotesTakeWaterfalls"
L 10/22/2022 - 18:40:05: "mp_teamplay" = "0"
L 10/22/2022 - 18:40:05: "cash_team_terrorist_win_bomb" = "3500"
L 10/22/2022 - 18:40:05: "cash_team_elimination_hostage_map_t" = "3000"
L 10/22/2022 - 18:40:05: "r_JeepViewDampenFreq" = "7.0"
L 10/22/2022 - 18:40:05: "cash_team_win_by_time_running_out_hostage" = "3250"
L 10/22/2022 - 18:40:05: "sv_specnoclip" = "1"
L 10/22/2022 - 18:40:05: "sv_friction" = "5.2"
L 10/22/2022 - 18:40:05: "cash_player_bomb_planted" = "300"
L 10/22/2022 - 18:40:05: "mp_autoteambalance" = "0"
L 10/22/2022 - 18:40:05: "sv_contact" = "0"
L 10/22/2022 - 18:40:05: "sv_vote_kick_ban_duration" = "15"
L 10/22/2022 - 18:40:05: "cash_player_bomb_defused" = "300"
L 10/22/2022 - 18:40:05: "mp_roundtime" = "1.92"
L 10/22/2022 - 18:40:05: "sv_kick_ban_duration" = "0"
L 10/22/2022 - 18:40:05: "cash_team_planted_bomb_but_defused" = "800"
L 10/22/2022 - 18:40:05: "cash_player_killed_hostage" = "-1000"
L 10/22/2022 - 18:40:05: "sv_vote_issue_loadbackup_allowed" = "1"
L 10/22/2022 - 18:40:05: "nextmode" = ""
L 10/22/2022 - 18:40:05: "mp_fraglimit" = "0"
L 10/22/2022 - 18:40:05: "cash_team_bonus_shorthanded" = "1000"
L 10/22/2022 - 18:40:05: "mp_forcerespawn" = "1"
L 10/22/2022 - 18:40:05: "mp_winlimit" = "0"
L 10/22/2022 - 18:40:05: "sv_accelerate" = "5.5"
L 10/22/2022 - 18:40:05: "mp_buy_anywhere" = "0"
L 10/22/2022 - 18:40:05: "sv_gravity" = "800"
L 10/22/2022 - 18:40:05: "sv_password" = "teaching11"
L 10/22/2022 - 18:40:05: "cash_team_elimination_hostage_map_ct" = "3000"
L 10/22/2022 - 18:40:05: "cash_team_win_by_hostage_rescue" = "2900"
L 10/22/2022 - 18:40:05: "sv_vote_issue_loadbackup_spec_only" = "0"
L 10/22/2022 - 18:40:05: "cash_team_loser_bonus_consecutive_rounds" = "500"
L 10/22/2022 - 18:40:05: "cash_player_damage_hostage" = "-30"
L 10/22/2022 - 18:40:05: "r_JeepViewZHeight" = "10.0"
L 10/22/2022 - 18:40:05: "cash_team_hostage_alive" = "0"
L 10/22/2022 - 18:40:05: "tv_password" = "CoyotesTakeWaterfalls"
L 10/22/2022 - 18:40:05: "sv_specspeed" = "3"
L 10/22/2022 - 18:40:05: server cvars end
L 10/22/2022 - 18:40:07: Started map "de_overpass" (CRC "-1431783233")
L 10/22/2022 - 18:40:07: server_cvar: "cash_player_interact_with_hostage" "150"
L 10/22/2022 - 18:40:07: server_cvar: "cash_team_elimination_hostage_map_ct" "2000"
L 10/22/2022 - 18:40:07: server_cvar: "cash_team_elimination_hostage_map_t" "1000"
L 10/22/2022 - 18:40:07: server_cvar: "cash_team_hostage_interaction" "500"
L 10/22/2022 - 18:40:07: server_cvar: "cash_team_bonus_shorthanded" "0"
L 10/22/2022 - 18:40:07: server_cvar: "cash_team_rescued_hostage" "0"
L 10/22/2022 - 18:40:07: server_cvar: "cash_team_win_by_defusing_bomb" "3250"
L 10/22/2022 - 18:40:07: server_cvar: "cash_team_win_by_hostage_rescue" "3500"
L 10/22/2022 - 18:40:07: server_cvar: "mp_autoteambalance" "1"
L 10/22/2022 - 18:40:07: server_cvar: "mp_freezetime" "6"
L 10/22/2022 - 18:40:07: server_cvar: "mp_friendlyfire" "0"
L 10/22/2022 - 18:40:07: server_cvar: "mp_limitteams" "2"
L 10/22/2022 - 18:40:07: server_cvar: "mp_maxrounds" "0"
L 10/22/2022 - 18:40:07: server_cvar: "mp_roundtime" "5"
L 10/22/2022 - 18:40:07: server_cvar: "mp_roundtime_defuse" "0"
L 10/22/2022 - 18:40:07: server_cvar: "mp_roundtime_hostage" "0"
L 10/22/2022 - 18:40:07: server_cvar: "mp_timelimit" "5"
L 10/22/2022 - 18:40:07: "Console<0><Console><Console>" say ""Running server.cfg""
L 10/22/2022 - 18:40:07: server_cvar: "sv_deadtalk" "1"
L 10/22/2022 - 18:40:07: server_cvar: "sv_voiceenable" "1"
L 10/22/2022 - 18:40:07: server_cvar: "cash_player_interact_with_hostage" "300"
L 10/22/2022 - 18:40:07: server_cvar: "cash_team_elimination_hostage_map_t" "3000"
L 10/22/2022 - 18:40:07: server_cvar: "cash_team_elimination_hostage_map_ct" "3000"
L 10/22/2022 - 18:40:07: server_cvar: "cash_team_hostage_interaction" "600"
L 10/22/2022 - 18:40:07: server_cvar: "cash_team_bonus_shorthanded" "1000"
L 10/22/2022 - 18:40:07: server_cvar: "cash_team_rescued_hostage" "600"
L 10/22/2022 - 18:40:07: server_cvar: "cash_team_win_by_defusing_bomb" "3500"
L 10/22/2022 - 18:40:07: server_cvar: "cash_team_win_by_hostage_rescue" "2900"
L 10/22/2022 - 18:40:07: server_cvar: "mp_freezetime" "15"
L 10/22/2022 - 18:40:07: server_cvar: "mp_friendlyfire" "1"
L 10/22/2022 - 18:40:07: server_cvar: "mp_maxrounds" "30"
L 10/22/2022 - 18:40:07: server_cvar: "mp_roundtime" "1.92"
L 10/22/2022 - 18:40:07: server_cvar: "mp_roundtime_hostage" "1.92"
L 10/22/2022 - 18:40:07: server_cvar: "mp_roundtime_defuse" "1.92"
L 10/22/2022 - 18:40:07: server_cvar: "mp_timelimit" "0"
L 10/22/2022 - 18:40:07: "Console<0><Console><Console>" say ""Running gamemode_competitive_server.cfg""
L 10/22/2022 - 18:40:07: server_cvar: "sv_deadtalk" "0"
L 10/22/2022 - 18:40:07: server_cvar: "sv_voiceenable" "0"
L 10/22/2022 - 18:40:07: server_cvar: "mp_roundtime_hostage" "1.75"
L 10/22/2022 - 18:40:07: server_cvar: "mp_autoteambalance" "0"
L 10/22/2022 - 18:40:07: server_cvar: "mp_limitteams" "0"
L 10/22/2022 - 18:40:14: "zLLTV_CSGO_BRACKET_c4<2><BOT><>" entered the game
L 10/22/2022 - 18:40:14: "Console<0><Console><Console>" say ""executing sourcemod.cfg""
L 10/22/2022 - 18:40:14: World triggered "Round_Start"
L 10/22/2022 - 18:40:16: server_cvar: "sv_alltalk" "1"
L 10/22/2022 - 18:40:16: server_cvar: "sv_deadtalk" "1"
L 10/22/2022 - 18:40:16: server_cvar: "sv_voiceenable" "1"
L 10/22/2022 - 18:40:21: "BroHamBone<30><STEAM_1:0:2183222><>" entered the game
L 10/22/2022 - 18:40:22: "GIT GUD MID<40><STEAM_1:1:49252482><>" entered the game
L 10/22/2022 - 18:40:23: "PeachBoi<38><STEAM_1:0:70257920><>" entered the game
L 10/22/2022 - 18:40:25: "Sweets<39><STEAM_1:1:44108695><>" entered the game
L 10/22/2022 - 18:40:25: "Noopers<32><STEAM_1:1:128551455><>" entered the game
