L 12/20/2014 - 16:52:28: Log file started (file "logfiles/L127_000_001_001_27015_201412201652_001.log") (game "/home/lladmin/STEAMCMD/Servers/csgo/csgo") (version "5858")
L 12/20/2014 - 16:52:28: Loading map "workshop/125438255/de_dust2"
L 12/20/2014 - 16:52:28: server cvars start
L 12/20/2014 - 16:52:28: "cash_player_killed_teammate" = "-3300"
L 12/20/2014 - 16:52:28: "sv_maxspeed" = "320"
L 12/20/2014 - 16:52:28: "cash_player_respawn_amount" = "0"
L 12/20/2014 - 16:52:28: "cash_team_rescued_hostage" = "600"
L 12/20/2014 - 16:52:28: "cash_team_win_by_defusing_bomb" = "3500"
L 12/20/2014 - 16:52:28: "sv_rollangle" = "0"
L 12/20/2014 - 16:52:28: "r_AirboatViewZHeight" = "0.0"
L 12/20/2014 - 16:52:28: "sv_cheats" = "0"
L 12/20/2014 - 16:52:28: "r_VehicleViewDampen" = "1"
L 12/20/2014 - 16:52:28: "mp_allowNPCs" = "1"
L 12/20/2014 - 16:52:28: "mp_tournament" = "0"
L 12/20/2014 - 16:52:28: "sv_spec_hear" = "1"
L 12/20/2014 - 16:52:28: "cash_player_interact_with_hostage" = "300"
L 12/20/2014 - 16:52:28: "mp_flashlight" = "0"
L 12/20/2014 - 16:52:28: "mp_maxrounds" = "30"
L 12/20/2014 - 16:52:28: "sv_tags" = ""
L 12/20/2014 - 16:52:28: "sv_stepsize" = "18"
L 12/20/2014 - 16:52:28: "mp_teamlist" = "hgrunt;scientist"
L 12/20/2014 - 16:52:28: "sv_alltalk" = "0"
L 12/20/2014 - 16:52:28: "mp_footsteps" = "1"
L 12/20/2014 - 16:52:28: "sv_noclipaccelerate" = "5"
L 12/20/2014 - 16:52:28: "sv_accelerate_debug_speed" = "0"
L 12/20/2014 - 16:52:28: "sv_wateraccelerate" = "10"
L 12/20/2014 - 16:52:28: "mp_autocrosshair" = "1"
L 12/20/2014 - 16:52:28: "mp_stalemate_enable" = "0"
L 12/20/2014 - 16:52:28: "cash_team_elimination_bomb_map" = "3250"
L 12/20/2014 - 16:52:28: "cash_player_get_killed" = "0"
L 12/20/2014 - 16:52:28: "mp_roundtime_defuse" = "1.75"
L 12/20/2014 - 16:52:28: "sv_autobuyammo" = "1"
L 12/20/2014 - 16:52:28: "sv_rollspeed" = "200"
L 12/20/2014 - 16:52:28: "sv_airaccelerate" = "12"
L 12/20/2014 - 16:52:28: "mp_teams_unbalance_limit" = "1"
L 12/20/2014 - 16:52:28: "mp_timelimit" = "0"
L 12/20/2014 - 16:52:28: "cash_team_loser_bonus" = "1400"
L 12/20/2014 - 16:52:28: "sv_deadtalk" = "0"
L 12/20/2014 - 16:52:28: "cash_player_rescued_hostage" = "1000"
L 12/20/2014 - 16:52:28: "sv_waterfriction" = "1"
L 12/20/2014 - 16:52:28: "sv_competitive_official_5v5" = "1"
L 12/20/2014 - 16:52:28: "sv_steamgroup" = ""
L 12/20/2014 - 16:52:28: "cash_player_killed_enemy_default" = "300"
L 12/20/2014 - 16:52:28: "coop" = "0"
L 12/20/2014 - 16:52:28: "mp_respawnwavetime" = "10.0"
L 12/20/2014 - 16:52:28: "nextlevel" = ""
L 12/20/2014 - 16:52:28: "sv_stopspeed" = "80"
L 12/20/2014 - 16:52:28: "sv_specaccelerate" = "5"
L 12/20/2014 - 16:52:28: "deathmatch" = "1"
L 12/20/2014 - 16:52:28: "tv_enable" = "0"
L 12/20/2014 - 16:52:28: "mp_falldamage" = "0"
L 12/20/2014 - 16:52:28: "mp_teammates_are_enemies" = "0"
L 12/20/2014 - 16:52:28: "mp_roundtime_hostage" = "2"
L 12/20/2014 - 16:52:28: "mp_freezetime" = "15"
L 12/20/2014 - 16:52:28: "sv_accelerate_use_weapon_speed" = "1"
L 12/20/2014 - 16:52:28: "sv_voiceenable" = "1"
L 12/20/2014 - 16:52:28: "sv_bounce" = "0"
L 12/20/2014 - 16:52:28: "mp_disable_respawn_times" = "0"
L 12/20/2014 - 16:52:28: "r_AirboatViewDampenFreq" = "7.0"
L 12/20/2014 - 16:52:28: "mp_weaponstay" = "0"
L 12/20/2014 - 16:52:28: "mp_hostagepenalty" = "10"
L 12/20/2014 - 16:52:28: "tv_advertise_watchable" = "0"
L 12/20/2014 - 16:52:28: "mp_friendlyfire" = "1"
L 12/20/2014 - 16:52:28: "sv_noclipspeed" = "5"
L 12/20/2014 - 16:52:28: "cash_team_hostage_interaction" = "600"
L 12/20/2014 - 16:52:28: "sv_allchat" = "1"
L 12/20/2014 - 16:52:28: "cash_team_win_by_time_running_out_bomb" = "3250"
L 12/20/2014 - 16:52:28: "mp_buy_during_immunity" = "0"
L 12/20/2014 - 16:52:28: "cash_player_killed_enemy_factor" = "1"
L 12/20/2014 - 16:52:28: "r_JeepViewDampenDamp" = "1.0"
L 12/20/2014 - 16:52:28: "mp_c4timer" = "35"
L 12/20/2014 - 16:52:28: "r_AirboatViewDampenDamp" = "1.0"
L 12/20/2014 - 16:52:28: "sv_competitive_minspec" = "1"
L 12/20/2014 - 16:52:28: "sv_max_allowed_net_graph" = "1"
L 12/20/2014 - 16:52:28: "mp_stalemate_at_timelimit" = "0"
L 12/20/2014 - 16:52:28: "sv_footsteps" = "1"
L 12/20/2014 - 16:52:28: "mp_limitteams" = "0"
L 12/20/2014 - 16:52:28: "sv_vote_issue_kick_allowed" = "1"
L 12/20/2014 - 16:52:28: "tv_relaypassword" = ""
L 12/20/2014 - 16:52:28: "mp_teamplay" = "0"
L 12/20/2014 - 16:52:28: "cash_team_terrorist_win_bomb" = "3500"
L 12/20/2014 - 16:52:28: "cash_team_elimination_hostage_map_t" = "3000"
L 12/20/2014 - 16:52:28: "r_JeepViewDampenFreq" = "7.0"
L 12/20/2014 - 16:52:28: "sv_specnoclip" = "1"
L 12/20/2014 - 16:52:28: "sv_friction" = "5.2"
L 12/20/2014 - 16:52:28: "cash_team_win_by_time_running_out_hostage" = "3250"
L 12/20/2014 - 16:52:28: "cash_player_bomb_planted" = "300"
L 12/20/2014 - 16:52:28: "mp_autoteambalance" = "0"
L 12/20/2014 - 16:52:28: "sv_contact" = "0"
L 12/20/2014 - 16:52:28: "sv_vote_kick_ban_duration" = "15"
L 12/20/2014 - 16:52:28: "cash_player_bomb_defused" = "300"
L 12/20/2014 - 16:52:28: "mp_roundtime" = "1.75"
L 12/20/2014 - 16:52:28: "sv_kick_ban_duration" = "0"
L 12/20/2014 - 16:52:28: "cash_team_planted_bomb_but_defused" = "800"
L 12/20/2014 - 16:52:28: "cash_player_killed_hostage" = "-1000"
L 12/20/2014 - 16:52:28: "sv_vote_issue_loadbackup_allowed" = "1"
L 12/20/2014 - 16:52:28: "mp_fraglimit" = "0"
L 12/20/2014 - 16:52:28: "mp_forcerespawn" = "1"
L 12/20/2014 - 16:52:28: "decalfrequency" = "10"
L 12/20/2014 - 16:52:28: "mp_winlimit" = "0"
L 12/20/2014 - 16:52:28: "sv_accelerate" = "5.5"
L 12/20/2014 - 16:52:28: "mp_buy_anywhere" = "0"
L 12/20/2014 - 16:52:28: "sv_gravity" = "800"
L 12/20/2014 - 16:52:28: "sv_password" = ""
L 12/20/2014 - 16:52:28: "cash_team_elimination_hostage_map_ct" = "3000"
L 12/20/2014 - 16:52:28: "cash_team_win_by_hostage_rescue" = "2900"
L 12/20/2014 - 16:52:28: "r_JeepViewZHeight" = "10.0"
L 12/20/2014 - 16:52:28: "cash_team_loser_bonus_consecutive_rounds" = "500"
L 12/20/2014 - 16:52:28: "cash_player_damage_hostage" = "-30"
L 12/20/2014 - 16:52:28: "cash_team_hostage_alive" = "0"
L 12/20/2014 - 16:52:28: "tv_password" = ""
L 12/20/2014 - 16:52:28: "sv_specspeed" = "3"
L 12/20/2014 - 16:52:28: server cvars end
L 12/20/2014 - 16:52:29: Started map "workshop/125438255/de_dust2" (CRC "-1511947686")
L 12/20/2014 - 16:52:29: server_cvar: "cash_player_interact_with_hostage" "150"
L 12/20/2014 - 16:52:29: server_cvar: "cash_player_killed_teammate" "-300"
L 12/20/2014 - 16:52:29: server_cvar: "cash_team_elimination_hostage_map_t" "1000"
L 12/20/2014 - 16:52:29: server_cvar: "cash_team_elimination_hostage_map_ct" "2000"
L 12/20/2014 - 16:52:29: server_cvar: "cash_team_hostage_interaction" "500"
L 12/20/2014 - 16:52:29: server_cvar: "cash_team_rescued_hostage" "0"
L 12/20/2014 - 16:52:29: server_cvar: "cash_team_win_by_defusing_bomb" "3250"
L 12/20/2014 - 16:52:29: server_cvar: "cash_team_win_by_hostage_rescue" "3500"
L 12/20/2014 - 16:52:29: server_cvar: "mp_freezetime" "6"
L 12/20/2014 - 16:52:29: server_cvar: "mp_maxrounds" "0"
L 12/20/2014 - 16:52:29: server_cvar: "mp_roundtime" "5"
L 12/20/2014 - 16:52:29: server_cvar: "mp_roundtime_defuse" "0"
L 12/20/2014 - 16:52:29: server_cvar: "mp_roundtime_hostage" "0"
L 12/20/2014 - 16:52:29: server_cvar: "mp_timelimit" "5"
L 12/20/2014 - 16:52:29: server_cvar: "mp_friendlyfire" "0"
L 12/20/2014 - 16:52:29: server_cvar: "mp_limitteams" "2"
L 12/20/2014 - 16:52:29: server_cvar: "cash_player_interact_with_hostage" "300"
L 12/20/2014 - 16:52:29: server_cvar: "cash_team_elimination_hostage_map_t" "3000"
L 12/20/2014 - 16:52:29: server_cvar: "cash_team_elimination_hostage_map_ct" "3000"
L 12/20/2014 - 16:52:29: server_cvar: "cash_team_hostage_interaction" "600"
L 12/20/2014 - 16:52:29: server_cvar: "cash_team_rescued_hostage" "600"
L 12/20/2014 - 16:52:29: server_cvar: "cash_team_win_by_defusing_bomb" "3500"
L 12/20/2014 - 16:52:29: server_cvar: "cash_team_win_by_hostage_rescue" "2900"
L 12/20/2014 - 16:52:29: server_cvar: "mp_roundtime_hostage" "2"
L 12/20/2014 - 16:52:29: server_cvar: "mp_timelimit" "0"
L 12/20/2014 - 16:52:29: server_cvar: "cash_player_killed_teammate" "-3300"
L 12/20/2014 - 16:52:29: server_cvar: "mp_freezetime" "15"
L 12/20/2014 - 16:52:29: server_cvar: "mp_friendlyfire" "1"
L 12/20/2014 - 16:52:29: server_cvar: "mp_limitteams" "0"
L 12/20/2014 - 16:52:29: server_cvar: "mp_maxrounds" "30"
L 12/20/2014 - 16:52:29: server_cvar: "mp_roundtime" "1.75"
L 12/20/2014 - 16:52:29: server_cvar: "mp_roundtime_defuse" "1.75"
L 12/20/2014 - 16:52:29: "Console<0><Console><Console>" say ""LL Config v0.2""
L 12/20/2014 - 16:52:29: "Console<0><Console><Console>" say ""Good luck, have fun, and remember to record your personal demos""
L 12/20/2014 - 16:52:39: "[LL] Loddy<2><STEAM_1:0:4665189><>" connected, address ""
L 12/20/2014 - 16:52:39: World triggered "Round_Start"
L 12/20/2014 - 16:52:39: "[LL] Loddy<2><STEAM_1:0:4665189><>" STEAM USERID validated
L 12/20/2014 - 16:52:41: server_cvar: "mp_maxrounds" "8"
L 12/20/2014 - 16:52:44: "[LL] Loddy<2><STEAM_1:0:4665189><>" entered the game
L 12/20/2014 - 16:52:45: "[LL] Dudsmack<3><STEAM_1:1:3648970><>" connected, address ""
L 12/20/2014 - 16:52:45: "[LL] Dudsmack<3><STEAM_1:1:3648970><>" STEAM USERID validated
L 12/20/2014 - 16:52:47: "[LL] Loddy<2><STEAM_1:0:4665189><Unassigned>" triggered "clantag" (value "")
L 12/20/2014 - 16:52:47: "[LL] Dudsmack<3><STEAM_1:1:3648970><>" entered the game
L 12/20/2014 - 16:52:50: "[LL] Dudsmack<3><STEAM_1:1:3648970><Unassigned>" triggered "clantag" (value "")
L 12/20/2014 - 16:52:53: "[LL] Dudsmack<3><STEAM_1:1:3648970>" switched from team <Unassigned> to <TERRORIST>
L 12/20/2014 - 16:52:53: "[LL] Dudsmack<3><STEAM_1:1:3648970><TERRORIST>" triggered "clantag" (value "")
L 12/20/2014 - 16:52:53: World triggered "Game_Commencing"
L 12/20/2014 - 16:52:55: "[LL] Loddy<2><STEAM_1:0:4665189>" switched from team <Unassigned> to <CT>
L 12/20/2014 - 16:52:55: "[LL] Loddy<2><STEAM_1:0:4665189><CT>" triggered "clantag" (value "")
L 12/20/2014 - 16:52:56: World triggered "Round_Start"
L 12/20/2014 - 16:53:17: "[LL] Dudsmack<3><STEAM_1:1:3648970><TERRORIST>" [-1745 1928 39] attacked "[LL] Loddy<2><STEAM_1:0:4665189><CT>" [-1683 1937 6] with "knife" (damage "39") (damage_armor "0") (health "61") (armor "0") (hitgroup "generic")
L 12/20/2014 - 16:53:17: "[LL] Loddy<2><STEAM_1:0:4665189><CT>" [-1700 1913 5] attacked "[LL] Dudsmack<3><STEAM_1:1:3648970><TERRORIST>" [-1740 1932 47] with "knife" (damage "39") (damage_armor "0") (health "61") (armor "0") (hitgroup "generic")
L 12/20/2014 - 16:53:20: "[LL] Dudsmack<3><STEAM_1:1:3648970><TERRORIST>" [-1694 2052 43] attacked "[LL] Loddy<2><STEAM_1:0:4665189><CT>" [-1647 2045 13] with "knife" (damage "39") (damage_armor "0") (health "22") (armor "0") (hitgroup "generic")
L 12/20/2014 - 16:53:22: "[LL] Dudsmack<3><STEAM_1:1:3648970><TERRORIST>" [-1680 2149 26] attacked "[LL] Loddy<2><STEAM_1:0:4665189><CT>" [-1689 2096 10] with "knife" (damage "39") (damage_armor "0") (health "0") (armor "0") (hitgroup "generic")
L 12/20/2014 - 16:53:22: "[LL] Dudsmack<3><STEAM_1:1:3648970><TERRORIST>" [-1680 2149 26] killed "[LL] Loddy<2><STEAM_1:0:4665189><CT>" [-1689 2096 74] with "knife_t"
L 12/20/2014 - 16:53:27: "[LL] Dudsmack<3><STEAM_1:1:3648970><TERRORIST>" triggered "Got_The_Bomb"
L 12/20/2014 - 16:53:30: "[LL] Loddy<2><STEAM_1:0:4665189><CT>" purchased "defuser"
L 12/20/2014 - 16:53:42: World triggered "Round_Start"
L 12/20/2014 - 16:54:19: "[LL] Loddy<2><STEAM_1:0:4665189><CT>" [992 2493 155] attacked "[LL] Dudsmack<3><STEAM_1:1:3648970><TERRORIST>" [1055 2487 170] with "knife" (damage "65") (damage_armor "0") (health "35") (armor "0") (hitgroup "generic")
L 12/20/2014 - 16:54:20: "[LL] Loddy<2><STEAM_1:0:4665189><CT>" [999 2504 170] attacked "[LL] Dudsmack<3><STEAM_1:1:3648970><TERRORIST>" [1055 2487 170] with "knife" (damage "65") (damage_armor "0") (health "0") (armor "0") (hitgroup "generic")
L 12/20/2014 - 16:54:20: "[LL] Dudsmack<3><STEAM_1:1:3648970><TERRORIST>" triggered "Dropped_The_Bomb"
L 12/20/2014 - 16:54:20: "[LL] Loddy<2><STEAM_1:0:4665189><CT>" [999 2504 170] killed "[LL] Dudsmack<3><STEAM_1:1:3648970><TERRORIST>" [1055 2487 234] with "knife_default_ct"
L 12/20/2014 - 16:54:20: Team "CT" triggered "SFUI_Notice_CTs_Win" (CT "1") (T "0")
L 12/20/2014 - 16:54:20: Team "CT" scored "1" with "1" players
L 12/20/2014 - 16:54:20: Team "TERRORIST" scored "0" with "1" players
L 12/20/2014 - 16:54:20: World triggered "Round_End"
L 12/20/2014 - 16:54:30: "[LL] Dudsmack<3><STEAM_1:1:3648970><TERRORIST>" triggered "Got_The_Bomb"
L 12/20/2014 - 16:54:45: World triggered "Round_Start"
L 12/20/2014 - 16:55:13: "[LL] Loddy<2><STEAM_1:0:4665189><CT>" [1110 2427 117] attacked "[LL] Dudsmack<3><STEAM_1:1:3648970><TERRORIST>" [1049 2465 170] with "knife" (damage "65") (damage_armor "0") (health "35") (armor "0") (hitgroup "generic")
L 12/20/2014 - 16:55:14: "[LL] Loddy<2><STEAM_1:0:4665189><CT>" [1088 2482 133] attacked "[LL] Dudsmack<3><STEAM_1:1:3648970><TERRORIST>" [1049 2465 170] with "knife" (damage "180") (damage_armor "0") (health "0") (armor "0") (hitgroup "generic")
L 12/20/2014 - 16:55:14: "[LL] Dudsmack<3><STEAM_1:1:3648970><TERRORIST>" triggered "Dropped_The_Bomb"
L 12/20/2014 - 16:55:14: "[LL] Loddy<2><STEAM_1:0:4665189><CT>" [1088 2482 133] killed "[LL] Dudsmack<3><STEAM_1:1:3648970><TERRORIST>" [1049 2465 234] with "knife_default_ct"
L 12/20/2014 - 16:55:14: Team "CT" triggered "SFUI_Notice_CTs_Win" (CT "2") (T "0")
L 12/20/2014 - 16:55:14: Team "CT" scored "2" with "1" players
L 12/20/2014 - 16:55:14: Team "TERRORIST" scored "0" with "1" players
L 12/20/2014 - 16:55:14: World triggered "Round_End"
L 12/20/2014 - 16:55:24: "[LL] Dudsmack<3><STEAM_1:1:3648970><TERRORIST>" triggered "Got_The_Bomb"
L 12/20/2014 - 16:55:30: "[LL] Loddy<2><STEAM_1:0:4665189><CT>" purchased "flashbang"
L 12/20/2014 - 16:55:39: World triggered "Round_Start"
L 12/20/2014 - 16:55:59: "[LL] Loddy<2><STEAM_1:0:4665189><CT>" threw flashbang [381 2751 199]
L 12/20/2014 - 16:56:03: "[LL] Loddy<2><STEAM_1:0:4665189><CT>" [1345 2626 93] attacked "[LL] Dudsmack<3><STEAM_1:1:3648970><TERRORIST>" [1327 2574 81] with "knife" (damage "180") (damage_armor "0") (health "0") (armor "0") (hitgroup "generic")
L 12/20/2014 - 16:56:03: "[LL] Dudsmack<3><STEAM_1:1:3648970><TERRORIST>" triggered "Dropped_The_Bomb"
L 12/20/2014 - 16:56:03: "[LL] Loddy<2><STEAM_1:0:4665189><CT>" [1345 2626 93] killed "[LL] Dudsmack<3><STEAM_1:1:3648970><TERRORIST>" [1327 2574 145] with "knife_default_ct"
L 12/20/2014 - 16:56:03: Team "CT" triggered "SFUI_Notice_CTs_Win" (CT "3") (T "0")
L 12/20/2014 - 16:56:03: Team "CT" scored "3" with "1" players
L 12/20/2014 - 16:56:03: Team "TERRORIST" scored "0" with "1" players
L 12/20/2014 - 16:56:03: World triggered "Round_End"
L 12/20/2014 - 16:56:13: "[LL] Dudsmack<3><STEAM_1:1:3648970><TERRORIST>" triggered "Got_The_Bomb"
L 12/20/2014 - 16:56:15: "[LL] Dudsmack<3><STEAM_1:1:3648970><TERRORIST>" purchased "m4a1"
L 12/20/2014 - 16:56:15: "[LL] Dudsmack<3><STEAM_1:1:3648970><TERRORIST>" purchased "vesthelm"
L 12/20/2014 - 16:56:19: "[LL] Dudsmack<3><STEAM_1:1:3648970><TERRORIST>" purchased "molotov"
L 12/20/2014 - 16:56:23: "[LL] Loddy<2><STEAM_1:0:4665189><CT>" purchased "flashbang"
L 12/20/2014 - 16:56:28: World triggered "Round_Start"
L 12/20/2014 - 16:56:30: Molotov projectile spawned at -1140.824585 -807.744080 179.955154, velocity 7.400764 10.796057 -674.873047
L 12/20/2014 - 16:56:30: "[LL] Dudsmack<3><STEAM_1:1:3648970><TERRORIST>" threw molotov [-1140 -807 134]
L 12/20/2014 - 16:56:30: "[LL] Dudsmack<3><STEAM_1:1:3648970><TERRORIST>" [-1141 -808 132] attacked "[LL] Dudsmack<3><STEAM_1:1:3648970><TERRORIST>" [-1141 -808 132] with "inferno" (damage "1") (damage_armor "0") (health "99") (armor "97") (hitgroup "generic")
L 12/20/2014 - 16:56:30: "[LL] Dudsmack<3><STEAM_1:1:3648970><TERRORIST>" [-1141 -808 132] attacked "[LL] Dudsmack<3><STEAM_1:1:3648970><TERRORIST>" [-1141 -808 132] with "inferno" (damage "2") (damage_armor "0") (health "97") (armor "96") (hitgroup "generic")
L 12/20/2014 - 16:56:30: "[LL] Dudsmack<3><STEAM_1:1:3648970><TERRORIST>" [-1141 -808 132] attacked "[LL] Dudsmack<3><STEAM_1:1:3648970><TERRORIST>" [-1141 -808 132] with "inferno" (damage "2") (damage_armor "0") (health "95") (armor "95") (hitgroup "generic")
L 12/20/2014 - 16:56:31: "[LL] Dudsmack<3><STEAM_1:1:3648970><TERRORIST>" [-1141 -808 132] attacked "[LL] Dudsmack<3><STEAM_1:1:3648970><TERRORIST>" [-1141 -808 132] with "inferno" (damage "3") (damage_armor "0") (health "92") (armor "94") (hitgroup "generic")
L 12/20/2014 - 16:56:31: "[LL] Dudsmack<3><STEAM_1:1:3648970><TERRORIST>" [-1141 -808 132] attacked "[LL] Dudsmack<3><STEAM_1:1:3648970><TERRORIST>" [-1141 -808 132] with "inferno" (damage "4") (damage_armor "0") (health "88") (armor "93") (hitgroup "generic")
L 12/20/2014 - 16:56:31: "[LL] Dudsmack<3><STEAM_1:1:3648970><TERRORIST>" [-1141 -808 132] attacked "[LL] Dudsmack<3><STEAM_1:1:3648970><TERRORIST>" [-1141 -808 132] with "inferno" (damage "5") (damage_armor "0") (health "83") (armor "92") (hitgroup "generic")
L 12/20/2014 - 16:56:31: "[LL] Dudsmack<3><STEAM_1:1:3648970><TERRORIST>" [-1141 -808 132] attacked "[LL] Dudsmack<3><STEAM_1:1:3648970><TERRORIST>" [-1141 -808 132] with "inferno" (damage "5") (damage_armor "0") (health "78") (armor "91") (hitgroup "generic")
L 12/20/2014 - 16:56:31: "[LL] Dudsmack<3><STEAM_1:1:3648970><TERRORIST>" [-1141 -808 132] attacked "[LL] Dudsmack<3><STEAM_1:1:3648970><TERRORIST>" [-1141 -808 132] with "inferno" (damage "6") (damage_armor "0") (health "72") (armor "90") (hitgroup "generic")
L 12/20/2014 - 16:56:32: "[LL] Dudsmack<3><STEAM_1:1:3648970><TERRORIST>" [-1141 -808 132] attacked "[LL] Dudsmack<3><STEAM_1:1:3648970><TERRORIST>" [-1141 -808 132] with "inferno" (damage "7") (damage_armor "0") (health "65") (armor "89") (hitgroup "generic")
L 12/20/2014 - 16:56:32: "[LL] Dudsmack<3><STEAM_1:1:3648970><TERRORIST>" [-1141 -808 132] attacked "[LL] Dudsmack<3><STEAM_1:1:3648970><TERRORIST>" [-1141 -808 132] with "inferno" (damage "7") (damage_armor "0") (health "58") (armor "88") (hitgroup "generic")
L 12/20/2014 - 16:56:32: "[LL] Dudsmack<3><STEAM_1:1:3648970><TERRORIST>" [-1141 -808 132] attacked "[LL] Dudsmack<3><STEAM_1:1:3648970><TERRORIST>" [-1141 -808 132] with "inferno" (damage "7") (damage_armor "0") (health "51") (armor "87") (hitgroup "generic")
L 12/20/2014 - 16:56:32: "[LL] Dudsmack<3><STEAM_1:1:3648970><TERRORIST>" [-1141 -808 132] attacked "[LL] Dudsmack<3><STEAM_1:1:3648970><TERRORIST>" [-1141 -808 132] with "inferno" (damage "7") (damage_armor "0") (health "44") (armor "86") (hitgroup "generic")
L 12/20/2014 - 16:56:32: "[LL] Dudsmack<3><STEAM_1:1:3648970><TERRORIST>" [-1141 -808 132] attacked "[LL] Dudsmack<3><STEAM_1:1:3648970><TERRORIST>" [-1141 -808 132] with "inferno" (damage "7") (damage_armor "0") (health "37") (armor "85") (hitgroup "generic")
L 12/20/2014 - 16:56:33: "[LL] Dudsmack<3><STEAM_1:1:3648970><TERRORIST>" [-1141 -808 132] attacked "[LL] Dudsmack<3><STEAM_1:1:3648970><TERRORIST>" [-1141 -808 132] with "inferno" (damage "7") (damage_armor "0") (health "30") (armor "84") (hitgroup "generic")
L 12/20/2014 - 16:56:33: "[LL] Dudsmack<3><STEAM_1:1:3648970><TERRORIST>" [-1141 -808 132] attacked "[LL] Dudsmack<3><STEAM_1:1:3648970><TERRORIST>" [-1141 -808 132] with "inferno" (damage "7") (damage_armor "0") (health "23") (armor "83") (hitgroup "generic")
L 12/20/2014 - 16:56:33: "[LL] Dudsmack<3><STEAM_1:1:3648970><TERRORIST>" [-1141 -808 132] attacked "[LL] Dudsmack<3><STEAM_1:1:3648970><TERRORIST>" [-1141 -808 132] with "inferno" (damage "7") (damage_armor "0") (health "16") (armor "82") (hitgroup "generic")
L 12/20/2014 - 16:56:33: "[LL] Dudsmack<3><STEAM_1:1:3648970><TERRORIST>" [-1141 -808 132] attacked "[LL] Dudsmack<3><STEAM_1:1:3648970><TERRORIST>" [-1141 -808 132] with "inferno" (damage "7") (damage_armor "0") (health "9") (armor "81") (hitgroup "generic")
L 12/20/2014 - 16:56:33: "[LL] Dudsmack<3><STEAM_1:1:3648970><TERRORIST>" [-1141 -808 132] attacked "[LL] Dudsmack<3><STEAM_1:1:3648970><TERRORIST>" [-1141 -808 132] with "inferno" (damage "7") (damage_armor "0") (health "2") (armor "80") (hitgroup "generic")
L 12/20/2014 - 16:56:34: "[LL] Dudsmack<3><STEAM_1:1:3648970><TERRORIST>" [-1141 -808 132] attacked "[LL] Dudsmack<3><STEAM_1:1:3648970><TERRORIST>" [-1141 -808 132] with "inferno" (damage "7") (damage_armor "0") (health "0") (armor "79") (hitgroup "generic")
L 12/20/2014 - 16:56:34: "[LL] Dudsmack<3><STEAM_1:1:3648970><TERRORIST>" triggered "Dropped_The_Bomb"
L 12/20/2014 - 16:56:34: "[LL] Dudsmack<3><STEAM_1:1:3648970><TERRORIST>" [-1141 -808 196] committed suicide with "inferno"
L 12/20/2014 - 16:56:34: Team "CT" triggered "SFUI_Notice_CTs_Win" (CT "4") (T "0")
L 12/20/2014 - 16:56:34: Team "CT" scored "4" with "1" players
L 12/20/2014 - 16:56:34: Team "TERRORIST" scored "0" with "1" players
L 12/20/2014 - 16:56:34: World triggered "Round_End"
L 12/20/2014 - 16:57:04: "[LL] Loddy<2><STEAM_1:0:4665189>" switched from team <CT> to <TERRORIST>
L 12/20/2014 - 16:57:04: "[LL] Dudsmack<3><STEAM_1:1:3648970>" switched from team <TERRORIST> to <CT>
L 12/20/2014 - 16:57:04: "[LL] Loddy<2><STEAM_1:0:4665189><TERRORIST>" triggered "Got_The_Bomb"
L 12/20/2014 - 16:57:04: "[LL] Dudsmack<3><STEAM_1:1:3648970><CT>" triggered "clantag" (value "")
L 12/20/2014 - 16:57:04: "[LL] Loddy<2><STEAM_1:0:4665189><TERRORIST>" triggered "clantag" (value "")
L 12/20/2014 - 16:57:06: "[LL] Dudsmack<3><STEAM_1:1:3648970><CT>" purchased "defuser"
L 12/20/2014 - 16:57:10: "[LL] Loddy<2><STEAM_1:0:4665189><TERRORIST>" purchased "smokegrenade"
L 12/20/2014 - 16:57:19: World triggered "Round_Start"
L 12/20/2014 - 16:57:39: "[LL] Loddy<2><STEAM_1:0:4665189><TERRORIST>" threw smokegrenade [1293 2253 7]
L 12/20/2014 - 16:57:46: "[LL] Dudsmack<3><STEAM_1:1:3648970><CT>" [1404 2781 128] attacked "[LL] Loddy<2><STEAM_1:0:4665189><TERRORIST>" [1394 2749 123] with "knife" (damage "65") (damage_armor "0") (health "35") (armor "0") (hitgroup "generic")
L 12/20/2014 - 16:57:51: "[LL] Dudsmack<3><STEAM_1:1:3648970><CT>" [1403 2706 113] attacked "[LL] Loddy<2><STEAM_1:0:4665189><TERRORIST>" [1435 2538 68] with "hkp2000" (damage "33") (damage_armor "0") (health "2") (armor "0") (hitgroup "right arm")
L 12/20/2014 - 16:57:52: "[LL] Dudsmack<3><STEAM_1:1:3648970><CT>" [1403 2706 113] attacked "[LL] Loddy<2><STEAM_1:0:4665189><TERRORIST>" [1331 2661 102] with "hkp2000" (damage "34") (damage_armor "0") (health "0") (armor "0") (hitgroup "right arm")
L 12/20/2014 - 16:57:52: "[LL] Loddy<2><STEAM_1:0:4665189><TERRORIST>" triggered "Dropped_The_Bomb"
L 12/20/2014 - 16:57:52: "[LL] Dudsmack<3><STEAM_1:1:3648970><CT>" [1403 2706 113] killed "[LL] Loddy<2><STEAM_1:0:4665189><TERRORIST>" [1331 2661 166] with "hkp2000"
L 12/20/2014 - 16:57:52: Team "CT" triggered "SFUI_Notice_CTs_Win" (CT "1") (T "4")
L 12/20/2014 - 16:57:52: Team "CT" scored "1" with "1" players
L 12/20/2014 - 16:57:52: Team "TERRORIST" scored "4" with "1" players
L 12/20/2014 - 16:57:52: World triggered "Round_End"
L 12/20/2014 - 16:58:02: "[LL] Loddy<2><STEAM_1:0:4665189><TERRORIST>" triggered "Got_The_Bomb"
L 12/20/2014 - 16:58:05: "[LL] Dudsmack<3><STEAM_1:1:3648970><CT>" purchased "deagle"
L 12/20/2014 - 16:58:08: "[LL] Dudsmack<3><STEAM_1:1:3648970><CT>" purchased "assaultsuit"
L 12/20/2014 - 16:58:08: "[LL] Loddy<2><STEAM_1:0:4665189><TERRORIST>" purchased "smokegrenade"
L 12/20/2014 - 16:58:17: World triggered "Round_Start"
L 12/20/2014 - 16:58:33: "[LL] Loddy<2><STEAM_1:0:4665189><TERRORIST>" threw smokegrenade [1164 2127 4]
L 12/20/2014 - 16:58:42: "[LL] Dudsmack<3><STEAM_1:1:3648970><CT>" [1533 2352 27] attacked "[LL] Loddy<2><STEAM_1:0:4665189><TERRORIST>" [1436 2529 66] with "deagle" (damage "57") (damage_armor "0") (health "43") (armor "0") (hitgroup "chest")
L 12/20/2014 - 16:58:43: "[LL] Dudsmack<3><STEAM_1:1:3648970><CT>" [1533 2352 27] attacked "[LL] Loddy<2><STEAM_1:0:4665189><TERRORIST>" [1500 2170 8] with "deagle" (damage "58") (damage_armor "0") (health "0") (armor "0") (hitgroup "left arm")
L 12/20/2014 - 16:58:43: "[LL] Loddy<2><STEAM_1:0:4665189><TERRORIST>" triggered "Dropped_The_Bomb"
L 12/20/2014 - 16:58:43: "[LL] Dudsmack<3><STEAM_1:1:3648970><CT>" [1533 2352 27] killed "[LL] Loddy<2><STEAM_1:0:4665189><TERRORIST>" [1500 2170 72] with "deagle"
L 12/20/2014 - 16:58:43: Team "CT" triggered "SFUI_Notice_CTs_Win" (CT "2") (T "4")
L 12/20/2014 - 16:58:43: Team "CT" scored "2" with "1" players
L 12/20/2014 - 16: