L 10/29/2016 - 17:18:11: Log file started (file "logs/L172_017_000_005_27015_201610291718_000.log") (game "/gamesvr/csgo/csgo") (version "6561")
L 10/29/2016 - 17:18:11: Loading map "de_mirage"
L 10/29/2016 - 17:18:11: server cvars start
L 10/29/2016 - 17:18:11: "cash_player_killed_teammate" = "-300"
L 10/29/2016 - 17:18:11: "sv_maxspeed" = "320"
L 10/29/2016 - 17:18:11: "cash_player_respawn_amount" = "0"
L 10/29/2016 - 17:18:11: "cash_team_rescued_hostage" = "0"
L 10/29/2016 - 17:18:11: "cash_team_win_by_defusing_bomb" = "3250"
L 10/29/2016 - 17:18:11: "sv_rollangle" = "0"
L 10/29/2016 - 17:18:11: "r_AirboatViewZHeight" = "0.0"
L 10/29/2016 - 17:18:11: "sv_cheats" = "0"
L 10/29/2016 - 17:18:11: "r_VehicleViewDampen" = "1"
L 10/29/2016 - 17:18:11: "metamod_version" = "1.11.0-dev+998V"
L 10/29/2016 - 17:18:11: "mp_allowNPCs" = "1"
L 10/29/2016 - 17:18:11: "mp_tournament" = "0"
L 10/29/2016 - 17:18:11: "sv_spec_hear" = "1"
L 10/29/2016 - 17:18:11: "cash_player_interact_with_hostage" = "150"
L 10/29/2016 - 17:18:11: "mp_flashlight" = "0"
L 10/29/2016 - 17:18:11: "mp_maxrounds" = "0"
L 10/29/2016 - 17:18:11: "sv_tags" = ""
L 10/29/2016 - 17:18:11: "sv_stepsize" = "18"
L 10/29/2016 - 17:18:11: "mp_teamlist" = "hgrunt;scientist"
L 10/29/2016 - 17:18:11: "sv_alltalk" = "0"
L 10/29/2016 - 17:18:11: "mp_footsteps" = "1"
L 10/29/2016 - 17:18:11: "sv_noclipaccelerate" = "5"
L 10/29/2016 - 17:18:11: "sv_accelerate_debug_speed" = "0"
L 10/29/2016 - 17:18:11: "sv_wateraccelerate" = "10"
L 10/29/2016 - 17:18:11: "mp_autocrosshair" = "1"
L 10/29/2016 - 17:18:11: "mp_stalemate_enable" = "0"
L 10/29/2016 - 17:18:11: "sourcemod_version" = "1.9.0.5996"
L 10/29/2016 - 17:18:11: "cash_team_elimination_bomb_map" = "3250"
L 10/29/2016 - 17:18:11: "cash_player_get_killed" = "0"
L 10/29/2016 - 17:18:11: "mp_roundtime_defuse" = "0"
L 10/29/2016 - 17:18:11: "sv_autobuyammo" = "0"
L 10/29/2016 - 17:18:11: "sv_rollspeed" = "200"
L 10/29/2016 - 17:18:11: "sv_airaccelerate" = "12"
L 10/29/2016 - 17:18:11: "mp_teams_unbalance_limit" = "1"
L 10/29/2016 - 17:18:11: "mp_timelimit" = "5"
L 10/29/2016 - 17:18:11: "cash_team_loser_bonus" = "1400"
L 10/29/2016 - 17:18:11: "sv_deadtalk" = "0"
L 10/29/2016 - 17:18:11: "cash_player_rescued_hostage" = "1000"
L 10/29/2016 - 17:18:11: "sv_waterfriction" = "1"
L 10/29/2016 - 17:18:11: "sv_competitive_official_5v5" = "0"
L 10/29/2016 - 17:18:11: "sv_steamgroup" = ""
L 10/29/2016 - 17:18:11: "cash_player_killed_enemy_default" = "300"
L 10/29/2016 - 17:18:11: "coop" = "0"
L 10/29/2016 - 17:18:11: "mp_respawnwavetime" = "10.0"
L 10/29/2016 - 17:18:11: "tv_enable1" = "0"
L 10/29/2016 - 17:18:11: "nextlevel" = ""
L 10/29/2016 - 17:18:11: "sv_stopspeed" = "80"
L 10/29/2016 - 17:18:11: "sv_specaccelerate" = "5"
L 10/29/2016 - 17:18:11: "deathmatch" = "1"
L 10/29/2016 - 17:18:11: "tv_enable" = "0"
L 10/29/2016 - 17:18:11: "mp_falldamage" = "0"
L 10/29/2016 - 17:18:11: "mp_teammates_are_enemies" = "0"
L 10/29/2016 - 17:18:11: "mp_roundtime_hostage" = "0"
L 10/29/2016 - 17:18:11: "mp_freezetime" = "6"
L 10/29/2016 - 17:18:11: "sv_accelerate_use_weapon_speed" = "1"
L 10/29/2016 - 17:18:11: "sv_voiceenable" = "1"
L 10/29/2016 - 17:18:11: "sv_bounce" = "0"
L 10/29/2016 - 17:18:11: "mp_disable_respawn_times" = "0"
L 10/29/2016 - 17:18:11: "r_AirboatViewDampenFreq" = "7.0"
L 10/29/2016 - 17:18:11: "mp_weaponstay" = "0"
L 10/29/2016 - 17:18:11: "mp_hostagepenalty" = "10"
L 10/29/2016 - 17:18:11: "tv_advertise_watchable" = "0"
L 10/29/2016 - 17:18:11: "mp_friendlyfire" = "0"
L 10/29/2016 - 17:18:11: "sv_noclipspeed" = "5"
L 10/29/2016 - 17:18:11: "cash_team_hostage_interaction" = "500"
L 10/29/2016 - 17:18:11: "sv_allchat" = "1"
L 10/29/2016 - 17:18:11: "cash_team_win_by_time_running_out_bomb" = "3250"
L 10/29/2016 - 17:18:11: "mp_buy_during_immunity" = "0"
L 10/29/2016 - 17:18:11: "cash_player_killed_enemy_factor" = "1"
L 10/29/2016 - 17:18:11: "r_JeepViewDampenDamp" = "1.0"
L 10/29/2016 - 17:18:11: "mp_c4timer" = "40"
L 10/29/2016 - 17:18:11: "r_AirboatViewDampenDamp" = "1.0"
L 10/29/2016 - 17:18:11: "sv_competitive_minspec" = "1"
L 10/29/2016 - 17:18:11: "sm_nextmap" = ""
L 10/29/2016 - 17:18:11: "sv_max_allowed_net_graph" = "1"
L 10/29/2016 - 17:18:11: "mp_stalemate_at_timelimit" = "0"
L 10/29/2016 - 17:18:11: "sv_footsteps" = "1"
L 10/29/2016 - 17:18:11: "mp_limitteams" = "2"
L 10/29/2016 - 17:18:11: "sv_vote_issue_kick_allowed" = "1"
L 10/29/2016 - 17:18:11: "cash_team_survive_guardian_wave" = "1000"
L 10/29/2016 - 17:18:11: "tv_relaypassword" = "***PROTECTED***"
L 10/29/2016 - 17:18:11: "mp_teamplay" = "0"
L 10/29/2016 - 17:18:11: "cash_team_terrorist_win_bomb" = "3500"
L 10/29/2016 - 17:18:11: "cash_team_elimination_hostage_map_t" = "1000"
L 10/29/2016 - 17:18:11: "r_JeepViewDampenFreq" = "7.0"
L 10/29/2016 - 17:18:11: "sv_specnoclip" = "1"
L 10/29/2016 - 17:18:11: "sv_friction" = "5.2"
L 10/29/2016 - 17:18:11: "cash_team_win_by_time_running_out_hostage" = "3250"
L 10/29/2016 - 17:18:11: "cash_player_bomb_planted" = "300"
L 10/29/2016 - 17:18:11: "mp_autoteambalance" = "1"
L 10/29/2016 - 17:18:11: "sv_contact" = ""
L 10/29/2016 - 17:18:11: "sv_vote_kick_ban_duration" = "15"
L 10/29/2016 - 17:18:11: "cash_player_bomb_defused" = "300"
L 10/29/2016 - 17:18:11: "mp_roundtime" = "5"
L 10/29/2016 - 17:18:11: "sv_kick_ban_duration" = "15"
L 10/29/2016 - 17:18:11: "cash_team_planted_bomb_but_defused" = "800"
L 10/29/2016 - 17:18:11: "cash_player_killed_hostage" = "-1000"
L 10/29/2016 - 17:18:11: "sv_vote_issue_loadbackup_allowed" = "1"
L 10/29/2016 - 17:18:11: "mp_fraglimit" = "0"
L 10/29/2016 - 17:18:11: "mp_forcerespawn" = "1"
L 10/29/2016 - 17:18:11: "mp_winlimit" = "0"
L 10/29/2016 - 17:18:11: "sv_accelerate" = "5.5"
L 10/29/2016 - 17:18:11: "mp_buy_anywhere" = "0"
L 10/29/2016 - 17:18:11: "sv_gravity" = "800"
L 10/29/2016 - 17:18:11: "sv_password" = "***PROTECTED***"
L 10/29/2016 - 17:18:11: "cash_team_elimination_hostage_map_ct" = "2000"
L 10/29/2016 - 17:18:11: "cash_team_win_by_hostage_rescue" = "3500"
L 10/29/2016 - 17:18:11: "r_JeepViewZHeight" = "10.0"
L 10/29/2016 - 17:18:11: "cash_team_loser_bonus_consecutive_rounds" = "500"
L 10/29/2016 - 17:18:11: "cash_player_damage_hostage" = "-30"
L 10/29/2016 - 17:18:11: "cash_team_hostage_alive" = "0"
L 10/29/2016 - 17:18:11: "tv_password" = "***PROTECTED***"
L 10/29/2016 - 17:18:11: "sv_specspeed" = "3"
L 10/29/2016 - 17:18:11: server cvars end
L 10/29/2016 - 17:18:11: Started map "de_mirage" (CRC "1953099299")
L 10/29/2016 - 17:18:12: server_cvar: "tv_enable" "1"
L 10/29/2016 - 17:18:12: server_cvar: "wm_auto_knife" "1"
L 10/29/2016 - 17:18:12: server_cvar: "wm_pause_confirm" "0"
L 10/29/2016 - 17:18:12: server_cvar: "wm_pause_limit" "5"
L 10/29/2016 - 17:18:12: server_cvar: "sv_contact" "0"
L 10/29/2016 - 17:18:12: server_cvar: "cash_team_win_by_defusing_bomb" "3500"
L 10/29/2016 - 17:18:12: server_cvar: "cash_team_rescued_hostage" "750"
L 10/29/2016 - 17:18:12: server_cvar: "cash_team_hostage_alive" "150"
L 10/29/2016 - 17:18:12: server_cvar: "cash_team_hostage_interaction" "150"
L 10/29/2016 - 17:18:12: server_cvar: "mp_friendlyfire" "1"
L 10/29/2016 - 17:18:12: server_cvar: "mp_limitteams" "0"
L 10/29/2016 - 17:18:12: server_cvar: "mp_timelimit" "0"
L 10/29/2016 - 17:18:12: server_cvar: "sv_competitive_official_5v5" "1"
L 10/29/2016 - 17:18:12: server_cvar: "mp_maxrounds" "30"
L 10/29/2016 - 17:18:12: server_cvar: "mp_freezetime" "12"
L 10/29/2016 - 17:18:12: server_cvar: "mp_roundtime" "1.9167"
L 10/29/2016 - 17:18:12: server_cvar: "mp_roundtime_defuse" "1.75"
L 10/29/2016 - 17:18:12: server_cvar: "mp_autoteambalance" "0"
L 10/29/2016 - 17:18:12: server_cvar: "sv_deadtalk" "1"
L 10/29/2016 - 17:18:12: server_cvar: "sv_kick_ban_duration" "0"
L 10/29/2016 - 17:18:12: server_cvar: "wm_warmup_respawn" "1"
L 10/29/2016 - 17:18:12: server_cvar: "wm_block_warm_up_grenades" "1"
L 10/29/2016 - 17:18:12: server_cvar: "mp_freezetime" "0"
L 10/29/2016 - 17:18:12: server_cvar: "mp_friendlyfire" "0"
L 10/29/2016 - 17:18:12: "Console<0><Console><Console>" say "WarMod [BFG] WarmUp Config Loaded"
L 10/29/2016 - 17:18:12: server_cvar: "cash_player_interact_with_hostage" "300"
L 10/29/2016 - 17:18:12: server_cvar: "cash_team_elimination_hostage_map_t" "3000"
L 10/29/2016 - 17:18:12: server_cvar: "cash_team_elimination_hostage_map_ct" "3000"
L 10/29/2016 - 17:18:12: server_cvar: "cash_team_hostage_alive" "0"
L 10/29/2016 - 17:18:12: server_cvar: "cash_team_hostage_interaction" "600"
L 10/29/2016 - 17:18:12: server_cvar: "cash_team_rescued_hostage" "600"
L 10/29/2016 - 17:18:12: server_cvar: "cash_team_win_by_hostage_rescue" "2900"
L 10/29/2016 - 17:18:12: server_cvar: "mp_freezetime" "15"
L 10/29/2016 - 17:18:12: server_cvar: "mp_friendlyfire" "1"
L 10/29/2016 - 17:18:12: server_cvar: "mp_roundtime" "1.92"
L 10/29/2016 - 17:18:12: server_cvar: "mp_roundtime_hostage" "1.92"
L 10/29/2016 - 17:18:12: server_cvar: "mp_roundtime_defuse" "1.92"
L 10/29/2016 - 17:18:12: server_cvar: "cash_team_win_by_hostage_rescue" "3500"
L 10/29/2016 - 17:18:12: server_cvar: "cash_team_rescued_hostage" "750"
L 10/29/2016 - 17:18:12: server_cvar: "cash_team_hostage_alive" "150"
L 10/29/2016 - 17:18:12: server_cvar: "cash_team_hostage_interaction" "150"
L 10/29/2016 - 17:18:12: server_cvar: "cash_player_interact_with_hostage" "150"
L 10/29/2016 - 17:18:12: server_cvar: "mp_freezetime" "12"
L 10/29/2016 - 17:18:12: server_cvar: "mp_roundtime" "1.9167"
L 10/29/2016 - 17:18:12: server_cvar: "mp_roundtime_defuse" "1.75"
L 10/29/2016 - 17:18:13: "GOTV<2><BOT><>" connected, address ""
L 10/29/2016 - 17:18:13: "GOTV<2><BOT><>" entered the game
L 10/29/2016 - 17:18:14: "GOTV<2><BOT><Unassigned>" changed name to "zLLTV_CSGO_BRACKET_4"
L 10/29/2016 - 17:18:14: server_cvar: "mp_freezetime" "0"
L 10/29/2016 - 17:18:14: server_cvar: "mp_friendlyfire" "0"
L 10/29/2016 - 17:18:14: "Console<0><Console><Console>" say "WarMod [BFG] WarmUp Config Loaded"
L 10/29/2016 - 17:18:14: server_cvar: "mp_friendlyfire" "1"
L 10/29/2016 - 17:18:14: server_cvar: "mp_freezetime" "12"
L 10/29/2016 - 17:18:14: server_cvar: "mp_freezetime" "0"
L 10/29/2016 - 17:18:14: server_cvar: "mp_friendlyfire" "0"
L 10/29/2016 - 17:18:14: "Console<0><Console><Console>" say "WarMod [BFG] WarmUp Config Loaded"
L 10/29/2016 - 17:18:44: rcon from "172.30.12.3:58384": command "echo HLSW: Test"
L 10/29/2016 - 17:18:55: rcon from "172.30.12.3:58384": command "ct anime_mafia"
L 10/29/2016 - 17:19:03: rcon from "172.30.12.3:58384": command "t teamname"
L 10/29/2016 - 17:19:51: "ActionJeff<3><STEAM_1:1:79119><>" connected, address ""
L 10/29/2016 - 17:19:51: World triggered "Round_Start"
L 10/29/2016 - 17:19:52: "ActionJeff<3><STEAM_1:1:79119><>" STEAM USERID validated
L 10/29/2016 - 17:19:53: server_cvar: "mp_friendlyfire" "1"
L 10/29/2016 - 17:19:53: server_cvar: "mp_freezetime" "12"
L 10/29/2016 - 17:19:53: server_cvar: "mp_freezetime" "0"
L 10/29/2016 - 17:19:53: server_cvar: "mp_friendlyfire" "0"
L 10/29/2016 - 17:19:53: "Console<0><Console><Console>" say "WarMod [BFG] WarmUp Config Loaded"
L 10/29/2016 - 17:19:53: server_cvar: "mp_friendlyfire" "1"
L 10/29/2016 - 17:19:53: server_cvar: "mp_freezetime" "12"
L 10/29/2016 - 17:19:53: server_cvar: "mp_freezetime" "0"
L 10/29/2016 - 17:19:53: server_cvar: "mp_friendlyfire" "0"
L 10/29/2016 - 17:19:53: "Console<0><Console><Console>" say "WarMod [BFG] WarmUp Config Loaded"
L 10/29/2016 - 17:20:00: "ActionJeff<3><STEAM_1:1:79119><>" entered the game
L 10/29/2016 - 17:20:03: "ActionJeff<3><STEAM_1:1:79119><Unassigned>" triggered "clantag" (value "")
L 10/29/2016 - 17:20:29: "ActionJeff<3><STEAM_1:1:79119>" switched from team <Unassigned> to <TERRORIST>
L 10/29/2016 - 17:20:29: World triggered "Game_Commencing"
L 10/29/2016 - 17:20:29: "ActionJeff<3><STEAM_1:1:79119><TERRORIST>" triggered "clantag" (value "")
L 10/29/2016 - 17:20:29: World triggered "Match_Start" on "de_mirage"
L 10/29/2016 - 17:20:29: Team playing "CT": anime_mafia
L 10/29/2016 - 17:20:29: Team playing "TERRORIST": teamname
L 10/29/2016 - 17:20:30: "gooBz<4><STEAM_1:0:92625130><>" connected, address ""
L 10/29/2016 - 17:20:30: "gooBz<4><STEAM_1:0:92625130><>" STEAM USERID validated
L 10/29/2016 - 17:20:31: World triggered "Round_Start"
L 10/29/2016 - 17:20:35: "gooBz<4><STEAM_1:0:92625130><>" entered the game
L 10/29/2016 - 17:20:37: "gooBz<4><STEAM_1:0:92625130><Unassigned>" triggered "clantag" (value "")
L 10/29/2016 - 17:21:19: "Scruffy Hobo<5><STEAM_1:0:68009369><>" connected, address ""
L 10/29/2016 - 17:21:19: "Scruffy Hobo<5><STEAM_1:0:68009369><>" STEAM USERID validated
L 10/29/2016 - 17:21:25: "Scruffy Hobo<5><STEAM_1:0:68009369><>" entered the game
L 10/29/2016 - 17:21:29: "Scruffy Hobo<5><STEAM_1:0:68009369><Unassigned>" triggered "clantag" (value "Ame Day")
L 10/29/2016 - 17:21:37: "Scruffy Hobo<5><STEAM_1:0:68009369>" switched from team <Unassigned> to <CT>
L 10/29/2016 - 17:21:37: "Scruffy Hobo<5><STEAM_1:0:68009369><CT>" triggered "clantag" (value "Ame Day")
L 10/29/2016 - 17:21:37: "re1yt @LacledeLAN<6><STEAM_1:0:59627425><>" connected, address ""
L 10/29/2016 - 17:21:38: "re1yt @LacledeLAN<6><STEAM_1:0:59627425><>" STEAM USERID validated
L 10/29/2016 - 17:21:42: "re1yt @LacledeLAN<6><STEAM_1:0:59627425><>" entered the game
L 10/29/2016 - 17:21:44: "re1yt @LacledeLAN<6><STEAM_1:0:59627425><Unassigned>" triggered "clantag" (value "")
L 10/29/2016 - 17:21:47: "Assorted Fruit<7><STEAM_1:0:14073921><>" connected, address ""
L 10/29/2016 - 17:21:47: "Assorted Fruit<7><STEAM_1:0:14073921><>" STEAM USERID validated
L 10/29/2016 - 17:21:51: "Assorted Fruit<7><STEAM_1:0:14073921><>" entered the game
L 10/29/2016 - 17:21:52: "re1yt @LacledeLAN<6><STEAM_1:0:59627425>" switched from team <Unassigned> to <TERRORIST>
L 10/29/2016 - 17:21:52: "re1yt @LacledeLAN<6><STEAM_1:0:59627425><TERRORIST>" triggered "clantag" (value "")
L 10/29/2016 - 17:21:53: "Assorted Fruit<7><STEAM_1:0:14073921><Unassigned>" triggered "clantag" (value "PSU")
L 10/29/2016 - 17:22:00: "gooBz<4><STEAM_1:0:92625130>" switched from team <Unassigned> to <TERRORIST>
L 10/29/2016 - 17:22:00: "gooBz<4><STEAM_1:0:92625130><TERRORIST>" triggered "clantag" (value "")
L 10/29/2016 - 17:22:00: "Assorted Fruit<7><STEAM_1:0:14073921>" switched from team <Unassigned> to <TERRORIST>
L 10/29/2016 - 17:22:00: "Assorted Fruit<7><STEAM_1:0:14073921><TERRORIST>" triggered "clantag" (value "PSU")
L 10/29/2016 - 17:22:04: "Scruffy Hobo<5><STEAM_1:0:68009369>" switched from team <CT> to <TERRORIST>
L 10/29/2016 - 17:22:04: "Scruffy Hobo<5><STEAM_1:0:68009369><TERRORIST>" [-356 -1971 -111] committed suicide with "world"
L 10/29/2016 - 17:22:04: "Wayne<8><BOT><>" connected, address ""
L 10/29/2016 - 17:22:04: "Wayne<8><BOT>" switched from team <Unassigned> to <CT>
L 10/29/2016 - 17:22:05: "Wayne<8><BOT><>" entered the game
L 10/29/2016 - 17:22:05: "Scruffy Hobo<5><STEAM_1:0:68009369><TERRORIST>" triggered "clantag" (value "Ame Day")
L 10/29/2016 - 17:22:05: "Wayne<8><BOT><CT>" purchased "m4a1"
L 10/29/2016 - 17:22:05: "Wayne<8><BOT><CT>" purchased "vesthelm"
L 10/29/2016 - 17:22:12: "re1yt @LacledeLAN<6><STEAM_1:0:59627425><TERRORIST>" say ".ready"
L 10/29/2016 - 17:22:25: "re1yt @LacledeLAN<6><STEAM_1:0:59627425><TERRORIST>" purchased "ak47"
L 10/29/2016 - 17:22:25: "re1yt @LacledeLAN<6><STEAM_1:0:59627425><TERRORIST>" purchased "vesthelm"
L 10/29/2016 - 17:22:30: "rhewn @ lan<9><STEAM_1:1:45804416><>" connected, address ""
L 10/29/2016 - 17:22:31: "rhewn @ lan<9><STEAM_1:1:45804416><>" STEAM USERID validated
L 10/29/2016 - 17:22:34: "rhewn @ lan<9><STEAM_1:1:45804416><>" entered the game
L 10/29/2016 - 17:22:36: "rhewn @ lan<9><STEAM_1:1:45804416><Unassigned>" triggered "clantag" (value "Vernan")
L 10/29/2016 - 17:22:42: "Wayne<8><BOT><CT>" [-461 -1934 -180] attacked "Scruffy Hobo<5><STEAM_1:0:68009369><TERRORIST>" [-325 -1696 -168] with "m4a1" (damage "24") (damage_armor "0") (health "76") (armor "0") (hitgroup "left leg")
L 10/29/2016 - 17:22:46: "Scruffy Hobo<5><STEAM_1:0:68009369><TERRORIST>" [-256 -1924 -168] attacked "Wayne<8><BOT><CT>" [-622 -1573 -168] with "glock" (damage "47") (damage_armor "26") (health "53") (armor "73") (hitgroup "head")
L 10/29/2016 - 17:22:47: "Scruffy Hobo<5><STEAM_1:0:68009369><TERRORIST>" [-267 -1935 -168] attacked "Wayne<8><BOT><CT>" [-624 -1549 -168] with "glock" (damage "11") (damage_armor "6") (health "42") (armor "66") (hitgroup "chest")
L 10/29/2016 - 17:22:47: "Scruffy Hobo<5><STEAM_1:0:68009369><TERRORIST>" [-318 -1976 -172] attacked "Wayne<8><BOT><CT>" [-621 -1468 -168] with "glock" (damage "11") (damage_armor "6") (health "31") (armor "59") (hitgroup "right arm")
L 10/29/2016 - 17:22:48: "Wayne<8><BOT><CT>" [-679 -1360 -168] attacked "Scruffy Hobo<5><STEAM_1:0:68009369><TERRORIST>" [-508 -1918 -180] with "m4a1" (damage "31") (damage_armor "0") (health "45") (armor "0") (hitgroup "chest")
L 10/29/2016 - 17:22:51: "Wayne<8><BOT><CT>" [-656 -1192 -168] attacked "Scruffy Hobo<5><STEAM_1:0:68009369><TERRORIST>" [-706 -1593 -168] with "m4a1" (damage "32") (damage_armor "0") (health "13") (armor "0") (hitgroup "chest")
L 10/29/2016 - 17:22:51: "Wayne<8><BOT><CT>" [-656 -1192 -168] attacked "Scruffy Hobo<5><STEAM_1:0:68009369><TERRORIST>" [-707 -1586 -168] with "m4a1" (damage "32") (damage_armor "0") (health "0") (armor "0") (hitgroup "right arm")
L 10/29/2016 - 17:22:51: "Wayne<8><BOT><CT>" [-656 -1192 -168] killed "Scruffy Hobo<5><STEAM_1:0:68009369><TERRORIST>" [-707 -1586 -104] with "m4a1"
L 10/29/2016 - 17:22:57: "✪ JasmineG @Laceled'sLAN<10><STEAM_1:1:126911775><>" connected, address ""
L 10/29/2016 - 17:22:57: "✪ JasmineG @Laceled'sLAN<10><STEAM_1:1:126911775><>" STEAM USERID validated
L 10/29/2016 - 17:23:04: "rhewn @ lan<9><STEAM_1:1:45804416>" switched from team <Unassigned> to <CT>
L 10/29/2016 - 17:23:04: "rhewn @ lan<9><STEAM_1:1:45804416><CT>" triggered "clantag" (value "Vernan")
L 10/29/2016 - 17:23:04: "Scruffy Hobo<5><STEAM_1:0:68009369>" switched from team <TERRORIST> to <CT>
L 10/29/2016 - 17:23:04: "Scruffy Hobo<5><STEAM_1:0:68009369><CT>" [1328 -205 -104] committed suicide with "world"
L 10/29/2016 - 17:23:04: "Jeff<11><BOT><>" connected, address ""
L 10/29/2016 - 17:23:04: "Jeff<11><BOT>" switched from team <Unassigned> to <TERRORIST>
L 10/29/2016 - 17:23:04: "Jeff<11><BOT><>" entered the game
L 10/29/2016 - 17:23:04: "Scruffy Hobo<5><STEAM_1:0:68009369><CT>" triggered "clantag" (value "Ame Day")
L 10/29/2016 - 17:23:04: "Jeff<11><BOT><TERRORIST>" purchased "ak47"
L 10/29/2016 - 17:23:04: "Jeff<11><BOT><TERRORIST>" purchased "vesthelm"
L 10/29/2016 - 17:23:04: "Jeff<11><BOT><TERRORIST>" purchased "p250"
L 10/29/2016 - 17:23:08: "Scruffy Hobo<5><STEAM_1:0:68009369><CT>" say ".ready"
L 10/29/2016 - 17:23:09: "✪ JasmineG @Laceled'sLAN<10><STEAM_1:1:126911775><>" entered the game
L 10/29/2016 - 17:23:11: "Assorted Fruit<7><STEAM_1:0:14073921><TERRORIST>" say "we picked CT?"
L 10/29/2016 - 17:23:12: "re1yt @LacledeLAN<6><STEAM_1:0:59627425>" switched from team <TERRORIST> to <CT>
L 10/29/2016 - 17:23:12: "re1yt @LacledeLAN<6><STEAM_1:0:59627425><CT>" [-661 -906 -167] committed suicide with "world"
L 10/29/2016 - 17:23:12: "Don<12><BOT><>" connected, address ""
L 10/29/2016 - 17:23:12: "Don<12><BOT>" switched from team <Unassigned> to <TERRORIST>
L 10/29/2016 - 17:23:12: "Don<12><BOT><>" entered the game
L 10/29/2016 - 17:23:12: "re1yt @LacledeLAN<6><STEAM_1:0:59627425><CT>" triggered "clantag" (value "")
L 10/29/2016 - 17:23:12: "✪ JasmineG @Laceled'sLAN<10><STEAM_1:1:126911775><Unassigned>" triggered "clantag" (value "")
L 10/29/2016 - 17:23:12: "Don<12><BOT><TERRORIST>" purchased "sg556"
L 10/29/2016 - 17:23:12: "Don<12><BOT><TERRORIST>" purchased "vesthelm"
L 10/29/2016 - 17:23:12: "Don<12><BOT><TERRORIST>" purchased "flashbang"
L 10/29/2016 - 17:23:14: "Assorted Fruit<7><STEAM_1:0:14073921><TERRORIST>" purchased "ak47"
L 10/29/2016 - 17:23:14: "rhewn @ lan<9><STEAM_1:1:45804416><CT>" say ".ready"
L 10/29/2016 - 17:23:21: "re1yt @LacledeLAN<6><STEAM_1:0:59627425><CT>" say ".ready"
L 10/29/2016 - 17:23:24: "✪ JasmineG @Laceled'sLAN<10><STEAM_1:1:126911775>" switched from team <Unassigned> to <CT>
L 10/29/2016 - 17:23:24: "✪ JasmineG @Laceled'sLAN<10><STEAM_1:1:126911775><CT>" triggered "clantag" (value "")
L 10/29/2016 - 17:23:24: "Wayne<8><BOT><CT>" [-663 -921 -223] attacked "Jeff<11><BOT><TERRORIST>" [-548 -651 -274] with "m4a1" (damage "22") (damage_armor "4") (health "78") (armor "95") (hitgroup "chest")
L 10/29/2016 - 17:23:24: "Wayne<8><BOT><CT>" [-663 -921 -223] attacked "Jeff<11><BOT><TERRORIST>" [-549 -650 -274] with "m4a1" (damage "22") (damage_armor "4") (health "56") (armor "90") (hitgroup "chest")
L 10/29/2016 - 17:23:25: "Wayne<8><BOT><CT>" [-663 -921 -223] attacked "Jeff<11><BOT><TERRORIST>" [-554 -649 -274] with "m4a1" (damage "22") (damage_armor "4") (health "34") (armor "85") (hitgroup "chest")
L 10/29/2016 - 17:23:25: "Jeff<11><BOT><TERRORIST>" [-571 -642 -274] attacked "Wayne<8><BOT><CT>" [-663 -921 -223] with "ak47" (damage "26") (damage_armor "0") (health "5") (armor "59") (hitgroup "right leg")
L 10/29/2016 - 17:23:25: "Wayne<8><BOT><CT>" [-663 -921 -223] attacked "Jeff<11><BOT><TERRORIST>" [-565 -644 -274] with "m4a1" (damage "28") (damage_armor "6") (health "6") (armor "78") (hitgroup "stomach")
L 10/29/2016 - 17:23:25: "Jeff<11><BOT><TERRORIST>" [-561 -645 -274] attacked "Wayne<8><BOT><CT>" [-663 -921 -223] with "ak47" (damage "27") (damage_armor "4") (health "0") (armor "54") (hitgroup "right arm")
L 10/29/2016 - 17:23:25: "Jeff<11><BOT><TERRORIST>" [-561 -645 -274] killed "Wayne<8><BOT><CT>" [-663 -921 -159] with "ak47"
L 10/29/2016 - 17:23:26: "Wayne<8><BOT><CT>" purchased "m4a1"
L 10/29/2016 - 17:23:26: "Wayne<8><BOT><CT>" purchased "vesthelm"
L 10/29/2016 - 17:23:26: "Wayne<8><BOT><CT>" purchased "deagle"
L 10/29/2016 - 17:23:26: "re1yt @LacledeLAN<6><STEAM_1:0:59627425><CT>" purchased "ak47"
L 10/29/2016 - 17:23:26: "re1yt @LacledeLAN<6><STEAM_1:0:59627425><CT>" purchased "vesthelm"
L 10/29/2016 - 17:23:31: "re1yt @LacledeLAN<6><STEAM_1:0:59627425><CT>" [-1032 -2361 -168] attacked "Don<12><BOT><TERRORIST>" [-529 -2264 -175] with "m4a1" (damage "22") (damage_armor "4") (health "78") (armor "95") (hitgroup "chest")
L 10/29/2016 - 17:23:31: "re1yt @LacledeLAN<6><STEAM_1:0:59627425><CT>" [-1029 -2363 -168] attacked "Don<12><BOT><TERRORIST>" [-518 -2263 -175] with "m4a1" (damage "22") (damage_armor "4") (health "56") (armor "90") (hitgroup "chest")
L 10/29/2016 - 17:23:31: "re1yt @LacledeLAN<6><STEAM_1:0:59627425><CT>" [-1028 -2364 -168] attacked "Don<12><BOT><TERRORIST>" [-514 -2262 -175] with "m4a1" (damage "22") (damage_armor "4") (health "34") (armor "85") (hitgroup "chest")
L 10/29/2016 - 17:23:32: "re1yt @LacledeLAN<6><STEAM_1:0:59627425><CT>" [-1028 -2364 -168] attacked "Don<12><BOT><TERRORIST>" [-509 -2262 -175] with "m4a1" (damage "22") (damage_armor "4") (health "12") (armor "80") (hitgroup "chest")
L 10/29/2016 - 17:23:32: "re1yt @LacledeLAN<6><STEAM_1:0:59627425><CT>" [-1028 -2364 -168] attacked "Don<12><BOT><TERRORIST>" [-505 -2263 -174] with "m4a1" (damage "22") (damage_armor "4") (health "0") (armor "75") (hitgroup "chest")
L 10/29/2016 - 17:23:32: "re1yt @LacledeLAN<6><STEAM_1:0:59627425><CT>" [-1028 -2364 -168] killed "Don<12><BOT><TERRORIST>" [-505 -2263 -110] with "m4a1"
L 10/29/2016 - 17:23:32: "Don<12><BOT><TERRORIST>" purchased "ak47"
L 10/29/2016 - 17:23:32: "Don<12><BOT><TERRORIST>" purchased "vesthelm"
L 10/29/2016 - 17:23:34: "re1yt @LacledeLAN<6><STEAM_1:0:59627425><CT>" [-763 -2192 -180] attacked "Jeff<11><BOT><TERRORIST>" [-671 -1468 -168] with "m4a1" (damage "22") (damage_armor "4") (health "0") (armor "73") (hitgroup "chest")
L 10/29/2016 - 17:23:34: "re1yt @LacledeLAN<6><STEAM_1:0:59627425><CT>" [-763 -2192 -180] killed "Jeff<11><BOT><TERRORIST>" [-671 -1468 -104] with "m4a1"
L 10/29/2016 - 17:23:34: "Jeff<11><BOT><TERRORIST>" purchased "galilar"
L 10/29/2016 - 17:23:34: "Jeff<11><BOT><TERRORIST>" purchased "vesthelm"
L 10/29/2016 - 17:23:38: "Don<12><BOT><TERRORIST>" [914 471 -256] attacked "Scruffy Hobo<5><STEAM_1:0:68009369><CT>" [518 463 -259] with "ak47" (damage "35") (damage_armor "0") (health "65") (armor "0") (hitgroup "chest")
L 10/29/2016 - 17:23:38: "Don<12><BOT><TERRORIST>" [914 471 -256] attacked "Scruffy Hobo<5><STEAM_1:0:68009369><CT>" [526 461 -258] with "ak47" (damage "44") (damage_armor "0") (health "21") (armor "0") (hitgroup "stomach")
L 10/29/2016 - 17:23:38: "Don<12><BOT><TERRORIST>" [914 471 -256] attacked "Scruffy Hobo<5><STEAM_1:0:68009369><CT>" [535 456 -257] with "ak47" (damage "44") (damage_armor "0") (health "0") (armor "0") (hitgroup "stomach")
L 10/29/2016 - 17:23:38: "Don<12><BOT><TERRORIST>" [914 471 -256] killed "Scruffy Hobo<5><STEAM_1:0:68009369><CT>" [535 456 -193] with "ak47"
L 10/29/2016 - 17:23:48: "✪ JasmineG @Laceled'sLAN<10><STEAM_1:1:126911775><CT>" purchased "awp"
L 10/29/2016 - 17:23:48: "✪ JasmineG @Laceled'sLAN<10><STEAM_1:1:126911775><CT>" purchased "vesthelm"
L 10/29/2016 - 17:23:49: "drew<13><STEAM_1:0:136455778><>" connected, address ""
L 10/29/2016 - 17:23:49: "drew<13><STEAM_1:0:136455778><>" STEAM USERID validated
L 10/29/2016 - 17:23:58: "drew<13><STEAM_1:0:136455778><>" entered the game
L 10/29/2016 - 17:24:01: "Scruffy Hobo<5><STEAM_1:0:68009369><CT>" [213 -182 -168] attacked "Don<12><BOT><TERRORIST>" [374 348 -259] with "hkp2000" (damage "15") (damage_armor "7") (health "85") (armor "92") (hitgroup "chest")
L 10/29/2016 - 17:24:01: "Scruffy Hobo<5><STEAM_1:0:68009369><CT>" [228 -176 -167] attacked "Don<12><BOT><TERRORIST>" [374 348 -259] with "hkp2000" (damage "19") (damage_armor "9") (health "66") (armor "82") (hitgroup "stomach")
L 10/29/2016 - 17:24:01: "drew<13><STEAM_1:0:136455778><Unassigned>" triggered "clantag" (value "")
L 10/29/2016 - 17:24:01: "Scruffy Hobo<5><STEAM_1:0:68009369><CT>" [247 -178 -165] attacked "Don<12><BOT><TERRORIST>" [374 348 -259] with "hkp2000" (damage "19") (damage_armor "9") (health "47") (armor "72") (hitgroup "stomach")
L 10/29/2016 - 17:24:02: "Scruffy Hobo<5><STEAM_1:0:68009369><CT>" [271 -183 -165] attacked "Don<12><BOT><TERRORIST>" [374 348 -259] with "hkp2000" (damage "15") (damage_armor "7") (health "32") (armor "64") (hitgroup "right arm")
L 10/29/2016 - 17:24:02: "Scruffy Hobo<5><STEAM_1:0:68009369><CT>" [271 -183 -165] attacked "Don<12><BOT><TERRORIST>" [374 348 -259] with "hkp2000" (damage "63") (damage_armor "31") (health "0") (armor "32") (hitgroup "head")
L 10/29/2016 - 17:24:02: "Scruffy Hobo<5><STEAM_1:0:68009369><CT>" [271 -183 -165] killed "Don<12><BOT><TERRORIST>" [374 348 -195] with "usp_silencer" (headshot)
L 10/29/2016 - 17:24:02: "Don<12><BOT><TERRORIST>" purchased "sg556"
L 10/29/2016 - 17:24:02: "Don<12><BOT><TERRORIST>" purchased "vesthelm"
L 10/29/2016 - 17:24:11: "Jeff<11><BOT><TERRORIST>" [599 767 -136] attacked "Scruffy Hobo<5><STEAM_1:0:68009369><CT>" [590 693 -136] with "galilar" (damage "37") (damage_armor "0") (health "63") (armor "0") (hitgroup "stomach")
L 10/29/2016 - 17:24:11: "Jeff<11><BOT><TERRORIST>" [599 767 -136] attacked "Scruffy Hobo<5><STEAM_1:0:68009369><CT>" [593 702 -136] with "galilar" (damage "37") (damage_armor "0") (health "26") (armor "0") (hitgroup "stomach")
L 10/29/2016 - 17:24:11: "Scruffy Hobo<5><STEAM_1:0:68009369><CT>" [596 717 -136] attacked "Jeff<11><BOT><TERRORIST>" [599 767 -136] with "hkp2000" (damage "17") (damage_armor "8") (health "83") (armor "91") (hitgroup "chest")
L 10/29/2016 - 17:24:12: "Scruffy Hobo<5><STEAM_1:0:68009369><CT>" [572 736 -136] attacked "Jeff<11><BOT><TERRORIST>" [599 768 -136] with "hkp2000" (damage "70") (damage_armor "34") (health "13") (armor "56") (hitgroup "head")
L 10/29/2016 - 17:24:12: "Scruffy Hobo<5><STEAM_1:0:68009369><CT>" [572 736 -136] attacked "Jeff<11><BOT><TERRORIST>" [602 768 -136] with "hkp2000" (damage "70") (damage_armor "34") (health "0") (armor "21") (hitgroup "head")
L 10/29/2016 - 17:24:12: "Scruffy Hobo<5><STEAM_1:0:68009369><CT>" [572 736 -136] killed "Jeff<11><BOT><TERRORIST>" [602 768 -90] with "usp_silencer" (headshot)
L 10/29/2016 - 17:24:12: "Jeff<11><BOT><TERRORIST>" purchased "ak47"
L 10/29/2016 - 17:24:12: "Jeff<11><BOT><TERRORIST>" purchased "vesthelm"
L 10/29/2016 - 17:24:12: "Tmillz<14><STEAM_1:0:1129431><>" connected, address ""
L 10/29/2016 - 17:24:13: "Tmillz<14><STEAM_1:0:1129431><>" STEAM USERID validated
L 10/29/2016 - 17:24:17: "Assorted Fruit<7><STEAM_1:0:14073921>" switched from team <TERRORIST> to <CT>
L 10/29/2016 - 17:24:17: "Assorted Fruit<7><STEAM_1:0:14073921><CT>" [1198 -48 -100] committed suicide with "world"
L 10/29/2016 - 17:24:17: "Wayne<8><BOT><CT>" disconnected (reason "Kicked by Console")
L 10/29/2016 - 17:24:17: "Wayne<8><BOT>" switched from team <CT> to <Unassigned>
L 10/29/2016 - 17:24:17: "Victor<15><BOT><>" connected, address ""
L 10/29/2016 - 17:24:17: "Victor<15><BOT>" switched from team <Unassigned> to <TERRORIST>
L 10/29/2016 - 17:24:17: "Victor<15><BOT><>" entered the game
L 10/29/2016 - 17:24:17: "Assorted Fruit<7><STEAM_1:0:14073921><CT>" triggered "clantag" (value "PSU")
L 10/29/2016 - 17:24:17: "Jeff<11><BOT><TERRORIST>" [1374 -77 -165] attacked "rhewn @ lan<9><STEAM_1:1:45804416><CT>" [1242 -481 -164] with "ak47" (damage "26") (damage_armor "0") (health "74") (armor "0") (hitgroup "left leg")
L 10/29/2016 - 17:24:17: "Scruffy Hobo<5><STEAM_1:0:68009369><CT>" [701 619 -136] attacked "Don<12><BOT><TERRORIST>" [1045 361 -259] with "hkp2000" (damage "16") (damage_armor "7") (health "84") (armor "92") (hitgroup "chest")
L 10/29/2016 - 17:24:17: "Scruffy Hobo<5><STEAM_1:0:68009369><CT>" [701 616 -136] attacked "Don<12><BOT><TERRORIST>" [1045 361 -259] with "hkp2000" (damage "65") (damage_armor "31") (health "19") (armor "60") (hitgroup "head")
L 10/29/2016 - 17:24:18: "Victor<15><BOT><TERRORIST>" purchased "galilar"
L 10/29/2016 - 17:24:18: "Victor<15><BOT><TERRORIST>" purchased "vesthelm"
L 10/29/2016 - 17:24:18: "Scruffy Hobo<5><STEAM_1:0:68009369><CT>" [701 616 -136] attacked "Don<12><BOT><TERRORIST>" [1045 361 -259] with "hkp2000" (damage "16") (damage_armor "7") (health "3") (armor "52") (hitgroup "chest")
L 10/29/2016 - 17:24:18: "Don<12><BOT><TERRORIST>" [1045 361 -259] attacked "Scruffy Hobo<5><STEAM_1:0:68009369><CT>" [701 616 -136] with "sg556" (damage "29") (damage_armor "0") (health "0") (armor "0") (hitgroup "chest")
L 10/29/2016 - 17:24:18: "Don<12><BOT><TERRORIST>" [1045 361 -259] killed "Scruffy Hobo<5><STEAM_1:0:68009369><CT>" [701 616 -72] with "sg556"
L 10/29/2016 - 17:24:18: "rhewn @ lan<9><STEAM_1:1:45804416><CT>" [1271 -492 -164] attacked "Jeff<11><BOT><TERRORIST>" [1374 -77 -165] with "hkp2000" (damage "65") (damage_armor "32") (health "35") (armor "67") (hitgroup "head")
L 10/29/2016 - 17:24:18: "rhewn @ lan<9><STEAM_1:1:45804416><CT>" [1271 -492 -164] attacked "Jeff<11><BOT><TERRORIST>" [1374 -77 -165] with "hkp2000" (damage "16") (damage_armor "8") (health "19") (armor "58") (hitgroup "chest")
L 10/29/2016 - 17:24:19: "Jeff<11><BOT><TERRORIST>" [1374 -77 -165] attacked "rhewn @ lan<9><STEAM_1:1:45804416><CT>" [1271 -492 -164] with "ak47" (damage "44") (damage_armor "0") (health "30") (armor "0") (hitgroup "stomach")
L 10/29/2016 - 17:24:19: "Jeff<11><BOT><TERRORIST>" [1374 -77 -165] attacked "rhewn @ lan<9><STEAM_1:1:45804416><CT>" [1266 -490 -164] with "ak47" (damage "35") (damage_armor "0") (health "0") (armor "0") (hitgroup "chest")
L 10/29/2016 - 17:24:19: "Jeff<11><BOT><TERRORIST>" [1374 -77 -165] killed "rhewn @ lan<9><STEAM_1:1:45804416><CT>" [1266 -490 -100] with "ak47"
L 10/29/2016 - 17:24:26: "Tmillz<14><STEAM_1:0:1129431><>" entered the game
L 10/29/2016 - 17:24:27: "re1yt @LacledeLAN<6><STEAM_1:0:59627425><CT>" [1016 -1126 -264] attacked "Victor<15><BOT><TERRORIST>" [1206 -888 -261] with "m4a1" (damage "90") (damage_armor "19") (health "10") (armor "80") (hitgroup "head")
L 10/29/2016 - 17:24:27: "re1yt @LacledeLAN<6><STEAM_1:0:59627425><CT>" [1021 -1126 -264] attacked "Victor<15><BOT><TERRORIST>" [1206 -888 -261] with "m4a1" (damage "22") (damage_armor "4") (health "0") (armor "75") (hitgroup "chest")
L 10/29/2016 - 17:24:27: "re1yt @LacledeLAN<6><STEAM_1:0:59627425><CT>" [1021 -1126 -264] killed "Victor<15><BOT><TERRORIST>" [1206 -888 -197] with "m4a1"
L 10/29/2016 - 17:24:28: "Victor<15><BOT><TERRORIST>" purchased "ak47"
L 10/29/2016 - 17:24:28: "Victor<15><BOT><TERRORIST>" purchased "vesthelm"
L 10/29/2016 - 17:24:28: "re1yt @LacledeLAN<6><STEAM_1:0:59627425><CT>" [1107 -1103 -264] attacked "Don<12><BOT><TERRORIST>" [1246 -513 -164] with "m4a1" (damage "27") (damage_armor "5") (health "0") (armor "46") (hitgroup "stomach")
L 10/29/2016 - 17:24:28: "re1yt @LacledeLAN<6><STEAM_1:0:59627425><CT>" [1107 -1103 -264] killed "Don<12><BOT><TERRORIST>" [1246 -513 -100] with "m4a1"
L 10/29/2016 - 17:24:29: "Tmillz<14><STEAM_1:0:1129431><Unassigned>" triggered "clantag" (value "")
L 10/29/2016 - 17:24:29: "re1yt @LacledeLAN<6><STEAM_1:0:59627425><CT>" [1108 -1103 -264] attacked "Jeff<11><BOT><TERRORIST>" [1192 -683 -228] with "m4a1" (damage "22") (damage_armor "4") (health "0") (armor "53") (hitgroup "chest")
L 10/29/2016 - 17:24:29: "re1yt @LacledeLAN<6><STEAM_1:0:59627425><CT>" [1108 -1103 -264] killed "Jeff<11><BOT><TERRORIST>" [1192 -683 -164] with "m4a1"
L 10/29/2016 - 17:24:29: "rhewn @ lan<9><STEAM_1:1:45804416><CT>" assisted killing "Jeff<11><BOT><TERRORIST>"
L 10/29/2016 - 17:24:29: "re1yt @LacledeLAN<6><STEAM_1:0:59627425><CT>" [1108 -1103 -264] attacked "ActionJeff<3><STEAM_1:1:79119><TERRORIST>" [1296 -160 -168] with "m4a1" (damage "23") (damage_armor "0") (health "77") (armor "0") (hitgroup "left leg")
L 10/29/2016 - 17:24:29: "re1yt @LacledeLAN<6><STEAM_1:0:59627425><CT>" [1108 -1103 -264] attacked "ActionJeff<3><STEAM_1:1:79119><TERRORIST>" [1296 -160 -168] with "m4a1" (damage "31") (damage_armor "0") (health "46") (armor "0") (hitgroup "chest")
L 10/29/2016 - 17:24:30: "re1yt @LacledeLAN<6><STEAM_1:0:59627425><CT>" [1093 -1100 -264] attacked "ActionJeff<3><STEAM_1:1:79119><TERRORIST>" [1296 -160 -168] with "m4a1" (damage "124") (damage_armor "0") (health "0") (armor "0") (hitgroup "head")
L 10/29/2016 - 17:24:30: "re1yt @LacledeLAN<6><STEAM_1:0:59627425><CT>" [1093 -1100 -264] killed "ActionJeff<3><STEAM_1:1:79119><TERRORIST>" [1296 -160 -104] with "m4a1" (headshot)
L 10/29/2016 - 17:24:30: "Jeff<11><BOT><TERRORIST>" [1136 -256 -168] attacked "re1yt @LacledeLAN<6><STEAM_1:0:59627425><CT>" [1090 -1100 -264] with "glock" (damage "11") (damage_armor "6") (health "89") (armor "93") (hitgroup "chest")
L 10/29/2016 - 17:24:30: "re1yt @LacledeLAN<6><STEAM_1:0:59627425><CT>" [1089 -1099 -264] attacked "Victor<15><BOT><TERRORIST>" [1302 -67 -168] with "m4a1" (damage "86") (damage_armor "18") (health "14") (armor "81") (hitgroup "head")
L 10/29/2016 - 17:24:31: "re1yt @LacledeLAN<6><STEAM_1:0:59627425><CT>" [1089 -1099 -264] attacked "Victor<15><BOT><TERRORIST>" [1302 -67 -168] with "m4a1" (damage "86") (damage_armor "18") (health "0") (armor "62") (hitgroup "head")
L 10/29/2016 - 17:24:31: "re1yt @LacledeLAN<6><STEAM_1:0:59627425><CT>" [1089 -1099 -264] killed "Victor<15><BOT><TERRORIST>" [1302 -67 -104] with "m4a1" (headshot)
L 10/29/2016 - 17:24:31: "Victor<15><BOT><TERRORIST>" purchased "ak47"
L 10/29/2016 - 17:24:31: "Victor<15><BOT><TERRORIST>" purchased "vesthelm"
L 10/29/2016 - 17:24:31: "re1yt @LacledeLAN<6><STEAM_1:0:59627425><CT>" [1094 -1098 -264] attacked "Jeff<11><BOT><TERRORIST>" [1136 -256 -168] with "m4a1" (damage "125") (damage_armor "0") (health "0") (armor "0") (hitgroup "head")
L 10/29/2016 - 17:24:31: "re1yt @LacledeLAN<6><STEAM_1:0:59627425><CT>" [1094 -1098 -264] killed "Jeff<11><BOT><TERRORIST>" [1136 -256 -104] with "m4a1" (headshot)
L 10/29/2016 - 17:24:32: "Jeff<11><BOT><TERRORIST>" purchased "g3sg1"
L 10/29/2016 - 17:24:32: "Jeff<11><BOT><TERRORIST>" purchased "vesthelm"
L 10/29/2016 - 17:24:32: "Jeff<11><BOT><TERRORIST>" purchased "hegrenade"
L 10/29/2016 - 17:24:35: "re1yt @LacledeLAN<6><STEAM_1:0:59627425><CT>" [1089 -1076 -264] attacked "ActionJeff<3><STEAM_1:1:79119><TERRORIST>" [1254 -107 -127] with "m4a1" (damage "31") (damage_armor "0") (health "69") (armor "0") (hitgroup "left arm")
L 10/29/2016 - 17:24:35: "re1yt @LacledeLAN<6><STEAM_1:0:59627425><CT>" [1089 -1076 -264] attacked "ActionJeff<3><STEAM_1:1:79119><TERRORIST>" [1250 -87 -147] with "m4a1" (damage "38") (damage_armor "0") (health "31") (armor "0") (hitgroup "stomach")
L 10/29/2016 - 17:24:36: "Tmillz<14><STEAM_1:0:1129431>" switched from team <Unassigned> to <TERRORIST>
L 10/29/2016 - 17:24:36: "re1yt @LacledeLAN<6><STEAM_1:0:59627425><CT>" [1104 -1078 -264] attacked "gooBz<4><STEAM_1:0:92625130><TERRORIST>" [1216 -16 -164] with "m4a1" (damage "30") (damage_armor "0") (health "70") (armor "0") (hitgroup "chest")
L 10/29/2016 - 17:24:36: "Victor<15><BOT><TERRORIST>" disconnected (reason "Kicked by Console")
L 10/29/2016 - 17:24:36: "Victor<15><BOT>" switched from team <TERRORIST> to <Unassigned>
L 10/29/2016 - 17:24:36: "Don<12><BOT><TERRORIST>" [1136 -160 -168] attacked "re1yt @LacledeLAN<6><STEAM_1:0:59627425><CT>" [1104 -1078 -264] with "glock" (damage "13") (damage_armor "7") (health "76") (armor "85") (hitgroup "stomach")
L 10/29/2016 - 17:24:36: "Tmillz<14><STEAM_1:0:1129431><TERRORIST>" triggered "clantag" (value "")
L 10/29/2016 - 17:24:36: "Don<12><BOT><TERRORIST>" [1136 -160 -168] attacked "re1yt @LacledeLAN<6><STEAM_1:0:59627425><CT>" [1111 -1078 -264] with "glock" (damage "10") (damage_armor "6") (health "66") (armor "78") (hitgroup "chest")
L 10/29/2016 - 17:24:37: "ActionJeff<3><STEAM_1:1:79119><TERRORIST>" purchased "ak47"
L 10/29/2016 - 17:24:37: "ActionJeff<3><STEAM_1:1:79119><TERRORIST>" purchased "vest"
L 10/29/2016 - 17:24:37: "ActionJeff<3><STEAM_1:1:79119><TERRORIST>" purchased "vesthelm"
L 10/29/2016 - 17:24:37: "Scruffy Hobo<5><STEAM_1:0:68009369>" switched from team <CT> to <TERRORIST>
L 10/29/2016 - 17:24:37: "Scruffy Hobo<5><STEAM_1:0:68009369><TERRORIST>" [127 -1572 -110] committed suicide with "world"
L 10/29/2016 - 17:24:37: "Jeff<11><BOT><TERRORIST>" disconnected (reason "Kicked by Console")
L 10/29/2016 - 17:24:37: "Jeff<11><BOT>" switched from team <TERRORIST> to <Unassigned>
L 10/29/2016 - 17:24:37: "Brian<16><BOT><>" connected, address ""
L 10/29/2016 - 17:24:37: "Brian<16><BOT>" switched from team <Unassigned> to <CT>
L 10/29/2016 - 17:24:37: "Brian<16><BOT><>" entered the game
L 10/29/2016 - 17:24:37: "Don<12><BOT><TERRORIST>" [1136 -160 -168] attacked "re1yt @LacledeLAN<6><STEAM_1:0:59627425><CT>" [1110 -1078 -264] with "glock" (damage "13") (damage_armor "7") (health "53") (armor "70") (hitgroup "stomach")
L 10/29/2016 - 17:24:37: "Scruffy Hobo<5><STEAM_1:0:68009369><TERRORIST>" triggered "clantag" (value "Ame Day")
L 10/29/2016 - 17:24:37: "Don<12><BOT><TERRORIST>" [1136 -160 -168] attacked "re1yt @LacledeLAN<6><STEAM_1:0:59627425><CT>" [1108 -1078 -264] with "glock" (damage "13") (damage_armor "7") (health "40") (armor "62") (hitgroup "stomach")
L 10/29/2016 - 17:24:37: "Brian<16><BOT><CT>" purchased "famas"
L 10/29/2016 - 17:24:37: "Brian<16><BOT><CT>" purchased "vesthelm"
L 10/29/2016 - 17:24:37: "Brian<16><BOT><CT>" purchased "smokegrenade"
L 10/29/2016 - 17:24:37: "re1yt @LacledeLAN<6><STEAM_1:0:59627425><CT>" [1119 -1078 -264] attacked "Don<12><BOT><TERRORIST>" [1136 -160 -168] with "m4a1" (damage "124") (damage_armor "0") (health "0") (armor "0") (hitgroup "head")
L 10/29/2016 - 17:24:37: "re1yt @LacledeLAN<6><STEAM_1:0:59627425><CT>" [1119 -1078 -264] killed "Don<12><BOT><TERRORIST>" [1136 -160 -104] with "m4a1" (headshot)
L 10/29/2016 - 17:24:38: "Scruffy Hobo<5><STEAM_1:0:68009369>" switched from team <TERRORIST> to <CT>
L 10/29/2016 - 17:24:38: "Brian<16><BOT><CT>" disconnected (reason "Kicked by Console")
L 10/29/2016 - 17:24:38: "Brian<16><BOT>" switched from team <CT> to <Unassigned>
L 10/29/2016 - 17:24:38: "Erik<17><BOT><>" connected, address ""
L 10/29/2016 - 17:24:38: "Erik<17><BOT>" switched from team <Unassigned> to <TERRORIST>
L 10/29/2016 - 17:24:38: "Erik<17><BOT><>" entered the game
L 10/29/2016 - 17:24:38: "Don<12><BOT><TERRORIST>" purchased "g3sg1"
L 10/29/2016 - 17:24:38: "Don<12><BOT><TERRORIST>" purchased "vesthelm"
L 10/29/2016 - 17:24:38: "Scruffy Hobo<5><STEAM_1:0:68009369><CT>" triggered "clantag" (value "Ame Day")
L 10/29/2016 - 17:24:38: "Erik<17><BOT><TERRORIST>" purchased "ak47"
L 10/29/2016 - 17:24:38: "Erik<17><BOT><TERRORIST>" purchased "vesthelm"
L 10/29/2016 - 17:24:40: "ActionJeff<3><STEAM_1:1:79119><TERRORIST>" [1321 -243 -168] attacked "re1yt @LacledeLAN<6><STEAM_1:0:59627425><CT>" [1108 -1085 -264] with "ak47" (damage "17") (damage_armor "2") (health "23") (armor "59") (hitgroup "chest")
L 10/29/2016 - 17:24:40: "re1yt @LacledeLAN<6><STEAM_1:0:59627425><CT>" [1108 -1085 -264] attacked "Don<12><BOT><TERRORIST>" [1159 -301 -168] with "m4a1" (damage "88") (damage_armor "18") (health "12") (armor "81") (hitgroup "head")
L 10/29/2016 - 17:24:40: "ActionJeff<3><STEAM_1:1:79119><TERRORIST>" [1321 -243 -168] attacked "re1yt @LacledeLAN<6><STEAM_1:0:59627425><CT>" [1108 -1085 -264] with "ak47" (damage "21") (damage_armor "3") (health "2") (armor "55") (hitgroup "stomach")
L 10/29/2016 - 17:24:40: "ActionJeff<3><STEAM_1:1:79119><TERRORIST>" [1321 -243 -168] attacked "re1yt @LacledeLAN<6><STEAM_1:0:59627425><CT>" [1108 -1085 -264] with "ak47" (damage "17") (damage_armor "2") (health "0") (armor "52") (hitgroup "chest")
L 10/29/2016 - 17:24:40: "ActionJeff<3><STEAM_1:1:79119><TERRORIST>" [1321 -243 -168] killed "re1yt @LacledeLAN<6><STEAM_1:0:59627425><CT>" [1108 -1085 -200] with "ak47" (penetrated)
L 10/29/2016 - 17:24:46: "rhewn @ lan<9><STEAM_1:1:45804416><CT>" [849 -1145 -264] attacked "ActionJeff<3><STEAM_1:1:79119><TERRORIST>" [993 -1069 -228] with "hkp2000" (damage "25") (damage_armor "0") (health "6") (armor "100") (hitgroup "left leg")
L 10/29/2016 - 17:24:46: "rhewn @ lan<9><STEAM_1:1:45804416><CT>" [837 -1115 -264] attacked "ActionJeff<3><STEAM_1:1:79119><TERRORIST>" [899 -1074 -221] with "hkp2000" (damage "17") (damage_armor "8") (health "0") (armor "91") (hitgroup "right arm")
L 10/29/2016 - 17:24:46: "rhewn @ lan<9><STEAM_1:1:45804416><CT>" [837 -1115 -264] killed "ActionJeff<3><STEAM_1:1:79119><TERRORIST>" [899 -1074 -157] with "usp_silencer"
L 10/29/2016 - 17:24:47: "ActionJeff<3><STEAM_1:1:79119><TERRORIST>" purchased "ak47"
L 10/29/2016 - 17:24:47: "ActionJeff<3><STEAM_1:1:79119><TERRORIST>" purchased "vest"
L 10/29/2016 - 17:24:47: "ActionJeff<3><STEAM_1:1:79119><TERRORIST>" purchased "vesthelm"
L 10/29/2016 - 17:24:50: "ActionJeff<3><STEAM_1:1:79119><TERRORIST>" [1285 -313 -166] attacked "rhewn @ lan<9><STEAM_1:1:45804416><CT>" [1130 -962 -261] with "ak47" (damage "140") (damage_armor "0") (health "0") (armor "0") (hitgroup "head")
L 10/29/2016 - 17:24:50: "ActionJeff<3><STEAM_1:1:79119><TERRORIST>" [1285 -313 -166] killed "rhewn @ lan<9><STEAM_1:1:45804416><CT>" [1130 -962 -197] with "ak47" (headshot)
L 10/29/2016 - 17:25:05: "rhewn @ lan<9><STEAM_1:1:45804416><CT>" say ".unready"
L 10/29/2016 - 17:25:05: "Assorted Fruit<7><STEAM_1:0:14073921><CT>" purchased "vesthelm"
L 10/29/2016 - 17:25:05: "Assorted Fruit<7><STEAM_1:0:14073921><CT>" purchased "m4a1"
L 10/29/2016 - 17:25:05: "Assorted Fruit<7><STEAM_1:0:14073921><CT>" purchased "defuser"
L 10/29/2016 - 17:25:12: "Assorted Fruit<7><STEAM_1:0:14073921><CT>" [-1103 -2500 -168] attacked "Don<12><BOT><TERRORIST>" [-351 -2005 -176] with "m4a1" (damage "22") (damage_armor "4") (health "0") (armor "76") (hitgroup "right arm")
L 10/29/2016 - 17:25:12: "Assorted Fruit<7><STEAM_1:0:14073921><CT>" [-1103 -2500 -168] killed "Don<12><BOT><TERRORIST>" [-351 -2005 -112] with "m4a1_silencer"
L 10/29/2016 - 17:25:12: "Don<12><BOT><TERRORIST>" purchased "ak47"
L 10/29/2016 - 17:25:12: "Don<12><BOT><TERRORIST>" purchased "vesthelm"
L 10/29/2016 - 17:25:12: "Korn Husks @LacledesLAN<18><STEAM_1:0:55025489><>" connected, address ""
L 10/29/2016 - 17:25:13: "Korn Husks @LacledesLAN<18><STEAM_1:0:55025489><>" STEAM USERID validated
L 10/29/2016 - 17:25:15: "Assorted Fruit<7><STEAM_1:0:14073921><CT>" [-820 -2330 -173] attacked "ActionJeff<3><STEAM_1:1:79119><TERRORIST>" [-648 -1522 5] with "m4a1" (damage "22") (damage_armor "4") (health "78") (armor "95") (hitgroup "chest")
L 10/29/2016 - 17:25:17: "drew<13><STEAM_1:0:136455778>" switched from team <Unassigned> to <TERRORIST>
L 10/29/2016 - 17:25:17: "Erik<17><BOT><TERRORIST>" disconnected (reason "Kicked by Console")
L 10/29/2016 - 17:25:17: "Erik<17><BOT>" switched from team <TERRORIST> to <Unassigned>
L 10/29/2016 - 17:25:17: "drew<13><STEAM_1:0:136455778><TERRORIST>" triggered "clantag" (value "")
L 10/29/2016 - 17:25:19: "✪ JasmineG @Laceled'sLAN<10><STEAM_1:1:126911775><CT>" [-560 -1719 -178] attacked "Tmillz<14><STEAM_1:0:1129431><TERRORIST>" [-1123 -1382 -172] with "awp" (damage "113") (damage_armor "0") (health "0") (armor "0") (hitgroup "chest")
L 10/29/2016 - 17:25:19: "✪ JasmineG @Laceled'sLAN<10><STEAM_1:1:126911775><CT>" [-560 -1719 -178] killed "Tmillz<14><STEAM_1:0:1129431><TERRORIST>" [-1123 -1382 -108] with "awp"
L 10/29/2016 - 17:25:25: "re1yt @LacledeLAN<6><STEAM_1:0:59627425><CT>" purchased "ak47"
L 10/29/2016 - 17:25:25: "re1yt @LacledeLAN<6><STEAM_1:0:59627425><CT>" purchased "vesthelm"
L 10/29/2016 - 17:25:30: "✪ JasmineG @Laceled'sLAN<10><STEAM_1:1:126911775><CT>" [621 -1257 -254] attacked "Tmillz<14><STEAM_1:0:1129431><TERRORIST>" [1183 -1000 -262] with "awp" (damage "113") (damage_armor "0") (health "0") (armor "0") (hitgroup "chest")
L 10/29/2016 - 17:25:30: "✪ JasmineG @Laceled'sLAN<10><STEAM_1:1:126911775><CT>" [621 -1257 -254] killed "Tmillz<14><STEAM_1:0:1129431><TERRORIST>" [1183 -1000 -198] with "awp"
L 10/29/2016 - 17:25:32: "Assorted Fruit<7><STEAM_1:0:14073921><CT>" [113 -450 -144] attacked "Don<12><BOT><TERRORIST>" [172 -447 -167] with "knife" (damage "55") (damage_armor "4") (health "45") (armor "95") (hitgroup "generic")
L 10/29/2016 - 17:25:32: "Korn Husks @LacledesLAN<18><STEAM_1:0:55025489><>" entered the game
L 10/29/2016 - 17:25:34: "✪ JasmineG @Laceled'sLAN<10><STEAM_1:1:126911775><CT>" [1008 -1181 -257] attacked "drew<13><STEAM_1:0:136455778><TERRORIST>" [1327 -983 -168] with "awp" (damage "142") (damage_armor "0") (health "0") (armor "0") (hitgroup "stomach")
L 10/29/2016 - 17:25:34: "✪ JasmineG @Laceled'sLAN<10><STEAM_1:1:126911775><CT>" [1008 -1181 -257] killed "drew<13><STEAM_1:0:136455778><TERRORIST>" [1327 -983 -104] with "awp"
L 10/29/2016 - 17:25:35: "Don<12><BOT><TERRORIST>" [172 -447 -167] attacked "Assorted Fruit<7><STEAM_1:0:14073921><CT>" [17 -464 -176] with "ak47" (damage "27") (damage_armor "4") (health "73") (armor "95") (hitgroup "chest")
L 10/29/2016 - 17:25:35: "Don<12><BOT><TERRORIST>" [172 -447 -167] attacked "Assorted Fruit<7><STEAM_1:0:14073921><CT>" [24 -473 -175] with "ak47" (damage "26") (damage_armor "0") (health "47") (armor "95") (hitgroup "left leg")
L 10/29/2016 - 17:25:36: "✪ JasmineG @Laceled'sLAN<10><STEAM_1:1:126911775><CT>" [1111 -1071 -264] attacked "drew<13><STEAM_1:0:136455778><TERRORIST>" [1324 -329 -168] with "awp" (damage "113") (damage_armor "0") (health "0") (armor "0") (hitgroup "chest")
L 10/29/2016 - 17:25:36: "✪ JasmineG @Laceled'sLAN<10><STEAM_1:1:126911775><CT>" [1111 -1071 -264] killed "drew<13><STEAM_1:0:136455778><TERRORIST>" [1324 -329 -104] with "awp"
L 10/29/2016 - 17:25:36: "Assorted Fruit<7><STEAM_1:0:14073921><CT>" [118 -480 -172] attacked "Don<12><BOT><TERRORIST>" [172 -447 -167] with "knife" (damage "55") (damage_armor "4") (health "0") (armor "90") (hitgroup "generic")
L 10/29/2016 - 17:25:36: "Assorted Fruit<7><STEAM_1:0:14073921><CT>" [118 -480 -172] killed "Don<12><BOT><TERRORIST>" [172 -447 -103] with "knife_butterfly"
L 10/29/2016 - 17:25:36: "gooBz<4><STEAM_1:0:92625130><TERRORIST>" purchased "vesthelm"
L 10/29/2016 - 17:25:36: "gooBz<4><STEAM_1:0:92625130><TERRORIST>" purchased "m4a1"
L 10/29/2016 - 17:25:37: "Don<12><BOT><TERRORIST>" purchased "ak47"
L 10/29/2016 - 17:25:37: "Don<12><BOT><TERRORIST>" purchased "vesthelm"
L 10/29/2016 - 17:25:37: "Don<12><BOT><TERRORIST>" purchased "hegrenade"
L 10/29/2016 - 17:25:38: "Korn Husks @LacledesLAN<18><STEAM_1:0:55025489><Unassigned>" triggered "clantag" (value "")
L 10/29/2016 - 17:25:38: "✪ JasmineG @Laceled'sLAN<10><STEAM_1:1:126911775><CT>" [1088 -1091 -264] attacked "drew<13><STEAM_1:0:136455778><TERRORIST>" [1206 -248 -167] with "awp" (damage "141") (damage_armor "0") (health "0") (armor "0") (hitgroup "stomach")
L 10/29/2016 - 17:25:38: "✪ JasmineG @Laceled'sLAN<10><STEAM_1:1:126911775><CT>" [1088 -1091 -264] killed "drew<13><STEAM_1:0:136455778><TERRORIST>" [1206 -248 -103] with "awp"
L 10/29/2016 - 17:25:40: "✪ JasmineG @Laceled'sLAN<10><STEAM_1:1:126911775><CT>" [1106 -1105 -264] attacked "drew<13><STEAM_1:0:136455778><TERRORIST>" [1223 11 -130] with "awp" (damage "84") (damage_armor "0") (health "16") (armor "0") (hitgroup "left leg")
L 10/29/2016 - 17:25:40: "gooBz<4><STEAM_1:0:92625130><TERRORIST>" [1213 -347 -166] attacked "✪ JasmineG @Laceled'sLAN<10><STEAM_1:1:126911775><CT>" [1106 -1105 -264] with "ak47" (damage "33") (damage_armor "4") (health "67") (armor "95") (hitgroup "stomach")
L 10/29/2016 - 17:25:40: "gooBz<4><STEAM_1:0:92625130><TERRORIST>" [1213 -347 -166] attacked "✪ JasmineG @Laceled'sLAN<10><STEAM_1:1:126911775><CT>" [1103 -1105 -264] with "ak47" (damage "33") (damage_armor "4") (health "34") (armor "90") (hitgroup "stomach")
L 10/29/2016 - 17:25:40: "gooBz<4><STEAM_1:0:92625130><TERRORIST>" [1213 -347 -166] attacked "✪ JasmineG @Laceled'sLAN<10><STEAM_1:1:126911775><CT>" [1093 -1104 -264] with "ak47" (damage "33") (damage_armor "4") (health "1") (armor "85") (hitgroup "stomach")
L 10/29/2016 - 17:25:41: "Korn Husks @LacledesLAN<18><STEAM_1:0:55025489>" switched from team <Unassigned> to <TERRORIST>
L 10/29/2016 - 17:25:41: "Don<12><BOT><TERRORIST>" disconnected (reason "Kicked by Console")
L 10/29/2016 - 17:25:41: "Don<12><BOT>" switched from team <TERRORIST> to <Unassigned>
L 10/29/2016 - 17:25:41: "Korn Husks @LacledesLAN<18><STEAM_1:0:55025489><TERRORIST>" triggered "clantag" (value "")
L 10/29/2016 - 17:25:42: "drew<13><STEAM_1:0:136455778><TERRORIST>" disconnected (reason "Disconnect")
L 10/29/2016 - 17:25:42: "drew<13><STEAM_1:0:136455778>" switched from team <TERRORIST> to <Unassigned>
L 10/29/2016 - 17:25:43: "gooBz<4><STEAM_1:0:92625130><TERRORIST>" [1336 -458 -168] attacked "✪ JasmineG @Laceled'sLAN<10><STEAM_1:1:126911775><CT>" [1022 -1132 -264] with "ak47" (damage "33") (damage_armor "4") (health "0") (armor "80") (hitgroup "stomach")
L 10/29/2016 - 17:25:43: "gooBz<4><STEAM_1:0:92625130><TERRORIST>" [1336 -458 -168] killed "✪ JasmineG @Laceled'sLAN<10><STEAM_1:1:126911775><CT>" [1022 -1132 -200] with "ak47"
L 10/29/2016 - 17:25:44: "Korn Husks @LacledesLAN<18><STEAM_1:0:55025489><TERRORIST>" purchased "ak47"
L 10/29/2016 - 17:25:51: "re1yt @LacledeLAN<6><STEAM_1:0:59627425><CT>" [-499 -1617 -40] attacked "gooBz<4><STEAM_1:0:92625130><TERRORIST>" [437 -1606 -230] with "m4a1" (damage "21") (damage_armor "4") (health "49") (armor "95") (hitgroup "right arm")
L 10/29/2016 - 17:25:52: "re1yt @LacledeLAN<6><STEAM_1:0:59627425><CT>" [-500 -1559 -40] attacked "gooBz<4><STEAM_1:0:92625130><TERRORIST>" [360 -1595 -192] with "m4a1" (damage "21") (damage_armor "4") (health "28") (armor "90") (hitgroup "right arm")
L 10/29/2016 - 17:25:52: "re1yt @LacledeLAN<6><STEAM_1:0:59627425><CT>" [-500 -1559 -40] attacked "gooBz<4><STEAM_1:0:92625130><TERRORIST>" [349 -1597 -186] with "m4a1" (damage "21") (damage_armor "4") (health "7") (armor "85") (hitgroup "chest")
L 10/29/2016 - 17:25:52: "re1yt @LacledeLAN<6><STEAM_1:0:59627425><CT>" [-500 -1559 -40] attacked "gooBz<4><STEAM_1:0:92625130><TERRORIST>" [344 -1595 -184] with "m4a1" (damage "21") (damage_armor "4") (health "0") (armor "80") (hitgroup "right arm")
L 10/29/2016 - 17:25:52: "re1yt @LacledeLAN<6><STEAM_1:0:59627425><CT>" [-500 -1559 -40] killed "gooBz<4><STEAM_1:0:92625130><TERRORIST>" [344 -1595 -120] with "m4a1"
L 10/29/2016 - 17:25:54: "re1yt @LacledeLAN<6><STEAM_1:0:59627425><CT>" [-465 -1580 -40] attacked "Korn Husks @LacledesLAN<18><STEAM_1:0:55025489><TERRORIST>" [619 -1585 -264] with "m4a1" (damage "58") (damage_armor "0") (health "42") (armor "0") (hitgroup "head")
L 10/29/2016 - 17:25:55: "Korn Husks @LacledesLAN<18><STEAM_1:0:55025489><TERRORIST>" [579 -1616 -264] attacked "re1yt @LacledeLAN<6><STEAM_1:0:59627425><CT>" [-465 -1582 -40] with "ak47" (damage "8") (damage_armor "1") (health "92") (armor "98") (hitgroup "chest")
L 10/29/2016 - 17:25:55: "re1yt @LacledeLAN<6><STEAM_1:0:59627425><CT>" [-465 -1580 -40] attacked "Korn Husks @LacledesLAN<18><STEAM_1:0:55025489><TERRORIST>" [579 -1616 -264] with "m4a1" (damage "30") (damage_armor "0") (health "12") (armor "0") (hitgroup "right arm")
L 10/29/2016 - 17:25:58: "Korn Husks @LacledesLAN<18><STEAM_1:0:55025489><TERRORIST>" [579 -1611 -264] attacked "re1yt @LacledeLAN<6><STEAM_1:0:59627425><CT>" [-463 -1538 -40] with "ak47" (damage "106") (damage_armor "15") (health "0") (armor "82") (hitgroup "head")
L 10/29/2016 - 17:25:58: "Korn Husks @LacledesLAN<18><STEAM_1:0:55025489><TERRORIST>" [579 -1611 -264] killed "re1yt @LacledeLAN<6><STEAM_1:0:59627425><CT>" [-463 -1538 24] with "ak47" (headshot)
L 10/29/2016 - 17:25:59: "re1yt @LacledeLAN<6><STEAM_1:0:59627425><CT>" purchased "ak47"
L 10/29/2016 - 17:25:59: "re1yt @LacledeLAN<6><STEAM_1:0:59627425><CT>" purchased "vesthelm"
L 10/29/2016 - 17:26:01: "gooBz<4><STEAM_1:0:92625130><TERRORIST>" purchased "vesthelm"
L 10/29/2016 - 17:26:01: "gooBz<4><STEAM_1:0:92625130><TERRORIST>" purchased "m4a1"
L 10/29/2016 - 17:26:02: "✪ JasmineG @Laceled'sLAN<10><STEAM_1:1:126911775><CT>" purchased "awp"
L 10/29/2016 - 17:26:02: "✪ JasmineG @Laceled'sLAN<10><STEAM_1:1:126911775><CT>" purchased "vesthelm"
L 10/29/2016 - 17:26:02: "Korn Husks @LacledesLAN<18><STEAM_1:0:55025489><TERRORIST>" [172 -1519 -176] attacked "Assorted Fruit<7><STEAM_1:0:14073921><CT>" [-494 -2208 -179] with "ak47" (damage "15") (damage_armor "2") (health "32") (armor "92") (hitgroup "chest")
L 10/29/2016 - 17:26:02: "Korn Husks @LacledesLAN<18><STEAM_1:0:55025489><TERRORIST>" [176 -1521 -176] attacked "Assorted Fruit<7><STEAM_1:0:14073921><CT>" [-494 -2208 -179] with "ak47" (damage "33") (damage_armor "4") (health "0") (armor "87") (hitgroup "stomach")
L 10/29/2016 - 17:26:02: "Korn Husks @LacledesLAN<18><STEAM_1:0:55025489><TERRORIST>" [176 -1521 -176] killed "Assorted Fruit<7><STEAM_1:0:14073921><CT>" [-494 -2208 -115] with "ak47"
L 10/29/2016 - 17:26:03: "re1yt @LacledeLAN<6><STEAM_1:0:59627425><CT>" [-784 -2303 -178] attacked "Korn Husks @LacledesLAN<18><STEAM_1:0:55025489><TERRORIST>" [166 -1596 -172] with "m4a1" (damage "122") (damage_armor "0") (health "0") (armor "0") (hitgroup "head")
L 10/29/2016 - 17:26:03: "re1yt @LacledeLAN<6><STEAM_1:0:59627425><CT>" [-784 -2303 -178] killed "Korn Husks @LacledesLAN<18><STEAM_1:0:55025489><TERRORIST>" [166 -1596 -108] with "m4a1" (headshot)
L 10/29/2016 - 17:26:06: "Korn Husks @LacledesLAN<18><STEAM_1:0:55025489><TERRORIST>" purchased "ak47"
L 10/29/2016 - 17:26:12: "gooBz<4><STEAM_1:0:92625130><TERRORIST>" [210 -1499 -176] attacked "✪ JasmineG @Laceled'sLAN<10><STEAM_1:1:126911775><CT>" [-916 -2504 -36] with "ak47" (damage "105") (damage_armor "15") (health "0") (armor "84") (hitgroup "head")
L 10/29/2016 - 17:26:12: "gooBz<4><STEAM_1:0:92625130><TERRORIST>" [210 -1499 -176] killed "✪ JasmineG @Laceled'sLAN<10><STEAM_1:1:126911775><CT>" [-916 -2504 10] with "ak47" (headshot)
L 10/29/2016 - 17:26:16: "✪ JasmineG @Laceled'sLAN<10><STEAM_1:1:126911775><CT>" purchased "awp"
L 10/29/2016 - 17:26:17: "✪ JasmineG @Laceled'sLAN<10><STEAM_1:1:126911775><CT>" purchased "vesthelm"
L 10/29/2016 - 17:26:18: "re1yt @LacledeLAN<6><STEAM_1:0:59627425><CT>" [-642 -1696 -175] attacked "gooBz<4><STEAM_1:0:92625130><TERRORIST>" [-365 -1663 -168] with "m4a1" (damage "22") (damage_armor "4") (health "78") (armor "95") (hitgroup "chest")
L 10/29/2016 - 17:26:18: "re1yt @LacledeLAN<6><STEAM_1:0:59627425><CT>" [-642 -1696 -175] attacked "gooBz<4><STEAM_1:0:92625130><TERRORIST>" [-376 -1669 -168] with "m4a1" (damage "22") (damage_armor "4") (health "56") (armor "90") (hitgroup "chest")
L 10/29/2016 - 17:26:18: "re1yt @LacledeLAN<6><STEAM_1:0:59627425><CT>" [-642 -1696 -175] attacked "gooBz<4><STEAM_1:0:92625130><TERRORIST>" [-382 -1669 -168] with "m4a1" (damage "22") (damage_armor "4") (health "34") (armor "85") (hitgroup "chest")
L 10/29/2016 - 17:26:18: "re1yt @LacledeLAN<6><STEAM_1:0:59627425><CT>" [-642 -1696 -175] attacked "gooBz<4><STEAM_1:0:92625130><TERRORIST>" [-387 -1669 -168] with "m4a1" (damage "22") (damage_armor "4") (health "12") (armor "80") (hitgroup "chest")
L 10/29/2016 - 17:26:18: "re1yt @LacledeLAN<6><STEAM_1:0:59627425><CT>" [-642 -1696 -175] attacked "gooBz<4><STEAM_1:0:92625130><TERRORIST>" [-391 -1672 -168] with "m4a1" (damage "22") (damage_armor "4") (health "0") (armor "75") (hitgroup "chest")
L 10/29/2016 - 17:26:18: "re1yt @LacledeLAN<6><STEAM_1:0:59627425><CT>" [-642 -1696 -175] killed "gooBz<4><STEAM_1:0:92625130><TERRORIST>" [-391 -1672 -104] with "m4a1"
L 10/29/2016 - 17:26:19: "re1yt @LacledeLAN<6><STEAM_1:0:59627425><CT>" [-633 -1717 -177] attacked "Korn Husks @LacledesLAN<18><STEAM_1:0:55025489><TERRORIST>" [297 -1571 -176] with "m4a1" (damage "31") (damage_armor "0") (health "69") (armor "0") (hitgroup "chest")
L 10/29/2016 - 17:26:19: "re1yt @LacledeLAN<6><STEAM_1:0:59627425><CT>" [-633 -1717 -177] attacked "Korn Husks @LacledesLAN<18><STEAM_1:0:55025489><TERRORIST>" [297 -1571 -176] with "m4a1" (damage "124") (damage_armor "0") (health "0") (armor "0") (hitgroup "head")
L 10/29/2016 - 17:26:19: "re1yt @LacledeLAN<6><STEAM_1:0:59627425><CT>" [-633 -1717 -177] killed "Korn Husks @LacledesLAN<18><STEAM_1:0:55025489><TERRORIST>" [297 -1571 -112] with "m4a1" (headshot)
L 10/29/2016 - 17:26:20: "Assorted Fruit<7><STEAM_1:0:14073921><CT>" changed name to "Fruit @LacledesLAN"
L 10/29/2016 - 17:26:20: "gooBz<4><STEAM_1:0:92625130><TERRORIST>" purchased "vesthelm"
L 10/29/2016 - 17:26:20: "gooBz<4><STEAM_1:0:92625130><TERRORIST>" purchased "m4a1"
L 10/29/2016 - 17:26:25: "Korn Husks @LacledesLAN<18><STEAM_1:0:55025489><TERRORIST>" purchased "ak47"
L 10/29/2016 - 17:26:29: "gooBz<4><STEAM_1:0:92625130><TERRORIST>" [111 -1445 -176] attacked "re1yt @LacledeLAN<6><STEAM_1:0:59627425><CT>" [182 -1720 -168] with "ak47" (damage "34") (damage_armor "5") (health "66") (armor "94") (hitgroup "stomach")
L 10/29/2016 - 17:26:29: "gooBz<4><STEAM_1:0:92625130><TERRORIST>" [108 -1446 -176] attacked "re1yt @LacledeLAN<6><STEAM_1:0:59627425><CT>" [182 -1720 -168] with "ak47" (damage "27") (damage_armor "4") (health "39") (armor "89") (hitgroup "chest")
L 10/29/2016 - 17:26:30: "gooBz<4><STEAM_1:0:92625130><TERRORIST>" [105 -1447 -176] attacked "re1yt @LacledeLAN<6><STEAM_1:0:59627425><CT>" [182 -1720 -168] with "ak47" (damage "27") (damage_armor "4") (health "12") (armor "84") (hitgroup "chest")
L 10/29/2016 - 17:26:30: "gooBz<4><STEAM_1:0:92625130><TERRORIST>" [105 -1447 -176] attacked "re1yt @LacledeLAN<6><STEAM_1:0:59627425><CT>" [182 -1720 -168] with "ak47" (damage "110") (damage_armor "16") (health "0") (armor "67") (hitgroup "head")
L 10/29/2016 - 17:26:30: "gooBz<4><STEAM_1:0:92625130><TERRORIST>" [105 -1447 -176] killed "re1yt @LacledeLAN<6><STEAM_1:0:59627425><CT>" [182 -1720 -104] with "ak47" (headshot)
L 10/29/2016 - 17:26:30: "Fruit @LacledesLAN<7><STEAM_1:0:14073921><CT>" [-380 -1974 -177] attacked "gooBz<4><STEAM_1:0:92625130><TERRORIST>" [105 -1447 -176] with "hkp2000" (damage "61") (damage_armor "30") (health "39") (armor "69") (hitgroup "head")
L 10/29/2016 - 17:26:32: "gooBz<4><STEAM_1:0:92625130><TERRORIST>" [8 -1452 -170] attacked "Fruit @LacledesLAN<7><STEAM_1:0:14073921><CT>" [-387 -1969 -177] with "ak47" (damage "26") (damage_armor "0") (health "74") (armor "0") (hitgroup "right leg")
L 10/29/2016 - 17:26:32: "gooBz<4><STEAM_1:0:92625130><TERRORIST>" [8 -1452 -170] attacked "Fruit @LacledesLAN<7><STEAM_1:0:14073921><CT>" [-389 -1967 -178] with "ak47" (damage "35") (damage_armor "0") (health "39") (armor "0") (hitgroup "right arm")
L 10/29/2016 - 17:26:32: "Fruit @LacledesLAN<7><STEAM_1:0:14073921><CT>" [-389 -1967 -178] attacked "gooBz<4><STEAM_1:0:92625130><TERRORIST>" [8 -1452 -170] with "hkp2000" (damage "15") (damage_armor "7") (health "24") (armor "61") (hitgroup "chest")
L 10/29/2016 - 17:26:32: "Fruit @LacledesLAN<7><STEAM_1:0:14073921><CT>" [-389 -1967 -178] attacked "gooBz<4><STEAM_1:0:92625130><TERRORIST>" [8 -1452 -170] with "hkp2000" (damage "1") (damage_armor "0") (health "23") (armor "60") (hitgroup "chest")
L 10/29/2016 - 17:26:32: "Fruit @LacledesLAN<7><STEAM_1:0:14073921><CT>" [-389 -1967 -178] attacked "gooBz<4><STEAM_1:0:92625130><TERRORIST>" [8 -1452 -170] with "hkp2000" (damage "15") (damage_armor "7") (health "8") (armor "52") (hitgroup "chest")
L 10/29/2016 - 17:26:34: "gooBz<4><STEAM_1:0:92625130><TERRORIST>" [31 -1597 -172] attacked "Fruit @LacledesLAN<7><STEAM_1:0:14073921><CT>" [-549 -1762 -180] with "ak47" (damage "43") (damage_armor "0") (health "0") (armor "0") (hitgroup "stomach")
L 10/29/2016 - 17:26:34: "gooBz<4><STEAM_1:0:92625130><TERRORIST>" [31 -1597 -172] killed "Fruit @LacledesLAN<7><STEAM_1:0:14073921><CT>" [-549 -1762 -116] with "ak47"
L 10/29/2016 - 17:26:37: "Fruit @LacledesLAN<7><STEAM_1:0:14073921><CT>" purchased "deagle"
L 10/29/2016 - 17:26:38: "Fruit @LacledesLAN<7><STEAM_1:0:14073921><CT>" purchased "assaultsuit"
L 10/29/2016 - 17:26:42: "gooBz<4><STEAM_1:0:92625130><TERRORIST>" [-947 -2392 -168] attacked "Fruit @LacledesLAN<7><STEAM_1:0:14073921><CT>" [-1319 -2330 -209] with "ak47" (damage "34") (damage_armor "4") (health "66") (armor "95") (hitgroup "stomach")
L 10/29/2016 - 17:26:42: "gooBz<4><STEAM_1:0:92625130><TERRORIST>" [-948 -2388 -168] attacked "Fruit @LacledesLAN<7><STEAM_1:0:14073921><CT>" [-1298 -2336 -183] with "ak47" (damage "26") (damage_armor "0") (health "40") (armor "95") (hitgroup "left leg")
L 10/29/2016 - 17:26:43: "gooBz<4><STEAM_1:0:92625130><TERRORIST>" [-949 -2387 -168] attacked "Fruit @LacledesLAN<7><STEAM_1:0:14073921><CT>" [-1236 -2355 -153] with "ak47" (damage "34") (damage_armor "5") (health "6") (armor "89") (hitgroup "stomach")
L 10/29/2016 - 17:26:43: "gooBz<4><STEAM_1:0:92625130><TERRORIST>" [-949 -2387 -168] attacked "Fruit @LacledesLAN<7><STEAM_1:0:14073921><CT>" [-1208 -2363 -163] with "ak47" (damage "110") (damage_armor "16") (health "0") (armor "72") (hitgroup "head")
L 10/29/2016 - 17:26:43: "gooBz<4><STEAM_1:0:92625130><TERRORIST>" [-949 -2387 -168] killed "Fruit @LacledesLAN<7><STEAM_1:0:14073921><CT>" [-1208 -2363 -99] with "ak47" (headshot)
L 10/29/2016 - 17:26:45: "gooBz<4><STEAM_1:0:92625130><TERRORIST>" [-1357 -2354 -215] attacked "Fruit @LacledesLAN<7><STEAM_1:0:14073921><CT>" [-1603 -1986 -268] with "ak47" (damage "44") (damage_armor "0") (health "56") (armor "0") (hitgroup "stomach")
L 10/29/2016 - 17:26:46: "gooBz<4><STEAM_1:0:92625130><TERRORIST>" [-1358 -2348 -216] attacked "Fruit @LacledesLAN<7><STEAM_1:0:14073921><CT>" [-1603 -1986 -268] with "ak47" (damage "44") (damage_armor "0") (health "12") (armor "0") (hitgroup "stomach")
L 10/29/2016 - 17:26:46: "gooBz<4><STEAM_1:0:92625130><TERRORIST>" [-1358 -2345 -216] attacked "Fruit @LacledesLAN<7><STEAM_1:0:14073921><CT>" [-1603 -1986 -268] with "ak47" (damage "26") (damage_armor "0") (health "0") (armor "0") (hitgroup "left leg")
L 10/29/2016 - 17:26:46: "gooBz<4><STEAM_1:0:92625130><TERRORIST>" [-1358 -2345 -216] killed "Fruit @LacledesLAN<7><STEAM_1:0:14073921><CT>" [-1603 -1986 -204] with "ak47"
L 10/29/2016 - 17:26:46: "re1yt @LacledeLAN<6><STEAM_1:0:59627425><CT>" [-1976 -1812 -288] attacked "gooBz<4><STEAM_1:0:92625130><TERRORIST>" [-1358 -2346 -216] with "hkp2000" (damage "15") (damage_armor "7") (health "0") (armor "44") (hitgroup "chest")
L 10/29/2016 - 17:26:46: "re1yt @LacledeLAN<6><STEAM_1:0:59627425><CT>" [-1976 -1812 -288] killed "gooBz<4><STEAM_1:0:92625130><TERRORIST>" [-1358 -2346 -152] with "usp_silencer"
L 10/29/2016 - 17:26:48: "Fruit @LacledesLAN<7><STEAM_1:0:14073921><CT>" purchased "deagle"
L 10/29/2016 - 17:26:49: "✪ JasmineG @Laceled'sLAN<10><STEAM_1:1:126911775><CT>" [1211 290 -211] attacked "gooBz<4><STEAM_1:0:92625130><TERRORIST>" [1296 32 -168] with "awp" (damage "457") (damage_armor "0") (health "0") (armor "0") (hitgroup "head")
L 10/29/2016 - 17:26:49: "✪ JasmineG @Laceled'sLAN<10><STEAM_1:1:126911775><CT>" [1211 290 -211] killed "gooBz<4><STEAM_1:0:92625130><TERRORIST>" [1296 32 -104] with "awp" (headshot)
L 10/29/2016 - 17:26:53: "Korn Husks @LacledesLAN<18><STEAM_1:0:55025489><TERRORIST>" [116 -1695 -168] attacked "Fruit @LacledesLAN<7><STEAM_1:0:14073921><CT>" [-986 -2419 -168] with "ak47" (damage "34") (damage_armor "0") (health "66") (armor "0") (hitgroup "chest")
L 10/29/2016 - 17:26:53: "Korn Husks @LacledesLAN<18><STEAM_1:0:55025489><TERRORIST>" [115 -1694 -168] attacked "Fruit @LacledesLAN<7><STEAM_1:0:14073921><CT>" [-981 -2415 -168] with "ak47" (damage "34") (damage_armor "0") (health "32") (armor "0") (hitgroup "chest")
L 10/29/2016 - 17:26:56: "Korn Husks @LacledesLAN<18><STEAM_1:0:55025489><TERRORIST>" [103 -1676 -168] attacked "Fruit @LacledesLAN<7><STEAM_1:0:14073921><CT>" [-977 -2395 -168] with "ak47" (damage "136") (damage_armor "0") (health "0") (armor "0") (hitgroup "head")
L 10/29/2016 - 17:26:56: "Korn Husks @LacledesLAN<18><STEAM_1:0:55025489><TERRORIST>" [103 -1676 -168] killed "Fruit @LacledesLAN<7><STEAM_1:0:14073921><CT>" [-977 -2395 -104] with "ak47" (headshot)
L 10/29/2016 - 17:26:57: "re1yt @LacledeLAN<6><STEAM_1:0:59627425><CT>" say "the person just disapears lol"
L 10/29/2016 - 17:26:59: "re1yt @LacledeLAN<6><STEAM_1:0:59627425><CT>" purchased "awp"
L 10/29/2016 - 17:26:59: "re1yt @LacledeLAN<6><STEAM_1:0:59627425><CT>" purchased "vesthelm"
L 10/29/2016 - 17:27:00: "✪ JasmineG @Laceled'sLAN<10><STEAM_1:1:126911775><CT>" [1278 -379 -164] attacked "gooBz<4><STEAM_1:0:92625130><TERRORIST>" [1249 -414 -164] with "knife" (damage "180") (damage_armor "0") (health "0") (armor "0") (hitgroup "generic")
L 10/29/2016 - 17:27:00: "✪ JasmineG @Laceled'sLAN<10><STEAM_1:1:126911775><CT>" [1278 -379 -164] killed "gooBz<4><STEAM_1:0:92625130><TERRORIST>" [1249 -414 -100] with "knife_survival_bowie"
L 10/29/2016 - 17:27:02: "gooBz<4><STEAM_1:0:92625130><TERRORIST>" purchased "vesthelm"
L 10/29/2016 - 17:27:02: "gooBz<4><STEAM_1:0:92625130><TERRORIST>" purchased "m4a1"
L 10/29/2016 - 17:27:02: "✪ JasmineG @Laceled'sLAN<10><STEAM_1:1:126911775><CT>" [1179 -87 -166] attacked "gooBz<4><STEAM_1:0:92625130><TERRORIST>" [1218 -68 -164] with "knife" (damage "55") (damage_armor "4") (health "45") (armor "95") (hitgroup "generic")
L 10/29/2016 - 17:27:03: "gooBz<4><STEAM_1:0:92625130><TERRORIST>" [1231 -0 -166] attacked "✪ JasmineG @Laceled'sLAN<10><STEAM_1:1:126911775><CT>" [1294 -93 -168] with "ak47" (damage "34") (damage_armor "5") (health "66") (armor "94") (hitgroup "stomach")
L 10/29/2016 - 17:27:03: "gooBz<4><STEAM_1:0:92625130><TERRORIST>" [1236 11 -168] attacked "✪ JasmineG @Laceled'sLAN<10><STEAM_1:1:126911775><CT>" [1305 -81 -168] with "ak47" (damage "34") (damage_armor "5") (health "32") (armor "88") (hitgroup "stomach")
L 10/29/2016 - 17:27:03: "gooBz<4><STEAM_1:0:92625130><TERRORIST>" [1241 24 -168] attacked "✪ JasmineG @Laceled'sLAN<10><STEAM_1:1:126911775><CT>" [1306 -72 -168] with "ak47" (damage "34") (damage_armor "5") (health "0") (armor "82") (hitgroup "stomach")
L 10/29/2016 - 17:27:03: "gooBz<4><STEAM_1:0:92625130><TERRORIST>" [1241 24 -168] killed "✪ JasmineG @Laceled'sLAN<10><STEAM_1:1:126911775><CT>" [1306 -72 -104] with "ak47"
L 10/29/2016 - 17:27:05: "✪ JasmineG @Laceled'sLAN<10><STEAM_1:1:126911775><CT>" purchased "awp"
L 10/29/2016 - 17:27:05: "✪ JasmineG @Laceled'sLAN<10><STEAM_1:1:126911775><CT>" purchased "vesthelm"
L 10/29/2016 - 17:27:06: "Korn Husks @LacledesLAN<18><STEAM_1:0:55025489><TERRORIST>" [-149 -2196 -168] attacked "re1yt @LacledeLAN<6><STEAM_1:0:59627425><CT>" [-1170 -2434 -172] with "ak47" (damage "26") (damage_armor "3") (health "74") (armor "96") (hitgroup "chest")
L 10/29/2016 - 17:27:06: "Korn Husks @LacledesLAN<18><STEAM_1:0:55025489><TERRORIST>" [-149 -2197 -168] attacked "re1yt @LacledeLAN<6><STEAM_1:0:59627425><CT>" [-1170 -2434 -172] with "ak47" (damage "26") (damage_armor "3") (health "48") (armor "92") (hitgroup "chest")
L 10/29/2016 - 17:27:06: "Fruit @LacledesLAN<7><STEAM_1:0:14073921><CT>" purchased "deagle"
L 10/29/2016 - 17:27:06: "Korn Husks @LacledesLAN<18><STEAM_1:0:55025489><TERRORIST>" [-149 -2197 -168] attacked "re1yt @LacledeLAN<6><STEAM_1:0:59627425><CT>" [-1170 -2434 -172] with "ak47" (damage "33") (damage_armor "4") (health "15") (armor "87") (hitgroup "stomach")
L 10/29/2016 - 17:27:06: "Korn Husks @LacledesLAN<18><STEAM_1:0:55025489><TERRORIST>" [-149 -2197 -168] attacked "re1yt @LacledeLAN<6><STEAM_1:0:59627425><CT>" [-1169 -2441 -172] with "ak47" (damage "33") (damage_armor "4") (health "0") (armor "82") (hitgroup "stomach")
L 10/29/2016 - 17:27:06: "Korn Husks @LacledesLAN<18><STEAM_1:0:55025489><TERRORIST>" [-149 -2197 -168] killed "re1yt @LacledeLAN<6><STEAM_1:0:59627425><CT>" [-1169 -2441 -108] with "ak47"
L 10/29/2016 - 17:27:07: "Fruit @LacledesLAN<7><STEAM_1:0:14073921><CT>" purchased "assaultsuit"
L 10/29/2016 - 17:27:08: "re1yt @LacledeLAN<6><STEAM_1:0:59627425><CT>" purchased "awp"
L 10/29/2016 - 17:27:08: "re1yt @LacledeLAN<6><STEAM_1:0:59627425><CT>" purchased "vesthelm"
L 10/29/2016 - 17:27:13: "DEDREW @LacledesLAN<19><STEAM_1:1:81399026><>" connected, address ""
L 10/29/2016 - 17:27:13: "DEDREW @LacledesLAN<19><STEAM_1:1:81399026><>" STEAM USERID validated
L 10/29/2016 - 17:27:14: "Korn Husks @LacledesLAN<18><STEAM_1:0:55025489><TERRORIST>" [-148 -2191 -168] attacked "✪ JasmineG @Laceled'sLAN<10><STEAM_1:1:126911775><CT>" [-1303 -2468 -196] with "ak47" (damage "33") (damage_armor "4") (health "67") (armor "95") (hitgroup "stomach")
L 10/29/2016 - 17:27:14: "Korn Husks @LacledesLAN<18><STEAM_1:0:55025489><TERRORIST>" [-147 -2192 -168] attacked "✪ JasmineG @Laceled'sLAN<10><STEAM_1:1:126911775><CT>" [-1297 -2470 -195] with "ak47" (damage "26") (damage_armor "3") (health "41") (armor "91") (hitgroup "chest")
L 10/29/2016 - 17:27:15: "Korn Husks @LacledesLAN<18><STEAM_1:0:55025489><TERRORIST>" [-147 -2194 -168] attacked "✪ JasmineG @Laceled'sLAN<10><STEAM_1:1:126911775><CT>" [-1296 -2470 -195] with "ak47" (damage "26") (damage_armor "3") (health "15") (armor "87") (hitgroup "chest")
L 10/29/2016 - 17:27:15: "Korn Husks @LacledesLAN<18><STEAM_1:0:55025489><TERRORIST>" [-151 -2173 -168] attacked "✪ JasmineG @Laceled'sLAN<10><STEAM_1:1:126911775><CT>" [-1318 -2421 -203] with "ak47" (damage "26") (damage_armor "3") (health "0") (armor "83") (hitgroup "right arm")
L 10/29/2016 - 17:27:15: "Korn Husks @LacledesLAN<18><STEAM_1:0:55025489><TERRORIST>" [-151 -2173 -168] killed "✪ JasmineG @Laceled'sLAN<10><STEAM_1:1:126911775><CT>" [-1318 -2421 -139] with "ak47"
L 10/29/2016 - 17:27:16: "re1yt @LacledeLAN<6><STEAM_1:0:59627425><CT>" [-1347 -2373 -212] attacked "Korn Husks @LacledesLAN<18><STEAM_1:0:55025489><TERRORIST>" [-151 -2172 -168] with "awp" (damage "47") (damage_armor "0") (health "53") (armor "0") (hitgroup "chest")
L 10/29/2016 - 17:27:17: "✪ JasmineG @Laceled'sLAN<10><STEAM_1:1:126911775><CT>" purchased "awp"
L 10/29/2016 - 17:27:18: "re1yt @LacledeLAN<6><STEAM_1:0:59627425><CT>" [-1298 -2364 -203] attacked "Korn Husks @LacledesLAN<18><STEAM_1:0:55025489><TERRORIST>" [-144 -2217 -168] with "awp" (damage "112") (damage_armor "0") (health "0") (armor "0") (hitgroup "left arm")
L 10/29/2016 - 17:27:18: "re1yt @LacledeLAN<6><STEAM_1:0:59627425><CT>" [-1298 -2364 -203] killed "Korn Husks @LacledesLAN<18><STEAM_1:0:55025489><TERRORIST>" [-144 -2217 -104] with "awp"
L 10/29/2016 - 17:27:18: "✪ JasmineG @Laceled'sLAN<10><STEAM_1:1:126911775><CT>" purchased "vest"
L 10/29/2016 - 17:27:18: "✪ JasmineG @Laceled'sLAN<10><STEAM_1:1:126911775><CT>" purchased "vesthelm"
L 10/29/2016 - 17:27:19: "DEDREW @LacledesLAN<19><STEAM_1:1:81399026><>" entered the game
L 10/29/2016 - 17:27:19: "Korn Husks @LacledesLAN<18><STEAM_1:0:55025489><TERRORIST>" purchased "awp"
L 10/29/2016 - 17:27:22: "DEDREW @LacledesLAN<19><STEAM_1:1:81399026><Unassigned>" triggered "clantag" (value "")
L 10/29/2016 - 17:27:24: "DEDREW @LacledesLAN<19><STEAM_1:1:81399026>" switched from team <Unassigned> to <TERRORIST>
L 10/29/2016 - 17:27:24: "DEDREW @LacledesLAN<19><STEAM_1:1:81399026><TERRORIST>" triggered "clantag" (value "")
L 10/29/2016 - 17:27:27: "✪ JasmineG @Laceled'sLAN<10><STEAM_1:1:126911775><CT>" [-717 -1912 -180] attacked "Tmillz<14><STEAM_1:0:1129431><TERRORIST>" [-667 -1904 -180] with "knife" (damage "39") (damage_armor "0") (health "61") (armor "0") (hitgroup "generic")
L 10/29/2016 - 17:27:28: "✪ JasmineG @Laceled'sLAN<10><STEAM_1:1:126911775><CT>" [-727 -1894 -180] attacked "Tmillz<14><STEAM_1:0:1129431><TERRORIST>" [-695 -1872 -132] with "knife" (damage "25") (damage_armor "0") (health "36") (armor "0") (hitgroup "generic")
L 10/29/2016 - 17:27:28: "Fruit @LacledesLAN<7><STEAM_1:0:14073921><CT>" [-801 -2392 -172] attacked "Tmillz<14><STEAM_1:0:1129431><TERRORIST>" [-695 -1872 -138] with "deagle" (damage "63") (damage_armor "0") (health "0") (armor "0") (hitgroup "stomach")
L 10/29/2016 - 17:27:28: "Fruit @LacledesLAN<7><STEAM_1:0:14073921><CT>" [-801 -2392 -172] killed "Tmillz<14><STEAM_1:0:1129431><TERRORIST>" [-695 -1872 -74] with "deagle"
L 10/29/2016 - 17:27:28: "✪ JasmineG @Laceled'sLAN<10><STEAM_1:1:126911775><CT>" assisted killing "Tmillz<14><STEAM_1:0:1129431><TERRORIST>"
L 10/29/2016 - 17:27:29: "ActionJeff<3><STEAM_1:1:79119><TERRORIST>" [43 -2068 -36] attacked "Fruit @LacledesLAN<7><STEAM_1:0:14073921><CT>" [-666 -2353 -174] with "ak47" (damage "27") (damage_armor "3") (health "73") (armor "96") (hitgroup "chest")
L 10/29/2016 - 17:27:29: "ActionJeff<3><STEAM_1:1:79119><TERRORIST>" [44 -2067 -36] attacked "Fruit @LacledesLAN<7><STEAM_1:0:14073921><CT>" [-656 -2350 -173] with "ak47" (damage "108") (damage_armor "15") (health "0") (armor "80") (hitgroup "head")
L 10/29/2016 - 17:27:29: "ActionJeff<3><STEAM_1:1:79119><TERRORIST>" [44 -2067 -36] killed "Fruit @LacledesLAN<7><STEAM_1:0:14073921><CT>" [-656 -2350 -109] with "ak47" (headshot)
L 10/29/2016 - 17:27:30: "ActionJeff<3><STEAM_1:1:79119><TERRORIST>" [41 -2143 -36] attacked "✪ JasmineG @Laceled'sLAN<10><STEAM_1:1:126911775><CT>" [-682 -1764 -180] with "ak47" (damage "26") (damage_armor "3") (health "74") (armor "96") (hitgroup "chest")
L 10/29/2016 - 17:27:30: "ActionJeff<3><STEAM_1:1:79119><TERRORIST>" [41 -2143 -36] attacked "✪ JasmineG @Laceled'sLAN<10><STEAM_1:1:126911775><CT>" [-669 -1761 -180] with "ak47" (damage "27") (damage_armor "3") (health "47") (armor "92") (hitgroup "chest")
L 10/29/2016 - 17:27:31: "Tmillz<14><STEAM_1:0:1129431><TERRORIST>" purchased "ak47"
L 10/29/2016 - 17:27:31: "ActionJeff<3><STEAM_1:1:79119><TERRORIST>" [23 -2190 -36] attacked "✪ JasmineG @Laceled'sLAN<10><STEAM_1:1:126911775><CT>" [-634 -1806 -140] with "ak47" (damage "27") (damage_armor "3") (health "20") (armor "88") (hitgroup "chest")
L 10/29/2016 - 17:27:31: "Fruit @LacledesLAN<7><STEAM_1:0:14073921><CT>" purchased "deagle"
L 10/29/2016 - 17:27:31: "ActionJeff<3><STEAM_1:1:79119><TERRORIST>" [23 -2192 -36] attacked "✪ JasmineG @Laceled'sLAN<10><STEAM_1:1:126911775><CT>" [-625 -1824 -180] with "ak47" (damage "108") (damage_armor "15") (health "0") (armor "72") (hitgroup "head")
L 10/29/2016 - 17:27:31: "ActionJeff<3><STEAM_1:1:79119><TERRORIST>" [23 -2192 -36] killed "✪ JasmineG @Laceled'sLAN<10><STEAM_1:1:126911775><CT>" [-625 -1824 -116] with "ak47" (headshot)
L 10/29/2016 - 17:27:31: "gooBz<4><STEAM_1:0:92625130><TERRORIST>" disconnected (reason "Disconnect")
L 10/29/2016 - 17:27:31: "gooBz<4><STEAM_1:0:92625130>" switched from team <TERRORIST> to <Unassigned>
L 10/29/2016 - 17:27:32: "Fruit @LacledesLAN<7><STEAM_1:0:14073921><CT>" purchased "assaultsuit"
L 10/29/2016 - 17:27:32: "DEDREW @LacledesLAN<19><STEAM_1:1:81399026><TERRORIST>" purchased "ak47"
L 10/29/2016 - 17:27:32: "DEDREW @LacledesLAN<19><STEAM_1:1:81399026><TERRORIST>" purchased "assaultsuit"
L 10/29/2016 - 17:27:41: "ActionJeff<3><STEAM_1:1:79119><TERRORIST>" say ".noclip"
L 10/29/2016 - 17:27:43: "Fruit @LacledesLAN<7><STEAM_1:0:14073921><CT>" [-1211 -2446 -180] attacked "ActionJeff<3><STEAM_1:1:79119><TERRORIST>" [-250 -2199 -114] with "deagle" (damage "48") (damage_armor "1") (health "30") (armor "93") (hitgroup "stomach")
L 10/29/2016 - 17:27:43: "re1yt @LacledeLAN<6><STEAM_1:0:59627425><CT>" [-1086 -2372 -168] attacked "ActionJeff<3><STEAM_1:1:79119><TERRORIST>" [-289 -2219 -144] with "awp" (damage "110") (damage_armor "1") (health "0") (armor "91") (hitgroup "right arm")
L 10/29/2016 - 17:27:43: "re1yt @LacledeLAN<6><STEAM_1:0:59627425><CT>" [-1086 -2372 -168] killed "ActionJeff<3><STEAM_1:1:79119><TERRORIST>" [-289 -2219 -80] with "awp"
L 10/29/2016 - 17:27:43: "Fruit @LacledesLAN<7><STEAM_1:0:14073921><CT>" assisted killing "ActionJeff<3><STEAM_1:1:79119><TERRORIST>"
L 10/29/2016 - 17:27:45: "Korn Husks @LacledesLAN<18><STEAM_1:0:55025489><TERRORIST>" [131 -1692 -168] attacked "re1yt @LacledeLAN<6><STEAM_1:0:59627425><CT>" [-952 -2361 -168] with "awp" (damage "109") (damage_armor "1") (health "0") (armor "98") (hitgroup "chest")
L 10/29/2016 - 17:27:45: "Korn Husks @LacledesLAN<18><STEAM_1:0:55025489><TERRORIST>" [131 -1692 -168] killed "re1yt @LacledeLAN<6><STEAM_1:0:59627425><CT>" [-952 -2361 -104] with "awp"
L 10/29/2016 - 17:27:47: "re1yt @LacledeLAN<6><STEAM_1:0:59627425><CT>" purchased "ak47"
L 10/29/2016 - 17:27:48: "Tmillz<14><STEAM_1:0:1129431><TERRORIST>" [-673 -2289 -180] attacked "Fruit @LacledesLAN<7><STEAM_1:0:14073921><CT>" [-1206 -2444 -179] with "ak47" (damage "34") (damage_armor "4") (health "66") (armor "95") (hitgroup "stomach")
L 10/29/2016 - 17:27:48: "re1yt @LacledeLAN<6><STEAM_1:0:59627425><CT>" purchased "vesthelm"
L 10/29/2016 - 17:27:48: "Fruit @LacledesLAN<7><STEAM_1:0:14073921><CT>" [-1214 -2414 -182] attacked "Tmillz<14><STEAM_1:0:1129431><TERRORIST>" [-674 -2284 -180] with "deagle" (damage "37") (damage_armor "0") (health "63") (armor "0") (hitgroup "right leg")
L 10/29/2016 - 17:27:48: "Tmillz<14><STEAM_1:0:1129431><TERRORIST>" [-676 -2275 -180] attacked "Fruit @LacledesLAN<7><STEAM_1:0:14073921><CT>" [-1214 -2414 -182] with "ak47" (damage "34") (damage_armor "4") (health "32") (armor "90") (hitgroup "stomach")
L 10/29/2016 - 17:27:49: "Tmillz<14><STEAM_1:0:1129431><TERRORIST>" [-677 -2271 -180] attacked "Fruit @LacledesLAN<7><STEAM_1:0:14073921><CT>" [-1214 -2414 -182] with "ak47" (damage "27") (damage_armor "3") (health "5") (armor "86") (hitgroup "chest")
L 10/29/2016 - 17:27:49: "DEDREW @LacledesLAN<19><STEAM_1:1:81399026><TERRORIST>" [72 -2089 -36] attacked "Fruit @LacledesLAN<7><STEAM_1:0:14073921><CT>" [-1214 -2414 -182] with "ak47" (damage "33") (damage_armor "4") (health "0") (armor "81") (hitgroup "stomach")
L 10/29/2016 - 17:27:49: "DEDREW @LacledesLAN<19><STEAM_1:1:81399026><TERRORIST>" [72 -2089 -36] killed "Fruit @LacledesLAN<7><STEAM_1:0:14073921><CT>" [-1214 -2414 -136] with "ak47"
L 10/29/2016 - 17:27:49: "Tmillz<14><STEAM_1:0:1129431><TERRORIST>" assisted killing "Fruit @LacledesLAN<7><STEAM_1:0:14073921><CT>"
L 10/29/2016 - 17:27:49: "ActionJeff<3><STEAM_1:1:79119><TERRORIST>" purchased "ak47"
L 10/29/2016 - 17:27:49: "ActionJeff<3><STEAM_1:1:79119><TERRORIST>" purchased "vest"
L 10/29/2016 - 17:27:49: "ActionJeff<3><STEAM_1:1:79119><TERRORIST>" purchased "vesthelm"
L 10/29/2016 - 17:27:50: "✪ JasmineG @Laceled'sLAN<10><STEAM_1:1:126911775><CT>" say ".sv_cheats 1"
L 10/29/2016 - 17:27:51: "Fruit @LacledesLAN<7><STEAM_1:0:14073921><CT>" purchased "awp"
L 10/29/2016 - 17:27:51: "re1yt @LacledeLAN<6><STEAM_1:0:59627425><CT>" [-1117 -2432 -168] attacked "DEDREW @LacledesLAN<19><STEAM_1:1:81399026><TERRORIST>" [-175 -2187 -168] with "m4a1" (damage "21") (damage_armor "4") (health "79") (armor "95") (hitgroup "chest")
L 10/29/2016 - 17:27:51: "re1yt @LacledeLAN<6><STEAM_1:0:59627425><CT>" [-1117 -2433 -168] attacked "DEDREW @LacledesLAN<19><STEAM_1:1:81399026><TERRORIST>" [-185 -2188 -168] with "m4a1" (damage "21") (damage_armor "4") (health "58") (armor "90") (hitgroup "chest")
L 10/29/2016 - 17:27:51: "re1yt @LacledeLAN<6><STEAM_1:0:59627425><CT>" [-1117 -2433 -168] attacked "DEDREW @LacledesLAN<19><STEAM_1:1:81399026><TERRORIST>" [-208 -2185 -168] with "m4a1" (damage "87") (damage_armor "18") (health "0") (armor "71") (hitgroup "head")
L 10/29/2016 - 17:27:51: "re1yt @LacledeLAN<6><STEAM_1:0:59627425><CT>" [-1117 -2433 -168] killed "DEDREW @LacledesLAN<19><STEAM_1:1:81399026><TERRORIST>" [-208 -2185 -104] with "m4a1" (headshot)
L 10/29/2016 - 17:27:51: "Fruit @LacledesLAN<7><STEAM_1:0:14073921><CT>" purchased "assaultsuit"
L 10/29/2016 - 17:27:52: "Fruit @LacledesLAN<7><STEAM_1:0:14073921><CT>" purchased "defuser"
L 10/29/2016 - 17:27:53: "DEDREW @LacledesLAN<19><STEAM_1:1:81399026><TERRORIST>" say "xd"
L 10/29/2016 - 17:27:53: "Tmillz<14><STEAM_1:0:1129431><TERRORIST>" [-813 -2273 -177] attacked "re1yt @LacledeLAN<6><STEAM_1:0:59627425><CT>" [-1097 -2470 -168] with "ak47" (damage "27") (damage_armor "3") (health "73") (armor "96") (hitgroup "right arm")
L 10/29/2016 - 17:27:53: "Tmillz<14><STEAM_1:0:1129431><TERRORIST>" [-813 -2272 -177] attacked "re1yt @LacledeLAN<6><STEAM_1:0:59627425><CT>" [-1097 -2470 -168] with "ak47" (damage "27") (damage_armor "3") (health "46") (armor "92") (hitgroup "chest")
L 10/29/2016 - 17:27:53: "Tmillz<14><STEAM_1:0:1129431><TERRORIST>" [-814 -2271 -177] attacked "re1yt @LacledeLAN<6><STEAM_1:0:59627425><CT>" [-1096 -2471 -168] with "ak47" (damage "27") (damage_armor "3") (health "19") (armor "88") (hitgroup "chest")
L 10/29/2016 - 17:27:53: "Korn Husks @LacledesLAN<18><STEAM_1:0:55025489><TERRORIST>" [-207 -1972 -168] attacked "re1yt @LacledeLAN<6><STEAM_1:0:59627425><CT>" [-1093 -2475 -168] with "awp" (damage "439") (damage_armor "5") (health "0") (armor "82") (hitgroup "head")
L 10/29/2016 - 17:27:53: "Korn Husks @LacledesLAN<18><STEAM_1:0:55025489><TERRORIST>" [-207 -1972 -168] killed "re1yt @LacledeLAN<6><STEAM_1:0:59627425><CT>" [-1093 -2475 -122] with "awp" (headshot)
L 10/29/2016 - 17:27:53: "Tmillz<14><STEAM_1:0:1129431><TERRORIST>" assisted killing "re1yt @LacledeLAN<6><STEAM_1:0:59627425><CT>"
L 10/29/2016 - 17:27:55: "Tmillz<14><STEAM_1:0:1129431><TERRORIST>" [-845 -2386 -169] attacked "Fruit @LacledesLAN<7><STEAM_1:0:14073921><CT>" [-1571 -2344 -244] with "ak47" (damage "27") (damage_armor "3") (health "73") (armor "96") (hitgroup "chest")
L 10/29/2016 - 17:27:55: "re1yt @LacledeLAN<6><STEAM_1:0:59627425><CT>" purchased "ak47"
L 10/29/2016 - 17:27:55: "re1yt @LacledeLAN<6><STEAM_1:0:59627425><CT>" purchased "vesthelm"
L 10/29/2016 - 17:27:55: "Tmillz<14><STEAM_1:0:1129431><TERRORIST>" [-845 -2383 -169] attacked "Fruit @LacledesLAN<7><STEAM_1:0:14073921><CT>" [-1570 -2347 -244] with "ak47" (damage "108") (damage_armor "15") (health "0") (armor "80") (hitgroup "head")
L 10/29/2016 - 17:27:55: "Tmillz<14><STEAM_1:0:1129431><TERRORIST>" [-845 -2383 -169] killed "Fruit @LacledesLAN<7><STEAM_1:0:14073921><CT>" [-1570 -2347 -198] with "ak47" (headshot)
L 10/29/2016 - 17:27:56: "re1yt @LacledeLAN<6><STEAM_1:0:59627425><CT>" [-1445 -2263 -240] attacked "Tmillz<14><STEAM_1:0:1129431><TERRORIST>" [-961 -2379 -168] with "m4a1" (damage "32") (damage_armor "0") (health "31") (armor "0") (hitgroup "chest")
L 10/29/2016 - 17:27:56: "re1yt @LacledeLAN<6><STEAM_1:0:59627425><CT>" [-1445 -2265 -240] attacked "Tmillz<14><STEAM_1:0:1129431><TERRORIST>" [-973 -2385 -168] with "m4a1" (damage "32") (damage_armor "0") (health "0") (armor "0") (hitgroup "chest")
L 10/29/2016 - 17:27:56: "re1yt @LacledeLAN<6><STEAM_1:0:59627425><CT>" [-1445 -2265 -240] killed "Tmillz<14><STEAM_1:0:1129431><TERRORIST>" [-973 -2385 -106] with "m4a1"
L 10/29/2016 - 17:27:57: "Fruit @LacledesLAN<7><STEAM_1:0:14073921><CT>" purchased "awp"
L 10/29/2016 - 17:27:57: "Fruit @LacledesLAN<7><STEAM_1:0:14073921><CT>" purchased "assaultsuit"
L 10/29/2016 - 17:27:58: "DEDREW @LacledesLAN<19><STEAM_1:1:81399026><TERRORIST>" say "major key alert"
L 10/29/2016 - 17:27:58: "Tmillz<14><STEAM_1:0:1129431><TERRORIST>" purchased "ak47"
L 10/29/2016 - 17:27:59: "re1yt @LacledeLAN<6><STEAM_1:0:59627425><CT>" [-1278 -2382 -197] attacked "Korn Husks @LacledesLAN<18><STEAM_1:0:55025489><TERRORIST>" [-138 -2207 -168] with "m4a1" (damage "123") (damage_armor "0") (health "0") (armor "0") (hitgroup "head")
L 10/29/2016 - 17:27:59: "re1yt @LacledeLAN<6><STEAM_1:0:59627425><CT>" [-1278 -2382 -197] killed "Korn Husks @LacledesLAN<18><STEAM_1:0:55025489><TERRORIST>" [-138 -2207 -104] with "m4a1" (headshot)
L 10/29/2016 - 17:28:00: "Korn Husks @LacledesLAN<18><STEAM_1:0:55025489><TERRORIST>" purchased "ak47"
L 10/29/2016 - 17:28:00: "✪ JasmineG @Laceled'sLAN<10><STEAM_1:1:126911775><CT>" say "ranks?"
L 10/29/2016 - 17:28:03: "re1yt @LacledeLAN<6><STEAM_1:0:59627425><CT>" [-1126 -2444 -168] attacked "ActionJeff<3><STEAM_1:1:79119><TERRORIST>" [-59 -1877 -168] with "m4a1" (damage "85") (damage_armor "18") (health "15") (armor "81") (hitgroup "head")
L 10/29/2016 - 17:28:03: "re1yt @LacledeLAN<6><STEAM_1:0:59627425><CT>" [-1128 -2439 -168] attacked "ActionJeff<3><STEAM_1:1:79119><TERRORIST>" [-59 -1877 -168] with "m4a1" (damage "21") (damage_armor "4") (health "0") (armor "76") (hitgroup "chest")
L 10/29/2016 - 17:28:03: "re1yt @LacledeLAN<6><STEAM_1:0:59627425><CT>" [-1128 -2439 -168] killed "ActionJeff<3><STEAM_1:1:79119><TERRORIST>" [-59 -1877 -104] with "m4a1"
L 10/29/2016 - 17:28:04: "DEDREW @LacledesLAN<19><STEAM_1:1:81399026><TERRORIST>" say "lem"
L 10/29/2016 - 17:28:05: "ActionJeff<3><STEAM_1:1:79119><TERRORIST>" purchased "ak47"
L 10/29/2016 - 17:28:05: "ActionJeff<3><STEAM_1:1:79119><TERRORIST>" purchased "vest"
L 10/29/2016 - 17:28:05: "ActionJeff<3><STEAM_1:1:79119><TERRORIST>" purchased "vesthelm"
L 10/29/2016 - 17:28:09: "✪ JasmineG @Laceled'sLAN<10><STEAM_1:1:126911775><CT>" say "all 5?"
L 10/29/2016 - 17:28:11: "DEDREW @LacledesLAN<19><STEAM_1:1:81399026><TERRORIST>" say "yes"
L 10/29/2016 - 17:28:14: "DEDREW @LacledesLAN<19><STEAM_1:1:81399026><TERRORIST>" say "wbu?"
L 10/29/2016 - 17:28:15: "re1yt @LacledeLAN<6><STEAM_1:0:59627425><CT>" [-192 -1561 -52] attacked "ActionJeff<3><STEAM_1:1:79119><TERRORIST>" [-117 -1500 -52] with "m4a1" (damage "22") (damage_armor "4") (health "78") (armor "95") (hitgroup "chest")
L 10/29/2016 - 17:28:15: "re1yt @LacledeLAN<6><STEAM_1:0:59627425><CT>" [-186 -1559 -52] attacked "ActionJeff<3><STEAM_1:1:79119><TERRORIST>" [-120 -1506 -52] with "m4a1" (damage "28") (damage_armor "6") (health "50") (armor "88") (hitgroup "stomach")
L 10/29/2016 - 17:28:15: "re1yt @LacledeLAN<6><STEAM_1:0:59627425><CT>" [-184 -1558 -52] attacked "ActionJeff<3><STEAM_1:1:79119><TERRORIST>" [-120 -1508 -52] with "m4a1" (damage "28") (damage_armor "6") (health "22") (armor "81") (hitgroup "stomach")
L 10/29/2016 - 17:28:15: "re1yt @LacledeLAN<6><STEAM_1:0:59627425><CT>" [-183 -1558 -52] attacked "ActionJeff<3><STEAM_1:1:79119><TERRORIST>" [-119 -1510 -52] with "m4a1" (damage "22") (damage_armor "4") (health "0") (armor "76") (hitgroup "chest")
L 10/29/2016 - 17:28:15: "re1yt @LacledeLAN<6><STEAM_1:0:59627425><CT>" [-183 -1558 -52] killed "ActionJeff<3><STEAM_1:1:79119><TERRORIST>" [-119 -1510 12] with "m4a1"
L 10/29/2016 - 17:28:16: "gooBz<20><STEAM_1:0:92625130><>" connected, address ""
L 10/29/2016 - 17:28:16: "gooBz<20><STEAM_1:0:92625130><>" STEAM USERID validated
L 10/29/2016 - 17:28:16: "ActionJeff<3><STEAM_1:1:79119><TERRORIST>" purchased "ak47"
L 10/29/2016 - 17:28:16: "ActionJeff<3><STEAM_1:1:79119><TERRORIST>" purchased "vest"
L 10/29/2016 - 17:28:16: "ActionJeff<3><STEAM_1:1:79119><TERRORIST>" purchased "vesthelm"
L 10/29/2016 - 17:28:19: "re1yt @LacledeLAN<6><STEAM_1:0:59627425><CT>" [42 -1418 -174] attacked "DEDREW @LacledesLAN<19><STEAM_1:1:81399026><TERRORIST>" [73 -2108 -36] with "m4a1" (damage "31") (damage_armor "0") (health "69") (armor "0") (hitgroup "chest")
L 10/29/2016 - 17:28:19: "re1yt @LacledeLAN<6><STEAM_1:0:59627425><CT>" [42 -1418 -174] attacked "DEDREW @LacledesLAN<19><STEAM_1:1:81399026><TERRORIST>" [65 -2096 -36] with "m4a1" (damage "31") (damage_armor "0") (health "38") (armor "0") (hitgroup "chest")
L 10/29/2016 - 17:28:19: "re1yt @LacledeLAN<6><STEAM_1:0:59627425><CT>" [42 -1418 -174] attacked "DEDREW @LacledesLAN<19><STEAM_1:1:81399026><TERRORIST>" [60 -2091 -36] with "m4a1" (damage "31") (damage_armor "0") (health "7") (armor "0") (hitgroup "chest")
L 10/29/2016 - 17:28:19: "✪ JasmineG @Laceled'sLAN<10><STEAM_1:1:126911775><CT>" say "doesnt matter lol"
L 10/29/2016 - 17:28:19: "re1yt @LacledeLAN<6><STEAM_1:0:59627425><CT>" [42 -1418 -174] attacked "DEDREW @LacledesLAN<19><STEAM_1:1:81399026><TERRORIST>" [50 -2082 -36] with "m4a1" (damage "31") (damage_armor "0") (health "0") (armor "0") (hitgroup "chest")
L 10/29/2016 - 17:28:19: "re1yt @LacledeLAN<6><STEAM_1:0:59627425><CT>" [42 -1418 -174] killed "DEDREW @LacledesLAN<19><STEAM_1:1:81399026><TERRORIST>" [50 -2082 28] with "m4a1"
L 10/29/2016 - 17:28:21: "re1yt @LacledeLAN<6><STEAM_1:0:59627425><CT>" say "le"
L 10/29/2016 - 17:28:22: "gooBz<20><STEAM_1:0:92625130><>" entered the game
L 10/29/2016 - 17:28:23: "✪ JasmineG @Laceled'sLAN<10><STEAM_1:1:126911775><CT>" say ".ready"
L 10/29/2016 - 17:28:24: "re1yt @LacledeLAN<6><STEAM_1:0:59627425><CT>" [543 -1699 -264] attacked "ActionJeff<3><STEAM_1:1:79119><TERRORIST>" [652 -1329 -263] with "m4a1" (damage "22") (damage_armor "4") (health "78") (armor "95") (hitgroup "chest")
L 10/29/2016 - 17:28:24: "gooBz<20><STEAM_1:0:92625130><Unassigned>" triggered "clantag" (value "")
L 10/29/2016 - 17:28:24: "rhewn @ lan<9><STEAM_1:1:45804416><CT>" say ".ready"
L 10/29/2016 - 17:28:25: "Korn Husks @LacledesLAN<18><STEAM_1:0:55025489><TERRORIST>" say "are you guys a 5 queue?"
L 10/29/2016 - 17:28:26: "ActionJeff<3><STEAM_1:1:79119><TERRORIST>" [645 -1371 -262] attacked "re1yt @LacledeLAN<6><STEAM_1:0:59627425><CT>" [526 -1708 -264] with "ak47" (damage "110") (damage_armor "15") (health "0") (armor "84") (hitgroup "head")
L 10/29/2016 - 17:28:26: "ActionJeff<3><STEAM_1:1:79119><TERRORIST>" [645 -1371 -262] killed "re1yt @LacledeLAN<6><STEAM_1:0:59627425><CT>" [526 -1708 -200] with "ak47" (headshot)
L 10/29/2016 - 17:28:28: "gooBz<20><STEAM_1:0:92625130>" switched from team <Unassigned> to <TERRORIST>
L 10/29/2016 - 17:28:28: "gooBz<20><STEAM_1:0:92625130><TERRORIST>" triggered "clantag" (value "")
L 10/29/2016 - 17:28:28: "ActionJeff<3><STEAM_1:1:79119><TERRORIST>" [608 -1622 -264] attacked "Fruit @LacledesLAN<7><STEAM_1:0:14073921><CT>" [371 -1582 -198] with "ak47" (damage "27") (damage_armor "4") (health "73") (armor "95") (hitgroup "chest")
L 10/29/2016 - 17:28:28: "ActionJeff<3><STEAM_1:1:79119><TERRORIST>" [608 -1621 -264] attacked "Fruit @LacledesLAN<7><STEAM_1:0:14073921><CT>" [379 -1581 -201] with "ak47" (damage "34") (damage_armor "5") (health "39") (armor "89") (hitgroup "stomach")
L 10/29/2016 - 17:28:28: "ActionJeff<3><STEAM_1:1:79119><TERRORIST>" [608 -1621 -264] attacked "Fruit @LacledesLAN<7><STEAM_1:0:14073921><CT>" [382 -1579 -203] with "ak47" (damage "27") (damage_armor "4") (health "12") (armor "84") (hitgroup "chest")
L 10/29/2016 - 17:28:29: "ActionJeff<3><STEAM_1:1:79119><TERRORIST>" [608 -1621 -264] attacked "Fruit @LacledesLAN<7><STEAM_1:0:14073921><CT>" [386 -1578 -205] with "ak47" (damage "27") (damage_armor "4") (health "0") (armor "79") (hitgroup "chest")
L 10/29/2016 - 17:28:29: "ActionJeff<3><STEAM_1:1:79119><TERRORIST>" [608 -1621 -264] killed "Fruit @LacledesLAN<7><STEAM_1:0:14073921><CT>" [386 -1578 -141] with "ak47"
L 10/29/2016 - 17:28:35: "re1yt @LacledeLAN<6><STEAM_1:0:59627425><CT>" say "i just met these guys lol"
L 10/29/2016 - 17:28:36: "gooBz<20><STEAM_1:0:92625130><TERRORIST>" purchased "vesthelm"
L 10/29/2016 - 17:28:36: "gooBz<20><STEAM_1:0:92625130><TERRORIST>" purchased "m4a1"
L 10/29/2016 - 17:28:37: "re1yt @LacledeLAN<6><STEAM_1:0:59627425><CT>" purchased "ak47"
L 10/29/2016 - 17:28:37: "re1yt @LacledeLAN<6><STEAM_1:0:59627425><CT>" purchased "vesthelm"
L 10/29/2016 - 17:28:39: "Scruffy Hobo<5><STEAM_1:0:68009369><CT>" say ".ready"
L 10/29/2016 - 17:28:42: "rhewn @ lan<9><STEAM_1:1:45804416><CT>" say "same sortof"
L 10/29/2016 - 17:28:44: "✪ JasmineG @Laceled'sLAN<10><STEAM_1:1:126911775><CT>" say "we all met like yesterday lol"
L 10/29/2016 - 17:29:51: "Tmillz<14><STEAM_1:0:1129431><TERRORIST>" disconnected (reason "Tmillz timed out")
L 10/29/2016 - 17:29:51: "Tmillz<14><STEAM_1:0:1129431>" switched from team <TERRORIST> to <Unassigned>
L 10/29/2016 - 17:29:51: "gooBz<20><STEAM_1:0:92625130><TERRORIST>" disconnected (reason "gooBz timed out")
L 10/29/2016 - 17:29:51: "gooBz<20><STEAM_1:0:92625130>" switched from team <TERRORIST> to <Unassigned>
L 10/29/2016 - 17:29:51: "Korn Husks @LacledesLAN<18><STEAM_1:0:55025489><TERRORIST>" disconnected (reason "Korn Husks @LacledesLAN timed out")
L 10/29/2016 - 17:29:51: "Korn Husks @LacledesLAN<18><STEAM_1:0:55025489>" switched from team <TERRORIST> to <Unassigned>
L 10/29/2016 - 17:29:51: "DEDREW @LacledesLAN<19><STEAM_1:1:81399026><TERRORIST>" disconnected (reason "DEDREW @LacledesLAN timed out")
L 10/29/2016 - 17:29:51: "DEDREW @LacledesLAN<19><STEAM_1:1:81399026>" switched from team <TERRORIST> to <Unassigned>
L 10/29/2016 - 17:29:51: "ActionJeff<3><STEAM_1:1:79119><TERRORIST>" disconnected (reason "ActionJeff timed out")
L 10/29/2016 - 17:29:51: "ActionJeff<3><STEAM_1:1:79119>" switched from team <TERRORIST> to <Unassigned>
L 10/29/2016 - 17:29:51: "Scruffy Hobo<5