L 10/18/2017 - 20:43:19: Log file started (file "logs/L000_000_000_000_27015_201710182043_000.log") (game "/home/sysoper/gameserver/csgo") (version "6878")
L 10/18/2017 - 20:43:19: Loading map "de_dust2"
L 10/18/2017 - 20:43:19: server cvars start
L 10/18/2017 - 20:43:19: "cash_player_killed_teammate" = "-300"
L 10/18/2017 - 20:43:19: "cash_player_respawn_amount" = "0"
L 10/18/2017 - 20:43:19: "sv_maxspeed" = "320"
L 10/18/2017 - 20:43:19: "cash_team_rescued_hostage" = "0"
L 10/18/2017 - 20:43:19: "cash_team_win_by_defusing_bomb" = "3250"
L 10/18/2017 - 20:43:19: "sv_rollangle" = "0"
L 10/18/2017 - 20:43:19: "r_AirboatViewZHeight" = "0.0"
L 10/18/2017 - 20:43:19: "sv_cheats" = "0"
L 10/18/2017 - 20:43:19: "r_VehicleViewDampen" = "1"
L 10/18/2017 - 20:43:19: "metamod_version" = "1.11.0-dev+1097V"
L 10/18/2017 - 20:43:19: "mp_allowNPCs" = "1"
L 10/18/2017 - 20:43:19: "mp_tournament" = "0"
L 10/18/2017 - 20:43:19: "sv_vote_issue_pause_match_spec_only" = "0"
L 10/18/2017 - 20:43:19: "sv_spec_hear" = "1"
L 10/18/2017 - 20:43:19: "cash_player_interact_with_hostage" = "150"
L 10/18/2017 - 20:43:19: "mp_maxrounds" = "0"
L 10/18/2017 - 20:43:19: "mp_flashlight" = "0"
L 10/18/2017 - 20:43:19: "sv_tags" = ""
L 10/18/2017 - 20:43:19: "sv_stepsize" = "18"
L 10/18/2017 - 20:43:19: "sv_alltalk" = "0"
L 10/18/2017 - 20:43:19: "mp_teamlist" = "hgrunt;scientist"
L 10/18/2017 - 20:43:19: "mp_footsteps" = "1"
L 10/18/2017 - 20:43:19: "sv_noclipaccelerate" = "5"
L 10/18/2017 - 20:43:19: "sv_accelerate_debug_speed" = "0"
L 10/18/2017 - 20:43:19: "sv_wateraccelerate" = "10"
L 10/18/2017 - 20:43:19: "mp_stalemate_enable" = "0"
L 10/18/2017 - 20:43:19: "mp_autocrosshair" = "1"
L 10/18/2017 - 20:43:19: "sourcemod_version" = "1.9.0.6148"
L 10/18/2017 - 20:43:19: "cash_team_elimination_bomb_map" = "3250"
L 10/18/2017 - 20:43:19: "cash_player_get_killed" = "0"
L 10/18/2017 - 20:43:19: "mp_roundtime_defuse" = "0"
L 10/18/2017 - 20:43:19: "sv_autobuyammo" = "0"
L 10/18/2017 - 20:43:19: "sv_rollspeed" = "200"
L 10/18/2017 - 20:43:19: "sv_airaccelerate" = "12"
L 10/18/2017 - 20:43:19: "sv_show_team_equipment_prohibit" = "0"
L 10/18/2017 - 20:43:19: "mp_teams_unbalance_limit" = "1"
L 10/18/2017 - 20:43:19: "mp_timelimit" = "5"
L 10/18/2017 - 20:43:19: "cash_team_loser_bonus" = "1400"
L 10/18/2017 - 20:43:19: "sv_deadtalk" = "0"
L 10/18/2017 - 20:43:19: "cash_player_rescued_hostage" = "1000"
L 10/18/2017 - 20:43:19: "sv_waterfriction" = "1"
L 10/18/2017 - 20:43:19: "sv_competitive_official_5v5" = "0"
L 10/18/2017 - 20:43:19: "sv_steamgroup" = ""
L 10/18/2017 - 20:43:19: "cash_player_killed_enemy_default" = "300"
L 10/18/2017 - 20:43:19: "coop" = "0"
L 10/18/2017 - 20:43:19: "mp_respawnwavetime" = "10.0"
L 10/18/2017 - 20:43:19: "sv_teamid_overhead" = "1"
L 10/18/2017 - 20:43:19: "tv_enable1" = "0"
L 10/18/2017 - 20:43:19: "nextlevel" = ""
L 10/18/2017 - 20:43:19: "sv_stopspeed" = "80"
L 10/18/2017 - 20:43:19: "sv_specaccelerate" = "5"
L 10/18/2017 - 20:43:19: "deathmatch" = "1"
L 10/18/2017 - 20:43:19: "tv_enable" = "0"
L 10/18/2017 - 20:43:19: "mp_roundtime_hostage" = "0"
L 10/18/2017 - 20:43:19: "mp_freezetime" = "6"
L 10/18/2017 - 20:43:19: "mp_teammates_are_enemies" = "0"
L 10/18/2017 - 20:43:19: "mp_falldamage" = "0"
L 10/18/2017 - 20:43:19: "sv_accelerate_use_weapon_speed" = "1"
L 10/18/2017 - 20:43:19: "sv_voiceenable" = "1"
L 10/18/2017 - 20:43:19: "sv_teamid_overhead_always_prohibit" = "0"
L 10/18/2017 - 20:43:19: "sv_bounce" = "0"
L 10/18/2017 - 20:43:19: "mp_disable_respawn_times" = "0"
L 10/18/2017 - 20:43:19: "r_AirboatViewDampenFreq" = "7.0"
L 10/18/2017 - 20:43:19: "mp_weaponstay" = "0"
L 10/18/2017 - 20:43:19: "mp_hostagepenalty" = "10"
L 10/18/2017 - 20:43:19: "tv_advertise_watchable" = "0"
L 10/18/2017 - 20:43:19: "mp_friendlyfire" = "0"
L 10/18/2017 - 20:43:19: "cash_team_hostage_interaction" = "500"
L 10/18/2017 - 20:43:19: "sv_noclipspeed" = "5"
L 10/18/2017 - 20:43:19: "cash_team_win_by_time_running_out_bomb" = "3250"
L 10/18/2017 - 20:43:19: "sv_allchat" = "1"
L 10/18/2017 - 20:43:19: "mp_buy_during_immunity" = "0"
L 10/18/2017 - 20:43:19: "cash_player_killed_enemy_factor" = "1"
L 10/18/2017 - 20:43:19: "mp_c4timer" = "40"
L 10/18/2017 - 20:43:19: "r_JeepViewDampenDamp" = "1.0"
L 10/18/2017 - 20:43:19: "sv_competitive_minspec" = "1"
L 10/18/2017 - 20:43:19: "r_AirboatViewDampenDamp" = "1.0"
L 10/18/2017 - 20:43:19: "sm_nextmap" = ""
L 10/18/2017 - 20:43:19: "sv_max_allowed_net_graph" = "1"
L 10/18/2017 - 20:43:19: "mp_stalemate_at_timelimit" = "0"
L 10/18/2017 - 20:43:19: "mp_limitteams" = "2"
L 10/18/2017 - 20:43:19: "sv_footsteps" = "1"
L 10/18/2017 - 20:43:19: "sv_vote_issue_kick_allowed" = "1"
L 10/18/2017 - 20:43:19: "cash_team_survive_guardian_wave" = "1000"
L 10/18/2017 - 20:43:19: "tv_relaypassword" = ""
L 10/18/2017 - 20:43:19: "mp_teamplay" = "0"
L 10/18/2017 - 20:43:19: "cash_team_terrorist_win_bomb" = "3500"
L 10/18/2017 - 20:43:19: "cash_team_elimination_hostage_map_t" = "1000"
L 10/18/2017 - 20:43:19: "r_JeepViewDampenFreq" = "7.0"
L 10/18/2017 - 20:43:19: "cash_team_win_by_time_running_out_hostage" = "3250"
L 10/18/2017 - 20:43:19: "sv_specnoclip" = "1"
L 10/18/2017 - 20:43:19: "sv_friction" = "5.2"
L 10/18/2017 - 20:43:19: "cash_player_bomb_planted" = "300"
L 10/18/2017 - 20:43:19: "mp_autoteambalance" = "1"
L 10/18/2017 - 20:43:19: "sv_contact" = ""
L 10/18/2017 - 20:43:19: "sv_vote_kick_ban_duration" = "15"
L 10/18/2017 - 20:43:19: "cash_player_bomb_defused" = "300"
L 10/18/2017 - 20:43:19: "mp_roundtime" = "5"
L 10/18/2017 - 20:43:19: "sv_kick_ban_duration" = "15"
L 10/18/2017 - 20:43:19: "cash_team_planted_bomb_but_defused" = "800"
L 10/18/2017 - 20:43:19: "cash_player_killed_hostage" = "-1000"
L 10/18/2017 - 20:43:19: "sv_vote_issue_loadbackup_allowed" = "1"
L 10/18/2017 - 20:43:19: "nextmode" = ""
L 10/18/2017 - 20:43:19: "mp_fraglimit" = "0"
L 10/18/2017 - 20:43:19: "mp_forcerespawn" = "1"
L 10/18/2017 - 20:43:19: "mp_winlimit" = "0"
L 10/18/2017 - 20:43:19: "sv_accelerate" = "5.5"
L 10/18/2017 - 20:43:19: "mp_buy_anywhere" = "0"
L 10/18/2017 - 20:43:19: "sv_gravity" = "800"
L 10/18/2017 - 20:43:19: "sv_password" = ""
L 10/18/2017 - 20:43:19: "cash_team_elimination_hostage_map_ct" = "2000"
L 10/18/2017 - 20:43:19: "cash_team_win_by_hostage_rescue" = "3500"
L 10/18/2017 - 20:43:19: "sv_vote_issue_loadbackup_spec_only" = "0"
L 10/18/2017 - 20:43:19: "cash_team_loser_bonus_consecutive_rounds" = "500"
L 10/18/2017 - 20:43:19: "cash_player_damage_hostage" = "-30"
L 10/18/2017 - 20:43:19: "r_JeepViewZHeight" = "10.0"
L 10/18/2017 - 20:43:19: "cash_team_hostage_alive" = "0"
L 10/18/2017 - 20:43:19: "tv_password" = ""
L 10/18/2017 - 20:43:19: "sv_specspeed" = "3"
L 10/18/2017 - 20:43:19: server cvars end
L 10/18/2017 - 20:43:22: Started map "de_dust2" (CRC "-780921584")
L 10/18/2017 - 20:43:22: server_cvar: "cash_player_interact_with_hostage" "300"
L 10/18/2017 - 20:43:22: server_cvar: "cash_team_elimination_hostage_map_t" "3000"
L 10/18/2017 - 20:43:22: server_cvar: "cash_team_elimination_hostage_map_ct" "3000"
L 10/18/2017 - 20:43:22: server_cvar: "cash_team_hostage_interaction" "600"
L 10/18/2017 - 20:43:22: server_cvar: "cash_team_rescued_hostage" "600"
L 10/18/2017 - 20:43:22: server_cvar: "cash_team_win_by_defusing_bomb" "3500"
L 10/18/2017 - 20:43:22: server_cvar: "cash_team_win_by_hostage_rescue" "2900"
L 10/18/2017 - 20:43:22: server_cvar: "mp_freezetime" "15"
L 10/18/2017 - 20:43:22: server_cvar: "mp_friendlyfire" "1"
L 10/18/2017 - 20:43:22: server_cvar: "mp_maxrounds" "30"
L 10/18/2017 - 20:43:22: server_cvar: "mp_roundtime" "1.92"
L 10/18/2017 - 20:43:22: server_cvar: "mp_roundtime_hostage" "1.92"
L 10/18/2017 - 20:43:22: server_cvar: "mp_roundtime_defuse" "1.92"
L 10/18/2017 - 20:43:22: server_cvar: "mp_timelimit" "0"
L 10/18/2017 - 20:43:22: server_cvar: "sv_deadtalk" "1"
L 10/18/2017 - 20:43:24: "Console<0><Console><Console>" say ""executing sourcemod.cfg""
L 10/18/2017 - 20:43:24: World triggered "Round_Start"
L 10/18/2017 - 20:44:27: "BEan | LacledesLAN.com<2><STEAM_1:0:3804719><>" connected, address ""
L 10/18/2017 - 20:44:27: "BEan | LacledesLAN.com<2><STEAM_1:0:3804719><>" STEAM USERID validated
L 10/18/2017 - 20:44:51: "BEan | LacledesLAN.com<2><STEAM_1:0:3804719><>" entered the game
L 10/18/2017 - 20:44:59: "BEan | LacledesLAN.com<2><STEAM_1:0:3804719><Unassigned>" triggered "clantag" (value "")
L 10/18/2017 - 20:45:01: "BEan | LacledesLAN.com<2><STEAM_1:0:3804719>" switched from team <Unassigned> to <TERRORIST>
L 10/18/2017 - 20:45:01: World triggered "Game_Commencing"
L 10/18/2017 - 20:45:01: "Zim<3><BOT><>" connected, address ""
L 10/18/2017 - 20:45:01: "Zim<3><BOT>" switched from team <Unassigned> to <CT>
L 10/18/2017 - 20:45:01: "Zim<3><BOT><>" entered the game
L 10/18/2017 - 20:45:01: "Seth<4><BOT><>" connected, address ""
L 10/18/2017 - 20:45:01: "Seth<4><BOT>" switched from team <Unassigned> to <CT>
L 10/18/2017 - 20:45:01: "Seth<4><BOT><>" entered the game
L 10/18/2017 - 20:45:01: "Ted<5><BOT><>" connected, address ""
L 10/18/2017 - 20:45:01: "Ted<5><BOT>" switched from team <Unassigned> to <TERRORIST>
L 10/18/2017 - 20:45:01: "Ted<5><BOT><>" entered the game
L 10/18/2017 - 20:45:01: "Brad<6><BOT><>" connected, address ""
L 10/18/2017 - 20:45:01: "Brad<6><BOT>" switched from team <Unassigned> to <CT>
L 10/18/2017 - 20:45:01: "Brad<6><BOT><>" entered the game
L 10/18/2017 - 20:45:01: "Xavier<7><BOT><>" connected, address ""
L 10/18/2017 - 20:45:01: "Xavier<7><BOT>" switched from team <Unassigned> to <TERRORIST>
L 10/18/2017 - 20:45:01: "Xavier<7><BOT><>" entered the game
L 10/18/2017 - 20:45:01: "Victor<8><BOT><>" connected, address ""
L 10/18/2017 - 20:45:01: "Victor<8><BOT>" switched from team <Unassigned> to <TERRORIST>
L 10/18/2017 - 20:45:01: "Victor<8><BOT><>" entered the game
L 10/18/2017 - 20:45:01: "BEan | LacledesLAN.com<2><STEAM_1:0:3804719><TERRORIST>" triggered "clantag" (value "")
L 10/18/2017 - 20:45:01: "Dan<9><BOT><>" connected, address ""
L 10/18/2017 - 20:45:01: "Dan<9><BOT>" switched from team <Unassigned> to <CT>
L 10/18/2017 - 20:45:01: "Dan<9><BOT><>" entered the game
L 10/18/2017 - 20:45:01: "Gabe<10><BOT><>" connected, address ""
L 10/18/2017 - 20:45:01: "Gabe<10><BOT>" switched from team <Unassigned> to <TERRORIST>
L 10/18/2017 - 20:45:01: "Gabe<10><BOT><>" entered the game
L 10/18/2017 - 20:45:01: "Tony<11><BOT><>" connected, address ""
L 10/18/2017 - 20:45:01: "Tony<11><BOT>" switched from team <Unassigned> to <CT>
L 10/18/2017 - 20:45:01: "Tony<11><BOT><>" entered the game
L 10/18/2017 - 20:45:01: "Zim<3><BOT><CT>" purchased "m4a1"
L 10/18/2017 - 20:45:01: "Zim<3><BOT><CT>" purchased "item_assaultsuit"
L 10/18/2017 - 20:45:01: "Seth<4><BOT><CT>" purchased "m4a1"
L 10/18/2017 - 20:45:01: "Seth<4><BOT><CT>" purchased "item_assaultsuit"
L 10/18/2017 - 20:45:01: "Ted<5><BOT><TERRORIST>" purchased "g3sg1"
L 10/18/2017 - 20:45:01: "Ted<5><BOT><TERRORIST>" purchased "item_assaultsuit"
L 10/18/2017 - 20:45:01: "Brad<6><BOT><CT>" purchased "m4a1"
L 10/18/2017 - 20:45:01: "Brad<6><BOT><CT>" purchased "item_assaultsuit"
L 10/18/2017 - 20:45:01: "Xavier<7><BOT><TERRORIST>" purchased "ak47"
L 10/18/2017 - 20:45:01: "Xavier<7><BOT><TERRORIST>" purchased "item_assaultsuit"
L 10/18/2017 - 20:45:01: "Xavier<7><BOT><TERRORIST>" purchased "deagle"
L 10/18/2017 - 20:45:01: "Victor<8><BOT><TERRORIST>" purchased "ak47"
L 10/18/2017 - 20:45:01: "Victor<8><BOT><TERRORIST>" purchased "item_assaultsuit"
L 10/18/2017 - 20:45:01: "Dan<9><BOT><CT>" purchased "m4a1"
L 10/18/2017 - 20:45:01: "Dan<9><BOT><CT>" purchased "item_assaultsuit"
L 10/18/2017 - 20:45:01: "Dan<9><BOT><CT>" purchased "hegrenade"
L 10/18/2017 - 20:45:01: "Gabe<10><BOT><TERRORIST>" purchased "p90"
L 10/18/2017 - 20:45:01: "Gabe<10><BOT><TERRORIST>" purchased "item_assaultsuit"
L 10/18/2017 - 20:45:01: "Tony<11><BOT><CT>" purchased "m4a1"
L 10/18/2017 - 20:45:01: "Tony<11><BOT><CT>" purchased "item_assaultsuit"
L 10/18/2017 - 20:45:01: "Tony<11><BOT><CT>" purchased "deagle"
L 10/18/2017 - 20:45:02: Starting Freeze period
L 10/18/2017 - 20:45:02: World triggered "Match_Start" on "de_dust2"
L 10/18/2017 - 20:45:02: "Seth<4><BOT><CT>" purchased "m4a1"
L 10/18/2017 - 20:45:02: "Seth<4><BOT><CT>" purchased "item_assaultsuit"
L 10/18/2017 - 20:45:02: "Brad<6><BOT><CT>" purchased "m4a1"
L 10/18/2017 - 20:45:02: "Brad<6><BOT><CT>" purchased "item_assaultsuit"
L 10/18/2017 - 20:45:02: "Brad<6><BOT><CT>" purchased "deagle"
L 10/18/2017 - 20:45:02: "Victor<8><BOT><TERRORIST>" purchased "ak47"
L 10/18/2017 - 20:45:02: "Victor<8><BOT><TERRORIST>" purchased "item_assaultsuit"
L 10/18/2017 - 20:45:02: "Victor<8><BOT><TERRORIST>" purchased "hegrenade"
L 10/18/2017 - 20:45:02: "Gabe<10><BOT><TERRORIST>" purchased "p90"
L 10/18/2017 - 20:45:02: "Gabe<10><BOT><TERRORIST>" purchased "item_assaultsuit"
L 10/18/2017 - 20:45:02: "Zim<3><BOT><CT>" purchased "m4a1"
L 10/18/2017 - 20:45:02: "Zim<3><BOT><CT>" purchased "item_assaultsuit"
L 10/18/2017 - 20:45:02: "Ted<5><BOT><TERRORIST>" purchased "ak47"
L 10/18/2017 - 20:45:02: "Ted<5><BOT><TERRORIST>" purchased "item_assaultsuit"
L 10/18/2017 - 20:45:02: "Ted<5><BOT><TERRORIST>" purchased "deagle"
L 10/18/2017 - 20:45:02: "Xavier<7><BOT><TERRORIST>" purchased "ak47"
L 10/18/2017 - 20:45:02: "Xavier<7><BOT><TERRORIST>" purchased "item_assaultsuit"
L 10/18/2017 - 20:45:02: "Dan<9><BOT><CT>" purchased "m4a1"
L 10/18/2017 - 20:45:02: "Dan<9><BOT><CT>" purchased "item_assaultsuit"
L 10/18/2017 - 20:45:02: "Tony<11><BOT><CT>" purchased "m4a1"
L 10/18/2017 - 20:45:02: "Tony<11><BOT><CT>" purchased "item_assaultsuit"
L 10/18/2017 - 20:45:02: "Tony<11><BOT><CT>" purchased "hegrenade"
L 10/18/2017 - 20:45:04: World triggered "Round_Start"
L 10/18/2017 - 20:45:15: "Tony<11><BOT><CT>" threw hegrenade [-424 883 4]
L 10/18/2017 - 20:45:17: "Seth<4><BOT><CT>" [-394 1597 -131] killed "Ted<5><BOT><TERRORIST>" [-474 933 27] with "m4a1"
L 10/18/2017 - 20:45:17: "Zim<3><BOT><CT>" assisted killing "Ted<5><BOT><TERRORIST>"
L 10/18/2017 - 20:45:20: "Victor<8><BOT><TERRORIST>" [-442 306 -3] killed "Seth<4><BOT><CT>" [-395 1597 -67] with "ak47"
L 10/18/2017 - 20:45:20: "Ted<5><BOT><TERRORIST>" assisted killing "Seth<4><BOT><CT>"
L 10/18/2017 - 20:45:22: "Ted<5><BOT><TERRORIST>" purchased "galilar"
L 10/18/2017 - 20:45:22: "Ted<5><BOT><TERRORIST>" purchased "item_assaultsuit"
L 10/18/2017 - 20:45:22: "Ted<5><BOT><TERRORIST>" purchased "deagle"
L 10/18/2017 - 20:45:22: "Ted<5><BOT><TERRORIST>" purchased "smokegrenade"
L 10/18/2017 - 20:45:27: "Brad<6><BOT><CT>" [-386 998 -57] killed "Gabe<10><BOT><TERRORIST>" [-178 328 65] with "m4a1" (headshot)
L 10/18/2017 - 20:45:27: "Victor<8><BOT><TERRORIST>" [-282 592 1] killed "Brad<6><BOT><CT>" [-381 1000 7] with "ak47"
L 10/18/2017 - 20:45:27: "Gabe<10><BOT><TERRORIST>" assisted killing "Brad<6><BOT><CT>"
L 10/18/2017 - 20:45:28: "Tony<11><BOT><CT>" [-490 1329 -123] killed "Victor<8><BOT><TERRORIST>" [-305 586 63] with "m4a1"
L 10/18/2017 - 20:45:28: "Brad<6><BOT><CT>" assisted killing "Victor<8><BOT><TERRORIST>"
L 10/18/2017 - 20:45:30: "BEan | LacledesLAN.com<2><STEAM_1:0:3804719><TERRORIST>" [-708 2103 -117] killed "Seth<4><BOT><CT>" [-287 2098 -63] with "glock"
L 10/18/2017 - 20:45:31: "Gabe<10><BOT><TERRORIST>" purchased "p90"
L 10/18/2017 - 20:45:31: "Gabe<10><BOT><TERRORIST>" purchased "item_assaultsuit"
L 10/18/2017 - 20:45:31: "Gabe<10><BOT><TERRORIST>" purchased "hegrenade"
L 10/18/2017 - 20:45:32: "Brad<6><BOT><CT>" purchased "m4a1"
L 10/18/2017 - 20:45:32: "Brad<6><BOT><CT>" purchased "item_assaultsuit"
L 10/18/2017 - 20:45:32: "Victor<8><BOT><TERRORIST>" purchased "ak47"
L 10/18/2017 - 20:45:32: "Victor<8><BOT><TERRORIST>" purchased "item_assaultsuit"
L 10/18/2017 - 20:45:34: "Dan<9><BOT><CT>" [-409 1625 -132] killed "BEan | LacledesLAN.com<2><STEAM_1:0:3804719><TERRORIST>" [-547 1825 -55] with "m4a1"
L 10/18/2017 - 20:45:34: "Xavier<7><BOT><TERRORIST>" [-236 517 -0] killed "Dan<9><BOT><CT>" [-409 1625 -68] with "ak47"
L 10/18/2017 - 20:45:35: "Seth<4><BOT><CT>" purchased "m4a1"
L 10/18/2017 - 20:45:35: "Seth<4><BOT><CT>" purchased "item_assaultsuit"
L 10/18/2017 - 20:45:36: "Ted<5><BOT><TERRORIST>" threw smokegrenade [850 1020 1]
L 10/18/2017 - 20:45:39: "Dan<9><BOT><CT>" purchased "m4a1"
L 10/18/2017 - 20:45:39: "Dan<9><BOT><CT>" purchased "item_assaultsuit"
L 10/18/2017 - 20:45:39: "Dan<9><BOT><CT>" purchased "p250"
L 10/18/2017 - 20:45:39: "Dan<9><BOT><CT>" purchased "incgrenade"
L 10/18/2017 - 20:45:45: "BEan | LacledesLAN.com<2><STEAM_1:0:3804719><TERRORIST>" disconnected (reason "Disconnect")
L 10/18/2017 - 20:45:45: "BEan | LacledesLAN.com<2><STEAM_1:0:3804719>" switched from team <TERRORIST> to <Unassigned>
L 10/18/2017 - 20:45:45: "Zim<3><BOT><CT>" disconnected (reason "Kicked by Console")
L 10/18/2017 - 20:45:45: "Zim<3><BOT>" switched from team <CT> to <Unassigned>
L 10/18/2017 - 20:45:45: "Seth<4><BOT><CT>" disconnected (reason "Kicked by Console")
L 10/18/2017 - 20:45:45: "Seth<4><BOT>" switched from team <CT> to <Unassigned>
L 10/18/2017 - 20:45:45: "Ted<5><BOT><TERRORIST>" disconnected (reason "Kicked by Console")
L 10/18/2017 - 20:45:45: "Ted<5><BOT>" switched from team <TERRORIST> to <Unassigned>
L 10/18/2017 - 20:45:45: "Brad<6><BOT><CT>" disconnected (reason "Kicked by Console")
L 10/18/2017 - 20:45:45: "Brad<6><BOT>" switched from team <CT> to <Unassigned>
L 10/18/2017 - 20:45:45: "Xavier<7><BOT><TERRORIST>" disconnected (reason "Kicked by Console")
L 10/18/2017 - 20:45:45: "Xavier<7><BOT>" switched from team <TERRORIST> to <Unassigned>
L 10/18/2017 - 20:45:45: "Dan<9><BOT><CT>" disconnected (reason "Kicked by Console")
L 10/18/2017 - 20:45:45: "Dan<9><BOT>" switched from team <CT> to <Unassigned>
L 10/18/2017 - 20:45:45: "Victor<8><BOT><TERRORIST>" disconnected (reason "Kicked by Console")
L 10/18/2017 - 20:45:46: "Victor<8><BOT>" switched from team <TERRORIST> to <Unassigned>
L 10/18/2017 - 20:45:46: "Tony<11><BOT><CT>" disconnected (reason "Kicked by Console")
L 10/18/2017 - 20:45:46: "Tony<11><BOT>" switched from team <CT> to <Unassigned>
L 10/18/2017 - 20:45:46: "Gabe<10><BOT><TERRORIST>" disconnected (reason "Kicked by Console")
L 10/18/2017 - 20:45:46: "Gabe<10><BOT>" switched from team <TERRORIST> to <Unassigned>
L 10/18/2017 - 20:51:54: [META] Loaded 0 plugins (1 already loaded)
L 10/18/2017 - 20:51:55: server_message: "quit"
L 10/18/2017 - 20:51:55: Log file closed
