L 01/10/2015 - 11:10:34: Log file started (file "logfiles/L000_000_000_000_27015_201501101110_000.log") (game "/home/lladmin/STEAMCMD/Servers/csgo/csgo") (version "5906")
L 01/10/2015 - 11:10:34: Loading map "de_dust"
L 01/10/2015 - 11:10:34: server cvars start
L 01/10/2015 - 11:10:34: "cash_player_killed_teammate" = "-300"
L 01/10/2015 - 11:10:34: "sv_maxspeed" = "320"
L 01/10/2015 - 11:10:34: "cash_player_respawn_amount" = "0"
L 01/10/2015 - 11:10:34: "cash_team_rescued_hostage" = "0"
L 01/10/2015 - 11:10:34: "cash_team_win_by_defusing_bomb" = "3250"
L 01/10/2015 - 11:10:34: "sv_rollangle" = "0"
L 01/10/2015 - 11:10:34: "r_AirboatViewZHeight" = "0.0"
L 01/10/2015 - 11:10:34: "sv_cheats" = "0"
L 01/10/2015 - 11:10:34: "r_VehicleViewDampen" = "1"
L 01/10/2015 - 11:10:34: "mp_allowNPCs" = "1"
L 01/10/2015 - 11:10:34: "mp_tournament" = "0"
L 01/10/2015 - 11:10:34: "sv_spec_hear" = "1"
L 01/10/2015 - 11:10:34: "cash_player_interact_with_hostage" = "150"
L 01/10/2015 - 11:10:34: "mp_flashlight" = "0"
L 01/10/2015 - 11:10:34: "mp_maxrounds" = "0"
L 01/10/2015 - 11:10:34: "sv_tags" = ""
L 01/10/2015 - 11:10:34: "sv_stepsize" = "18"
L 01/10/2015 - 11:10:34: "mp_teamlist" = "hgrunt;scientist"
L 01/10/2015 - 11:10:34: "sv_alltalk" = "0"
L 01/10/2015 - 11:10:34: "mp_footsteps" = "1"
L 01/10/2015 - 11:10:34: "sv_noclipaccelerate" = "5"
L 01/10/2015 - 11:10:34: "sv_accelerate_debug_speed" = "0"
L 01/10/2015 - 11:10:34: "sv_wateraccelerate" = "10"
L 01/10/2015 - 11:10:34: "mp_autocrosshair" = "1"
L 01/10/2015 - 11:10:34: "mp_stalemate_enable" = "0"
L 01/10/2015 - 11:10:34: "cash_team_elimination_bomb_map" = "3250"
L 01/10/2015 - 11:10:34: "cash_player_get_killed" = "0"
L 01/10/2015 - 11:10:34: "mp_roundtime_defuse" = "0"
L 01/10/2015 - 11:10:34: "sv_autobuyammo" = "1"
L 01/10/2015 - 11:10:34: "sv_rollspeed" = "200"
L 01/10/2015 - 11:10:34: "sv_airaccelerate" = "12"
L 01/10/2015 - 11:10:34: "mp_teams_unbalance_limit" = "1"
L 01/10/2015 - 11:10:34: "mp_timelimit" = "5"
L 01/10/2015 - 11:10:34: "cash_team_loser_bonus" = "1400"
L 01/10/2015 - 11:10:34: "sv_deadtalk" = "0"
L 01/10/2015 - 11:10:34: "cash_player_rescued_hostage" = "1000"
L 01/10/2015 - 11:10:34: "sv_waterfriction" = "1"
L 01/10/2015 - 11:10:34: "sv_competitive_official_5v5" = "0"
L 01/10/2015 - 11:10:34: "sv_steamgroup" = ""
L 01/10/2015 - 11:10:34: "cash_player_killed_enemy_default" = "300"
L 01/10/2015 - 11:10:34: "coop" = "0"
L 01/10/2015 - 11:10:34: "mp_respawnwavetime" = "10.0"
L 01/10/2015 - 11:10:34: "nextlevel" = ""
L 01/10/2015 - 11:10:34: "sv_stopspeed" = "80"
L 01/10/2015 - 11:10:34: "sv_specaccelerate" = "5"
L 01/10/2015 - 11:10:34: "deathmatch" = "1"
L 01/10/2015 - 11:10:34: "tv_enable" = "0"
L 01/10/2015 - 11:10:34: "mp_falldamage" = "0"
L 01/10/2015 - 11:10:34: "mp_teammates_are_enemies" = "0"
L 01/10/2015 - 11:10:34: "mp_roundtime_hostage" = "0"
L 01/10/2015 - 11:10:34: "mp_freezetime" = "6"
L 01/10/2015 - 11:10:34: "sv_accelerate_use_weapon_speed" = "1"
L 01/10/2015 - 11:10:34: "sv_voiceenable" = "1"
L 01/10/2015 - 11:10:34: "sv_bounce" = "0"
L 01/10/2015 - 11:10:34: "mp_disable_respawn_times" = "0"
L 01/10/2015 - 11:10:34: "r_AirboatViewDampenFreq" = "7.0"
L 01/10/2015 - 11:10:34: "mp_weaponstay" = "0"
L 01/10/2015 - 11:10:34: "mp_hostagepenalty" = "10"
L 01/10/2015 - 11:10:34: "tv_advertise_watchable" = "0"
L 01/10/2015 - 11:10:34: "mp_friendlyfire" = "0"
L 01/10/2015 - 11:10:34: "sv_noclipspeed" = "5"
L 01/10/2015 - 11:10:34: "cash_team_hostage_interaction" = "500"
L 01/10/2015 - 11:10:34: "sv_allchat" = "1"
L 01/10/2015 - 11:10:34: "cash_team_win_by_time_running_out_bomb" = "3250"
L 01/10/2015 - 11:10:34: "mp_buy_during_immunity" = "0"
L 01/10/2015 - 11:10:34: "cash_player_killed_enemy_factor" = "1"
L 01/10/2015 - 11:10:34: "r_JeepViewDampenDamp" = "1.0"
L 01/10/2015 - 11:10:34: "mp_c4timer" = "45"
L 01/10/2015 - 11:10:34: "r_AirboatViewDampenDamp" = "1.0"
L 01/10/2015 - 11:10:34: "sv_competitive_minspec" = "1"
L 01/10/2015 - 11:10:34: "sv_max_allowed_net_graph" = "1"
L 01/10/2015 - 11:10:34: "mp_stalemate_at_timelimit" = "0"
L 01/10/2015 - 11:10:34: "sv_footsteps" = "1"
L 01/10/2015 - 11:10:34: "mp_limitteams" = "2"
L 01/10/2015 - 11:10:34: "sv_vote_issue_kick_allowed" = "1"
L 01/10/2015 - 11:10:34: "tv_relaypassword" = ""
L 01/10/2015 - 11:10:34: "mp_teamplay" = "0"
L 01/10/2015 - 11:10:34: "cash_team_terrorist_win_bomb" = "3500"
L 01/10/2015 - 11:10:34: "cash_team_elimination_hostage_map_t" = "1000"
L 01/10/2015 - 11:10:34: "r_JeepViewDampenFreq" = "7.0"
L 01/10/2015 - 11:10:34: "sv_specnoclip" = "1"
L 01/10/2015 - 11:10:34: "sv_friction" = "5.2"
L 01/10/2015 - 11:10:34: "cash_team_win_by_time_running_out_hostage" = "3250"
L 01/10/2015 - 11:10:34: "cash_player_bomb_planted" = "300"
L 01/10/2015 - 11:10:34: "mp_autoteambalance" = "1"
L 01/10/2015 - 11:10:34: "sv_contact" = ""
L 01/10/2015 - 11:10:34: "sv_vote_kick_ban_duration" = "15"
L 01/10/2015 - 11:10:34: "cash_player_bomb_defused" = "300"
L 01/10/2015 - 11:10:34: "mp_roundtime" = "5"
L 01/10/2015 - 11:10:34: "sv_kick_ban_duration" = "15"
L 01/10/2015 - 11:10:34: "cash_team_planted_bomb_but_defused" = "800"
L 01/10/2015 - 11:10:34: "cash_player_killed_hostage" = "-1000"
L 01/10/2015 - 11:10:34: "sv_vote_issue_loadbackup_allowed" = "1"
L 01/10/2015 - 11:10:34: "mp_fraglimit" = "0"
L 01/10/2015 - 11:10:34: "mp_forcerespawn" = "1"
L 01/10/2015 - 11:10:34: "decalfrequency" = "10"
L 01/10/2015 - 11:10:34: "mp_winlimit" = "0"
L 01/10/2015 - 11:10:34: "sv_accelerate" = "5.5"
L 01/10/2015 - 11:10:34: "mp_buy_anywhere" = "0"
L 01/10/2015 - 11:10:34: "sv_gravity" = "800"
L 01/10/2015 - 11:10:34: "sv_password" = "***PROTECTED***"
L 01/10/2015 - 11:10:34: "cash_team_elimination_hostage_map_ct" = "2000"
L 01/10/2015 - 11:10:34: "cash_team_win_by_hostage_rescue" = "3500"
L 01/10/2015 - 11:10:34: "r_JeepViewZHeight" = "10.0"
L 01/10/2015 - 11:10:34: "cash_team_loser_bonus_consecutive_rounds" = "500"
L 01/10/2015 - 11:10:34: "cash_player_damage_hostage" = "-30"
L 01/10/2015 - 11:10:34: "cash_team_hostage_alive" = "0"
L 01/10/2015 - 11:10:34: "tv_password" = ""
L 01/10/2015 - 11:10:34: "sv_specspeed" = "3"
L 01/10/2015 - 11:10:34: server cvars end
L 01/10/2015 - 11:10:36: Started map "de_dust" (CRC "1112256951")
L 01/10/2015 - 11:10:36: server_cvar: "cash_player_interact_with_hostage" "300"
L 01/10/2015 - 11:10:36: server_cvar: "cash_team_elimination_hostage_map_t" "3000"
L 01/10/2015 - 11:10:36: server_cvar: "cash_team_elimination_hostage_map_ct" "3000"
L 01/10/2015 - 11:10:36: server_cvar: "cash_team_hostage_interaction" "600"
L 01/10/2015 - 11:10:36: server_cvar: "cash_team_rescued_hostage" "600"
L 01/10/2015 - 11:10:36: server_cvar: "cash_team_win_by_defusing_bomb" "3500"
L 01/10/2015 - 11:10:36: server_cvar: "cash_team_win_by_hostage_rescue" "2900"
L 01/10/2015 - 11:10:36: server_cvar: "mp_roundtime_hostage" "2"
L 01/10/2015 - 11:10:36: server_cvar: "mp_timelimit" "0"
L 01/10/2015 - 11:10:36: server_cvar: "cash_player_killed_teammate" "-3300"
L 01/10/2015 - 11:10:36: server_cvar: "mp_autoteambalance" "0"
L 01/10/2015 - 11:10:36: server_cvar: "mp_c4timer" "35"
L 01/10/2015 - 11:10:36: server_cvar: "mp_freezetime" "15"
L 01/10/2015 - 11:10:36: server_cvar: "mp_friendlyfire" "1"
L 01/10/2015 - 11:10:36: server_cvar: "mp_limitteams" "0"
L 01/10/2015 - 11:10:36: server_cvar: "mp_maxrounds" "30"
L 01/10/2015 - 11:10:36: server_cvar: "mp_roundtime" "1.75"
L 01/10/2015 - 11:10:36: server_cvar: "mp_roundtime_defuse" "1.75"
L 01/10/2015 - 11:10:36: server_cvar: "sv_contact" "0"
L 01/10/2015 - 11:10:36: server_cvar: "sv_kick_ban_duration" "0"
L 01/10/2015 - 11:10:36: server_cvar: "sv_competitive_official_5v5" "1"
L 01/10/2015 - 11:10:36: "Console<0><Console><Console>" say ""LL Config v0.2""
L 01/10/2015 - 11:10:36: "Console<0><Console><Console>" say ""Good luck, have fun, and remember to record your personal demos""
L 01/10/2015 - 11:10:51: server_message: "quit"
L 01/10/2015 - 11:10:51: Log file closed
