L 12/20/2014 - 16:07:02: Log file started (file "logfiles/L127_000_001_001_27015_201412201607_000.log") (game "/home/lladmin/STEAMCMD/Servers/csgo/csgo") (version "5858")
L 12/20/2014 - 16:07:02: Loading map "workshop/152508932/de_mirage"
L 12/20/2014 - 16:07:02: server cvars start
L 12/20/2014 - 16:07:02: "cash_player_killed_teammate" = "-3300"
L 12/20/2014 - 16:07:02: "sv_maxspeed" = "320"
L 12/20/2014 - 16:07:02: "cash_player_respawn_amount" = "0"
L 12/20/2014 - 16:07:02: "cash_team_rescued_hostage" = "600"
L 12/20/2014 - 16:07:02: "cash_team_win_by_defusing_bomb" = "3500"
L 12/20/2014 - 16:07:02: "sv_rollangle" = "0"
L 12/20/2014 - 16:07:02: "r_AirboatViewZHeight" = "0.0"
L 12/20/2014 - 16:07:02: "sv_cheats" = "0"
L 12/20/2014 - 16:07:02: "r_VehicleViewDampen" = "1"
L 12/20/2014 - 16:07:02: "mp_allowNPCs" = "1"
L 12/20/2014 - 16:07:02: "mp_tournament" = "0"
L 12/20/2014 - 16:07:02: "sv_spec_hear" = "1"
L 12/20/2014 - 16:07:02: "cash_player_interact_with_hostage" = "300"
L 12/20/2014 - 16:07:02: "mp_flashlight" = "0"
L 12/20/2014 - 16:07:02: "mp_maxrounds" = "30"
L 12/20/2014 - 16:07:02: "sv_tags" = ""
L 12/20/2014 - 16:07:02: "sv_stepsize" = "18"
L 12/20/2014 - 16:07:02: "mp_teamlist" = "hgrunt;scientist"
L 12/20/2014 - 16:07:02: "sv_alltalk" = "0"
L 12/20/2014 - 16:07:02: "mp_footsteps" = "1"
L 12/20/2014 - 16:07:02: "sv_noclipaccelerate" = "5"
L 12/20/2014 - 16:07:02: "sv_accelerate_debug_speed" = "0"
L 12/20/2014 - 16:07:02: "sv_wateraccelerate" = "10"
L 12/20/2014 - 16:07:02: "mp_autocrosshair" = "1"
L 12/20/2014 - 16:07:02: "mp_stalemate_enable" = "0"
L 12/20/2014 - 16:07:02: "cash_team_elimination_bomb_map" = "3250"
L 12/20/2014 - 16:07:02: "cash_player_get_killed" = "0"
L 12/20/2014 - 16:07:02: "mp_roundtime_defuse" = "1.75"
L 12/20/2014 - 16:07:02: "sv_autobuyammo" = "1"
L 12/20/2014 - 16:07:02: "sv_rollspeed" = "200"
L 12/20/2014 - 16:07:02: "sv_airaccelerate" = "12"
L 12/20/2014 - 16:07:02: "mp_teams_unbalance_limit" = "1"
L 12/20/2014 - 16:07:02: "mp_timelimit" = "0"
L 12/20/2014 - 16:07:02: "cash_team_loser_bonus" = "1400"
L 12/20/2014 - 16:07:02: "sv_deadtalk" = "0"
L 12/20/2014 - 16:07:02: "cash_player_rescued_hostage" = "1000"
L 12/20/2014 - 16:07:02: "sv_waterfriction" = "1"
L 12/20/2014 - 16:07:02: "sv_competitive_official_5v5" = "1"
L 12/20/2014 - 16:07:02: "sv_steamgroup" = ""
L 12/20/2014 - 16:07:02: "cash_player_killed_enemy_default" = "300"
L 12/20/2014 - 16:07:02: "coop" = "0"
L 12/20/2014 - 16:07:02: "mp_respawnwavetime" = "10.0"
L 12/20/2014 - 16:07:02: "nextlevel" = ""
L 12/20/2014 - 16:07:02: "sv_stopspeed" = "80"
L 12/20/2014 - 16:07:02: "sv_specaccelerate" = "5"
L 12/20/2014 - 16:07:02: "deathmatch" = "1"
L 12/20/2014 - 16:07:02: "tv_enable" = "0"
L 12/20/2014 - 16:07:02: "mp_falldamage" = "0"
L 12/20/2014 - 16:07:02: "mp_teammates_are_enemies" = "0"
L 12/20/2014 - 16:07:02: "mp_roundtime_hostage" = "2"
L 12/20/2014 - 16:07:02: "mp_freezetime" = "15"
L 12/20/2014 - 16:07:02: "sv_accelerate_use_weapon_speed" = "1"
L 12/20/2014 - 16:07:02: "sv_voiceenable" = "1"
L 12/20/2014 - 16:07:02: "sv_bounce" = "0"
L 12/20/2014 - 16:07:02: "mp_disable_respawn_times" = "0"
L 12/20/2014 - 16:07:02: "r_AirboatViewDampenFreq" = "7.0"
L 12/20/2014 - 16:07:02: "mp_weaponstay" = "0"
L 12/20/2014 - 16:07:02: "mp_hostagepenalty" = "10"
L 12/20/2014 - 16:07:02: "tv_advertise_watchable" = "0"
L 12/20/2014 - 16:07:02: "mp_friendlyfire" = "1"
L 12/20/2014 - 16:07:02: "sv_noclipspeed" = "5"
L 12/20/2014 - 16:07:02: "cash_team_hostage_interaction" = "600"
L 12/20/2014 - 16:07:02: "sv_allchat" = "1"
L 12/20/2014 - 16:07:02: "cash_team_win_by_time_running_out_bomb" = "3250"
L 12/20/2014 - 16:07:02: "mp_buy_during_immunity" = "0"
L 12/20/2014 - 16:07:02: "cash_player_killed_enemy_factor" = "1"
L 12/20/2014 - 16:07:02: "r_JeepViewDampenDamp" = "1.0"
L 12/20/2014 - 16:07:02: "mp_c4timer" = "35"
L 12/20/2014 - 16:07:02: "r_AirboatViewDampenDamp" = "1.0"
L 12/20/2014 - 16:07:02: "sv_competitive_minspec" = "1"
L 12/20/2014 - 16:07:02: "sv_max_allowed_net_graph" = "1"
L 12/20/2014 - 16:07:02: "mp_stalemate_at_timelimit" = "0"
L 12/20/2014 - 16:07:02: "sv_footsteps" = "1"
L 12/20/2014 - 16:07:02: "mp_limitteams" = "0"
L 12/20/2014 - 16:07:02: "sv_vote_issue_kick_allowed" = "1"
L 12/20/2014 - 16:07:02: "tv_relaypassword" = ""
L 12/20/2014 - 16:07:02: "mp_teamplay" = "0"
L 12/20/2014 - 16:07:02: "cash_team_terrorist_win_bomb" = "3500"
L 12/20/2014 - 16:07:02: "cash_team_elimination_hostage_map_t" = "3000"
L 12/20/2014 - 16:07:02: "r_JeepViewDampenFreq" = "7.0"
L 12/20/2014 - 16:07:02: "sv_specnoclip" = "1"
L 12/20/2014 - 16:07:02: "sv_friction" = "5.2"
L 12/20/2014 - 16:07:02: "cash_team_win_by_time_running_out_hostage" = "3250"
L 12/20/2014 - 16:07:02: "cash_player_bomb_planted" = "300"
L 12/20/2014 - 16:07:02: "mp_autoteambalance" = "0"
L 12/20/2014 - 16:07:02: "sv_contact" = "0"
L 12/20/2014 - 16:07:02: "sv_vote_kick_ban_duration" = "15"
L 12/20/2014 - 16:07:02: "cash_player_bomb_defused" = "300"
L 12/20/2014 - 16:07:02: "mp_roundtime" = "1.75"
L 12/20/2014 - 16:07:02: "sv_kick_ban_duration" = "0"
L 12/20/2014 - 16:07:02: "cash_team_planted_bomb_but_defused" = "800"
L 12/20/2014 - 16:07:02: "cash_player_killed_hostage" = "-1000"
L 12/20/2014 - 16:07:02: "sv_vote_issue_loadbackup_allowed" = "1"
L 12/20/2014 - 16:07:02: "mp_fraglimit" = "0"
L 12/20/2014 - 16:07:02: "mp_forcerespawn" = "1"
L 12/20/2014 - 16:07:02: "decalfrequency" = "10"
L 12/20/2014 - 16:07:02: "mp_winlimit" = "0"
L 12/20/2014 - 16:07:02: "sv_accelerate" = "5.5"
L 12/20/2014 - 16:07:02: "mp_buy_anywhere" = "0"
L 12/20/2014 - 16:07:02: "sv_gravity" = "800"
L 12/20/2014 - 16:07:02: "sv_password" = "***PROTECTED***"
L 12/20/2014 - 16:07:02: "cash_team_elimination_hostage_map_ct" = "3000"
L 12/20/2014 - 16:07:02: "cash_team_win_by_hostage_rescue" = "2900"
L 12/20/2014 - 16:07:02: "r_JeepViewZHeight" = "10.0"
L 12/20/2014 - 16:07:02: "cash_team_loser_bonus_consecutive_rounds" = "500"
L 12/20/2014 - 16:07:02: "cash_player_damage_hostage" = "-30"
L 12/20/2014 - 16:07:02: "cash_team_hostage_alive" = "0"
L 12/20/2014 - 16:07:02: "tv_password" = ""
L 12/20/2014 - 16:07:02: "sv_specspeed" = "3"
L 12/20/2014 - 16:07:02: server cvars end
L 12/20/2014 - 16:07:02: Started map "workshop/152508932/de_mirage" (CRC "2020322063")
L 12/20/2014 - 16:07:02: server_cvar: "cash_player_interact_with_hostage" "150"
L 12/20/2014 - 16:07:02: server_cvar: "cash_player_killed_teammate" "-300"
L 12/20/2014 - 16:07:02: server_cvar: "cash_team_elimination_hostage_map_t" "1000"
L 12/20/2014 - 16:07:02: server_cvar: "cash_team_elimination_hostage_map_ct" "2000"
L 12/20/2014 - 16:07:02: server_cvar: "cash_team_hostage_interaction" "500"
L 12/20/2014 - 16:07:02: server_cvar: "cash_team_rescued_hostage" "0"
L 12/20/2014 - 16:07:02: server_cvar: "cash_team_win_by_defusing_bomb" "3250"
L 12/20/2014 - 16:07:02: server_cvar: "cash_team_win_by_hostage_rescue" "3500"
L 12/20/2014 - 16:07:02: server_cvar: "mp_freezetime" "6"
L 12/20/2014 - 16:07:02: server_cvar: "mp_maxrounds" "0"
L 12/20/2014 - 16:07:02: server_cvar: "mp_roundtime" "5"
L 12/20/2014 - 16:07:02: server_cvar: "mp_roundtime_defuse" "0"
L 12/20/2014 - 16:07:02: server_cvar: "mp_roundtime_hostage" "0"
L 12/20/2014 - 16:07:02: server_cvar: "mp_timelimit" "5"
L 12/20/2014 - 16:07:02: server_cvar: "mp_friendlyfire" "0"
L 12/20/2014 - 16:07:02: server_cvar: "mp_limitteams" "2"
L 12/20/2014 - 16:07:02: server_cvar: "cash_player_interact_with_hostage" "300"
L 12/20/2014 - 16:07:02: server_cvar: "cash_team_elimination_hostage_map_t" "3000"
L 12/20/2014 - 16:07:02: server_cvar: "cash_team_elimination_hostage_map_ct" "3000"
L 12/20/2014 - 16:07:02: server_cvar: "cash_team_hostage_interaction" "600"
L 12/20/2014 - 16:07:02: server_cvar: "cash_team_rescued_hostage" "600"
L 12/20/2014 - 16:07:02: server_cvar: "cash_team_win_by_defusing_bomb" "3500"
L 12/20/2014 - 16:07:02: server_cvar: "cash_team_win_by_hostage_rescue" "2900"
L 12/20/2014 - 16:07:02: server_cvar: "mp_roundtime_hostage" "2"
L 12/20/2014 - 16:07:02: server_cvar: "mp_timelimit" "0"
L 12/20/2014 - 16:07:02: server_cvar: "cash_player_killed_teammate" "-3300"
L 12/20/2014 - 16:07:02: server_cvar: "mp_freezetime" "15"
L 12/20/2014 - 16:07:02: server_cvar: "mp_friendlyfire" "1"
L 12/20/2014 - 16:07:02: server_cvar: "mp_limitteams" "0"
L 12/20/2014 - 16:07:02: server_cvar: "mp_maxrounds" "30"
L 12/20/2014 - 16:07:02: server_cvar: "mp_roundtime" "1.75"
L 12/20/2014 - 16:07:02: server_cvar: "mp_roundtime_defuse" "1.75"
L 12/20/2014 - 16:07:02: "Console<0><Console><Console>" say ""LL Config v0.2""
L 12/20/2014 - 16:07:02: "Console<0><Console><Console>" say ""Good luck, have fun, and remember to record your personal demos""
L 12/20/2014 - 16:07:10: "[LL] Dudsmack<2><STEAM_1:1:3648970><>" connected, address ""
L 12/20/2014 - 16:07:10: World triggered "Round_Start"
L 12/20/2014 - 16:07:11: "[LL] Dudsmack<2><STEAM_1:1:3648970><>" STEAM USERID validated
L 12/20/2014 - 16:07:13: "[LL] Dudsmack<2><STEAM_1:1:3648970><>" entered the game
L 12/20/2014 - 16:07:15: "[LL] Dudsmack<2><STEAM_1:1:3648970><Unassigned>" triggered "clantag" (value "")
L 12/20/2014 - 16:07:16: "[LL] Loddy<3><STEAM_1:0:4665189><>" connected, address ""
L 12/20/2014 - 16:07:16: "[LL] Loddy<3><STEAM_1:0:4665189><>" STEAM USERID validated
L 12/20/2014 - 16:07:18: "[LL] Dudsmack<2><STEAM_1:1:3648970>" switched from team <Unassigned> to <TERRORIST>
L 12/20/2014 - 16:07:18: "[LL] Dudsmack<2><STEAM_1:1:3648970><TERRORIST>" triggered "clantag" (value "")
L 12/20/2014 - 16:07:18: World triggered "Game_Commencing"
L 12/20/2014 - 16:07:18: "[LL] Loddy<3><STEAM_1:0:4665189><>" entered the game
L 12/20/2014 - 16:07:20: "[LL] Loddy<3><STEAM_1:0:4665189><Unassigned>" triggered "clantag" (value "")
L 12/20/2014 - 16:07:20: "[LL] Dudsmack<2><STEAM_1:1:3648970><TERRORIST>" purchased "m4a1"
L 12/20/2014 - 16:07:20: "[LL] Dudsmack<2><STEAM_1:1:3648970><TERRORIST>" purchased "vesthelm"
L 12/20/2014 - 16:07:21: World triggered "Round_Start"
L 12/20/2014 - 16:07:28: "[LL] Loddy<3><STEAM_1:0:4665189>" switched from team <Unassigned> to <CT>
L 12/20/2014 - 16:07:28: "[LL] Loddy<3><STEAM_1:0:4665189><CT>" triggered "clantag" (value "")
L 12/20/2014 - 16:07:31: "[LL] Loddy<3><STEAM_1:0:4665189><CT>" purchased "m4a1"
L 12/20/2014 - 16:07:31: "[LL] Loddy<3><STEAM_1:0:4665189><CT>" purchased "defuser"
L 12/20/2014 - 16:07:31: "[LL] Loddy<3><STEAM_1:0:4665189><CT>" purchased "vesthelm"
L 12/20/2014 - 16:07:47: "[LL] Dudsmack<2><STEAM_1:1:3648970><TERRORIST>" [246 -1524 -176] attacked "[LL] Loddy<3><STEAM_1:0:4665189><CT>" [605 -1573 -264] with "glock" (damage "15") (damage_armor "8") (health "85") (armor "91") (hitgroup "stomach")
L 12/20/2014 - 16:07:49: "[LL] Dudsmack<2><STEAM_1:1:3648970><TERRORIST>" [583 -1608 -264] attacked "[LL] Loddy<3><STEAM_1:0:4665189><CT>" [689 -1363 -264] with "glock" (damage "15") (damage_armor "8") (health "70") (armor "82") (hitgroup "stomach")
L 12/20/2014 - 16:07:49: "[LL] Dudsmack<2><STEAM_1:1:3648970><TERRORIST>" [593 -1595 -264] attacked "[LL] Loddy<3><STEAM_1:0:4665189><CT>" [689 -1363 -264] with "glock" (damage "12") (damage_armor "7") (health "58") (armor "74") (hitgroup "chest")
L 12/20/2014 - 16:07:49: "[LL] Dudsmack<2><STEAM_1:1:3648970><TERRORIST>" [600 -1581 -264] attacked "[LL] Loddy<3><STEAM_1:0:4665189><CT>" [689 -1363 -264] with "glock" (damage "12") (damage_armor "7") (health "46") (armor "66") (hitgroup "chest")
L 12/20/2014 - 16:07:50: "[LL] Dudsmack<2><STEAM_1:1:3648970><TERRORIST>" [606 -1569 -264] attacked "[LL] Loddy<3><STEAM_1:0:4665189><CT>" [689 -1363 -264] with "glock" (damage "12") (damage_armor "7") (health "34") (armor "58") (hitgroup "chest")
L 12/20/2014 - 16:07:50: "[LL] Loddy<3><STEAM_1:0:4665189><CT>" [689 -1363 -264] attacked "[LL] Dudsmack<2><STEAM_1:1:3648970><TERRORIST>" [605 -1571 -264] with "m4a1" (damage "91") (damage_armor "19") (health "9") (armor "80") (hitgroup "head")
L 12/20/2014 - 16:07:50: "[LL] Loddy<3><STEAM_1:0:4665189><CT>" [689 -1363 -264] attacked "[LL] Dudsmack<2><STEAM_1:1:3648970><TERRORIST>" [607 -1566 -264] with "m4a1" (damage "22") (damage_armor "4") (health "0") (armor "75") (hitgroup "chest")
L 12/20/2014 - 16:07:50: "[LL] Loddy<3><STEAM_1:0:4665189><CT>" [689 -1363 -264] killed "[LL] Dudsmack<2><STEAM_1:1:3648970><TERRORIST>" [607 -1566 -218] with "m4a1"
L 12/20/2014 - 16:12:14: "[LL] Dudsmack<2><STEAM_1:1:3648970><TERRORIST>" triggered "Got_The_Bomb"
L 12/20/2014 - 16:12:24: "[LL] Dudsmack<2><STEAM_1:1:3648970><TERRORIST>" purchased "elite"
L 12/20/2014 - 16:12:29: World triggered "Round_Start"
L 12/20/2014 - 16:13:11: "[LL] Dudsmack<2><STEAM_1:1:3648970><TERRORIST>" triggered "Planted_The_Bomb"
L 12/20/2014 - 16:13:36: "[LL] Dudsmack<2><STEAM_1:1:3648970><TERRORIST>" [-2636 104 -160] attacked "[LL] Loddy<3><STEAM_1:0:4665189><CT>" [-2259 242 -163] with "elite" (damage "30") (damage_armor "0") (health "70") (armor "0") (hitgroup "chest")
L 12/20/2014 - 16:13:36: "[LL] Dudsmack<2><STEAM_1:1:3648970><TERRORIST>" [-2636 104 -160] attacked "[LL] Loddy<3><STEAM_1:0:4665189><CT>" [-2126 323 -160] with "elite" (damage "34") (damage_armor "0") (health "36") (armor "0") (hitgroup "stomach")
L 12/20/2014 - 16:13:38: "[LL] Dudsmack<2><STEAM_1:1:3648970><TERRORIST>" [-2544 243 -168] attacked "[LL] Loddy<3><STEAM_1:0:4665189><CT>" [-2089 182 -160] with "elite" (damage "29") (damage_armor "0") (health "7") (armor "0") (hitgroup "chest")
L 12/20/2014 - 16:13:42: "[LL] Loddy<3><STEAM_1:0:4665189><CT>" triggered "Begin_Bomb_Defuse_Without_Kit"
L 12/20/2014 - 16:13:43: "[LL] Dudsmack<2><STEAM_1:1:3648970><TERRORIST>" [-2132 533 -166] attacked "[LL] Loddy<3><STEAM_1:0:4665189><CT>" [-2023 413 -160] with "elite" (damage "34") (damage_armor "0") (health "0") (armor "0") (hitgroup "right arm")
L 12/20/2014 - 16:13:43: "[LL] Dudsmack<2><STEAM_1:1:3648970><TERRORIST>" [-2132 533 -166] killed "[LL] Loddy<3><STEAM_1:0:4665189><CT>" [-2023 413 -96] with "elite"
L 12/20/2014 - 16:13:43: Team "TERRORIST" triggered "SFUI_Notice_Terrorists_Win" (CT "0") (T "1")
L 12/20/2014 - 16:13:43: Team "CT" scored "0" with "1" players
L 12/20/2014 - 16:13:43: Team "TERRORIST" scored "1" with "1" players
L 12/20/2014 - 16:13:43: World triggered "Round_End"
L 12/20/2014 - 16:13:53: "[LL] Dudsmack<2><STEAM_1:1:3648970><TERRORIST>" triggered "Got_The_Bomb"
L 12/20/2014 - 16:13:54: "[LL] Dudsmack<2><STEAM_1:1:3648970><TERRORIST>" purchased "m4a1"
L 12/20/2014 - 16:13:54: "[LL] Dudsmack<2><STEAM_1:1:3648970><TERRORIST>" purchased "vesthelm"
L 12/20/2014 - 16:13:55: "[LL] Loddy<3><STEAM_1:0:4665189><CT>" purchased "mp7"
L 12/20/2014 - 16:13:55: "[LL] Loddy<3><STEAM_1:0:4665189><CT>" purchased "defuser"
L 12/20/2014 - 16:14:08: World triggered "Round_Start"
L 12/20/2014 - 16:14:30: "[LL] Loddy<3><STEAM_1:0:4665189><CT>" [-1035 234 -173] attacked "[LL] Dudsmack<2><STEAM_1:1:3648970><TERRORIST>" [-865 105 -172] with "mp7" (damage "67") (damage_armor "20") (health "33") (armor "79") (hitgroup "head")
L 12/20/2014 - 16:14:30: "[LL] Loddy<3><STEAM_1:0:4665189><CT>" [-1017 230 -173] attacked "[LL] Dudsmack<2><STEAM_1:1:3648970><TERRORIST>" [-877 103 -171] with "mp7" (damage "17") (damage_armor "5") (health "16") (armor "73") (hitgroup "chest")
L 12/20/2014 - 16:14:31: "[LL] Loddy<3><STEAM_1:0:4665189><CT>" [-851 284 -168] attacked "[LL] Dudsmack<2><STEAM_1:1:3648970><TERRORIST>" [-829 59 -159] with "mp7" (damage "16") (damage_armor "5") (health "0") (armor "67") (hitgroup "right arm")
L 12/20/2014 - 16:14:31: "[LL] Dudsmack<2><STEAM_1:1:3648970><TERRORIST>" triggered "Dropped_The_Bomb"
L 12/20/2014 - 16:14:31: "[LL] Loddy<3><STEAM_1:0:4665189><CT>" [-851 284 -168] killed "[LL] Dudsmack<2><STEAM_1:1:3648970><TERRORIST>" [-829 59 -95] with "mp7"
L 12/20/2014 - 16:14:31: Team "CT" triggered "SFUI_Notice_CTs_Win" (CT "1") (T "1")
L 12/20/2014 - 16:14:31: Team "CT" scored "1" with "1" players
L 12/20/2014 - 16:14:31: Team "TERRORIST" scored "1" with "1" players
L 12/20/2014 - 16:14:31: World triggered "Round_End"
L 12/20/2014 - 16:14:41: "[LL] Dudsmack<2><STEAM_1:1:3648970><TERRORIST>" triggered "Got_The_Bomb"
L 12/20/2014 - 16:14:46: "[LL] Dudsmack<2><STEAM_1:1:3648970><TERRORIST>" purchased "bizon"
L 12/20/2014 - 16:14:54: "[LL] Loddy<3><STEAM_1:0:4665189><CT>" purchased "m4a1"
L 12/20/2014 - 16:14:54: "[LL] Loddy<3><STEAM_1:0:4665189><CT>" purchased "vest"
L 12/20/2014 - 16:14:56: World triggered "Round_Start"
L 12/20/2014 - 16:15:17: "[LL] Dudsmack<2><STEAM_1:1:3648970><TERRORIST>" triggered "Planted_The_Bomb"
L 12/20/2014 - 16:15:53: Team "TERRORIST" triggered "SFUI_Notice_Target_Bombed" (CT "1") (T "2")
L 12/20/2014 - 16:15:53: Team "CT" scored "1" with "1" players
L 12/20/2014 - 16:15:53: Team "TERRORIST" scored "2" with "1" players
L 12/20/2014 - 16:15:53: World triggered "Round_End"
L 12/20/2014 - 16:16:03: "[LL] Dudsmack<2><STEAM_1:1:3648970><TERRORIST>" triggered "Got_The_Bomb"
L 12/20/2014 - 16:16:04: "[LL] Dudsmack<2><STEAM_1:1:3648970><TERRORIST>" purchased "m4a1"
L 12/20/2014 - 16:16:04: "[LL] Dudsmack<2><STEAM_1:1:3648970><TERRORIST>" purchased "vesthelm"
L 12/20/2014 - 16:16:18: World triggered "Round_Start"
L 12/20/2014 - 16:16:50: "[LL] Loddy<3><STEAM_1:0:4665189><CT>" [-797 -18 -168] attacked "[LL] Dudsmack<2><STEAM_1:1:3648970><TERRORIST>" [-1185 -202 -54] with "m4a1" (damage "28") (damage_armor "6") (health "72") (armor "93") (hitgroup "stomach")
L 12/20/2014 - 16:16:50: "[LL] Loddy<3><STEAM_1:0:4665189><CT>" [-797 -18 -168] attacked "[LL] Dudsmack<2><STEAM_1:1:3648970><TERRORIST>" [-1185 -202 -54] with "m4a1" (damage "22") (damage_armor "4") (health "50") (armor "88") (hitgroup "chest")
L 12/20/2014 - 16:16:50: "[LL] Loddy<3><STEAM_1:0:4665189><CT>" [-797 -18 -168] attacked "[LL] Dudsmack<2><STEAM_1:1:3648970><TERRORIST>" [-1185 -202 -54] with "m4a1" (damage "22") (damage_armor "4") (health "28") (armor "83") (hitgroup "chest")
L 12/20/2014 - 16:16:50: "[LL] Loddy<3><STEAM_1:0:4665189><CT>" [-797 -18 -168] attacked "[LL] Dudsmack<2><STEAM_1:1:3648970><TERRORIST>" [-1185 -202 -54] with "m4a1" (damage "22") (damage_armor "4") (health "6") (armor "78") (hitgroup "chest")
L 12/20/2014 - 16:16:50: "[LL] Loddy<3><STEAM_1:0:4665189><CT>" [-797 -18 -168] attacked "[LL] Dudsmack<2><STEAM_1:1:3648970><TERRORIST>" [-1185 -202 -54] with "m4a1" (damage "89") (damage_armor "19") (health "0") (armor "58") (hitgroup "head")
L 12/20/2014 - 16:16:50: "[LL] Dudsmack<2><STEAM_1:1:3648970><TERRORIST>" triggered "Dropped_The_Bomb"
L 12/20/2014 - 16:16:50: "[LL] Loddy<3><STEAM_1:0:4665189><CT>" [-797 -18 -168] killed "[LL] Dudsmack<2><STEAM_1:1:3648970><TERRORIST>" [-1185 -202 10] with "m4a1" (headshot)
L 12/20/2014 - 16:16:50: Team "CT" triggered "SFUI_Notice_CTs_Win" (CT "2") (T "2")
L 12/20/2014 - 16:16:50: Team "CT" scored "2" with "1" players
L 12/20/2014 - 16:16:50: Team "TERRORIST" scored "2" with "1" players
L 12/20/2014 - 16:16:50: World triggered "Round_End"
L 12/20/2014 - 16:17:00: "[LL] Dudsmack<2><STEAM_1:1:3648970><TERRORIST>" triggered "Got_The_Bomb"
L 12/20/2014 - 16:17:12: "[LL] Dudsmack<2><STEAM_1:1:3648970><TERRORIST>" purchased "ssg08"
L 12/20/2014 - 16:17:15: World triggered "Round_Start"
L 12/20/2014 - 16:17:49: "[LL] Loddy<3><STEAM_1:0:4665189><CT>" [-448 -1616 -40] attacked "[LL] Dudsmack<2><STEAM_1:1:3648970><TERRORIST>" [-339 -2026 -176] with "m4a1" (damage "32") (damage_armor "0") (health "68") (armor "0") (hitgroup "chest")
L 12/20/2014 - 16:17:49: "[LL] Loddy<3><STEAM_1:0:4665189><CT>" [-448 -1616 -40] attacked "[LL] Dudsmack<2><STEAM_1:1:3648970><TERRORIST>" [-339 -2026 -176] with "m4a1" (damage "32") (damage_armor "0") (health "36") (armor "0") (hitgroup "chest")
L 12/20/2014 - 16:17:49: "[LL] Loddy<3><STEAM_1:0:4665189><CT>" [-448 -1616 -40] attacked "[LL] Dudsmack<2><STEAM_1:1:3648970><TERRORIST>" [-339 -2026 -176] with "m4a1" (damage "32") (damage_armor "0") (health "4") (armor "0") (hitgroup "chest")
L 12/20/2014 - 16:17:49: "[LL] Loddy<3><STEAM_1:0:4665189><CT>" [-448 -1616 -40] attacked "[LL] Dudsmack<2><STEAM_1:1:3648970><TERRORIST>" [-339 -2026 -176] with "m4a1" (damage "40") (damage_armor "0") (health "0") (armor "0") (hitgroup "stomach")
L 12/20/2014 - 16:17:49: "[LL] Dudsmack<2><STEAM_1:1:3648970><TERRORIST>" triggered "Dropped_The_Bomb"
L 12/20/2014 - 16:17:49: "[LL] Loddy<3><STEAM_1:0:4665189><CT>" [-448 -1616 -40] killed "[LL] Dudsmack<2><STEAM_1:1:3648970><TERRORIST>" [-339 -2026 -130] with "m4a1"
L 12/20/2014 - 16:17:49: Team "CT" triggered "SFUI_Notice_CTs_Win" (CT "3") (T "2")
L 12/20/2014 - 16:17:49: Team "CT" scored "3" with "1" players
L 12/20/2014 - 16:17:49: Team "TERRORIST" scored "2" with "1" players
L 12/20/2014 - 16:17:49: World triggered "Round_End"
L 12/20/2014 - 16:17:59: "[LL] Dudsmack<2><STEAM_1:1:3648970><TERRORIST>" triggered "Got_The_Bomb"
L 12/20/2014 - 16:18:02: "[LL] Dudsmack<2><STEAM_1:1:3648970><TERRORIST>" purchased "famas"
L 12/20/2014 - 16:18:14: World triggered "Round_Start"
L 12/20/2014 - 16:18:15: "[LL] Loddy<3><STEAM_1:0:4665189><CT>" purchased "assaultsuit"
L 12/20/2014 - 16:18:51: "[LL] Dudsmack<2><STEAM_1:1:3648970><TERRORIST>" triggered "Planted_The_Bomb"
L 12/20/2014 - 16:19:05: "[LL] Loddy<3><STEAM_1:0:4665189><CT>" [-912 -2327 -168] attacked "[LL] Dudsmack<2><STEAM_1:1:3648970><TERRORIST>" [29 -2082 -36] with "m4a1" (damage "23") (damage_armor "0") (health "77") (armor "0") (hitgroup "right leg")
L 12/20/2014 - 16:19:05: "[LL] Dudsmack<2><STEAM_1:1:3648970><TERRORIST>" [26 -2088 -36] attacked "[LL] Loddy<3><STEAM_1:0:4665189><CT>" [-912 -2327 -168] with "galilar" (damage "27") (damage_armor "4") (health "73") (armor "95") (hitgroup "stomach")
L 12/20/2014 - 16:19:05: "[LL] Dudsmack<2><STEAM_1:1:3648970><TERRORIST>" [24 -2092 -36] attacked "[LL] Loddy<3><STEAM_1:0:4665189><CT>" [-912 -2327 -168] with "galilar" (damage "27") (damage_armor "4") (health "46") (armor "90") (hitgroup "stomach")
L 12/20/2014 - 16:19:05: "[LL] Loddy<3><STEAM_1:0:4665189><CT>" [-912 -2327 -168] attacked "[LL] Dudsmack<2><STEAM_1:1:3648970><TERRORIST>" [24 -2090 -36] with "m4a1" (damage "38") (damage_armor "0") (health "39") (armor "0") (hitgroup "stomach")
L 12/20/2014 - 16:19:05: "[LL] Loddy<3><STEAM_1:0:4665189><CT>" [-912 -2327 -168] attacked "[LL] Dudsmack<2><STEAM_1:1:3648970><TERRORIST>" [22 -2094 -36] with "m4a1" (damage "38") (damage_armor "0") (health "1") (armor "0") (hitgroup "stomach")
L 12/20/2014 - 16:19:06: "[LL] Loddy<3><STEAM_1:0:4665189><CT>" [-912 -2327 -168] attacked "[LL] Dudsmack<2><STEAM_1:1:3648970><TERRORIST>" [16 -2105 -36] with "m4a1" (damage "31") (damage_armor "0") (health "0") (armor "0") (hitgroup "right arm")
L 12/20/2014 - 16:19:06: "[LL] Loddy<3><STEAM_1:0:4665189><CT>" [-912 -2327 -168] killed "[LL] Dudsmack<2><STEAM_1:1:3648970><TERRORIST>" [16 -2105 10] with "m4a1"
L 12/20/2014 - 16:19:09: "[LL] Loddy<3><STEAM_1:0:4665189><CT>" triggered "Begin_Bomb_Defuse_With_Kit"
L 12/20/2014 - 16:19:14: "[LL] Loddy<3><STEAM_1:0:4665189><CT>" triggered "Defused_The_Bomb"
L 12/20/2014 - 16:19:14: Team "CT" triggered "SFUI_Notice_Bomb_Defused" (CT "4") (T "2")
L 12/20/2014 - 16:19:14: Team "CT" scored "4" with "1" players
L 12/20/2014 - 16:19:14: Team "TERRORIST" scored "2" with "1" players
L 12/20/2014 - 16:19:14: World triggered "Round_End"
L 12/20/2014 - 16:19:24: "[LL] Dudsmack<2><STEAM_1:1:3648970><TERRORIST>" triggered "Got_The_Bomb"
L 12/20/2014 - 16:19:29: "[LL] Dudsmack<2><STEAM_1:1:3648970><TERRORIST>" purchased "elite"
L 12/20/2014 - 16:19:31: "[LL] Dudsmack<2><STEAM_1:1:3648970><TERRORIST>" purchased "assaultsuit"
L 12/20/2014 - 16:19:37: "[LL] Loddy<3><STEAM_1:0:4665189><CT>" purchased "vest"
L 12/20/2014 - 16:19:39: World triggered "Round_Start"
L 12/20/2014 - 16:19:58: "[LL] Dudsmack<2><STEAM_1:1:3648970><TERRORIST>" [-1439 -2267 -238] attacked "[LL] Loddy<3><STEAM_1:0:4665189><CT>" [-1425 -2234 -238] with "knife" (damage "33") (damage_armor "3") (health "67") (armor "97") (hitgroup "generic")
L 12/20/2014 - 16:19:58: "[LL] Loddy<3><STEAM_1:0:4665189><CT>" [-1411 -2222 -235] attacked "[LL] Dudsmack<2><STEAM_1:1:3648970><TERRORIST>" [-1461 -2267 -242] with "m4a1" (damage "23") (damage_armor "4") (health "77") (armor "95") (hitgroup "left arm")
L 12/20/2014 - 16:19:58: "[LL] Dudsmack<2><STEAM_1:1:3648970><TERRORIST>" [-1453 -2259 -241] attacked "[LL] Loddy<3><STEAM_1:0:4665189><CT>" [-1408 -2215 -235] with "knife" (damage "21") (damage_armor "1") (health "46") (armor "95") (hitgroup "generic")
L 12/20/2014 - 16:19:58: "[LL] Loddy<3><STEAM_1:0:4665189><CT>" [-1408 -2194 -236] attacked "[LL] Dudsmack<2><STEAM_1:1:3648970><TERRORIST>" [-1427 -2236 -238] with "m4a1" (damage "23") (damage_armor "4") (health "54") (armor "90") (hitgroup "chest")
L 12/20/2014 - 16:19:59: "[LL] Loddy<3><STEAM_1:0:4665189><CT>" [-1424 -2177 -240] attacked "[LL] Dudsmack<2><STEAM_1:1:3648970><TERRORIST>" [-1408 -2213 -235] with "m4a1" (damage "23") (damage_armor "4") (health "31") (armor "85") (hitgroup "chest")
L 12/20/2014 - 16:19:59: "[LL] Dudsmack<2><STEAM_1:1:3648970><TERRORIST>" [-1408 -2208 -236] attacked "[LL] Loddy<3><STEAM_1:0:4665189><CT>" [-1425 -2176 -240] with "knife" (damage "21") (damage_armor "1") (health "25") (armor "93") (hitgroup "generic")
L 12/20/2014 - 16:19:59: "[LL] Loddy<3><STEAM_1:0:4665189><CT>" [-1431 -2172 -240] attacked "[LL] Dudsmack<2><STEAM_1:1:3648970><TERRORIST>" [-1408 -2209 -236] with "m4a1" (damage "23") (damage_armor "4") (health "8") (armor "80") (hitgroup "chest")
L 12/20/2014 - 16:19:59: "[LL] Loddy<3><STEAM_1:0:4665189><CT>" [-1436 -2171 -241] attacked "[LL] Dudsmack<2><STEAM_1:1:3648970><TERRORIST>" [-1408 -2204 -236] with "m4a1" (damage "28") (damage_armor "6") (health "0") (armor "73") (hitgroup "stomach")
L 12/20/2014 - 16:19:59: "[LL] Dudsmack<2><STEAM_1:1:3648970><TERRORIST>" triggered "Dropped_The_Bomb"
L 12/20/2014 - 16:19:59: "[LL] Loddy<3><STEAM_1:0:4665189><CT>" [-1436 -2171 -241] killed "[LL] Dudsmack<2><STEAM_1:1:3648970><TERRORIST>" [-1408 -2204 -172] with "m4a1"
L 12/20/2014 - 16:19:59: Team "CT" triggered "SFUI_Notice_CTs_Win" (CT "5") (T "2")
L 12/20/2014 - 16:19:59: Team "CT" scored "5" with "1" players
L 12/20/2014 - 16:19:59: Team "TERRORIST" scored "2" with "1" players
L 12/20/2014 - 16:19:59: World triggered "Round_End"
L 12/20/2014 - 16:20:09: "[LL] Dudsmack<2><STEAM_1:1:3648970><TERRORIST>" triggered "Got_The_Bomb"
L 12/20/2014 - 16:20:12: "[LL] Dudsmack<2><STEAM_1:1:3648970><TERRORIST>" purchased "ump45"
L 12/20/2014 - 16:20:14: "[LL] Dudsmack<2><STEAM_1:1:3648970><TERRORIST>" purchased "assaultsuit"
L 12/20/2014 - 16:20:24: World triggered "Round_Start"
L 12/20/2014 - 16:20:50: "[LL] Dudsmack<2><STEAM_1:1:3648970><TERRORIST>" [-1580 729 -48] attacked "[LL] Loddy<3><STEAM_1:0:4665189><CT>" [-1936 -271 -128] with "ump45" (damage "18") (damage_armor "0") (health "82") (armor "93") (hitgroup "left leg")
L 12/20/2014 - 16:20:50: "[LL] Dudsmack<2><STEAM_1:1:3648970><TERRORIST>" [-1580 729 -48] attacked "[LL] Loddy<3><STEAM_1:0:4665189><CT>" [-1936 -271 -128] with "ump45" (damage "18") (damage_armor "0") (health "64") (armor "93") (hitgroup "left leg")
L 12/20/2014 - 16:20:51: "[LL] Dudsmack<2><STEAM_1:1:3648970><TERRORIST>" [-1580 729 -48] attacked "[LL] Loddy<3><STEAM_1:0:4665189><CT>" [-1935 -300 -128] with "ump45" (damage "16") (damage_armor "4") (health "48") (armor "88") (hitgroup "chest")
L 12/20/2014 - 16:21:09: "[LL] Dudsmack<2><STEAM_1:1:3648970><TERRORIST>" [-2171 652 -136] attacked "[LL] Loddy<3><STEAM_1:0:4665189><CT>" [-1621 498 -168] with "ump45" (damage "18") (damage_armor "5") (health "30") (armor "82") (hitgroup "left arm")
L 12/20/2014 - 16:21:09: "[LL] Loddy<3><STEAM_1:0:4665189><CT>" [-1634 507 -168] attacked "[LL] Dudsmack<2><STEAM_1:1:3648970><TERRORIST>" [-2171 652 -136] with "m4a1" (damage "89") (damage_armor "19") (health "11") (armor "80") (hitgroup "head")
L 12/20/2014 - 16:21:09: "[LL] Loddy<3><STEAM_1:0:4665189><CT>" [-1638 509 -168] attacked "[LL] Dudsmack<2><STEAM_1:1:3648970><TERRORIST>" [-2169 653 -136] with "m4a1" (damage "89") (damage_armor "19") (health "0") (armor "60") (hitgroup "head")
L 12/20/2014 - 16:21:09: "[LL] Dudsmack<2><STEAM_1:1:3648970><TERRORIST>" triggered "Dropped_The_Bomb"
L 12/20/2014 - 16:21:09: "[LL] Loddy<3><STEAM_1:0:4665189><CT>" [-1638 509 -168] killed "[LL] Dudsmack<2><STEAM_1:1:3648970><TERRORIST>" [-2169 653 -90] with "m4a1" (headshot)
L 12/20/2014 - 16:21:09: Team "CT" triggered "SFUI_Notice_CTs_Win" (CT "6") (T "2")
L 12/20/2014 - 16:21:09: Team "CT" scored "6" with "1" players
L 12/20/2014 - 16:21:09: Team "TERRORIST" scored "2" with "1" players
L 12/20/2014 - 16:21:09: World triggered "Round_End"
L 12/20/2014 - 16:21:19: "[LL] Dudsmack<2><STEAM_1:1:3648970><TERRORIST>" triggered "Got_The_Bomb"
L 12/20/2014 - 16:21:25: "[LL] Loddy<3><STEAM_1:0:4665189><CT>" purchased "kevlar"
L 12/20/2014 - 16:21:30: "[LL] Dudsmack<2><STEAM_1:1:3648970><TERRORIST>" purchased "ump45"
L 12/20/2014 - 16:21:31: "[LL] Dudsmack<2><STEAM_1:1:3648970><TERRORIST>" purchased "assaultsuit"
L 12/20/2014 - 16:21:34: World triggered "Round_Start"
L 12/20/2014 - 16:22:38: "[LL] Dudsmack<2><STEAM_1:1:3648970><TERRORIST>" triggered "Planted_The_Bomb"
L 12/20/2014 - 16:22:40: "[LL] Loddy<3><STEAM_1:0:4665189><CT>" [-1964 667 -28] attacked "[LL] Dudsmack<2><STEAM_1:1:3648970><TERRORIST>" [-2136 178 -160] with "m4a1" (damage "22") (damage_armor "4") (health "78") (armor "95") (hitgroup "chest")
L 12/20/2014 - 16:22:40: "[LL] Loddy<3><STEAM_1:0:4665189><CT>" [-1964 667 -28] attacked "[LL] Dudsmack<2><STEAM_1:1:3648970><TERRORIST>" [-2122 215 -160] with "m4a1" (damage "24") (damage_armor "0") (health "54") (armor "95") (hitgroup "left leg")
L 12/20/2014 - 16:22:40: "[LL] Loddy<3><STEAM_1:0:4665189><CT>" [-1964 667 -28] attacked "[LL] Dudsmack<2><STEAM_1:1:3648970><TERRORIST>" [-2118 225 -160] with "m4a1" (damage "24") (damage_armor "0") (health "30") (armor "95") (hitgroup "right leg")
L 12/20/2014 - 16:22:40: "[LL] Loddy<3><STEAM_1:0:4665189><CT>" [-1964 667 -28] attacked "[LL] Dudsmack<2><STEAM_1:1:3648970><TERRORIST>" [-2115 233 -160] with "m4a1" (damage "28") (damage_armor "6") (health "2") (armor "88") (hitgroup "stomach")
L 12/20/2014 - 16:22:41: "[LL] Dudsmack<2><STEAM_1:1:3648970><TERRORIST>" [-2112 261 -160] attacked "[LL] Loddy<3><STEAM_1:0:4665189><CT>" [-1964 667 -28] with "ump45" (damage "24") (damage_armor "6") (health "76") (armor "93") (hitgroup "stomach")
L 12/20/2014 - 16:22:41: "[LL] Dudsmack<2><STEAM_1:1:3648970><TERRORIST>" [-2112 271 -160] attacked "[LL] Loddy<3><STEAM_1:0:4665189><CT>" [-1964 667 -28] with "ump45" (damage "19") (damage_armor "5") (health "57") (armor "87") (hitgroup "chest")
L 12/20/2014 - 16:22:43: "[LL] Dudsmack<2><STEAM_1:1:3648970><TERRORIST>" [-2060 334 -160] attacked "[LL] Loddy<3><STEAM_1:0:4665189><CT>" [-2023 481 -162] with "ump45" (damage "21") (damage_armor "5") (health "36") (armor "81") (hitgroup "left arm")
L 12/20/2014 - 16:22:43: "[LL] Loddy<3><STEAM_1:0:4665189><CT>" [-2018 458 -160] attacked "[LL] Dudsmack<2><STEAM_1:1:3648970><TERRORIST>" [-2058 337 -160] with "m4a1" (damage "28") (damage_armor "6") (health "0") (armor "81") (hitgroup "stomach")
L 12/20/2014 - 16:22:43: "[LL] Loddy<3><STEAM_1:0:4665189><CT>" [-2018 458 -160] killed "[LL] Dudsmack<2><STEAM_1:1:3648970><TERRORIST>" [-2058 337 -96] with "m4a1"
L 12/20/2014 - 16:22:45: "[LL] Loddy<3><STEAM_1:0:4665189><CT>" triggered "Begin_Bomb_Defuse_With_Kit"
L 12/20/2014 - 16:22:50: "[LL] Loddy<3><STEAM_1:0:4665189><CT>" triggered "Defused_The_Bomb"
L 12/20/2014 - 16:22:50: Team "CT" triggered "SFUI_Notice_Bomb_Defused" (CT "7") (T "2")
L 12/20/2014 - 16:22:50: Team "CT" scored "7" with "1" players
L 12/20/2014 - 16:22:50: Team "TERRORIST" scored "2" with "1" players
L 12/20/2014 - 16:22:50: World triggered "Round_End"
L 12/20/2014 - 16:23:00: "[LL] Dudsmack<2><STEAM_1:1:3648970><TERRORIST>" triggered "Got_The_Bomb"
L 12/20/2014 - 16:23:02: "[LL] Dudsmack<2><STEAM_1:1:3648970><TERRORIST>" purchased "m4a1"
L 12/20/2014 - 16:23:02: "[LL] Dudsmack<2><STEAM_1:1:3648970><TERRORIST>" purchased "vesthelm"
L 12/20/2014 - 16:23:14: "[LL] Loddy<3><STEAM_1:0:4665189><CT>" purchased "kevlar"
L 12/20/2014 - 16:23:15: World triggered "Round_Start"
L 12/20/2014 - 16:23:40: "[LL] Dudsmack<2><STEAM_1:1:3648970><TERRORIST>" triggered "Planted_The_Bomb"
L 12/20/2014 - 16:23:54: "[LL] Dudsmack<2><STEAM_1:1:3648970><TERRORIST>" [-179 -2358 -168] attacked "[LL] Loddy<3><STEAM_1:0:4665189><CT>" [-201 -1941 -168] with "ak47" (damage "34") (damage_armor "4") (health "66") (armor "95") (hitgroup "stomach")
L 12/20/2014 - 16:23:55: "[LL] Loddy<3><STEAM_1:0:4665189><CT>" [-188 -1975 -168] attacked "[LL] Dudsmack<2><STEAM_1:1:3648970><TERRORIST>" [-179 -2358 -168] with "m4a1" (damage "22") (damage_armor "4") (health "78") (armor "95") (hitgroup "chest")
L 12/20/2014 - 16:23:55: "[LL] Loddy<3><STEAM_1:0:4665189><CT>" [-187 -1985 -168] attacked "[LL] Dudsmack<2><STEAM_1:1:3648970><TERRORIST>" [-179 -2358 -168] with "m4a1" (damage "28") (damage_armor "6") (health "50") (armor "88") (hitgroup "stomach")
L 12/20/2014 - 16:23:55: "[LL] Loddy<3><STEAM_1:0:4665189><CT>" [-177 -2027 -168] attacked "[LL] Dudsmack<2><STEAM_1:1:3648970><TERRORIST>" [-179 -2357 -168] with "m4a1" (damage "22") (damage_armor "4") (health "28") (armor "83") (hitgroup "chest")
L 12/20/2014 - 16:23:56: "[LL] Dudsmack<2><STEAM_1:1:3648970><TERRORIST>" [-179 -2342 -168] attacked "[LL] Loddy<3><STEAM_1:0:4665189><CT>" [-147 -2096 -168] with "ak47" (damage "110") (damage_armor "16") (health "0") (armor "78") (hitgroup "head")
L 12/20/2014 - 16:23:56: "[LL] Dudsmack<2><STEAM_1:1:3648970><TERRORIST>" [-179 -2342 -168] killed "[LL] Loddy<3><STEAM_1:0:4665189><CT>" [-147 -2096 -104] with "ak47" (headshot)
L 12/20/2014 - 16:23:56: Team "TERRORIST" triggered "SFUI_Notice_Terrorists_Win" (CT "7") (T "3")
L 12/20/2014 - 16:23:56: Team "CT" scored "7" with "1" players
L 12/20/2014 - 16:23:56: Team "TERRORIST" scored "3" with "1" players
L 12/20/2014 - 16:23:56: World triggered "Round_End"
L 12/20/2014 - 16:24:06: "[LL] Dudsmack<2><STEAM_1:1:3648970><TERRORIST>" triggered "Got_The_Bomb"
L 12/20/2014 - 16:24:09: "[LL] Dudsmack<2><STEAM_1:1:3648970><TERRORIST>" purchased "kevlar"
L 12/20/2014 - 16:24:12: "[LL] Loddy<3><STEAM_1:0:4665189><CT>" purchased "m4a1"
L 12/20/2014 - 16:24:12: "[LL] Loddy<3><STEAM_1:0:4665189><CT>" purchased "defuser"
L 12/20/2014 - 16:24:12: "[LL] Loddy<3><STEAM_1:0:4665189><CT>" purchased "vesthelm"
L 12/20/2014 - 16:24:17: "[LL] Dudsmack<2><STEAM_1:1:3648970><TERRORIST>" purchased "flashbang"
L 12/20/2014 - 16:24:21: World triggered "Round_Start"
L 12/20/2014 - 16:25:23: "[LL] Dudsmack<2><STEAM_1:1:3648970><TERRORIST>" threw flashbang [-1783 579 -167]
L 12/20/2014 - 16:25:28: "[LL] Dudsmack<2><STEAM_1:1:3648970><TERRORIST>" [-1511 483 -168] attacked "[LL] Loddy<3><STEAM_1:0:4665189><CT>" [-1211 295 -164] with "ak47" (damage "26") (damage_armor "0") (health "74") (armor "100") (hitgroup "right leg")
L 12/20/2014 - 16:25:28: "[LL] Loddy<3><STEAM_1:0:4665189><CT>" [-1220 294 -164] attacked "[LL] Dudsmack<2><STEAM_1:1:3648970><TERRORIST>" [-1520 490 -168] with "m4a1" (damage "28") (damage_armor "6") (health "72") (armor "93") (hitgroup "stomach")
L 12/20/2014 - 16:25:29: "[LL] Dudsmack<2><STEAM_1:1:3648970><TERRORIST>" [-1505 479 -168] attacked "[LL] Loddy<3><STEAM_1:0:4665189><CT>" [-1225 293 -164] with "ak47" (damage "34") (damage_armor "4") (health "40") (armor "95") (hitgroup "stomach")
L 12/20/2014 - 16:25:29: "[LL] Dudsmack<2><STEAM_1:1:3648970><TERRORIST>" [-1501 476 -168] attacked "[LL] Loddy<3><STEAM_1:0:4665189><CT>" [-1232 292 -164] with "ak47" (damage "34") (damage_armor "4") (health "6") (armor "90") (hitgroup "stomach")
L 12/20/2014 - 16:25:29: "[LL] Dudsmack<2><STEAM_1:1:3648970><TERRORIST>" [-1498 474 -168] attacked "[LL] Loddy<3><STEAM_1:0:4665189><CT>" [-1236 292 -164] with "ak47" (damage "27") (damage_armor "3") (health "0") (armor "86") (hitgroup "right arm")
L 12/20/2014 - 16:25:29: "[LL] Dudsmack<2><STEAM_1:1:3648970><TERRORIST>" [-1498 474 -168] killed "[LL] Loddy<3><STEAM_1:0:4665189><CT>" [-1236 292 -100] with "ak47"
L 12/20/2014 - 16:25:29: Team "TERRORIST" triggered "SFUI_Notice_Terrorists_Win" (CT "7") (T "4")
L 12/20/2014 - 16:25:29: Team "CT" scored "7" with "1" players
L 12/20/2014 - 16:25:29: Team "TERRORIST" scored "4" with "1" players
L 12/20/2014 - 16:25:29: World triggered "Round_End"
L 12/20/2014 - 16:25:39: "[LL] Dudsmack<2><STEAM_1:1:3648970><TERRORIST>" triggered "Got_The_Bomb"
L 12/20/2014 - 16:25:43: "[LL] Dudsmack<2><STEAM_1:1:3648970><TERRORIST>" purchased "vest"
L 12/20/2014 - 16:25:43: "[LL] Loddy<3><STEAM_1:0:4665189><CT>" purchased "m4a1"
L 12/20/2014 - 16:25:43: "[LL] Loddy<3><STEAM_1:0:4665189><CT>" purchased "defuser"
L 12/20/2014 - 16:25:43: "[LL] Loddy<3><STEAM_1:0:4665189><CT>" purchased "vesthelm"
L 12/20/2014 - 16:25:54: World triggered "Round_Start"
L 12/20/2014 - 16:26:21: "[LL] Dudsmack<2><STEAM_1:1:3648970><TERRORIST>" triggered "Planted_The_Bomb"
L 12/20/2014 - 16:26:36: "[LL] Loddy<3><STEAM_1:0:4665189><CT>" [-2064 812 -42] attacked "[LL] Dudsmack<2><STEAM_1:1:3648970><TERRORIST>" [-2231 789 -126] with "m4a1" (damage "91") (damage_armor "19") (health "9") (armor "80") (hitgroup "head")
L 12/20/2014 - 16:26:36: "[LL] Loddy<3><STEAM_1:0:4665189><CT>" [-2064 812 -42] attacked "[LL] Dudsmack<2><STEAM_1:1:3648970><TERRORIST>" [-2228 791 -126] with "m4a1" (damage "91") (damage_armor "19") (health "0") (armor "60") (hitgroup "head")
L 12/20/2014 - 16:26:36: "[LL] Loddy<3><STEAM_1:0:4665189><CT>" [-2064 812 -42] killed "[LL] Dudsmack<2><STEAM_1:1:3648970><TERRORIST>" [-2228 791 -80] with "m4a1" (headshot)
L 12/20/2014 - 16:26:39: "[LL] Loddy<3><STEAM_1:0:4665189><CT>" triggered "Begin_Bomb_Defuse_With_Kit"
L 12/20/2014 - 16:26:45: "[LL] Loddy<3><STEAM_1:0:4665189><CT>" triggered "Defused_The_Bomb"
L 12/20/2014 - 16:26:45: Team "CT" triggered "SFUI_Notice_Bomb_Defused" (CT "8") (T "4")
L 12/20/2014 - 16:26:45: Team "CT" scored "8" with "1" players
L 12/20/2014 - 16:26:45: Team "TERRORIST" scored "4" with "1" players
L 12/20/2014 - 16:26:45: World triggered "Round_End"
L 12/20/2014 - 16:26:55: "[LL] Dudsmack<2><STEAM_1:1:3648970><TERRORIST>" triggered "Got_The_Bomb"
L 12/20/2014 - 16:26:57: "[LL] Dudsmack<2><STEAM_1:1:3648970><TERRORIST>" purchased "m4a1"
L 12/20/2014 - 16:26:57: "[LL] Dudsmack<2><STEAM_1:1:3648970><TERRORIST>" purchased "vesthelm"
L 12/20/2014 - 16:27:10: World triggered "Round_Start"
L 12/20/2014 - 16:27:36: "[LL] Dudsmack<2><STEAM_1:1:3648970><TERRORIST>" triggered "Planted_The_Bomb"
L 12/20/2014 - 16:27:57: "[LL] Loddy<3><STEAM_1:0:4665189><CT>" [-1685 383 -171] attacked "[LL] Dudsmack<2><STEAM_1:1:3648970><TERRORIST>" [-1589 -150 -167] with "m4a1" (damage "89") (damage_armor "19") (health "11") (armor "80") (hitgroup "head")
L 12/20/2014 - 16:27:57: "[LL] Dudsmack<2><STEAM_1:1:3648970><TERRORIST>" [-1596 -117 -168] attacked "[LL] Loddy<3><STEAM_1:0:4665189><CT>" [-1685 383 -171] with "ak47" (damage "34") (damage_armor "4") (health "66") (armor "95") (hitgroup "stomach")
L 12/20/2014 - 16:27:58: "[LL] Dudsmack<2><STEAM_1:1:3648970><TERRORIST>" [-1601 -93 -168] attacked "[LL] Loddy<3><STEAM_1:0:4665189><CT>" [-1630 391 -170] with "ak47" (damage "26") (damage_armor "0") (health "40") (armor "95") (hitgroup "left leg")
L 12/20/2014 - 16:27:58: "[LL] Dudsmack<2><STEAM_1:1:3648970><TERRORIST>" [-1603 -89 -168] attacked "[LL] Loddy<3><STEAM_1:0:4665189><CT>" [-1619 393 -170] with "ak47" (damage "34") (damage_armor "4") (health "6") (armor "90") (hitgroup "stomach")
L 12/20/2014 - 16:27:58: "[LL] Dudsmack<2><STEAM_1:1:3648970><TERRORIST>" [-1608 -83 -168] attacked "[LL] Loddy<3><STEAM_1:0:4665189><CT>" [-1608 393 -170] with "ak47" (damage "27") (damage_armor "3") (health "0") (armor "86") (hitgroup "chest")
L 12/20/2014 - 16:27:58: "[LL] Dudsmack<2><STEAM_1:1:3648970><TERRORIST>" [-1608 -83 -168] killed "[LL] Loddy<3><STEAM_1:0:4665189><CT>" [-1608 393 -106] with "ak47"
L 12/20/2014 - 16:27:58: Team "TERRORIST" triggered "SFUI_Notice_Terrorists_Win" (CT "8") (T "5")
L 12/20/2014 - 16:27:58: Team "CT" scored "8" with "1" players
L 12/20/2014 - 16:27:58: Team "TERRORIST" scored "5" with "1" players
L 12/20/2014 - 16:27:58: World triggered "Round_End"
L 12/20/2014 - 16:28:08: "[LL] Dudsmack<2><STEAM_1:1:3648970><TERRORIST>" triggered "Got_The_Bomb"
L 12/20/2014 - 16:28:10: "[LL] Dudsmack<2><STEAM_1:1:3648970><TERRORIST>" purchased "vest"
L 12/20/2014 - 16:28:11: "[LL] Loddy<3><STEAM_1:0:4665189><CT>" purchased "m4a1"
L 12/20/2014 - 16:28:11: "[LL] Loddy<3><STEAM_1:0:4665189><CT>" purchased "defuser"
L 12/20/2014 - 16:28:11: "[LL] Loddy<3><STEAM_1:0:4665189><CT>" purchased "vesthelm"
L 12/20/2014 - 16:28:23: World triggered "Round_Start"
L 12/20/2014 - 16:28:40: "[LL] Dudsmack<2><STEAM_1:1:3648970><TERRORIST>" triggered "Planted_The_Bomb"
L 12/20/2014 - 16:29:00: "[LL] Loddy<3><STEAM_1:0:4665189><CT>" [-429 -1563 -40] attacked "[LL] Dudsmack<2><STEAM_1:1:3648970><TERRORIST>" [97 -1928 -40] with "m4a1" (damage "27") (damage_armor "5") (health "73") (armor "94") (hitgroup "stomach")
L 12/20/2014 - 16:29:00: "[LL] Loddy<3><STEAM_1:0:4665189><CT>" [-429 -1563 -40] attacked "[LL] Dudsmack<2><STEAM_1:1:3648970><TERRORIST>" [96 -1930 -40] with "m4a1" (damage "27") (damage_armor "5") (health "46") (armor "88") (hitgroup "stomach")
L 12/20/2014 - 16:29:00: "[LL] Dudsmack<2><STEAM_1:1:3648970><TERRORIST>" [95 -1931 -40] attacked "[LL] Loddy<3><STEAM_1:0:4665189><CT>" [-429 -1563 -40] with "ak47" (damage "33") (damage_armor "4") (health "67") (armor "95") (hitgroup "stomach")
L 12/20/2014 - 16:29:00: "[LL] Loddy<3><STEAM_1:0:4665189><CT>" [-429 -1563 -40] attacked "[LL] Dudsmack<2><STEAM_1:1:3648970><TERRORIST>" [95 -1931 -40] with "m4a1" (damage "88") (damage_armor "19") (health "0") (armor "68") (hitgroup "head")
L 12/20/2014 - 16:29:00: "[LL] Loddy<3><STEAM_1:0:4665189><CT>" [-429 -1563 -40] killed "[LL] Dudsmack<2><STEAM_1:1:3648970><TERRORIST>" [95 -1931 6] with "m4a1" (headshot)
L 12/20/2014 - 16:29:03: "[LL] Loddy<3><STEAM_1:0:4665189><CT>" triggered "Begin_Bomb_Defuse_With_Kit"
L 12/20/2014 - 16:29:08: "[LL] Loddy<3><STEAM_1:0:4665189><CT>" triggered "Defused_The_Bomb"
L 12/20/2014 - 16:29:08: Team "CT" triggered "SFUI_Notice_Bomb_Defused" (CT "9") (T "5")
L 12/20/2014 - 16:29:08: Team "CT" scored "9" with "1" players
L 12/20/2014 - 16:29:08: Team "TERRORIST" scored "5" with "1" players
L 12/20/2014 - 16:29:08: World triggered "Round_End"
L 12/20/2014 - 16:29:18: "[LL] Dudsmack<2><STEAM_1:1:3648970><TERRORIST>" triggered "Got_The_Bomb"
L 12/20/2014 - 16:29:22: "[LL] Dudsmack<2><STEAM_1:1:3648970><TERRORIST>" purchased "m4a1"
L 12/20/2014 - 16:29:22: "[LL] Dudsmack<2><STEAM_1:1:3648970><TERRORIST>" purchased "vesthelm"
L 12/20/2014 - 16:29:24: "[LL] Loddy<3><STEAM_1:0:4665189><CT>" purchased "vest"
L 12/20/2014 - 16:29:33: World triggered "Round_Start"
L 12/20/2014 - 16:29:57: "[LL] Dudsmack<2><STEAM_1:1:3648970><TERRORIST>" triggered "Planted_The_Bomb"
L 12/20/2014 - 16:30:07: "[LL] Dudsmack<2><STEAM_1:1:3648970><TERRORIST>" [-629 -447 -168] attacked "[LL] Loddy<3><STEAM_1:0:4665189><CT>" [-655 -889 -240] with "ak47" (damage "34") (damage_armor "4") (health "66") (armor "95") (hitgroup "stomach")
L 12/20/2014 - 16:30:07: "[LL] Loddy<3><STEAM_1:0:4665189><CT>" [-655 -897 -236] attacked "[LL] Dudsmack<2><STEAM_1:1:3648970><TERRORIST>" [-629 -445 -168] with "m4a1" (damage "22") (damage_armor "4") (health "78") (armor "95") (hitgroup "chest")
L 12/20/2014 - 16:30:08: "[LL] Dudsmack<2><STEAM_1:1:3648970><TERRORIST>" [-629 -452 -168] attacked "[LL] Loddy<3><STEAM_1:0:4665189><CT>" [-655 -896 -236] with "ak47" (damage "34") (damage_armor "4") (health "32") (armor "90") (hitgroup "stomach")
L 12/20/2014 - 16:30:08: "[LL] Loddy<3><STEAM_1:0:4665189><CT>" [-656 -908 -230] attacked "[LL] Dudsmack<2><STEAM_1:1:3648970><TERRORIST>" [-629 -452 -168] with "m4a1" (damage "28") (damage_armor "6") (health "50") (armor "88") (hitgroup "stomach")
L 12/20/2014 - 16:30:08: "[LL] Loddy<3><STEAM_1:0:4665189><CT>" [-656 -913 -228] attacked "[LL] Dudsmack<2><STEAM_1:1:3648970><TERRORIST>" [-629 -452 -168] with "m4a1" (damage "22") (damage_armor "4") (health "28") (armor "83") (hitgroup "chest")
L 12/20/2014 - 16:30:08: "[LL] Loddy<3><STEAM_1:0:4665189><CT>" [-656 -918 -225] attacked "[LL] Dudsmack<2><STEAM_1:1:3648970><TERRORIST>" [-629 -452 -168] with "m4a1" (damage "28") (damage_armor "6") (health "0") (armor "76") (hitgroup "stomach")
L 12/20/2014 - 16:30:08: "[LL] Loddy<3><STEAM_1:0:4665189><CT>" [-656 -918 -225] killed "[LL] Dudsmack<2><STEAM_1:1:3648970><TERRORIST>" [-629 -452 -122] with "m4a1"
L 12/20/2014 - 16:30:27: "[LL] Loddy<3><STEAM_1:0:4665189><CT>" triggered "Begin_Bomb_Defuse_With_Kit"
L 12/20/2014 - 16:30:33: Team "TERRORIST" triggered "SFUI_Notice_Target_Bombed" (CT "9") (T "6")
L 12/20/2014 - 16:30:33: Team "CT" scored "9" with "1" players
L 12/20/2014 - 16:30:33: Team "TERRORIST" scored "6" with "1" players
L 12/20/2014 - 16:30:33: World triggered "Round_End"
L 12/20/2014 - 16:31:03: "[LL] Dudsmack<2><STEAM_1:1:3648970>" switched from team <TERRORIST> to <CT>
L 12/20/2014 - 16:31:03: "[LL] Loddy<3><STEAM_1:0:4665189>" switched from team <CT> to <TERRORIST>
L 12/20/2014 - 16:31:03: "[LL] Loddy<3><STEAM_1:0:4665189><TERRORIST>" triggered "Got_The_Bomb"
L 12/20/2014 - 16:31:03: "[LL] Loddy<3><STEAM_1:0:4665189><TERRORIST>" triggered "clantag" (value "")
L 12/20/2014 - 16:31:03: "[LL] Dudsmack<2><STEAM_1:1:3648970><CT>" triggered "clantag" (value "")
L 12/20/2014 - 16:31:07: "[LL] Dudsmack<2><STEAM_1:1:3648970><CT>" purchased "defuser"
L 12/20/2014 - 16:31:18: World triggered "Round_Start"
L 12/20/2014 - 16:31:57: "[LL] Loddy<3><STEAM_1:0:4665189><TERRORIST>" triggered "Planted_The_Bomb"
L 12/20/2014 - 16:32:33: Team "TERRORIST" triggered "SFUI_Notice_Target_Bombed" (CT "6") (T "10")
L 12/20/2014 - 16:32:33: Team "CT" scored "6" with "1" players
L 12/20/2014 - 16:32:33: Team "TERRORIST" scored "10" with "1" players
L 12/20/2014 - 16:32:33: World triggered "Round_End"
L 12/20/2014 - 16:32:43: "[LL] Loddy<3><STEAM_1:0:4665189><TERRORIST>" triggered "Got_The_Bomb"
L 12/20/2014 - 16:32:46: "[LL] Dudsmack<2><STEAM_1:1:3648970><CT>" purchased "mp7"
L 12/20/2014 - 16:32:46: "[LL] Loddy<3><STEAM_1:0:4665189><TERRORIST>" purchased "m4a1"
L 12/20/2014 - 16:32:46: "[LL] Loddy<3><STEAM_1:0:4665189><TERRORIST>" purchased "vesthelm"
L 12/20/2014 - 16:32:58: World triggered "Round_Start"
L 12/20/2014 - 16:33:33: "[LL] Loddy<3><STEAM_1:0:4665189><TERRORIST>" triggered "Planted_The_Bomb"
L 12/20/2014 - 16:34:04: "[LL] Loddy<3><STEAM_1:0:4665189><TERRORIST>" [-3 -2153 -36] attacked "[LL] Dudsmack<2><STEAM_1:1:3648970><CT>" [-206 -2137 -169] with "ak47" (damage "35") (damage_armor "0") (health "65") (armor "0") (hitgroup "chest")
L 12/20/2014 - 16:34:04: "[LL] Dudsmack<2><STEAM_1:1:3648970><CT>" triggered "Begin_Bomb_Defuse_Without_Kit"
L 12/20/2014 - 16:34:04: "[LL] Loddy<3><STEAM_1:0:4665189><TERRORIST>" [-3 -2153 -36] attacked "[LL] Dudsmack<2><STEAM_1:1:3648970><CT>" [-209 -2137 -169] with "ak47" (damage "35") (damage_armor "0") (health "30") (armor "0") (hitgroup "chest")
L 12/20/2014 - 16:34:04: "[LL] Loddy<3><STEAM_1:0:4665189><TERRORIST>" [-3 -2153 -36] attacked "[LL] Dudsmack<2><STEAM_1:1:3648970><CT>" [-210 -2138 -169] with "ak47" (damage "35") (damage_armor "0") (health "0") (armor "0") (hitgroup "right arm")
L 12/20/2014 - 16:34:04: "[LL] Loddy<3><STEAM_1:0:4665189><TERRORIST>" [-3 -2153 -36] killed "[LL] Dudsmack<2><STEAM_1:1:3648970><CT>" [-210 -2138 -123] with "ak47"
L 12/20/2014 - 16:34:04: Team "TERRORIST" triggered "SFUI_Notice_Terrorists_Win" (CT "6") (T "11")
L 12/20/2014 - 16:34:04: Team "CT" scored "6" with "1" players
L 12/20/2014 - 16:34:04: Team "TERRORIST" scored "11" with "1" players
L 12/20/2014 - 16:34:04: World triggered "Round_End"
L 12/20/2014 - 16:34:14: "[LL] Loddy<3><STEAM_1:0:4665189><TERRORIST>" triggered "Got_The_Bomb"
L 12/20/2014 - 16:34:18: "[LL] Dudsmack<2><STEAM_1:1:3648970><CT>" purchased "incgrenade"
L 12/20/2014 - 16:34:20: "[LL] Loddy<3><STEAM_1:0:4665189><TERRORIST>" purchased "m4a1"
L 12/20/2014 - 16:34:20: "[LL] Loddy<3><STEAM_1:0:4665189><TERRORIST>" purchased "vesthelm"
L 12/20/2014 - 16:34:29: World triggered "Round_Start"
L 12/20/2014 - 16:34:32: Molotov projectile spawned at -1956.807129 -1910.387329 -229.989182, velocity 8.136424 -522.592407 -427.148712
L 12/20/2014 - 16:34:32: "[LL] Dudsmack<2><STEAM_1:1:3648970><CT>" threw molotov [-1956 -1980 -290]
L 12/20/2014 - 16:34:33: "[LL] Dudsmack<2><STEAM_1:1:3648970><CT>" [-1952 -1956 -283] attacked "[LL] Dudsmack<2><STEAM_1:1:3648970><CT>" [-1952 -1956 -283] with "inferno" (damage "2") (damage_armor "0") (health "98") (armor "0") (hitgroup "right arm")
L 12/20/2014 - 16:34:33: "[LL] Dudsmack<2><STEAM_1:1:3648970><CT>" [-1951 -1985 -283] attacked "[LL] Dudsmack<2><STEAM_1:1:3648970><CT>" [-1951 -1985 -283] with "inferno" (damage "3") (damage_armor "0") (health "95") (armor "0") (hitgroup "right arm")
L 12/20/2014 - 16:34:33: "[LL] Dudsmack<2><STEAM_1:1:3648970><CT>" [-1950 -1992 -282] attacked "[LL] Dudsmack<2><STEAM_1:1:3648970><CT>" [-1950 -1992 -282] with "inferno" (damage "4") (damage_armor "0") (health "91") (armor "0") (hitgroup "right arm")
L 12/20/2014 - 16:34:33: "[LL] Dudsmack<2><STEAM_1:1:3648970><CT>" [-1961 -1992 -285] attacked "[LL] Dudsmack<2><STEAM_1:1:3648970><CT>" [-1961 -1992 -285] with "inferno" (damage "4") (damage_armor "0") (health "87") (armor "0") (hitgroup "right arm")
L 12/20/2014 - 16:34:34: "[LL] Dudsmack<2><STEAM_1:1:3648970><CT>" [-1964 -1992 -285] attacked "[LL] Dudsmack<2><STEAM_1:1:3648970><CT>" [-1964 -1992 -285] with "inferno" (damage "5") (damage_armor "0") (health "82") (armor "0") (hitgroup "right arm")
L 12/20/2014 - 16:34:34: "[LL] Dudsmack<2><STEAM_1:1:3648970><CT>" [-1964 -1992 -285] attacked "[LL] Dudsmack<2><STEAM_1:1:3648970><CT>" [-1964 -1992 -285] with "inferno" (damage "6") (damage_armor "0") (health "76") (armor "0") (hitgroup "right arm")
L 12/20/2014 - 16:34:34: "[LL] Dudsmack<2><STEAM_1:1:3648970><CT>" [-1964 -1992 -285] attacked "[LL] Dudsmack<2><STEAM_1:1:3648970><CT>" [-1964 -1992 -285] with "inferno" (damage "7") (damage_armor "0") (health "69") (armor "0") (hitgroup "right arm")
L 12/20/2014 - 16:34:34: "[LL] Dudsmack<2><STEAM_1:1:3648970><CT>" [-1964 -1992 -285] attacked "[LL] Dudsmack<2><STEAM_1:1:3648970><CT>" [-1964 -1992 -285] with "inferno" (damage "8") (damage_armor "0") (health "61") (armor "0") (hitgroup "right arm")
L 12/20/2014 - 16:34:34: "[LL] Dudsmack<2><STEAM_1:1:3648970><CT>" [-1964 -1992 -285] attacked "[LL] Dudsmack<2><STEAM_1:1:3648970><CT>" [-1964 -1992 -285] with "inferno" (damage "8") (damage_armor "0") (health "53") (armor "0") (hitgroup "right arm")
L 12/20/2014 - 16:34:35: "[LL] Dudsmack<2><STEAM_1:1:3648970><CT>" [-1964 -1992 -285] attacked "[LL] Dudsmack<2><STEAM_1:1:3648970><CT>" [-1964 -1992 -285] with "inferno" (damage "8") (damage_armor "0") (health "45") (armor "0") (hitgroup "right arm")
L 12/20/2014 - 16:34:35: "[LL] Dudsmack<2><STEAM_1:1:3648970><CT>" [-1964 -1992 -285] attacked "[LL] Dudsmack<2><STEAM_1:1:3648970><CT>" [-1964 -1992 -285] with "inferno" (damage "8") (damage_armor "0") (health "37") (armor "0") (hitgroup "right arm")
L 12/20/2014 - 16:34:35: "[LL] Dudsmack<2><STEAM_1:1:3648970><CT>" [-1964 -1992 -285] attacked "[LL] Dudsmack<2><STEAM_1:1:3648970><CT>" [-1964 -1992 -285] with "inferno" (damage "8") (damage_armor "0") (health "29") (armor "0") (hitgroup "right arm")
L 12/20/2014 - 16:34:35: "[LL] Dudsmack<2><STEAM_1:1:3648970><CT>" [-1964 -1992 -285] attacked "[LL] Dudsmack<2><STEAM_1:1:3648970><CT>" [-1964 -1992 -285] with "inferno" (damage "8") (damage_armor "0") (health "21") (armor "0") (hitgroup "right arm")
L 12/20/2014 - 16:34:36: "[LL] Dudsmack<2><STEAM_1:1:3648970><CT>" [-1964 -1992 -285] attacked "[LL] Dudsmack<2><STEAM_1:1:3648970><CT>" [-1964 -1992 -285] with "inferno" (damage "8") (damage_armor "0") (health "13") (armor "0") (hitgroup "right arm")
L 12/20/2014 - 16:34:36: "[LL] Dudsmack<2><STEAM_1:1:3648970><CT>" [-1964 -1992 -285] attacked "[LL] Dudsmack<2><STEAM_1:1:3648970><CT>" [-1964 -1992 -285] with "inferno" (damage "8") (damage_armor "0") (health "5") (armor "0") (hitgroup "right arm")
L 12/20/2014 - 16:34:36: "[LL] Dudsmack<2><STEAM_1:1:3648970><CT>" [-1964 -1992 -285] attacked "[LL] Dudsmack<2><STEAM_1:1:3648970><CT>" [-1964 -1992 -285] with "inferno" (damage "8") (damage_armor "0") (health "0") (armor "0") (hitgroup "right arm")
L 12/20/2014 - 16:34:36: "[LL] Dudsmack<2><STEAM_1:1:3648970><CT>" [-1964 -1992 -221] committed suicide with "inferno"
L 12/20/2014 - 16:34:36: Team "TERRORIST" triggered "SFUI_Notice_Terrorists_Win" (CT "6") (T "12")
L 12/20/2014 - 16:34:36: Team "CT" scored "6" with "1" players
L 12/20/2014 - 16:34:36: Team "TERRORIST" scored "12" with "1" players
L 12/20/2014 - 16:34:36: World triggered "Round_End"
L 12/20/2014 - 16:34:46: "[LL] Loddy<3><STEAM_1:0:4665189><TERRORIST>" triggered "Got_The_Bomb"
L 12/20/2014 - 16:34:49: "[LL] Dudsmack<2><STEAM_1:1:3648970><CT>" purchased "incgrenade"
L 12/20/2014 - 16:34:51: "[LL] Loddy<3><STEAM_1:0:4665189><TERRORIST>" purchased "molotov"
L 12/20/2014 - 16:35:01: World triggered "Round_Start"
L 12/20/2014 - 16:35:02: Molotov projectile spawned at 1295.876465 -256.284576 -119.965744, velocity -5.213419 -12.006098 -674.873047
L 12/20/2014 - 16:35:02: "[LL] Loddy<3><STEAM_1:0:4665189><TERRORIST>" threw molotov [1296 -257 -166]
L 12/20/2014 - 16:35:02: "[LL] Loddy<3><STEAM_1:0:4665189><TERRORIST>" [1296 -256 -168] attacked "[LL] Loddy<3><STEAM_1:0:4665189><TERRORIST>" [1296 -256 -168] with "inferno" (damage "1") (damage_armor "0") (health "99") (armor "97") (hitgroup "generic")
L 12/20/2014 - 16:35:02: "[LL] Loddy<3><STEAM_1:0:4665189><TERRORIST>" [1296 -256 -168] attacked "[LL] Loddy<3><STEAM_1:0:4665189><TERRORIST>" [1296 -256 -168] with "inferno" (damage "2") (damage_armor "0") (health "97") (armor "96") (hitgroup "generic")
L 12/20/2014 - 16:35:03: "[LL] Loddy<3><STEAM_1:0:4665189><TERRORIST>" [1296 -256 -168] attacked "[LL] Loddy<3><STEAM_1:0:4665189><TERRORIST>" [1296 -256 -168] with "inferno" (damage "2") (damage_armor "0") (health "95") (armor "95") (hitgroup "generic")
L 12/20/2014 - 16:35:03: "[LL] Loddy<3><STEAM_1:0:4665189><TERRORIST>" [1296 -256 -168] attacked "[LL] Loddy<3><STEAM_1:0:4665189><TERRORIST>" [1296 -256 -168] with "inferno" (damage "3") (damage_armor "0") (health "92") (armor "94") (hitgroup "generic")
L 12/20/2014 - 16:35:03: "[LL] Loddy<3><STEAM_1:0:4665189><TERRORIST>" [1296 -256 -168] attacked "[LL] Loddy<3><STEAM_1:0:4665189><TERRORIST>" [1296 -256 -168] with "inferno" (damage "4") (damage_armor "0") (health "88") (armor "93") (hitgroup "generic")
L 12/20/2014 - 16:35:03: "[LL] Loddy<3><STEAM_1:0:4665189><TERRORIST>" [1296 -256 -168] attacked "[LL] Loddy<3><STEAM_1:0:4665189><TERRORIST>" [1296 -256 -168] with "inferno" (damage "5") (damage_armor "0") (health "83") (armor "92") (hitgroup "generic")
L 12/20/2014 - 16:35:03: "[LL] Loddy<3><STEAM_1:0:4665189><TERRORIST>" [1296 -256 -168] attacked "[LL] Loddy<3><STEAM_1:0:4665189><TERRORIST>" [1296 -256 -168] with "inferno" (damage "5") (damage_armor "0") (health "78") (armor "91") (hitgroup "generic")
L 12/20/2014 - 16:35:04: "[LL] Loddy<3><STEAM_1:0:4665189><TERRORIST>" [1296 -256 -168] attacked "[LL] Loddy<3><STEAM_1:0:4665189><TERRORIST>" [1296 -256 -168] with "inferno" (damage "6") (damage_armor "0") (health "72") (armor "90") (hitgroup "generic")
L 12/20/2014 - 16:35:04: "[LL] Loddy<3><STEAM_1:0:4665189><TERRORIST>" [1296 -256 -168] attacked "[LL] Loddy<3><STEAM_1:0:4665189><TERRORIST>" [1296 -256 -168] with "inferno" (damage "7") (damage_armor "0") (health "65") (armor "89") (hitgroup "generic")
L 12/20/2014 - 16:35:04: "[LL] Loddy<3><STEAM_1:0:4665189><TERRORIST>" [1296 -256 -168] attacked "[LL] Loddy<3><STEAM_1:0:4665189><TERRORIST>" [1296 -256 -168] with "inferno" (damage "7") (damage_armor "0") (health "58") (armor "88") (hitgroup "generic")
L 12/20/2014 - 16:35:04: "[LL] Loddy<3><STEAM_1:0:4665189><TERRORIST>" [1296 -256 -168] attacked "[LL] Loddy<3><STEAM_1:0:4665189><TERRORIST>" [1296 -256 -168] with "inferno" (damage "7") (damage_armor "0") (health "51") (armor "87") (hitgroup "generic")
L 12/20/2014 - 16:35:04: "[LL] Loddy<3><STEAM_1:0:4665189><TERRORIST>" [1296 -256 -168] attacked "[LL] Loddy<3><STEAM_1:0:4665189><TERRORIST>" [1296 -256 -168] with "inferno" (damage "7") (damage_armor "0") (health "44") (armor "86") (hitgroup "generic")
L 12/20/2014 - 16:35:05: "[LL] Loddy<3><STEAM_1:0:4665189><TERRORIST>" [1296 -256 -168] attacked "[LL] Loddy<3><STEAM_1:0:4665189><TERRORIST>" [1296 -256 -168] with "inferno" (damage "7") (damage_armor "0") (health "37") (armor "85") (hitgroup "generic")
L 12/20/2014 - 16:35:05: "[LL] Loddy<3><STEAM_1:0:4665189><TERRORIST>" [1296 -256 -168] attacked "[LL] Loddy<3><STEAM_1:0:4665189><TERRORIST>" [1296 -256 -168] with "inferno" (damage "7") (damage_armor "0") (health "30") (armor "84") (hitgroup "generic")
L 12/20/2014 - 16:35:05: "[LL] Loddy<3><STEAM_1:0:4665189><TERRORIST>" [1296 -256 -168] attacked "[LL] Loddy<3><STEAM_1:0:4665189><TERRORIST>" [1296 -256 -168] with "inferno" (damage "7") (damage_armor "0") (health "23") (armor "83") (hitgroup "generic")
L 12/20/2014 - 16:35:05: "[LL] Loddy<3><STEAM_1:0:4665189><TERRORIST>" [1296 -256 -168] attacked "[LL] Loddy<3><STEAM_1:0:4665189><TERRORIST>" [1296 -256 -168] with "inferno" (damage "7") (damage_armor "0") (health "16") (armor "82") (hitgroup "generic")
L 12/20/2014 - 16:35:05: "[LL] Loddy<3><STEAM_1:0:4665189><TERRORIST>" [1296 -256 -168] attacked "[LL] Loddy<3><STEAM_1:0:4665189><TERRORIST>" [1296 -256 -168] with "inferno" (damage "7") (damage_armor "0") (health "9") (armor "81") (hitgroup "generic")
L 12/20/2014 - 16:35:06: "[LL] Loddy<3><STEAM_1:0:4665189><TERRORIST>" [1296 -256 -168] attacked "[LL] Loddy<3><STEAM_1:0:4665189><TERRORIST>" [1296 -256 -168] with "inferno" (damage "7") (damage_armor "0") (health "2") (armor "80") (hitgroup "generic")
L 12/20/2014 - 16:35:06: "[LL] Loddy<3><STEAM_1:0:4665189><TERRORIST>" [1296 -256 -168] attacked "[LL] Loddy<3><STEAM_1:0:4665189><TERRORIST>" [1296 -256 -168] with "inferno" (damage "7") (damage_armor "0") (health "0") (armor "79") (hitgroup "generic")
L 12/20/2014 - 16:35:06: "[LL] Loddy<3><STEAM_1:0:4665189><TERRORIST>" triggered "Dropped_The_Bomb"
L 12/20/2014 - 16:35:06: "[LL] Loddy<3><STEAM_1:0:4665189><TERRORIST>" [1296 -256 -104] committed suicide with "inferno"
L 12/20/2014 - 16:35:06: Team "CT" triggered "SFUI_Notice_CTs_Win" (CT "7") (T "12")
L 12/20/2014 - 16:35:06: Team "CT" scored "7" with "1" players
L 12/20/2014 - 16:35:06: Team "TERRORIST" scored "12" with "1" players
L 12/20/2014 - 16:35:06: World triggered "Round_End"
L 12/20/2014 - 16:35:07: Molotov projectile spawned at -1668.497559 -2000.558350 -193.687088, velocity 281.501709 -669.097046 446.772705
L 12/20/2014 - 16:35:09: "[LL] Dudsmack<2><STEAM_1:1:3648970><CT>" threw molotov [-1095 -3365 52]
L 12/20/2014 - 16:35:16: "[LL] Loddy<3><STEAM_1:0:4665189><TERRORIST>" triggered "Got_The_Bomb"
L 12/20/2014 - 16:35:22: "[LL] Dudsmack<2><STEAM_1:1:3648970><CT>" purchased "incgrenade"
L 12/20/2014 - 16:35:29: "[LL] Loddy<3><STEAM_1:0:4665189><TERRORIST>" purchased "hegrenade"
L 12/20/2014 - 16:35:31: World triggered "Round_Start"
L 12/20/2014 - 16:35:31: Molotov projectile spawned at -1598.306885 -1731.954590 -220.429337, velocity -12.948420 1.914307 -674.873047
L 12/20/2014 - 16:35:31: "[LL] Dudsmack<2><STEAM_1:1:3648970><CT>" threw molotov [-1599 -1732 -267]
L 12/20/2014 - 16:35:32: "[LL] Dudsmack<2><STEAM_1:1:3648970><CT>" [-1598 -1732 -268] attacked "[LL] Dudsmack<2><STEAM_1:1:3648970><CT>" [-1598 -1732 -268] with "inferno" (damage "1") (damage_armor "0") (health "99") (armor "0") (hitgroup "right arm")
L 12/20/2014 - 16:35:32: "[LL] Dudsmack<2><STEAM_1:1:3648970><CT>" [-1598 -1732 -268] attacked "[LL] Dudsmack<2><STEAM_1:1:3648970><CT>" [-1598 -1732 -268] with "inferno" (damage "2") (damage_armor "0") (health "97") (armor "0") (hitgroup "right arm")
L 12/20/2014 - 16:35:32: "[LL] Dudsmack<2><STEAM_1:1:3648970><CT>" [-1598 -1732 -268] attacked "[LL] Dudsmack<2><STEAM_1:1:3648970><CT>" [-1598 -1732 -268] with "inferno" (damage "3") (damage_armor "0") (health "94") (armor "0") (hitgroup "right arm")
L 12/20/2014 - 16:35:32: "[LL] Dudsmack<2><STEAM_1:1:3648970><CT>" [-1598 -1732 -268] attacked "[LL] Dudsmack<2><STEAM_1:1:3648970><CT>" [-1598 -1732 -268] with "inferno" (damage "4") (damage_armor "0") (health "90") (armor "0") (hitgroup "right arm")
L 12/20/2014 - 16:35:32: "[LL] Dudsmack<2><STEAM_1:1:3648970><CT>" [-1598 -1733 -268] attacked "[LL] Dudsmack<2><STEAM_1:1:3648970><CT>" [-1598 -1733 -268] with "inferno" (damage "4") (damage_armor "0") (health "86") (armor "0") (hitgroup "right arm")
L 12/20/2014 - 16:35:33: "[LL] Dudsmack<2><STEAM_1:1:3648970><CT>" [-1599 -1746 -268] attacked "[LL] Dudsmack<2><STEAM_1:1:3648970><CT>" [-1599 -1746 -268] with "inferno" (damage "5") (damage_armor "0") (health "81") (armor "0") (hitgroup "right arm")
L 12/20/2014 - 16:35:33: "[LL] Dudsmack<2><STEAM_1:1:3648970><CT>" [-1599 -1747 -268] attacked "[LL] Dudsmack<2><STEAM_1:1:3648970><CT>" [-1599 -1747 -268] with "inferno" (damage "6") (damage_armor "0") (health "75") (armor "0") (hitgroup "right arm")
L 12/20/2014 - 16:35:33: "[LL] Dudsmack<2><STEAM_1:1:3648970><CT>" [-1599 -1747 -268] attacked "[LL] Dudsmack<2><STEAM_1:1:3648970><CT>" [-1599 -1747 -268] with "inferno" (damage "7") (damage_armor "0") (health "68") (armor "0") (hitgroup "right arm")
L 12/20/2014 - 16:35:33: "[LL] Dudsmack<2><STEAM_1:1:3648970><CT>" [-1599 -1747 -268] attacked "[LL] Dudsmack<2><STEAM_1:1:3648970><CT>" [-1599 -1747 -268] with "inferno" (damage "8") (damage_armor "0") (health "60") (armor "0") (hitgroup "right arm")
L 12/20/2014 - 16:35:33: "[LL] Dudsmack<2><STEAM_1:1:3648970><CT>" [-1599 -1747 -268] attacked "[LL] Dudsmack<2><STEAM_1:1:3648970><CT>" [-1599 -1747 -268] with "inferno" (damage "8") (damage_armor "0") (health "52") (armor "0") (hitgroup "right arm")
L 12/20/2014 - 16:35:34: "[LL] Dudsmack<2><STEAM_1:1:3648970><CT>" [-1599 -1747 -268] attacked "[LL] Dudsmack<2><STEAM_1:1:3648970><CT>" [-1599 -1747 -268] with "inferno" (damage "8") (damage_armor "0") (health "44") (armor "0") (hitgroup "right arm")
L 12/20/2014 - 16:35:34: "[LL] Dudsmack<2><STEAM_1:1:3648970><CT>" [-1599 -1747 -268] attacked "[LL] Dudsmack<2><STEAM_1:1:3648970><CT>" [-1599 -1747 -268] with "inferno" (damage "8") (damage_armor "0") (health "36") (armor "0") (hitgroup "right arm")
L 12/20/2014 - 16:35:34: "[LL] Dudsmack<2><STEAM_1:1:3648970><CT>" [-1599 -1747 -268] attacked "[LL] Dudsmack<2><STEAM_1:1:3648970><CT>" [-1599 -1747 -268] with "inferno" (damage "8") (damage_armor "0") (health "28") (armor "0") (hitgroup "right arm")
L 12/20/2014 - 16:35:34: "[LL] Dudsmack<2><STEAM_1:1:3648970><CT>" [-1599 -1747 -268] attacked "[LL] Dudsmack<2><STEAM_1:1:3648970><CT>" [-1599 -1747 -268] with "inferno" (damage "8") (damage_armor "0") (health "20") (armor "0") (hitgroup "right arm")
L 12/20/2014 - 16:35:34: "[LL] Dudsmack<2><STEAM_1:1:3648970><CT>" [-1599 -1747 -268] attacked "[LL] Dudsmack<2><STEAM_1:1:3648970><CT>" [-1599 -1747 -268] with "inferno" (damage "8") (damage_armor "0") (health "12") (armor "0") (hitgroup "right arm")
L 12/20/2014 - 16:35:35: "[LL] Dudsmack<2><STEAM_1:1:3648970><CT>" [-1599 -1747 -268] attacked "[LL] Dudsmack<2><STEAM_1:1:3648970><CT>" [-1599 -1747 -268] with "inferno" (damage "8") (damage_armor "0") (health "4") (armor "0") (hitgroup "right arm")
L 12/20/2014 - 16:35:35: "[LL] Dudsmack<2><STEAM_1:1:3648970><CT>" [-1599 -1747 -268] attacked "[LL] Dudsmack<2><STEAM_1:1:3648970><CT>" [-1599 -1747 -268] with "inferno" (damage "8") (damage_armor "0") (health "0") (armor "0") (hitgroup "right arm")
L 12/20/2014 - 16:35:35: "[LL] Dudsmack<2><STEAM_1:1:3648970><CT>" [-1599 -1747 -204] committed suicide with "inferno"
L 12/20/2014 - 16:35:35: Team "TERRORIST" triggered "SFUI_Notice_Terrorists_Win" (CT "7") (T "13")
L 12/20/2014 - 16:35:35: Team "CT" scored "7" with "1" players
L 12/20/2014 - 16:35:35: Team "TERRORIST" scored "13" with "1" players
L 12/20/2014 - 16:35:35: World triggered "Round_End"
L 12/20/2014 - 16:35:45: "[LL] Loddy<3><STEAM_1:0:4665189><TERRORIST>" triggered "Got_The_Bomb"
L 12/20/2014 - 16:35:47: "[LL] Dudsmack<2><STEAM_1:1:3648970><CT>" purchased "incgrenade"
L 12/20/2014 - 16:36:00: World triggered "Round_Start"
L 12/20/2014 - 16:36:02: "[LL] Loddy<3><STEAM_1:0:4665189><TERRORIST>" [1376 -16 -168] attacked "[LL] Loddy<3><STEAM_1:0:4665189><TERRORIST>" [1376 -16 -168] with "hegrenade" (damage "89") (damage_armor "0") (health "11") (armor "0") (hitgroup "generic")
L 12/20/2014 - 16:36:02: "[LL] Loddy<3><STEAM_1:0:4665189><TERRORIST>" threw hegrenade [1371 -18 -167]
L 12/20/2014 - 16:36:19: "[LL] Loddy<3><STEAM_1:0:4665189><TERRORIST>" [-60 -1916 -168] attacked "[LL] Dudsmack<2><STEAM_1:1:3648970><CT>" [-30 -2049 -168] with "glock" (damage "27") (damage_armor "0") (health "73") (armor "0") (hitgroup "chest")
L 12/20/2014 - 16:36:20: "[LL] Dudsmack<2><STEAM_1:1:3648970><CT>" [-113 -1992 -168] attacked "[LL] Loddy<3><STEAM_1:0:4665189><TERRORIST>" [23 -1940 -168] with "hkp2000" (damage "34") (damage_armor "0") (health "0") (armor "0") (hitgroup "left arm")
L 12/20/2014 - 16:36:20: "[LL] Loddy<3><STEAM_1:0:4665189><TERRORIST>" triggered "Dropped_The_Bomb"
L 12/20/2014 - 16:36:20: "[LL] Dudsmack<2><STEAM_1:1:3648970><CT>" [-113 -1992 -168] killed "[LL] Loddy<3><STEAM_1:0:4665189><TERRORIST>" [23 -1940 -104] with "hkp2000"
L 12/20/2014 - 16:36:20: Team "CT" triggered "SFUI_Notice_CTs_Win" (CT "8") (T "13")
L 12/20/2014 - 16:36:20: Team "CT" scored "8" with "1" players
L 12/20/2014 - 16:36:20: Team "TERRORIST" scored "13" with "1" players
L 12/20/2014 - 16:36:20: World triggered "Round_End"
L 12/20/2014 - 16:36:30: "[LL] Loddy<3><STEAM_1:0:4665189><TERRORIST>" triggered "Got_The_Bomb"
L 12/20/2014 - 16:36:38: "[LL] Loddy<3><STEAM_1:0:4665189><TERRORIST>" purchased "hegrenade"
L 12/20/2014 - 16:36:45: World triggered "Round_Start"
L 12/20/2014 - 16:36:47: "[LL] Loddy<3><STEAM_1:0:4665189><TERRORIST>" [1205 -305 -166] attacked "[LL] Loddy<3><STEAM_1:0:4665189><TERRORIST>" [1205 -305 -166] with "hegrenade" (damage "88") (damage_armor "0") (health "12") (armor "0") (hitgroup "generic")
L 12/20/2014 - 16:36:47: "[LL] Loddy<3><STEAM_1:0:4665189><TERRORIST>" threw hegrenade [1188 -312 -167]
L 12/20/2014 - 16:37:05: "[LL] Dudsmack<2><STEAM_1:1:3648970><CT>" [-468 -1824 -178] attacked "[LL] Loddy<3><STEAM_1:0:4665189><TERRORIST>" [-501 -1827 -180] with "knife" (damage "39") (damage_armor "0") (health "0") (armor "0") (hitgroup "generic")
L 12/20/2014 - 16:37:05: "[LL] Loddy<3><STEAM_1:0:4665189><TERRORIST>" triggered "Dropped_The_Bomb"
L 12/20/2014 - 16:37:05: "[LL] Dudsmack<2><STEAM_1:1:3648970><CT>" [-468 -1824 -178] killed "[LL] Loddy<3><STEAM_1:0:4665189><TERRORIST>" [-501 -1827 -116] with "knife_default_ct"
L 12/20/2014 - 16:37:05: Team "CT" triggered "SFUI_Notice_CTs_Win" (CT "9") (T "13")
L 12/20/2014 - 16:37:05: Team "CT" scored "9" with "1" players
L 12/20/2014 - 16:37:05: Team "TERRORIST" scored "13" with "1" players
L 12/20/2014 - 16:37:05: World triggered "Round_End"
L 12/20/2014 - 16:37:15: "[LL] Loddy<3><STEAM_1:0:4665189><TERRORIST>" triggered "Got_The_Bomb"
L 12/20/2014 - 16:37:20: "[LL] Loddy<3><STEAM_1:0:4665189><TERRORIST>" purchased "molotov"
L 12/20/2014 - 16:37:30: World triggered "Round_Start"
L 12/20/2014 - 16:37:30: Molotov projectile spawned at -2008.865112 -1815.279419 -247.023727, velocity 5.693509 -11.786014 -674.873047
L 12/20/2014 - 16:37:30: "[LL] Dudsmack<2><STEAM_1:1:3648970><CT>" threw molotov [-2008 -1816 -300]
L 12/20/2014 - 16:37:31: "[LL] Dudsmack<2><STEAM_1:1:3648970><CT>" [-2009 -1815 -295] attacked "[LL] Dudsmack<2><STEAM_1:1:3648970><CT>" [-2009 -1815 -295] with "inferno" (damage "1") (damage_armor "0") (health "99") (armor "0") (hitgroup "chest")
L 12/20/2014 - 16:37:31: "[LL] Dudsmack<2><STEAM_1:1:3648970><CT>" [-2009 -1815 -295] attacked "[LL] Dudsmack<2><STEAM_1:1:3648970><CT>" [-2009 -1815 -295] with "inferno" (damage "2") (damage_armor "0") (health "97") (armor "0") (hitgroup "chest")
L 12/20/2014 - 16:37:31: "[LL] Dudsmack<2><STEAM_1:1:3648970><CT>" [-2009 -1815 -295] attacked "[LL] Dudsmack<2><STEAM_1:1:3648970><CT>" [-2009 -1815 -295] with "inferno" (damage "3") (damage_armor "0") (health "94") (armor "0") (hitgroup "chest")
L 12/20/2014 - 16:37:31: "[LL] Dudsmack<2><STEAM_1:1:3648970><CT>" [-2009 -1815 -295] attacked "[LL] Dudsmack<2><STEAM_1:1:3648970><CT>" [-2009 -1815 -295] with "inferno" (damage "4") (damage_armor "0") (health "90") (armor "0") (hitgroup "chest")
L 12/20/2014 - 16:37:31: "[LL] Dudsmack<2><STEAM_1:1:3648970><CT>" [-2009 -1815 -295] attacked "[LL] Dudsmack<2><STEAM_1:1:3648970><CT>" [-2009 -1815 -295] with "inferno" (damage "4") (damage_armor "0") (health "86") (armor "0") (hitgroup "chest")
L 12/20/2014 - 16:37:32: "[LL] Dudsmack<2><STEAM_1:1:3648970><CT>" [-2009 -1815 -295] attacked "[LL] Dudsmack<2><STEAM_1:1:3648970><CT>" [-2009 -1815 -295] with "inferno" (damage "5") (damage_armor "0") (health "81") (armor "0") (hitgroup "chest")
L 12/20/2014 - 16:37:32: "[LL] Dudsmack<2><STEAM_1:1:3648970><CT>" [-2009 -1815 -295] attacked "[LL] Dudsmack<2><STEAM_1:1:3648970><CT>" [-2009 -1815 -295] with "inferno" (damage "6") (damage_armor "0") (health "75") (armor "0") (hitgroup "chest")
L 12/20/2014 - 16:37:32: "[LL] Dudsmack<2><STEAM_1:1:3648970><CT>" [-2009 -1815 -295] attacked "[LL] Dudsmack<2><STEAM_1:1:3648970><CT>" [-2009 -1815 -295] with "inferno" (damage "7") (damage_armor "0") (health "68") (armor "0") (hitgroup "chest")
L 12/20/2014 - 16:37:32: "[LL] Dudsmack<2><STEAM_1:1:3648970><CT>" [-2009 -1815 -295] attacked "[LL] Dudsmack<2><STEAM_1:1:3648970><CT>" [-2009 -1815 -295] with "inferno" (damage "8") (damage_armor "0") (health "60") (armor "0") (hitgroup "chest")
L 12/20/2014 - 16:37:32: "[LL] Dudsmack<2><STEAM_1:1:3648970><CT>" [-2009 -1815 -295] attacked "[LL] Dudsmack<2><STEAM_1:1:3648970><CT>" [-2009 -1815 -295] with "inferno" (damage "8") (damage_armor "0") (health "52") (armor "0") (hitgroup "chest")
L 12/20/2014 - 16:37:33: "[LL] Dudsmack<2><STEAM_1:1:3648970><CT>" [-2009 -1815 -295] attacked "[LL] Dudsmack<2><STEAM_1:1:3648970><CT>" [-2009 -1815 -295] with "inferno" (damage "8") (damage_armor "0") (health "44") (armor "0") (hitgroup "chest")
L 12/20/2014 - 16:37:33: "[LL] Dudsmack<2><STEAM_1:1:3648970><CT>" [-2009 -1815 -295] attacked "[LL] Dudsmack<2><STEAM_1:1:3648970><CT>" [-2009 -1815 -295] with "inferno" (damage "8") (damage_armor "0") (health "36") (armor "0") (hitgroup "chest")
L 12/20/2014 - 16:37:33: "[LL] Dudsmack<2><STEAM_1:1:3648970><CT>" [-2009 -1815 -295] attacked "[LL] Dudsmack<2><STEAM_1:1:3648970><CT>" [-2009 -1815 -295] with "inferno" (damage "8") (damage_armor "0") (health "28") (armor "0") (hitgroup "chest")
L 12/20/2014 - 16:37:33: "[LL] Dudsmack<2><STEAM_1:1:3648970><CT>" [-2009 -1815 -295] attacked "[LL] Dudsmack<2><STEAM_1:1:3648970><CT>" [-2009 -1815 -295] with "inferno" (damage "8") (damage_armor "0") (health "20") (armor "0") (hitgroup "chest")
L 12/20/2014 - 16:37:33: "[LL] Dudsmack<2><STEAM_1:1:3648970><CT>" [-2009 -1815 -295] attacked "[LL] Dudsmack<2><STEAM_1:1:3648970><CT>" [-2009 -1815 -295] with "inferno" (damage "8") (damage_armor "0") (health "12") (armor "0") (hitgroup "chest")
L 12/20/2014 - 16:37:34: "[LL] Dudsmack<2><STEAM_1:1:3648970><CT>" [-2009 -1815 -295] attacked "[LL] Dudsmack<2><STEAM_1:1:3648970><CT>" [-2009 -1815 -295] with "inferno" (damage "8") (damage_armor "0") (health "4") (armor "0") (hitgroup "chest")
L 12/20/2014 - 16:37:34: "[LL] Dudsmack<2><STEAM_1:1:3648970><CT>" [-2009 -1815 -295] attacked "[LL] Dudsmack<2><STEAM_1:1:3648970><CT>" [-2009 -1815 -295] with "inferno" (damage "8") (damage_armor "0") (health "0") (armor "0") (hitgroup "chest")
L 12/20/2014 - 16:37:34: "[LL] Dudsmack<2><STEAM_1:1:3648970><CT>" [-2009 -1815 -231] committed suicide with "inferno"
L 12/20/2014 - 16:37:34: Team "TERRORIST" triggered "SFUI_Notice_Terrorists_Win" (CT "9") (T "14")
L 12/20/2014 - 16:37:34: Team "CT" scored "9" with "1" players
L 12/20/2014 - 16:37:34: Team "TERRORIST" scored "14" with "1" players
L 12/20/2014 - 16:37:34: World triggered "Round_End"
L 12/20/2014 - 16:37:44: "[LL] Loddy<3><STEAM_1:0:4665189><TERRORIST>" triggered "Got_The_Bomb"
L 12/20/2014 - 16:37:47: "[LL] Dudsmack<2><STEAM_1:1:3648970><CT>" purchased "incgrenade"
L 12/20/2014 - 16:37:59: World triggered "Round_Start"
L 12/20/2014 - 16:37:59: Molotov projectile spawned at -1656.197021 -1800.239746 -218.920395, velocity -8.312598 -10.110730 -674.873047
L 12/20/2014 - 16:37:59: "[LL] Dudsmack<2><STEAM_1:1:3648970><CT>" threw molotov [-1657 -1801 -265]
L 12/20/2014 - 16:38:00: Molotov projectile spawned at 1375.648071 -208.005615 -115.961212, velocity -14.845002 -0.236874 -674.836670
L 12/20/2014 - 16:38:00: "[LL] Loddy<3><STEAM_1:0:4665189><TERRORIST>" threw molotov [1375 -208 -166]
L 12/20/2014 - 16:38:00: "[LL] Dudsmack<2><STEAM_1:1:3648970><CT>" [-1656 -1800 -267] attacked "[LL] Dudsmack<2><STEAM_1:1:3648970><CT>" [-1656 -1800 -267] with "inferno" (damage "1") (damage_armor "0") (health "99") (armor "0") (hitgroup "chest")
L 12/20/2014 - 16:38:00: "[LL] Dudsmack<2><STEAM_1:1:3648970><CT>" [-1656 -1800 -267] attacked "[LL] Dudsmack<2><STEAM_1:1:3648970><CT>" [-1656 -1800 -267] with "inferno" (damage "2") (damage_armor "0") (health "97") (armor "0") (hitgroup "chest")
L 12/20/2014 - 16:38:00: "[LL] Loddy<3><STEAM_1:0:4665189><TERRORIST>" [1376 -208 -164] attacked "[LL] Loddy<3><STEAM_1:0:4665189><TERRORIST>" [1376 -208 -164] with "inferno" (damage "1") (damage_armor "0") (health "99") (armor "0") (hitgroup "generic")
L 12/20/2014 - 16:38:00: "[LL] Dudsmack<2><STEAM_1:1:3648970><CT>" [-1656 -1800 -267] attacked "[LL] Dudsmack<2><STEAM_1:1:3648970><CT>" [-1656 -1800 -267] with "inferno" (damage "3") (damage_armor "0") (health "94") (armor "0") (hitgroup "chest")
L 12/20/2014 - 16:38:00: "[LL] Loddy<3><STEAM_1:0:4665189><TERRORIST>" [1376 -208 -164] attacked "[LL] Loddy<3><STEAM_1:0:4665189><TERRORIST>" [1376 -208 -164] with "inferno" (damage "2") (damage_armor "0") (health "97") (armor "0") (hitgroup "generic")
L 12/20/2014 - 16:38:00: "[LL] Dudsmack<2><STEAM_1:1:3648970><CT>" [-1656 -1800 -267] attacked "[LL] Dudsmack<2><STEAM_1:1:3648970><CT>" [-1656 -1800 -267] with "inferno" (damage "4") (damage_armor "0") (health "90") (armor "0") (hitgroup "chest")
L 12/20/2014 - 16:38:01: "[LL] Loddy<3><STEAM_1:0:4665189><TERRORIST>" [1366 -208 -168] attacked "[LL] Loddy<3><STEAM_1:0:4665189><TERRORIST>" [1366 -208 -168] with "inferno" (damage "3") (damage_armor "0") (health "94") (armor "0") (hitgroup "generic")
L 12/20/2014 - 16:38:01: "[LL] Dudsmack<2><STEAM_1:1:3648970><CT>" [-1656 -1800 -267] attacked "[LL] Dudsmack<2><STEAM_1:1:3648970><CT>" [-1656 -1800 -267] with "inferno" (damage "4") (damage_armor "0") (health "86") (armor "0") (hitgroup "chest")
L 12/20/2014 - 16:38:01: "[LL] Loddy<3><STEAM_1:0:4665189><TERRORIST>" [1357 -208 -168] attacked "[LL] Loddy<3><STEAM_1:0:4665189><TERRORIST>" [1357 -208 -168] with "inferno" (damage "4") (damage_armor "0") (health "90") (armor "0") (hitgroup "generic")
L 12/20/2014 - 16:38:01: "[LL] Dudsmack<2><STEAM_1:1:3648970><CT>" [-1656 -1800 -267] attacked "[LL] Dudsmack<2><STEAM_1:1:3648970><CT>" [-1656 -1800 -267] with "inferno" (damage "5") (damage_armor "0") (health "81") (armor "0") (hitgroup "chest")
L 12/20/2014 - 16:38:01: "[LL] Loddy<3><STEAM_1:0:4665189><TERRORIST>" [1357 -208 -168] attacked "[LL] Loddy<3><STEAM_1:0:4665189><TERRORIST>" [1357 -208 -168] with "inferno" (damage "4") (damage_armor "0") (health "86") (armor "0") (hitgroup "generic")
L 12/20/2014 - 16:38:01: "[LL] Dudsmack<2><STEAM_1:1:3648970><CT>" [-1656 -1800 -267] attacked "[LL] Dudsmack<2><STEAM_1:1:3648970><CT>" [-1656 -1800 -267] with "inferno" (damage "6") (damage_armor "0") (health "75") (armor "0") (hitgroup "chest")
L 12/20/2014 - 16:38:01: "[LL] Loddy<3><STEAM_1:0:4665189><TERRORIST>" [1347 -208 -168] attacked "[LL] Loddy<3><STEAM_1:0:4665189><TERRORIST>" [1347 -208 -168] with "inferno" (damage "5") (damage_armor "0") (health "81") (armor "0") (hitgroup "generic")
L 12/20/2014 - 16:38:01: "[LL] Dudsmack<2><STEAM_1:1:3648970><CT>" [-1656 -1800 -267] attacked "[LL] Dudsmack<2><STEAM_1:1:3648970><CT>" [-1656 -1800 -267] with "inferno" (damage "7") (damage_armor "0") (health "68") (armor "0") (hitgroup "chest")
L 12/20/2014 - 16:38:01: "[LL] Loddy<3><STEAM_1:0:4665189><TERRORIST>" [1345 -208 -168] attacked "[LL] Loddy<3><STEAM_1:0:4665189><TERRORIST>" [1345 -208 -168] with "inferno" (damage "6") (damage_armor "0") (health "75") (armor "0") (hitgroup "generic")
L 12/20/2014 - 16:38:02: "[LL] Dudsmack<2><STEAM_1:1:3648970><CT>" [-1656 -1800 -267] attacked "[LL] Dudsmack<2><STEAM_1:1:3648970><CT>" [-1656 -1800 -267] with "inferno" (damage "8") (damage_armor "0") (health "60") (armor "0") (hitgroup "chest")
L 12/20/2014 - 16:38:02: "[LL] Loddy<3><STEAM_1:0:4665189><TERRORIST>" [1345 -208 -168] attacked "[LL] Loddy<3><STEAM_1:0:4665189><TERRORIST>" [1345 -208 -168] with "inferno" (damage "7") (damage_armor "0") (health "68") (armor "0") (hitgroup "generic")
L 12/20/2014 - 16:38:02: "[LL] Dudsmack<2><STEAM_1:1:3648970><CT>" [-1656 -1800 -267] attacked "[LL] Dudsmack<2><STEAM_1:1:3648970><CT>" [-1656 -1800 -267] with "inferno" (damage "8") (damage_armor "0") (health "52") (armor "0") (hitgroup "chest")
L 12/20/2014 - 16:38:02: "[LL] Loddy<3><STEAM_1:0:4665189><TERRORIST>" [1345 -208 -168] attacked "[LL] Loddy<3><STEAM_1:0:4665189><TERRORIST>" [1345 -208 -168] with "inferno" (damage "8") (damage_armor "0") (health "60") (armor "0") (hitgroup "generic")
L 12/20/2014 - 16:38:02: "[LL] Dudsmack<2><STEAM_1:1:3648970><CT>" [-1656 -1800 -267] attacked "[LL] Dudsmack<2><STEAM_1:1:3648970><CT>" [-1656 -1800 -267] with "inferno" (damage "8") (damage_armor "0") (health "44") (armor "0") (hitgroup "chest")
L 12/20/2014 - 16:38:02: "[LL] Loddy<3><STEAM_1:0:4665189><TERRORIST>" [1345 -208 -168] attacked "[LL] Loddy<3><STEAM_1:0:4665189><TERRORIST>" [1345 -208 -168] with "inferno" (damage "8") (damage_armor "0") (health "52") (armor "0") (hitgroup "generic")
L 12/20/2014 - 16:38:02: "[LL] Dudsmack<2><STEAM_1:1:3648970><CT>" [-1656 -1800 -267] attacked "[LL] Dudsmack<2><STEAM_1:1:3648970><CT>" [-1656 -1800 -267] with "inferno" (damage "8") (damage_armor "0") (health "36") (armor "0") (hitgroup "chest")
L 12/20/2014 - 16:38:02: "[LL] Loddy<3><STEAM_1:0:4665189><TERRORIST>" [1345 -208 -168] attacked "[LL] Loddy<3><STEAM_1:0:4665189><TERRORIST>" [1345 -208 -168] with "inferno" (damage "8") (damage_armor "0") (health "44") (armor "0") (hitgroup "generic")
L 12/20/2014 - 16:38:02: "[LL] Dudsmack<2><STEAM_1:1:3648970><CT>" [-1656 -1800 -267] attacked "[LL] Dudsmack<2><STEAM_1:1:3648970><CT>" [-1656 -1800 -267] with "inferno" (damage "8") (damage_armor "0") (health "28") (armor "0") (hitgroup "chest")
L 12/20/2014 - 16:38:02: "[LL] Loddy<3><STEAM_1:0:4665189><TERRORIST>" [1345 -208 -168] attacked "[LL] Loddy<3><STEAM_1:0:4665189><TERRORIST>" [1345 -208 -168] with "inferno" (damage "8") (damage_armor "0") (health "36") (armor "0") (hitgroup "generic")
L 12/20/2014 - 16:38:03: "[LL] Dudsmack<2><STEAM_1:1:3648970><CT>" [-1656 -1800 -267] attacked "[LL] Dudsmack<2><STEAM_1:1:3648970><CT>" [-1656 -1800 -267] with "inferno" (damage "8") (damage_armor "0") (health "20") (armor "0") (hitgroup "chest")
L 12/20/2014 - 16:38:03: "[LL] Loddy<3><STEAM_1:0:4665189><TERRORIST>" [1345 -208 -168] attacked "[LL] Loddy<3><STEAM_1:0:4665189><TERRORIST>" [1345 -208 -168] with "inferno" (damage "8") (damage_armor "0") (health "28") (armor "0") (hitgroup "generic")
L 12/20/2014 - 16:38:03: "[LL] Dudsmack<2><STEAM_1:1:3648970><CT>" [-1656 -1800 -267] attacked "[LL] Dudsmack<2><STEAM_1:1:3648970><CT>" [-1656 -1800 -267] with "inferno" (damage "8") (damage_armor "0") (health "12") (armor "0") (hitgroup "chest")
L 12/20/2014 - 16:38:03: "[LL] Loddy<3><STEAM_1:0:4665189><TERRORIST>" [1345 -208 -168] attacked "[LL] Loddy<3><STEAM_1:0:4665189><TERRORIST>" [1345 -208 -168] with "inferno" (damage "8") (damage_armor "0") (health "20") (armor "0") (hitgroup "generic")
L 12/20/2014 - 16:38:03: "[LL] Dudsmack<2><STEAM_1:1:3648970><CT>" [-1656 -1800 -267] attacked "[LL] Dudsmack<2><STEAM_1:1:3648970><CT>" [-1656 -1800 -267] with "inferno" (damage "8") (damage_armor "0") (health "4") (armor "0") (hitgroup "chest")
L 12/20/2014 - 16:38:03: "[LL] Loddy<3><STEAM_1:0:4665189><TERRORIST>" [1345 -208 -168] attacked "[LL] Loddy<3><STEAM_1:0:4665189><TERRORIST>" [1345 -208 -168] with "inferno" (damage "8") (damage_armor "0") (health "12") (armor "0") (hitgroup "generic")
L 12/20/2014 - 16:38:03: "[LL] Dudsmack<2><STEAM_1:1:3648970><CT>" [-1656 -1800 -267] attacked "[LL] Dudsmack<2><STEAM_1:1:3648970><CT>" [-1656 -1800 -267] with "inferno" (damage "8") (damage_armor "0") (health "0") (armor "0") (hitgroup "chest")
L 12/20/2014 - 16:38:03: "[LL] Dudsmack<2><STEAM_1:1:3648970><CT>" [-1656 -1800 -203] committed suicide with "inferno"
L 12/20/2014 - 16:38:03: Team "TERRORIST" triggered "SFUI_Notice_Terrorists_Win" (CT "9") (T "15")
L 12/20/2014 - 16:38:03: Team "CT" scored "9" with "1" players
L 12/20/2014 - 16:38:03: Team "TERRORIST" scored "15" with "1" players
L 12/20/2014 - 16:38:03: World triggered "Round_End"
L 12/20/2014 - 16:38:03: "[LL] Loddy<3><STEAM_1:0:4665189><TERRORIST>" [1345 -208 -168] attacked "[LL] Loddy<3><STEAM_1:0:4665189><TERRORIST>" [1345 -208 -168] with "inferno" (damage "8") (damage_armor "0") (health "4") (armor "0") (hitgroup "generic")
L 12/20/2014 - 16:38:03: "[LL] Loddy<3><STEAM_1:0:4665189><TERRORIST>" [1345 -208 -168] attacked "[LL] Loddy<3><STEAM_1:0:4665189><TERRORIST>" [1345 -208 -168] with "inferno" (damage "8") (damage_armor "0") (health "0") (armor "0") (hitgroup "generic")
L 12/20/2014 - 16:38:03: "[LL] Loddy<3><STEAM_1:0:4665189><TERRORIST>" triggered "Dropped_The_Bomb"
L 12/20/2014 - 16:38:03: "[LL] Loddy<3><STEAM_1:0:4665189><TERRORIST>" [1345 -208 -104] committed suicide with "inferno"
L 12/20/2014 - 16:38:13: "[LL] Loddy<3><STEAM_1:0:4665189><TERRORIST>" triggered "Got_The_Bomb"
L 12/20/2014 - 16:38:16: "[LL] Dudsmack<2><STEAM_1:1:3648970><CT>" purchased "incgrenade"
L 12/20/2014 - 16:38:28: World triggered "Round_Start"
L 12/20/2014 - 16:38:28: Molotov projectile spawned at -1901.689819 -1815.993164 -225.984970, velocity 13.086017 0.286866 -674.873047
L 12/20/2014 - 16:38:28: "[LL] Dudsmack<2><STEAM_1:1:3648970><CT>" threw molotov [-1901 -1816 -274]
L 12/20/2014 - 16:38:29: "[LL] Dudsmack<2><STEAM_1:1:3648970><CT>" [-1902 -1816 -274] attacked "[LL] Dudsmack<2><STEAM_1:1:3648970><CT>" [-1902 -1816 -274] with "inferno" (damage "1") (damage_armor "0") (health "99") (armor "0") (hitgroup "chest")
L 12/20/2014 - 16:38:29: "[LL] Dudsmack<2><STEAM_1:1:3648970><CT>" [-1902 -1816 -274] attacked "[LL] Dudsmack<2><STEAM_1:1:3648970><CT>" [-1902 -1816 -274] with "inferno" (damage "2") (damage_armor "0") (health "97") (armor "0") (hitgroup "chest")
L 12/20/2014 - 16:38:29: "[LL] Dudsmack<2><STEAM_1:1:3648970><CT>" [-1902 -1816 -274] attacked "[LL] Dudsmack<2><STEAM_1:1:3648970><CT>" [-1902 -1816 -274] with "inferno" (damage "3") (damage_armor "0") (health "94") (armor "0") (hitgroup "chest")
L 12/20/2014 - 16:38:29: "[LL] Dudsmack<2><STEAM_1:1:3648970><CT>" [-1902 -1816 -274] attacked "[LL] Dudsmack<2><STEAM_1:1:3648970><CT>" [-1902 -1816 -274] with "inferno" (damage "4") (damage_armor "0") (health "90") (armor "0") (hitgroup "chest")
L 12/20/2014 - 16:38:30: "[LL] Dudsmack<2><STEAM_1:1:3648970><CT>" [-1902 -1816 -274] attacked "[LL] Dudsmack<2><STEAM_1:1:3648970><CT>" [-1902 -1816 -274] with "inferno" (damage "4") (damage_armor "0") (health "86") (armor "0") (hitgroup "chest")
L 12/20/2014 - 16:38:30: "[LL] Dudsmack<2><STEAM_1:1:3648970><CT>" [-1902 -1816 -274] attacked "[LL] Dudsmack<2><STEAM_1:1:3648970><CT>" [-1902 -1816 -274] with "inferno" (damage "5") (damage_armor "0") (health "81") (armor "0") (hitgroup "chest")
L 12/20/2014 - 16:38:30: "[LL] Dudsmack<2><STEAM_1:1:3648970><CT>" [-1902 -1816 -249] attacked "[LL] Dudsmack<2><STEAM_1:1:3648970><CT>" [-1902 -1816 -249] with "inferno" (damage "6") (damage_armor "0") (health "75") (armor "0") (hitgroup "chest")
L 12/20/2014 - 16:38:30: "[LL] Dudsmack<2><STEAM_1:1:3648970><CT>" [-1902 -1816 -221] attacked "[LL] Dudsmack<2><STEAM_1:1:3648970><CT>" [-1902 -1816 -221] with "inferno" (damage "7") (damage_armor "0") (health "68") (armor "0") (hitgroup "chest")
L 12/20/2014 - 16:38:30: "[LL] Dudsmack<2><STEAM_1:1:3648970><CT>" [-1902 -1816 -226] attacked "[LL] Dudsmack<2><STEAM_1:1:3648970><CT>" [-1902 -1816 -226] with "inferno" (damage "8") (damage_armor "0") (health "60") (armor "0") (hitgroup "chest")
L 12/20/2014 - 16:38:31: "[LL] Dudsmack<2><STEAM_1:1:3648970><CT>" [-1902 -1816 -264] attacked "[LL] Dudsmack<2><STEAM_1:1:3648970><CT>" [-1902 -1816 -264] with "inferno" (damage "8") (damage_armor "0") (health "52") (armor "0") (hitgroup "chest")
L 12/20/2014 - 16:38:31: "[LL] Dudsmack<2><STEAM_1:1:3648970><CT>" [-1902 -1816 -274] attacked "[LL] Dudsmack<2><STEAM_1:1:3648970><CT>" [-1902 -1816 -274] with "inferno" (damage "8") (damage_armor "0") (health "44") (armor "0") (hitgroup "chest")
L 12/20/2014 - 16:38:31: "[LL] Dudsmack<2><STEAM_1:1:3648970><CT>" [-1902 -1816 -274] attacked "[LL] Dudsmack<2><STEAM_1:1:3648970><CT>" [-1902 -1816 -274] with "inferno" (damage "8") (damage_armor "0") (health "36") (armor "0") (hitgroup "chest")
L 12/20/2014 - 16:38:31: "[LL] Dudsmack<2><STEAM_1:1:3648970><CT>" [-1902 -1816 -274] attacked "[LL] Dudsmack<2><STEAM_1:1:3648970><CT>" [-1902 -1816 -274] with "inferno" (damage "8") (damage_armor "0") (health "28") (armor "0") (hitgroup "chest")
L 12/20/2014 - 16:38:31: "[LL] Dudsmack<2><STEAM_1:1:3648970><CT>" [-1902 -1816 -274] attacked "[LL] Dudsmack<2><STEAM_1:1:3648970><CT>" [-1902 -1816 -274] with "inferno" (damage "8") (damage_armor "0") (health "20") (armor "0") (hitgroup "chest")
L 12/20/2014 - 16:38:32: "[LL] Dudsmack<2><STEAM_1:1:3648970><CT>" [-1902 -1816 -274] attacked "[LL] Dudsmack<2><STEAM_1:1:3648970><CT>" [-1902 -1816 -274] with "inferno" (damage "8") (damage_armor "0") (health "12") (armor "0") (hitgroup "chest")
L 12/20/2014 - 16:38:32: "[LL] Dudsmack<2><STEAM_1:1:3648970><CT>" [-1902 -1816 -274] attacked "[LL] Dudsmack<2><STEAM_1:1:3648970><CT>" [-1902 -1816 -274] with "inferno" (damage "8") (damage_armor "0") (health "4") (armor "0") (hitgroup "chest")
L 12/20/2014 - 16:38:32: "[LL] Dudsmack<2><STEAM_1:1:3648970><CT>" [-1902 -1816 -274] attacked "[LL] Dudsmack<2><STEAM_1:1:3648970><CT>" [-1902 -1816 -274] with "inferno" (damage "8") (damage_armor "0") (health "0") (armor "0") (hitgroup "chest")
L 12/20/2014 - 16:38:32: "[LL] Dudsmack<2><STEAM_1:1:3648970><CT>" [-1902 -1816 -210] committed suicide with "inferno"
L 12/20/2014 - 16:38:32: Team "TERRORIST" triggered "SFUI_Notice_Terrorists_Win" (CT "9") (T "16")
L 12/20/2014 - 16:38:32: Team "CT" scored "9" with "1" players
L 12/20/2014 - 16:38:32: Team "TERRORIST" scored "16" with "1" players
L 12/20/2014 - 16:38:32: World triggered "Round_End"
L 12/20/2014 - 16:38:32: World triggered "Round_Start"
L 12/20/2014 - 16:39:43: "[LL] Dudsmack<2><STEAM_1:1:3648970><CT>" disconnected (reason "Disconnect")
L 12/20/2014 - 16:40:32: "[LL] Loddy<3><STEAM_1:0:4665189><TERRORIST>" triggered "Dropped_The_Bomb"
L 12/20/2014 - 16:40:32: "[LL] Loddy<3><STEAM_1:0:4665189>" switched from team <TERRORIST> to <Unassigned>
L 12/20/2014 - 16:40:32: "[LL] Loddy<3><STEAM_1:0:4665189><Unassigned>" triggered "clantag" (value "")
L 12/20/2014 - 16:40:47: World triggered "Round_Start"
L 12/20/2014 - 16:41:27: "[LL] Loddy<3><STEAM_1:0:4665189><>" disconnected (reason "Server shutting down")
L 12/20/2014 - 16:41:27: server_message: "quit"
L 12/20/2014 - 16:41:27: Log file closed
