L 10/22/2022 - 16:41:26: SourceMod log file session started (file "/app/csgo/addons/sourcemod/logs/L20221022.log") (Version "1.12.0.6928")
L 10/22/2022 - 16:41:26: [GEOIP] GeoIP2 database loaded: GeoLite2-City (2019-12-17 20:01:26 UTC) (/app/csgo/addons/sourcemod/configs/geoip/GeoLite2-City.mmdb)
L 10/22/2022 - 16:41:26: [GEOIP] GeoIP2 supported languages: de en es fr ja pt-BR ru zh-CN
L 10/22/2022 - 16:41:26: [GEOIP] Your database is older than 90 days. You should consider downloading a newer version from e.g. https://dev.maxmind.com/geoip/geolite2-free-geolocation-data
L 10/22/2022 - 16:41:26: [get5.smx] SteamWorks not installed. Cannot perform Get5 version check.
L 10/22/2022 - 16:41:32: [basecommands.smx] "Console<0><Console><Console>" changed cvar (cvar "sv_hibernate_when_empty") (value "0")
L 10/22/2022 - 16:41:33: [get5.smx] Match configuration was loaded via get5_autoload_config.
L 10/22/2022 - 16:53:07: -------- Mapchange to de_mirage --------
L 10/22/2022 - 16:53:13: [basecommands.smx] "Console<0><Console><Console>" changed cvar (cvar "sv_hibernate_when_empty") (value "0")
L 10/22/2022 - 16:56:22: [get5.smx] Recording to 2022-10-22_16-56-22__map1_de_mirage.dem
L 10/22/2022 - 17:29:18: -------- Mapchange to de_inferno --------
L 10/22/2022 - 17:29:24: [basecommands.smx] "Console<0><Console><Console>" changed cvar (cvar "sv_hibernate_when_empty") (value "0")
L 10/22/2022 - 17:52:36: -------- Mapchange to de_mirage --------
L 10/22/2022 - 17:52:42: [basecommands.smx] "Console<0><Console><Console>" changed cvar (cvar "sv_hibernate_when_empty") (value "0")
L 10/22/2022 - 17:56:45: [get5.smx] Recording to 2022-10-22_17-56-45__map1_de_mirage.dem
L 10/22/2022 - 17:58:39: [get5.smx] Recording to 2022-10-22_17-58-39__map1_de_mirage.dem
L 10/22/2022 - 18:06:45: -------- Mapchange to de_inferno --------
L 10/22/2022 - 18:06:51: [basecommands.smx] "Console<0><Console><Console>" changed cvar (cvar "sv_hibernate_when_empty") (value "0")
L 10/22/2022 - 18:09:42: [get5.smx] Recording to 2022-10-22_18-09-42__map2_de_inferno.dem
L 10/22/2022 - 18:40:07: -------- Mapchange to de_overpass --------
L 10/22/2022 - 18:40:14: [basecommands.smx] "Console<0><Console><Console>" changed cvar (cvar "sv_hibernate_when_empty") (value "0")
