L 10/21/2018 - 00:53:19: Log file started (file "logs/L172_030_014_020_27015_201810210053_000.log") (game "/app/csgo") (version "7268")
L 10/21/2018 - 00:53:19: Loading map "de_mirage"
L 10/21/2018 - 00:53:19: server cvars start
L 10/21/2018 - 00:53:19: "wm_require_names" = "0"
L 10/21/2018 - 00:53:19: "cash_player_killed_teammate" = "-300"
L 10/21/2018 - 00:53:19: "cash_player_respawn_amount" = "0"
L 10/21/2018 - 00:53:19: "sv_maxspeed" = "320"
L 10/21/2018 - 00:53:19: "wm_auto_record" = "1"
L 10/21/2018 - 00:53:19: "wm_stats_trace" = "0"
L 10/21/2018 - 00:53:19: "cash_team_winner_bonus_consecutive_rounds" = "0"
L 10/21/2018 - 00:53:19: "cash_team_rescued_hostage" = "750"
L 10/21/2018 - 00:53:19: "wm_active" = "1"
L 10/21/2018 - 00:53:19: "cash_team_win_by_defusing_bomb" = "3500"
L 10/21/2018 - 00:53:19: "wm_veto_knife" = "1"
L 10/21/2018 - 00:53:19: "sv_rollangle" = "0"
L 10/21/2018 - 00:53:19: "r_AirboatViewZHeight" = "0.0"
L 10/21/2018 - 00:53:19: "sv_cheats" = "0"
L 10/21/2018 - 00:53:19: "r_VehicleViewDampen" = "1"
L 10/21/2018 - 00:53:19: "wm_block_warm_up_grenades" = "1"
L 10/21/2018 - 00:53:19: "metamod_version" = "1.11.0-dev+1097V"
L 10/21/2018 - 00:53:19: "wm_random_team_names" = "0"
L 10/21/2018 - 00:53:19: "wm_require_logos" = "0"
L 10/21/2018 - 00:53:19: "mp_allowNPCs" = "1"
L 10/21/2018 - 00:53:19: "wm_autodemoupload_bzip2" = "9"
L 10/21/2018 - 00:53:19: "mp_tournament" = "0"
L 10/21/2018 - 00:53:19: "sv_vote_issue_pause_match_spec_only" = "0"
L 10/21/2018 - 00:53:19: "wm_warmup_respawn" = "1"
L 10/21/2018 - 00:53:19: "sv_spec_hear" = "1"
L 10/21/2018 - 00:53:19: "cash_player_interact_with_hostage" = "150"
L 10/21/2018 - 00:53:19: "mp_maxrounds" = "7"
L 10/21/2018 - 00:53:19: "mp_flashlight" = "0"
L 10/21/2018 - 00:53:19: "sv_tags" = ""
L 10/21/2018 - 00:53:19: "sv_stepsize" = "18"
L 10/21/2018 - 00:53:19: "sv_alltalk" = "0"
L 10/21/2018 - 00:53:19: "mp_teamlist" = "hgrunt;scientist"
L 10/21/2018 - 00:53:19: "wm_upload_results" = "0"
L 10/21/2018 - 00:53:19: "wm_version_notify" = "17.08.12.1053"
L 10/21/2018 - 00:53:19: "mp_footsteps" = "1"
L 10/21/2018 - 00:53:19: "sv_noclipaccelerate" = "5"
L 10/21/2018 - 00:53:19: "sv_accelerate_debug_speed" = "0"
L 10/21/2018 - 00:53:19: "sv_wateraccelerate" = "10"
L 10/21/2018 - 00:53:19: "mp_stalemate_enable" = "0"
L 10/21/2018 - 00:53:19: "mp_autocrosshair" = "1"
L 10/21/2018 - 00:53:19: "sourcemod_version" = "1.9.0.6148"
L 10/21/2018 - 00:53:19: "cash_team_elimination_bomb_map" = "3250"
L 10/21/2018 - 00:53:19: "cash_player_get_killed" = "0"
L 10/21/2018 - 00:53:19: "wm_prefix_logs" = "1"
L 10/21/2018 - 00:53:19: "mp_roundtime_defuse" = "1.75"
L 10/21/2018 - 00:53:19: "sv_autobuyammo" = "0"
L 10/21/2018 - 00:53:19: "wm_autodemoupload_enable" = "1"
L 10/21/2018 - 00:53:19: "wm_auto_knife" = "1"
L 10/21/2018 - 00:53:19: "sv_rollspeed" = "200"
L 10/21/2018 - 00:53:19: "sv_airaccelerate" = "12"
L 10/21/2018 - 00:53:19: "wm_reset_config_delay" = "1"
L 10/21/2018 - 00:53:19: "sv_show_team_equipment_prohibit" = "0"
L 10/21/2018 - 00:53:19: "mp_teams_unbalance_limit" = "1"
L 10/21/2018 - 00:53:19: "mp_timelimit" = "0"
L 10/21/2018 - 00:53:19: "cash_team_loser_bonus" = "1400"
L 10/21/2018 - 00:53:19: "sv_deadtalk" = "1"
L 10/21/2018 - 00:53:19: "wm_ban_on_disconnect" = "0"
L 10/21/2018 - 00:53:19: "wm_knife_zeus" = "0"
L 10/21/2018 - 00:53:19: "cash_player_rescued_hostage" = "1000"
L 10/21/2018 - 00:53:19: "wm_stats_enabled" = "1"
L 10/21/2018 - 00:53:19: "wm_stats_trace_delay" = "5"
L 10/21/2018 - 00:53:19: "wm_knife_flashbang" = "0"
L 10/21/2018 - 00:53:19: "wm_ready_panel" = "1"
L 10/21/2018 - 00:53:19: "sv_waterfriction" = "1"
L 10/21/2018 - 00:53:19: "sv_competitive_official_5v5" = "1"
L 10/21/2018 - 00:53:19: "sv_steamgroup" = ""
L 10/21/2018 - 00:53:19: "wm_max_players" = "10"
L 10/21/2018 - 00:53:19: "cash_player_killed_enemy_default" = "300"
L 10/21/2018 - 00:53:19: "coop" = "0"
L 10/21/2018 - 00:53:19: "mp_respawnwavetime" = "10.0"
L 10/21/2018 - 00:53:19: "wm_veto_bo3" = "0"
L 10/21/2018 - 00:53:19: "sv_teamid_overhead" = "1"
L 10/21/2018 - 00:53:19: "wm_autodemoupload_completed" = "0"
L 10/21/2018 - 00:53:19: "tv_enable1" = "0"
L 10/21/2018 - 00:53:19: "wm_min_ready" = "10"
L 10/21/2018 - 00:53:19: "nextlevel" = ""
L 10/21/2018 - 00:53:19: "sv_stopspeed" = "80"
L 10/21/2018 - 00:53:19: "sv_specaccelerate" = "5"
L 10/21/2018 - 00:53:19: "wm_veto" = "1"
L 10/21/2018 - 00:53:19: "deathmatch" = "1"
L 10/21/2018 - 00:53:19: "wm_warmod_safemode" = "0"
L 10/21/2018 - 00:53:19: "tv_enable" = "1"
L 10/21/2018 - 00:53:19: "wm_ready_tag" = "1"
L 10/21/2018 - 00:53:19: "wm_name_fix" = "0"
L 10/21/2018 - 00:53:19: "mp_roundtime_hostage" = "1.92"
L 10/21/2018 - 00:53:19: "mp_freezetime" = "0"
L 10/21/2018 - 00:53:19: "mp_teammates_are_enemies" = "0"
L 10/21/2018 - 00:53:19: "mp_falldamage" = "0"
L 10/21/2018 - 00:53:19: "wm_pause_confirm" = "0"
L 10/21/2018 - 00:53:19: "wm_veto_select" = "1"
L 10/21/2018 - 00:53:19: "sv_accelerate_use_weapon_speed" = "1"
L 10/21/2018 - 00:53:19: "sv_voiceenable" = "1"
L 10/21/2018 - 00:53:19: "wm_knife_auto_start" = "0"
L 10/21/2018 - 00:53:19: "sv_teamid_overhead_always_prohibit" = "1"
L 10/21/2018 - 00:53:19: "wm_unpause_confirm" = "1"
L 10/21/2018 - 00:53:19: "sv_bounce" = "0"
L 10/21/2018 - 00:53:19: "mp_disable_respawn_times" = "0"
L 10/21/2018 - 00:53:19: "r_AirboatViewDampenFreq" = "7.0"
L 10/21/2018 - 00:53:19: "mp_weaponstay" = "0"
L 10/21/2018 - 00:53:19: "mp_hostagepenalty" = "10"
L 10/21/2018 - 00:53:19: "tv_advertise_watchable" = "0"
L 10/21/2018 - 00:53:19: "mp_friendlyfire" = "0"
L 10/21/2018 - 00:53:19: "cash_team_hostage_interaction" = "150"
L 10/21/2018 - 00:53:19: "sv_noclipspeed" = "5"
L 10/21/2018 - 00:53:19: "cash_team_win_by_time_running_out_bomb" = "3250"
L 10/21/2018 - 00:53:19: "sv_allchat" = "1"
L 10/21/2018 - 00:53:19: "wm_pugsetup_maplist_file" = "warmod/veto_maps_list.txt"
L 10/21/2018 - 00:53:19: "mp_buy_during_immunity" = "0"
L 10/21/2018 - 00:53:19: "cash_player_killed_enemy_factor" = "1"
L 10/21/2018 - 00:53:19: "mp_c4timer" = "40"
L 10/21/2018 - 00:53:19: "r_JeepViewDampenDamp" = "1.0"
L 10/21/2018 - 00:53:19: "wm_lock_teams" = "1"
L 10/21/2018 - 00:53:19: "sv_competitive_minspec" = "1"
L 10/21/2018 - 00:53:19: "r_AirboatViewDampenDamp" = "1.0"
L 10/21/2018 - 00:53:19: "wm_pause_limit" = "5"
L 10/21/2018 - 00:53:19: "wm_knife_helmet" = "0"
L 10/21/2018 - 00:53:19: "sm_nextmap" = ""
L 10/21/2018 - 00:53:19: "sv_max_allowed_net_graph" = "1"
L 10/21/2018 - 00:53:19: "mp_stalemate_at_timelimit" = "0"
L 10/21/2018 - 00:53:19: "wm_pugsetup_randomize_maps" = "1"
L 10/21/2018 - 00:53:19: "wm_knife_armor" = "1"
L 10/21/2018 - 00:53:19: "wm_logos_menu_only" = "0"
L 10/21/2018 - 00:53:19: "mp_limitteams" = "0"
L 10/21/2018 - 00:53:19: "sv_footsteps" = "1"
L 10/21/2018 - 00:53:19: "sv_vote_issue_kick_allowed" = "1"
L 10/21/2018 - 00:53:19: "wm_auto_unpause_delay" = "180"
L 10/21/2018 - 00:53:19: "sm_log_connections_version" = "1.11"
L 10/21/2018 - 00:53:19: "wm_auto_pause" = "0"
L 10/21/2018 - 00:53:19: "cash_team_survive_guardian_wave" = "1000"
L 10/21/2018 - 00:53:19: "tv_relaypassword" = "CoyotesLoveAdventure"
L 10/21/2018 - 00:53:19: "wm_auto_unpause" = "1"
L 10/21/2018 - 00:53:19: "mp_teamplay" = "0"
L 10/21/2018 - 00:53:19: "cash_team_terrorist_win_bomb" = "3500"
L 10/21/2018 - 00:53:19: "cash_team_elimination_hostage_map_t" = "3000"
L 10/21/2018 - 00:53:19: "r_JeepViewDampenFreq" = "7.0"
L 10/21/2018 - 00:53:19: "cash_team_win_by_time_running_out_hostage" = "3250"
L 10/21/2018 - 00:53:19: "sv_specnoclip" = "1"
L 10/21/2018 - 00:53:19: "sv_friction" = "5.2"
L 10/21/2018 - 00:53:19: "cash_player_bomb_planted" = "300"
L 10/21/2018 - 00:53:19: "mp_autoteambalance" = "0"
L 10/21/2018 - 00:53:19: "wm_auto_ready" = "1"
L 10/21/2018 - 00:53:19: "sv_contact" = "0"
L 10/21/2018 - 00:53:19: "wm_stats_method" = "2"
L 10/21/2018 - 00:53:19: "sv_vote_kick_ban_duration" = "15"
L 10/21/2018 - 00:53:19: "cash_player_bomb_defused" = "300"
L 10/21/2018 - 00:53:19: "mp_roundtime" = "1.75"
L 10/21/2018 - 00:53:19: "wm_knife_hegrenade" = "0"
L 10/21/2018 - 00:53:19: "sv_kick_ban_duration" = "0"
L 10/21/2018 - 00:53:19: "cash_team_planted_bomb_but_defused" = "800"
L 10/21/2018 - 00:53:19: "wm_knife_smokegrenade" = "0"
L 10/21/2018 - 00:53:19: "cash_player_killed_hostage" = "-1000"
L 10/21/2018 - 00:53:19: "sv_vote_issue_loadbackup_allowed" = "1"
L 10/21/2018 - 00:53:19: "wm_ingame_scores" = "1"
L 10/21/2018 - 00:53:19: "wm_autodemoupload_delete" = "0"
L 10/21/2018 - 00:53:19: "nextmode" = ""
L 10/21/2018 - 00:53:19: "wm_captain_from_file" = "0"
L 10/21/2018 - 00:53:19: "mp_fraglimit" = "0"
L 10/21/2018 - 00:53:19: "mp_forcerespawn" = "1"
L 10/21/2018 - 00:53:19: "wm_show_info" = "1"
L 10/21/2018 - 00:53:19: "mp_winlimit" = "0"
L 10/21/2018 - 00:53:19: "sv_accelerate" = "5.5"
L 10/21/2018 - 00:53:19: "mp_buy_anywhere" = "0"
L 10/21/2018 - 00:53:19: "sv_gravity" = "800"
L 10/21/2018 - 00:53:19: "sv_password" = "7firewalls"
L 10/21/2018 - 00:53:19: "cash_team_elimination_hostage_map_ct" = "3000"
L 10/21/2018 - 00:53:19: "wm_ban_percentage" = "0.75"
L 10/21/2018 - 00:53:19: "cash_team_win_by_hostage_rescue" = "3500"
L 10/21/2018 - 00:53:19: "sv_vote_issue_loadbackup_spec_only" = "0"
L 10/21/2018 - 00:53:19: "wm_veto_random" = "0"
L 10/21/2018 - 00:53:19: "cash_team_loser_bonus_consecutive_rounds" = "500"
L 10/21/2018 - 00:53:19: "cash_player_damage_hostage" = "-30"
L 10/21/2018 - 00:53:19: "r_JeepViewZHeight" = "10.0"
L 10/21/2018 - 00:53:19: "cash_team_hostage_alive" = "150"
L 10/21/2018 - 00:53:19: "tv_password" = "CoyotesLoveAdventure"
L 10/21/2018 - 00:53:19: "sv_specspeed" = "3"
L 10/21/2018 - 00:53:19: server cvars end
L 10/21/2018 - 00:53:20: Started map "de_mirage" (CRC "553181964")
L 10/21/2018 - 00:53:20: server_cvar: "cash_team_elimination_hostage_map_ct" "2000"
L 10/21/2018 - 00:53:20: server_cvar: "cash_team_elimination_hostage_map_t" "1000"
L 10/21/2018 - 00:53:20: server_cvar: "cash_team_hostage_alive" "0"
L 10/21/2018 - 00:53:20: server_cvar: "cash_team_hostage_interaction" "500"
L 10/21/2018 - 00:53:20: server_cvar: "cash_team_rescued_hostage" "0"
L 10/21/2018 - 00:53:20: server_cvar: "cash_team_win_by_defusing_bomb" "3250"
L 10/21/2018 - 00:53:20: server_cvar: "mp_autoteambalance" "1"
L 10/21/2018 - 00:53:20: server_cvar: "mp_freezetime" "6"
L 10/21/2018 - 00:53:20: server_cvar: "mp_limitteams" "2"
L 10/21/2018 - 00:53:20: server_cvar: "mp_maxrounds" "0"
L 10/21/2018 - 00:53:20: server_cvar: "mp_roundtime" "5"
L 10/21/2018 - 00:53:20: server_cvar: "mp_roundtime_defuse" "0"
L 10/21/2018 - 00:53:20: server_cvar: "mp_roundtime_hostage" "0"
L 10/21/2018 - 00:53:20: server_cvar: "mp_timelimit" "5"
L 10/21/2018 - 00:53:20: server_cvar: "sv_deadtalk" "0"
L 10/21/2018 - 00:53:20: "Console<0><Console><Console>" say ""running server.cfg""
L 10/21/2018 - 00:53:20: "Console<0><Console><Console>" say ""running warmod/on_map_load.cfg""
L 10/21/2018 - 00:53:20: "Console<0><Console><Console>" say ""running /warmod/ruleset_warmup.cfg""
L 10/21/2018 - 00:53:20: "Console<0><Console><Console>" say ""running warmod/ruleset_global.cfg""
L 10/21/2018 - 00:53:20: "Console<0><Console><Console>" say ""running gamemode_competitive_server.cfg""
L 10/21/2018 - 00:53:20: server_cvar: "cash_team_win_by_defusing_bomb" "3500"
L 10/21/2018 - 00:53:20: server_cvar: "cash_team_rescued_hostage" "750"
L 10/21/2018 - 00:53:20: server_cvar: "cash_team_hostage_alive" "150"
L 10/21/2018 - 00:53:20: server_cvar: "cash_team_hostage_interaction" "150"
L 10/21/2018 - 00:53:20: server_cvar: "mp_friendlyfire" "1"
L 10/21/2018 - 00:53:20: server_cvar: "mp_limitteams" "0"
L 10/21/2018 - 00:53:20: server_cvar: "mp_timelimit" "0"
L 10/21/2018 - 00:53:20: server_cvar: "mp_maxrounds" "30"
L 10/21/2018 - 00:53:20: server_cvar: "mp_freezetime" "15"
L 10/21/2018 - 00:53:20: server_cvar: "mp_roundtime" "1.75"
L 10/21/2018 - 00:53:20: server_cvar: "mp_roundtime_defuse" "1.75"
L 10/21/2018 - 00:53:20: server_cvar: "mp_autoteambalance" "0"
L 10/21/2018 - 00:53:20: server_cvar: "sv_deadtalk" "1"
L 10/21/2018 - 00:53:20: server_cvar: "mp_freezetime" "0"
L 10/21/2018 - 00:53:20: server_cvar: "mp_friendlyfire" "0"
L 10/21/2018 - 00:53:20: "Console<0><Console><Console>" say "WarMod [BFG] WarmUp Config Loaded"
L 10/21/2018 - 00:53:20: server_cvar: "cash_player_interact_with_hostage" "300"
L 10/21/2018 - 00:53:20: server_cvar: "cash_team_elimination_hostage_map_t" "3000"
L 10/21/2018 - 00:53:20: server_cvar: "cash_team_elimination_hostage_map_ct" "3000"
L 10/21/2018 - 00:53:20: server_cvar: "cash_team_hostage_alive" "0"
L 10/21/2018 - 00:53:20: server_cvar: "cash_team_hostage_interaction" "600"
L 10/21/2018 - 00:53:20: server_cvar: "cash_team_rescued_hostage" "600"
L 10/21/2018 - 00:53:20: server_cvar: "cash_team_win_by_hostage_rescue" "2900"
L 10/21/2018 - 00:53:20: server_cvar: "mp_freezetime" "15"
L 10/21/2018 - 00:53:20: server_cvar: "mp_friendlyfire" "1"
L 10/21/2018 - 00:53:20: server_cvar: "mp_roundtime" "1.92"
L 10/21/2018 - 00:53:20: server_cvar: "mp_roundtime_hostage" "1.92"
L 10/21/2018 - 00:53:20: server_cvar: "mp_roundtime_defuse" "1.92"
L 10/21/2018 - 00:53:20: "Console<0><Console><Console>" say ""running gamemode_competitive_server.cfg""
L 10/21/2018 - 00:53:20: server_cvar: "cash_team_win_by_hostage_rescue" "3500"
L 10/21/2018 - 00:53:20: server_cvar: "cash_team_rescued_hostage" "750"
L 10/21/2018 - 00:53:20: server_cvar: "cash_team_hostage_alive" "150"
L 10/21/2018 - 00:53:20: server_cvar: "cash_team_hostage_interaction" "150"
L 10/21/2018 - 00:53:20: server_cvar: "cash_player_interact_with_hostage" "150"
L 10/21/2018 - 00:53:20: server_cvar: "mp_roundtime" "1.75"
L 10/21/2018 - 00:53:20: server_cvar: "mp_roundtime_defuse" "1.75"
L 10/21/2018 - 00:53:23: "zLLTV_CSGO_BRACKET_L5<2><BOT><>" entered the game
L 10/21/2018 - 00:53:23: "Console<0><Console><Console>" say ""running warmod/on_map_load.cfg""
L 10/21/2018 - 00:53:23: "Console<0><Console><Console>" say ""running /warmod/ruleset_warmup.cfg""
L 10/21/2018 - 00:53:23: "Console<0><Console><Console>" say ""running warmod/ruleset_global.cfg""
L 10/21/2018 - 00:53:23: "Console<0><Console><Console>" say ""running gamemode_competitive_server.cfg""
L 10/21/2018 - 00:53:23: server_cvar: "mp_freezetime" "0"
L 10/21/2018 - 00:53:23: server_cvar: "mp_friendlyfire" "0"
L 10/21/2018 - 00:53:23: "Console<0><Console><Console>" say "WarMod [BFG] WarmUp Config Loaded"
L 10/21/2018 - 00:53:23: "Console<0><Console><Console>" say ""executing sourcemod.cfg""
L 10/21/2018 - 00:53:23: "Console<0><Console><Console>" say ""running /sourcemod.plugin.warmod.cfg""
L 10/21/2018 - 00:53:23: "Console<0><Console><Console>" say ""running warmod/on_map_load.cfg""
L 10/21/2018 - 00:53:23: "Console<0><Console><Console>" say ""running /warmod/ruleset_warmup.cfg""
L 10/21/2018 - 00:53:23: "Console<0><Console><Console>" say ""running warmod/ruleset_global.cfg""
L 10/21/2018 - 00:53:23: "Console<0><Console><Console>" say ""running gamemode_competitive_server.cfg""
L 10/21/2018 - 00:53:23: server_cvar: "mp_friendlyfire" "1"
L 10/21/2018 - 00:53:23: server_cvar: "mp_freezetime" "15"
L 10/21/2018 - 00:53:23: server_cvar: "mp_freezetime" "0"
L 10/21/2018 - 00:53:23: server_cvar: "mp_friendlyfire" "0"
L 10/21/2018 - 00:53:23: "Console<0><Console><Console>" say "WarMod [BFG] WarmUp Config Loaded"
L 10/21/2018 - 00:53:23: rcon from "172.30.40.7:64739": command "logaddress_add "172.30.40.7:7130""
L 10/21/2018 - 00:53:23: World triggered "Round_Start"
L 10/21/2018 - 00:53:26: "Kal<4><STEAM_1:1:64264577><>" entered the game
L 10/21/2018 - 00:53:26: "Nick<7><STEAM_1:0:66487725><>" entered the game
L 10/21/2018 - 00:53:26: "Trash<6><STEAM_1:1:115481489><>" entered the game
L 10/21/2018 - 00:53:27: "Wheezy<9><STEAM_1:0:78251735><>" entered the game
L 10/21/2018 - 00:53:32: "Kal<4><STEAM_1:1:64264577>" switched from team <Unassigned> to <TERRORIST>
L 10/21/2018 - 00:53:32: World triggered "Game_Commencing"
L 10/21/2018 - 00:53:32: "Trash<6><STEAM_1:1:115481489>" switched from team <Unassigned> to <TERRORIST>
L 10/21/2018 - 00:53:32: "Nick<7><STEAM_1:0:66487725>" switched from team <Unassigned> to <TERRORIST>
L 10/21/2018 - 00:53:32: Starting Freeze period
L 10/21/2018 - 00:53:32: World triggered "Match_Start" on "de_mirage"
L 10/21/2018 - 00:53:32: Team playing "CT": Castaway
L 10/21/2018 - 00:53:32: Team playing "TERRORIST": Iz_me
L 10/21/2018 - 00:53:34: rcon from "172.30.40.7:64739": command "mp_startmoney 10000"
L 10/21/2018 - 00:53:34: "Kal<4><STEAM_1:1:64264577><TERRORIST>" purchased "item_assaultsuit"
L 10/21/2018 - 00:53:34: World triggered "Round_Start"
L 10/21/2018 - 00:53:36: "Kal<4><STEAM_1:1:64264577><TERRORIST>" purchased "ak47"
L 10/21/2018 - 00:53:37: "Kal<4><STEAM_1:1:64264577><TERRORIST>" left buyzone with [ weapon_knife_t weapon_glock weapon_ak47 kevlar(100) helmet ]
L 10/21/2018 - 00:53:38: rcon from "172.30.40.7:64739": command "mp_maxround 7"
L 10/21/2018 - 00:53:40: server_cvar: "mp_maxrounds" "7"
L 10/21/2018 - 00:53:40: rcon from "172.30.40.7:64739": command "mp_maxrounds 7"
L 10/21/2018 - 00:53:48: "Nick<7><STEAM_1:0:66487725><TERRORIST>" purchased "item_assaultsuit"
L 10/21/2018 - 00:53:48: "Nick<7><STEAM_1:0:66487725><TERRORIST>" purchased "ak47"
L 10/21/2018 - 00:53:49: "Nick<7><STEAM_1:0:66487725><TERRORIST>" left buyzone with [ weapon_knife_t weapon_glock weapon_ak47 kevlar(100) helmet ]
L 10/21/2018 - 00:53:56: "Trash<6><STEAM_1:1:115481489><TERRORIST>" purchased "mp5sd"
L 10/21/2018 - 00:53:58: "Nick<7><STEAM_1:0:66487725><TERRORIST>" left buyzone with [ weapon_knife_t weapon_glock weapon_ak47 kevlar(100) helmet ]
L 10/21/2018 - 00:54:02: "Trash<6><STEAM_1:1:115481489><TERRORIST>" left buyzone with [ weapon_knife_t weapon_glock weapon_mp5sd ]
L 10/21/2018 - 00:54:07: "Nick<7><STEAM_1:0:66487725><TERRORIST>" say "this is still mirage"
L 10/21/2018 - 00:54:08: "Wheezy<9><STEAM_1:0:78251735>" switched from team <Unassigned> to <CT>
L 10/21/2018 - 00:54:14: "cowboy cam<10><STEAM_1:0:59359416><>" connected, address ""
L 10/21/2018 - 00:54:14: "cowboy cam<10><STEAM_1:0:59359416><>" STEAM USERID validated
L 10/21/2018 - 00:54:18: "cowboy cam<10><STEAM_1:0:59359416><>" entered the game
L 10/21/2018 - 00:54:26: "cowboy cam<10><STEAM_1:0:59359416>" switched from team <Unassigned> to <TERRORIST>
L 10/21/2018 - 00:54:28: "Trash<6><STEAM_1:1:115481489><TERRORIST>" [-1585 -1022 -211] attacked "Wheezy<9><STEAM_1:0:78251735><CT>" [-1608 -1888 -268] with "mp7" (damage "81") (damage_armor "0") (health "19") (armor "0") (hitgroup "head")
L 10/21/2018 - 00:54:28: "Trash<6><STEAM_1:1:115481489><TERRORIST>" [-1585 -1022 -211] attacked "Wheezy<9><STEAM_1:0:78251735><CT>" [-1608 -1888 -268] with "mp7" (damage "20") (damage_armor "0") (health "0") (armor "0") (hitgroup "chest")
L 10/21/2018 - 00:54:28: "Trash<6><STEAM_1:1:115481489><TERRORIST>" [-1585 -1022 -211] killed "Wheezy<9><STEAM_1:0:78251735><CT>" [-1608 -1888 -204] with "mp5sd"
L 10/21/2018 - 00:54:28: "Wheezy<9><STEAM_1:0:78251735><CT>" left buyzone with [ ]
L 10/21/2018 - 00:54:33: "Nick<7><STEAM_1:0:66487725><TERRORIST>" [-1798 -1898 -264] attacked "Wheezy<9><STEAM_1:0:78251735><CT>" [-1830 -1896 -266] with "knife" (damage "39") (damage_armor "0") (health "61") (armor "0") (hitgroup "generic")
L 10/21/2018 - 00:54:38: rcon from "172.30.40.7:64739": command "changelevel de_cache"
L 10/21/2018 - 00:54:38: [META] Loaded 0 plugins (1 already loaded)
L 10/21/2018 - 00:54:38: [META] Loaded 0 plugins (1 already loaded)
L 10/21/2018 - 00:54:38: Log file closed
